
2014/08/19-08:14:25 TrustPay Client PHP 交易开始==========================
2014/08/19-08:14:25 配置文件中商户数为2请求指定的商户配置编号为 1
2014/08/19-08:14:25 检查交易请求是否合法：
2014/08/19-08:14:25 1101]    错误信息：[商户提交的交易资料不合法 - 订单信息不合法！]
2014/08/19-08:14:25 交易结束==================================================
                    
                    
                    
                    
2014/08/19-08:15:09 TrustPay Client PHP 交易开始==========================
2014/08/19-08:15:09 配置文件中商户数为2请求指定的商户配置编号为 2
2014/08/19-08:15:09 检查交易请求是否合法：
2014/08/19-08:15:09 1101]    错误信息：[商户提交的交易资料不合法 - 订单信息不合法！]
2014/08/19-08:15:09 交易结束==================================================
                    
                    
                    
                    
2014/08/19-08:49:09 TrustPay Client PHP 交易开始==========================
2014/08/19-08:49:09 配置文件中商户数为2请求指定的商户配置编号为 1
2014/08/19-08:49:09 检查交易请求是否合法：
2014/08/19-08:49:09 1101]    错误信息：[商户提交的交易资料不合法 - 订单信息不合法！]
2014/08/19-08:49:09 交易结束==================================================
                    
                    
                    
                    
2014/08/19-09:03:48 TrustPay Client PHP 交易开始==========================
2014/08/19-09:03:48 配置文件中商户数为2请求指定的商户配置编号为 1
2014/08/19-09:03:48 检查交易请求是否合法：
2014/08/19-09:03:48 1101]    错误信息：[商户提交的交易资料不合法 - 订单信息不合法！]
2014/08/19-09:03:48 交易结束==================================================
                    
                    
                    
                    
2014/08/19-09:03:54 TrustPay Client PHP 交易开始==========================
2014/08/19-09:03:54 配置文件中商户数为2请求指定的商户配置编号为 1
2014/08/19-09:03:54 检查交易请求是否合法：
2014/08/19-09:03:54 1101]    错误信息：[商户提交的交易资料不合法 - 订单信息不合法！]
2014/08/19-09:03:54 交易结束==================================================
                    
                    
                    
                    
2014/08/19-10:32:09 TrustPay Client PHP 交易开始==========================
2014/08/19-10:32:10 配置文件中商户数为2请求指定的商户配置编号为 1
2014/08/19-10:32:10 检查交易请求是否合法：
2014/08/19-10:32:10 1101]    错误信息：[商户提交的交易资料不合法 - 订单信息不合法！]
2014/08/19-10:32:10 交易结束==================================================
                    
                    
                    
                    
2014/08/19-10:32:49 TrustPay Client PHP 交易开始==========================
2014/08/19-10:32:49 配置文件中商户数为2请求指定的商户配置编号为 1
2014/08/19-10:32:49 检查交易请求是否合法：
2014/08/19-10:32:49 1101]    错误信息：[商户提交的交易资料不合法 - 订单信息不合法！]
2014/08/19-10:32:49 交易结束==================================================
                    
                    
                    
                    
2014/08/19-14:04:20 TrustPay Client PHP 交易开始==========================
2014/08/19-14:04:20 配置文件中商户数为2请求指定的商户配置编号为 2
2014/08/19-14:04:20 检查交易请求是否合法：
2014/08/19-14:04:20 1101]    错误信息：[商户提交的交易资料不合法 - 订单信息不合法！]
2014/08/19-14:04:20 交易结束==================================================
                    
                    
                    
                    
2014/08/19-14:04:55 TrustPay Client PHP 交易开始==========================
2014/08/19-14:04:55 配置文件中商户数为2请求指定的商户配置编号为 2
2014/08/19-14:04:55 检查交易请求是否合法：
2014/08/19-14:04:55 1101]    错误信息：[商户提交的交易资料不合法 - 订单信息不合法！]
2014/08/19-14:04:55 交易结束==================================================
                    
                    
                    
                    
2014/08/19-14:15:35 TrustPay Client PHP 交易开始==========================
2014/08/19-14:15:35 配置文件中商户数为2请求指定的商户配置编号为 1
2014/08/19-14:15:35 检查交易请求是否合法：
2014/08/19-14:15:35 1101]    错误信息：[商户提交的交易资料不合法 - 订单信息不合法！]
2014/08/19-14:15:35 交易结束==================================================
                    
                    
                    
                    
2014/08/19-14:18:40 TrustPay Client PHP 交易开始==========================
2014/08/19-14:18:40 配置文件中商户数为2请求指定的商户配置编号为 1
2014/08/19-14:18:40 检查交易请求是否合法：
2014/08/19-14:18:40 1101]    错误信息：[商户提交的交易资料不合法 - 订单信息不合法！]
2014/08/19-14:18:40 交易结束==================================================
                    
                    
                    
                    
2014/08/19-14:19:00 TrustPay Client PHP 交易开始==========================
2014/08/19-14:19:00 配置文件中商户数为2请求指定的商户配置编号为 1
2014/08/19-14:19:00 检查交易请求是否合法：
2014/08/19-14:19:00 1101]    错误信息：[商户提交的交易资料不合法 - 订单信息不合法！]
2014/08/19-14:19:00 交易结束==================================================
                    
                    
                    
                    
2014/08/19-14:19:15 TrustPay Client PHP 交易开始==========================
2014/08/19-14:19:15 配置文件中商户数为2请求指定的商户配置编号为 1
2014/08/19-14:19:15 检查交易请求是否合法：
2014/08/19-14:19:15 1101]    错误信息：[商户提交的交易资料不合法 - 订单信息不合法！]
2014/08/19-14:19:15 交易结束==================================================
                    
                    
                    
                    
2014/08/19-14:19:19 TrustPay Client PHP 交易开始==========================
2014/08/19-14:19:19 配置文件中商户数为2请求指定的商户配置编号为 1
2014/08/19-14:19:19 检查交易请求是否合法：
2014/08/19-14:19:19 1101]    错误信息：[商户提交的交易资料不合法 - 订单信息不合法！]
2014/08/19-14:19:19 交易结束==================================================
                    
                    
                    
                    
2014/08/19-17:08:34 TrustPay Client PHP 交易开始==========================
2014/08/19-17:08:34 配置文件中商户数为2请求指定的商户配置编号为 1
2014/08/19-17:08:34 检查交易请求是否合法：
2014/08/19-17:08:34 1101]    错误信息：[商户提交的交易资料不合法 - 订单信息不合法！]
2014/08/19-17:08:34 交易结束==================================================
                    
                    
                    
                    
2014/08/19-17:54:55 TrustPay Client PHP 交易开始==========================
2014/08/19-17:54:55 配置文件中商户数为2请求指定的商户配置编号为 1
2014/08/19-17:54:55 检查交易请求是否合法：
2014/08/19-17:54:55 1101]    错误信息：[商户提交的交易资料不合法 - 订单信息不合法！]
2014/08/19-17:54:55 交易结束==================================================
                    
                    
                    
                    
2014/08/19-17:55:21 TrustPay Client PHP 交易开始==========================
2014/08/19-17:55:21 配置文件中商户数为2请求指定的商户配置编号为 1
2014/08/19-17:55:21 检查交易请求是否合法：
2014/08/19-17:55:21 1101]    错误信息：[商户提交的交易资料不合法 - 订单信息不合法！]
2014/08/19-17:55:21 交易结束==================================================
                    
                    
                    
                    
2014/08/19-17:56:11 TrustPay Client PHP 交易开始==========================
2014/08/19-17:56:11 配置文件中商户数为2请求指定的商户配置编号为 1
2014/08/19-17:56:11 检查交易请求是否合法：
2014/08/19-17:56:11 1101]    错误信息：[商户提交的交易资料不合法 - 订单信息不合法！]
2014/08/19-17:56:11 交易结束==================================================
                    
                    
                    
                    
2014/08/19-18:01:33 TrustPay Client PHP 交易开始==========================
2014/08/19-18:01:33 配置文件中商户数为2请求指定的商户配置编号为 2
2014/08/19-18:01:33 检查交易请求是否合法：
2014/08/19-18:01:33 1101]    错误信息：[商户提交的交易资料不合法 - 订单信息不合法！]
2014/08/19-18:01:33 交易结束==================================================
                    
                    
                    
                    
2014/08/19-18:02:05 TrustPay Client PHP 交易开始==========================
2014/08/19-18:02:05 配置文件中商户数为2请求指定的商户配置编号为 2
2014/08/19-18:02:05 检查交易请求是否合法：
2014/08/19-18:02:05 1101]    错误信息：[商户提交的交易资料不合法 - 订单信息不合法！]
2014/08/19-18:02:05 交易结束==================================================
                    
                    
                    
                    
2014/08/19-18:02:26 TrustPay Client PHP 交易开始==========================
2014/08/19-18:02:26 配置文件中商户数为2请求指定的商户配置编号为 2
2014/08/19-18:02:26 检查交易请求是否合法：
2014/08/19-18:02:26 1101]    错误信息：[商户提交的交易资料不合法 - 订单信息不合法！]
2014/08/19-18:02:26 交易结束==================================================
                    
                    
                    
                    
2014/08/19-18:04:12 TrustPay Client PHP 交易开始==========================
2014/08/19-18:04:12 配置文件中商户数为2请求指定的商户配置编号为 1
2014/08/19-18:04:12 检查交易请求是否合法：
2014/08/19-18:04:12 1101]    错误信息：[商户提交的交易资料不合法 - 订单信息不合法！]
2014/08/19-18:04:12 交易结束==================================================
                    
                    
                    
                    
2014/08/19-18:39:44 TrustPay Client PHP 交易开始==========================
2014/08/19-18:39:44 配置文件中商户数为2请求指定的商户配置编号为 1
2014/08/19-18:39:44 检查交易请求是否合法：
2014/08/19-18:39:44 1101]    错误信息：[商户提交的交易资料不合法 - 订单信息不合法！]
2014/08/19-18:39:44 交易结束==================================================
                    
                    
                    
                    
2014/08/19-18:39:51 TrustPay Client PHP 交易开始==========================
2014/08/19-18:39:51 配置文件中商户数为2请求指定的商户配置编号为 1
2014/08/19-18:39:51 检查交易请求是否合法：
2014/08/19-18:39:51 1101]    错误信息：[商户提交的交易资料不合法 - 订单信息不合法！]
2014/08/19-18:39:51 交易结束==================================================
                    
                    
                    
                    
2014/08/19-18:39:51 TrustPay Client PHP 交易开始==========================
2014/08/19-18:39:51 配置文件中商户数为2请求指定的商户配置编号为 1
2014/08/19-18:39:51 检查交易请求是否合法：
2014/08/19-18:39:51 1101]    错误信息：[商户提交的交易资料不合法 - 订单信息不合法！]
2014/08/19-18:39:51 交易结束==================================================
                    
                    
                    
                    
2014/08/19-18:39:52 TrustPay Client PHP 交易开始==========================
2014/08/19-18:39:52 配置文件中商户数为2请求指定的商户配置编号为 1
2014/08/19-18:39:52 检查交易请求是否合法：
2014/08/19-18:39:52 1101]    错误信息：[商户提交的交易资料不合法 - 订单信息不合法！]
2014/08/19-18:39:52 交易结束==================================================
                    
                    
                    
                    
2014/08/19-18:39:52 TrustPay Client PHP 交易开始==========================
2014/08/19-18:39:52 配置文件中商户数为2请求指定的商户配置编号为 1
2014/08/19-18:39:52 检查交易请求是否合法：
2014/08/19-18:39:52 1101]    错误信息：[商户提交的交易资料不合法 - 订单信息不合法！]
2014/08/19-18:39:52 交易结束==================================================
                    
                    
                    
                    
2014/08/19-18:39:52 TrustPay Client PHP 交易开始==========================
2014/08/19-18:39:52 配置文件中商户数为2请求指定的商户配置编号为 1
2014/08/19-18:39:52 检查交易请求是否合法：
2014/08/19-18:39:52 1101]    错误信息：[商户提交的交易资料不合法 - 订单信息不合法！]
2014/08/19-18:39:52 交易结束==================================================
                    
                    
                    
                    
2014/08/19-18:39:52 TrustPay Client PHP 交易开始==========================
2014/08/19-18:39:52 配置文件中商户数为2请求指定的商户配置编号为 1
2014/08/19-18:39:52 检查交易请求是否合法：
2014/08/19-18:39:52 1101]    错误信息：[商户提交的交易资料不合法 - 订单信息不合法！]
2014/08/19-18:39:52 交易结束==================================================
                    
                    
                    
                    
2014/08/19-18:39:52 TrustPay Client PHP 交易开始==========================
2014/08/19-18:39:52 配置文件中商户数为2请求指定的商户配置编号为 1
2014/08/19-18:39:52 检查交易请求是否合法：
2014/08/19-18:39:52 1101]    错误信息：[商户提交的交易资料不合法 - 订单信息不合法！]
2014/08/19-18:39:52 交易结束==================================================
                    
                    
                    
                    
2014/08/19-18:39:52 TrustPay Client PHP 交易开始==========================
2014/08/19-18:39:52 配置文件中商户数为2请求指定的商户配置编号为 1
2014/08/19-18:39:52 检查交易请求是否合法：
2014/08/19-18:39:52 1101]    错误信息：[商户提交的交易资料不合法 - 订单信息不合法！]
2014/08/19-18:39:52 交易结束==================================================
                    
                    
                    
                    
2014/08/19-18:39:53 TrustPay Client PHP 交易开始==========================
2014/08/19-18:39:53 配置文件中商户数为2请求指定的商户配置编号为 1
2014/08/19-18:39:53 检查交易请求是否合法：
2014/08/19-18:39:53 1101]    错误信息：[商户提交的交易资料不合法 - 订单信息不合法！]
2014/08/19-18:39:53 交易结束==================================================
                    
                    
                    
                    
2014/08/19-18:39:53 TrustPay Client PHP 交易开始==========================
2014/08/19-18:39:53 配置文件中商户数为2请求指定的商户配置编号为 1
2014/08/19-18:39:53 检查交易请求是否合法：
2014/08/19-18:39:53 1101]    错误信息：[商户提交的交易资料不合法 - 订单信息不合法！]
2014/08/19-18:39:53 交易结束==================================================
                    
                    
                    
                    
2014/08/19-18:39:53 TrustPay Client PHP 交易开始==========================
2014/08/19-18:39:53 配置文件中商户数为2请求指定的商户配置编号为 1
2014/08/19-18:39:53 检查交易请求是否合法：
2014/08/19-18:39:53 1101]    错误信息：[商户提交的交易资料不合法 - 订单信息不合法！]
2014/08/19-18:39:53 交易结束==================================================
                    
                    
                    
                    
2014/08/19-18:39:53 TrustPay Client PHP 交易开始==========================
2014/08/19-18:39:53 配置文件中商户数为2请求指定的商户配置编号为 1
2014/08/19-18:39:53 检查交易请求是否合法：
2014/08/19-18:39:53 1101]    错误信息：[商户提交的交易资料不合法 - 订单信息不合法！]
2014/08/19-18:39:53 交易结束==================================================
                    
                    
                    
                    
2014/08/19-18:39:53 TrustPay Client PHP 交易开始==========================
2014/08/19-18:39:53 配置文件中商户数为2请求指定的商户配置编号为 1
2014/08/19-18:39:53 检查交易请求是否合法：
2014/08/19-18:39:53 1101]    错误信息：[商户提交的交易资料不合法 - 订单信息不合法！]
2014/08/19-18:39:53 交易结束==================================================
                    
                    
                    
                    
2014/08/19-18:39:54 TrustPay Client PHP 交易开始==========================
2014/08/19-18:39:54 配置文件中商户数为2请求指定的商户配置编号为 1
2014/08/19-18:39:54 检查交易请求是否合法：
2014/08/19-18:39:54 1101]    错误信息：[商户提交的交易资料不合法 - 订单信息不合法！]
2014/08/19-18:39:54 交易结束==================================================
                    
                    
                    
                    
2014/08/19-18:40:09 TrustPay Client PHP 交易开始==========================
2014/08/19-18:40:09 配置文件中商户数为2请求指定的商户配置编号为 2
2014/08/19-18:40:09 检查交易请求是否合法：
2014/08/19-18:40:09 1101]    错误信息：[商户提交的交易资料不合法 - 订单信息不合法！]
2014/08/19-18:40:09 交易结束==================================================
                    
                    
                    
                    
2014/08/19-19:13:09 TrustPay Client PHP 交易开始==========================
2014/08/19-19:13:09 配置文件中商户数为2请求指定的商户配置编号为 2
2014/08/19-19:13:09 检查交易请求是否合法：
2014/08/19-19:13:09 1101]    错误信息：[商户提交的交易资料不合法 - 订单信息不合法！]
2014/08/19-19:13:09 交易结束==================================================
                    
                    
                    
                    
2014/08/19-19:18:17 TrustPay Client PHP 交易开始==========================
2014/08/19-19:18:17 配置文件中商户数为2请求指定的商户配置编号为 1
2014/08/19-19:18:17 检查交易请求是否合法：
2014/08/19-19:18:17 1101]    错误信息：[商户提交的交易资料不合法 - 订单信息不合法！]
2014/08/19-19:18:17 交易结束==================================================
                    
                    
                    
                    
2014/08/19-20:37:17 TrustPay Client PHP 交易开始==========================
2014/08/19-20:37:17 配置文件中商户数为2请求指定的商户配置编号为 2
2014/08/19-20:37:17 检查交易请求是否合法：
2014/08/19-20:37:17 1101]    错误信息：[商户提交的交易资料不合法 - 订单信息不合法！]
2014/08/19-20:37:17 交易结束==================================================
                    
                    
                    
                    