
2014/10/27-10:40:19 TrustPay Client PHP 交易开始==========================
2014/10/27-10:40:19 配置文件中商户数为2请求指定的商户配置编号为 2
2014/10/27-10:40:19 检查交易请求是否合法：正确
2014/10/27-10:40:19 交易报文
2014/10/27-10:40:19 完整交易报文：
2014/10/27-10:40:19 签名后的报文
2014/10/27-10:40:19 提交网上支付平台的报文：
                    <MSG><Message><Merchant><ECMerchantType>B2C</ECMerchantType><MerchantID>233010103354A02</MerchantID></Merchant><TrxRequest><TrxType>PayReq</TrxType><Order><OrderNo>10199</OrderNo><ExpiredDate>10</ExpiredDate><OrderAmount>350</OrderAmount><OrderDesc>开通 高一上学期数学辅导班 服务</OrderDesc><OrderDate>2014/10/27</OrderDate><OrderTime>10:40:19</OrderTime><OrderURL>http://sy.ebanhui.com/</OrderURL><BuyIP>115.236.248.162</BuyIP><OrderItems><OrderItem><ProductID>IP000001</ProductID><ProductName>开通 高一上学期数学辅导班 服务</ProductName><UnitPrice>350</UnitPrice><Qty>1</Qty></OrderItem></OrderItems></Order><ProductType>1</ProductType><PaymentType>6</PaymentType><NotifyType>1</NotifyType><ResultNotifyURL>http://sy.ebanhui.com/ibuy/abcnotify.html?orderid=10199</ResultNotifyURL><MerchantRemarks>高一上学期数学辅导班-5 月 -350.00 元</MerchantRemarks><PaymentLinkType>1</PaymentLinkType></TrxRequest></Message><Signature-Algorithm>SHA1withRSA</Signature-Algorithm><Signature>he1V1ELyyem8L3ief2/PHfFlwZpkjEpAO7Pxgi5S236FALFA7/Opdu/VfHjtT3idI+PUN/jtf+p9hY+FqMG0hxCqpH6w7DZgix4MqJNdz55R1mb4/LNFNdfOMO54B8I2xqUicMVtSOqhZY1P7U1HXQ14RZD3/0otiKJG/tweEdE=</Signature></MSG>
2014/10/27-10:40:19 报文长度：1207<br>
2014/10/27-10:40:19 连线网上支付平台
2014/10/27-10:40:19 网上支付平台URL：[https://www.95599.cn/b2c/trustpay/ReceiveMerchantTrxReqServlet] 
2014/10/27-10:40:19 成功
2014/10/27-10:40:19 提交交易报文：
2014/10/27-10:40:19 <MSG><Message><Merchant><ECMerchantType>B2C</ECMerchantType><MerchantID>233010103354A02</MerchantID></Merchant><TrxRequest><TrxType>PayReq</TrxType><Order><OrderNo>10199</OrderNo><ExpiredDate>10</ExpiredDate><OrderAmount>350</OrderAmount><OrderDesc>开通 高一上学期数学辅导班 服务</OrderDesc><OrderDate>2014/10/27</OrderDate><OrderTime>10:40:19</OrderTime><OrderURL>http://sy.ebanhui.com/</OrderURL><BuyIP>115.236.248.162</BuyIP><OrderItems><OrderItem><ProductID>IP000001</ProductID><ProductName>开通 高一上学期数学辅导班 服务</ProductName><UnitPrice>350</UnitPrice><Qty>1</Qty></OrderItem></OrderItems></Order><ProductType>1</ProductType><PaymentType>6</PaymentType><NotifyType>1</NotifyType><ResultNotifyURL>http://sy.ebanhui.com/ibuy/abcnotify.html?orderid=10199</ResultNotifyURL><MerchantRemarks>高一上学期数学辅导班-5 月 -350.00 元</MerchantRemarks><PaymentLinkType>1</PaymentLinkType></TrxRequest></Message><Signature-Algorithm>SHA1withRSA</Signature-Algorithm><Signature>he1V1ELyyem8L3ief2/PHfFlwZpkjEpAO7Pxgi5S236FALFA7/Opdu/VfHjtT3idI+PUN/jtf+p9hY+FqMG0hxCqpH6w7DZgix4MqJNdz55R1mb4/LNFNdfOMO54B8I2xqUicMVtSOqhZY1P7U1HXQ14RZD3/0otiKJG/tweEdE=</Signature></MSG>
2014/10/27-10:40:19 成功
2014/10/27-10:40:19 接受到的响应报文：
                    HTTP/1.1 200 OK
                    Date: Mon, 27 Oct 2014 02:40:20 GMT
                    Server: Microsoft-IIS/6.0
                    X-Powered-By: ASP.NET
                    X-AspNet-Version: 2.0.50727
                    Set-Cookie: ASP.NET_SessionId=eaviexqzrnk3lw55xen0ej32; path=/; HttpOnly
                    Cache-Control: private
                    Content-Type: text/html; charset=gb2312
                    Connection: close
                    Set-Cookie: BIGipServerpool_ec_b2c=3915180810.56611.0000; path=/
                    
                    <MSG><Message><Merchant><ECMerchantType>B2C</ECMerchantType><MerchantID>233010103354A02</MerchantID></Merchant><TrxResponse><ReturnCode>0000</ReturnCode><ErrorMessage>交易成功</ErrorMessage><TrxType>PayReq</TrxType><OrderNo>10199</OrderNo><PaymentURL>https://easyabc.95599.cn/b2c/NotCheckStatus/PaymentModeUCBPAct.ebf?TOKEN=14143776208409005868</PaymentURL><OrderAmount>350</OrderAmount></TrxResponse></Message><Signature-Algorithm>SHA1withRSA</Signature-Algorithm><Signature>XjFs7xsk6zpU+jXyyLIHwK86RO6cswMlEFCmdQZEGWZRYOOU//TzSGHviS3nauORqQN75isQrHUTgK3bTN7IhmEFAe1GjIy2rAHQyrCPlmJg6A4nAVxDrgx0YP/Ks/vVh83Zl+hBxFRlRSJpkmf1E3im5zecs+uUXefarD16M2M=</Signature></MSG>
2014/10/27-10:40:19 接收报文：
2014/10/27-10:40:19 <Message><Merchant><ECMerchantType>B2C</ECMerchantType><MerchantID>233010103354A02</MerchantID></Merchant><TrxResponse><ReturnCode>0000</ReturnCode><ErrorMessage>交易成功</ErrorMessage><TrxType>PayReq</TrxType><OrderNo>10199</OrderNo><PaymentURL>https://easyabc.95599.cn/b2c/NotCheckStatus/PaymentModeUCBPAct.ebf?TOKEN=14143776208409005868</PaymentURL><OrderAmount>350</OrderAmount></TrxResponse></Message><Signature-Algorithm>SHA1withRSA</Signature-Algorithm><Signature>XjFs7xsk6zpU+jXyyLIHwK86RO6cswMlEFCmdQZEGWZRYOOU//TzSGHviS3nauORqQN75isQrHUTgK3bTN7IhmEFAe1GjIy2rAHQyrCPlmJg6A4nAVxDrgx0YP/Ks/vVh83Zl+hBxFRlRSJpkmf1E3im5zecs+uUXefarD16M2M=</Signature>
2014/10/27-10:40:19 验证网上支付平台响应报文的签名：正确
2014/10/27-10:40:19 生成交易响应对象：
2014/10/27-10:40:19 交易结果：[0000]
2014/10/27-10:40:19 错误信息：[交易成功]
2014/10/27-10:40:19 交易结束==================================================
                    
                    
                    
                    