
2014/12/22-04:05:21 TrustPayClient PHP 交易开始==========================
2014/12/22-04:05:21 接收到的支付结果通知：\n[]
2014/12/22-04:05:21 经过Base64解码后的支付结果通知：\n[]
2014/12/22-04:05:21 验证支付结果通知的签名：验证失败！\n
2014/12/22-04:05:21 交易结束==================================================
2014/12/22-04:07:40 TrustPayClient PHP 交易开始==========================
2014/12/22-04:07:40 接收到的支付结果通知：\n[]
2014/12/22-04:07:40 经过Base64解码后的支付结果通知：\n[]
2014/12/22-04:07:40 验证支付结果通知的签名：验证失败！\n
2014/12/22-04:07:40 交易结束==================================================
2014/12/22-04:09:06 TrustPayClient PHP 交易开始==========================
2014/12/22-04:09:06 接收到的支付结果通知：\n[]
2014/12/22-04:09:06 经过Base64解码后的支付结果通知：\n[]
2014/12/22-04:09:06 验证支付结果通知的签名：验证失败！\n
2014/12/22-04:09:06 交易结束==================================================
2014/12/22-04:10:10 TrustPayClient PHP 交易开始==========================
2014/12/22-04:10:10 接收到的支付结果通知：\n[]
2014/12/22-04:10:10 经过Base64解码后的支付结果通知：\n[]
2014/12/22-04:10:10 验证支付结果通知的签名：验证失败！\n
2014/12/22-04:10:10 交易结束==================================================
2014/12/22-14:39:38 TrustPay Client PHP 交易开始==========================
2014/12/22-14:39:38 配置文件中商户数为2请求指定的商户配置编号为 1
2014/12/22-14:39:38 检查交易请求是否合法：
2014/12/22-14:39:38 1101]    错误信息：[商户提交的交易资料不合法 - 订单信息不合法！]
2014/12/22-14:39:38 交易结束==================================================
                    
                    
                    
                    
2014/12/22-14:39:39 TrustPay Client PHP 交易开始==========================
2014/12/22-14:39:39 配置文件中商户数为2请求指定的商户配置编号为 1
2014/12/22-14:39:39 检查交易请求是否合法：
2014/12/22-14:39:39 1101]    错误信息：[商户提交的交易资料不合法 - 订单信息不合法！]
2014/12/22-14:39:39 交易结束==================================================
                    
                    
                    
                    