
2014/09/11-16:01:03 TrustPay Client PHP 交易开始==========================
2014/09/11-16:01:03 配置文件中商户数为2请求指定的商户配置编号为 1
2014/09/11-16:01:03 检查交易请求是否合法：正确
2014/09/11-16:01:03 交易报文
2014/09/11-16:01:03 完整交易报文：
2014/09/11-16:01:03 签名后的报文
2014/09/11-16:01:03 提交网上支付平台的报文：
                    <MSG><Message><Merchant><ECMerchantType>B2C</ECMerchantType><MerchantID>233010103354A01</MerchantID></Merchant><TrxRequest><TrxType>PayReq</TrxType><Order><OrderNo>4435</OrderNo><ExpiredDate>10</ExpiredDate><OrderAmount>150</OrderAmount><OrderDesc>开通 高二数学同步精品课 服务</OrderDesc><OrderDate>2014/09/11</OrderDate><OrderTime>16:01:03</OrderTime><OrderURL>http://sxyz.ebanhui.com/</OrderURL><BuyIP>218.108.86.250</BuyIP><OrderItems><OrderItem><ProductID>IP000001</ProductID><ProductName>开通 高二数学同步精品课 服务</ProductName><UnitPrice>150</UnitPrice><Qty>1</Qty></OrderItem></OrderItems></Order><ProductType>1</ProductType><PaymentType>1</PaymentType><NotifyType>1</NotifyType><ResultNotifyURL>http://sxyz.ebanhui.com/ibuy/abcnotify.html?orderid=4435</ResultNotifyURL><MerchantRemarks>高二数学同步精品课-5 月 -150.00 元</MerchantRemarks><PaymentLinkType>1</PaymentLinkType></TrxRequest></Message><Signature-Algorithm>SHA1withRSA</Signature-Algorithm><Signature>uasl5PZXbyx9820Qay7UCgYw6b+d4f12xBdoPokqf7te55QHZKcheMem3wjQumEFmkJOL49eyzNLny1kKLUMn+wMaek+tslEFiccewiP0RmunUSY3ISblN5536+r4/McKn6NUmsSGuYbgCCbCrFGGkT/kdZuMCZKBQe2iqRHWTM=</Signature></MSG>
2014/09/11-16:01:03 报文长度：1199<br>
2014/09/11-16:01:03 连线网上支付平台
2014/09/11-16:01:03 网上支付平台URL：[https://www.95599.cn/b2c/trustpay/ReceiveMerchantTrxReqServlet] 
2014/09/11-16:01:03 成功
2014/09/11-16:01:03 提交交易报文：
2014/09/11-16:01:03 <MSG><Message><Merchant><ECMerchantType>B2C</ECMerchantType><MerchantID>233010103354A01</MerchantID></Merchant><TrxRequest><TrxType>PayReq</TrxType><Order><OrderNo>4435</OrderNo><ExpiredDate>10</ExpiredDate><OrderAmount>150</OrderAmount><OrderDesc>开通 高二数学同步精品课 服务</OrderDesc><OrderDate>2014/09/11</OrderDate><OrderTime>16:01:03</OrderTime><OrderURL>http://sxyz.ebanhui.com/</OrderURL><BuyIP>218.108.86.250</BuyIP><OrderItems><OrderItem><ProductID>IP000001</ProductID><ProductName>开通 高二数学同步精品课 服务</ProductName><UnitPrice>150</UnitPrice><Qty>1</Qty></OrderItem></OrderItems></Order><ProductType>1</ProductType><PaymentType>1</PaymentType><NotifyType>1</NotifyType><ResultNotifyURL>http://sxyz.ebanhui.com/ibuy/abcnotify.html?orderid=4435</ResultNotifyURL><MerchantRemarks>高二数学同步精品课-5 月 -150.00 元</MerchantRemarks><PaymentLinkType>1</PaymentLinkType></TrxRequest></Message><Signature-Algorithm>SHA1withRSA</Signature-Algorithm><Signature>uasl5PZXbyx9820Qay7UCgYw6b+d4f12xBdoPokqf7te55QHZKcheMem3wjQumEFmkJOL49eyzNLny1kKLUMn+wMaek+tslEFiccewiP0RmunUSY3ISblN5536+r4/McKn6NUmsSGuYbgCCbCrFGGkT/kdZuMCZKBQe2iqRHWTM=</Signature></MSG>
2014/09/11-16:01:04 成功
2014/09/11-16:01:04 接受到的响应报文：
                    HTTP/1.1 200 OK
                    Date: Thu, 11 Sep 2014 07:59:15 GMT
                    Server: Microsoft-IIS/6.0
                    X-Powered-By: ASP.NET
                    X-AspNet-Version: 2.0.50727
                    Set-Cookie: ASP.NET_SessionId=1011ou55pgozmgmhpjijhm55; path=/; HttpOnly
                    Cache-Control: private
                    Content-Type: text/html; charset=gb2312
                    Connection: close
                    Set-Cookie: BIGipServerpool_ec_b2c=962915082.56867.0000; path=/
                    
                    <MSG><Message><Merchant><ECMerchantType>B2C</ECMerchantType><MerchantID>233010103354A01</MerchantID></Merchant><TrxResponse><ReturnCode>0000</ReturnCode><ErrorMessage>交易成功</ErrorMessage><TrxType>PayReq</TrxType><OrderNo>4435</OrderNo><PaymentURL>https://easyabc.95599.cn/b2c/NotCheckStatus/PaymentModeNewAct.ebf?TOKEN=14104223557709148944</PaymentURL><OrderAmount>150</OrderAmount></TrxResponse></Message><Signature-Algorithm>SHA1withRSA</Signature-Algorithm><Signature>sxVbZMiOMaSuh6Z1ZgPIX5x6MkgZgN7pjBqqSAcsiAgyO1NTf7LvDBjdSfMMXWfSOsievvpBZvVNlbOtAXhf1lthpd8wdKwei8HDnByWMLnma6O/+j0g9QznGoKZUAm6UI9PncEPYA4NMkRfrbJO4f54MLXz24nvu+CdMnIyUG0=</Signature></MSG>
2014/09/11-16:01:04 接收报文：
2014/09/11-16:01:04 <Message><Merchant><ECMerchantType>B2C</ECMerchantType><MerchantID>233010103354A01</MerchantID></Merchant><TrxResponse><ReturnCode>0000</ReturnCode><ErrorMessage>交易成功</ErrorMessage><TrxType>PayReq</TrxType><OrderNo>4435</OrderNo><PaymentURL>https://easyabc.95599.cn/b2c/NotCheckStatus/PaymentModeNewAct.ebf?TOKEN=14104223557709148944</PaymentURL><OrderAmount>150</OrderAmount></TrxResponse></Message><Signature-Algorithm>SHA1withRSA</Signature-Algorithm><Signature>sxVbZMiOMaSuh6Z1ZgPIX5x6MkgZgN7pjBqqSAcsiAgyO1NTf7LvDBjdSfMMXWfSOsievvpBZvVNlbOtAXhf1lthpd8wdKwei8HDnByWMLnma6O/+j0g9QznGoKZUAm6UI9PncEPYA4NMkRfrbJO4f54MLXz24nvu+CdMnIyUG0=</Signature>
2014/09/11-16:01:04 验证网上支付平台响应报文的签名：正确
2014/09/11-16:01:04 生成交易响应对象：
2014/09/11-16:01:04 交易结果：[0000]
2014/09/11-16:01:04 错误信息：[交易成功]
2014/09/11-16:01:04 交易结束==================================================
                    
                    
                    
                    