
2014/08/25-09:21:05 TrustPay Client PHP 交易开始==========================
2014/08/25-09:21:05 配置文件中商户数为2请求指定的商户配置编号为 1
2014/08/25-09:21:05 检查交易请求是否合法：正确
2014/08/25-09:21:05 交易报文
2014/08/25-09:21:05 完整交易报文：
2014/08/25-09:21:05 签名后的报文
2014/08/25-09:21:05 提交网上支付平台的报文：
                    <MSG><Message><Merchant><ECMerchantType>B2C</ECMerchantType><MerchantID>233010103354A01</MerchantID></Merchant><TrxRequest><TrxType>PayReq</TrxType><Order><OrderNo>7397</OrderNo><ExpiredDate>10</ExpiredDate><OrderAmount>198</OrderAmount><OrderDesc>开通e板会 i学堂新高一衔接物理 服务</OrderDesc><OrderDate>2014/08/25</OrderDate><OrderTime>09:21:04</OrderTime><OrderURL>http://wlxj.xyz.ebanhui.com</OrderURL><BuyIP>122.225.207.66</BuyIP><OrderItems><OrderItem><ProductID>IP000001</ProductID><ProductName>开通e板会 i学堂新高一衔接物理 服务</ProductName><UnitPrice>198</UnitPrice><Qty>1</Qty></OrderItem></OrderItems></Order><ProductType>1</ProductType><PaymentType>1</PaymentType><NotifyType>1</NotifyType><ResultNotifyURL>http://wlxj.xyz.ebanhui.com/classactive/abcnotify.html</ResultNotifyURL><MerchantRemarks>e板会</MerchantRemarks><PaymentLinkType>1</PaymentLinkType></TrxRequest></Message><Signature-Algorithm>SHA1withRSA</Signature-Algorithm><Signature>k7qb9Ph8peFfGQuy/rlKRWXfrIvbMOXhj/2Fmk09thc1VcXArr0NAtfkdk4vtlO5ThXDOg3d+jcQCrY9vcyPvISY8eQ39C4PTOlWLgrAeMFY7Vnm8z7/xWY20u/aZ63uVgpXmrqx36rba08V+zk/iam81tS9ko60SL77GTPb6jo=</Signature></MSG>
2014/08/25-09:21:05 报文长度：1178<br>
2014/08/25-09:21:05 连线网上支付平台
2014/08/25-09:21:05 网上支付平台URL：[https://www.95599.cn/b2c/trustpay/ReceiveMerchantTrxReqServlet] 
2014/08/25-09:21:05 成功
2014/08/25-09:21:05 提交交易报文：
2014/08/25-09:21:05 <MSG><Message><Merchant><ECMerchantType>B2C</ECMerchantType><MerchantID>233010103354A01</MerchantID></Merchant><TrxRequest><TrxType>PayReq</TrxType><Order><OrderNo>7397</OrderNo><ExpiredDate>10</ExpiredDate><OrderAmount>198</OrderAmount><OrderDesc>开通e板会 i学堂新高一衔接物理 服务</OrderDesc><OrderDate>2014/08/25</OrderDate><OrderTime>09:21:04</OrderTime><OrderURL>http://wlxj.xyz.ebanhui.com</OrderURL><BuyIP>122.225.207.66</BuyIP><OrderItems><OrderItem><ProductID>IP000001</ProductID><ProductName>开通e板会 i学堂新高一衔接物理 服务</ProductName><UnitPrice>198</UnitPrice><Qty>1</Qty></OrderItem></OrderItems></Order><ProductType>1</ProductType><PaymentType>1</PaymentType><NotifyType>1</NotifyType><ResultNotifyURL>http://wlxj.xyz.ebanhui.com/classactive/abcnotify.html</ResultNotifyURL><MerchantRemarks>e板会</MerchantRemarks><PaymentLinkType>1</PaymentLinkType></TrxRequest></Message><Signature-Algorithm>SHA1withRSA</Signature-Algorithm><Signature>k7qb9Ph8peFfGQuy/rlKRWXfrIvbMOXhj/2Fmk09thc1VcXArr0NAtfkdk4vtlO5ThXDOg3d+jcQCrY9vcyPvISY8eQ39C4PTOlWLgrAeMFY7Vnm8z7/xWY20u/aZ63uVgpXmrqx36rba08V+zk/iam81tS9ko60SL77GTPb6jo=</Signature></MSG>
2014/08/25-09:21:05 成功
2014/08/25-09:21:05 接受到的响应报文：
                    HTTP/1.1 200 OK
                    Date: Mon, 25 Aug 2014 01:20:30 GMT
                    Server: Microsoft-IIS/6.0
                    X-Powered-By: ASP.NET
                    X-AspNet-Version: 2.0.50727
                    Set-Cookie: ASP.NET_SessionId=i2d4ismcjqzghi455oxhk245; path=/; HttpOnly
                    Cache-Control: private
                    Content-Type: text/html; charset=gb2312
                    Connection: close
                    Set-Cookie: BIGipServerpool_ec_b2c=946137866.56355.0000; path=/
                    
                    <MSG><Message><Merchant><ECMerchantType>B2C</ECMerchantType><MerchantID>233010103354A01</MerchantID></Merchant><TrxResponse><ReturnCode>0000</ReturnCode><ErrorMessage>交易成功</ErrorMessage><TrxType>PayReq</TrxType><OrderNo>7397</OrderNo><PaymentURL>https://easyabc.95599.cn/b2c/NotCheckStatus/PaymentModeNewAct.ebf?TOKEN=14089296304957623448</PaymentURL><OrderAmount>198</OrderAmount></TrxResponse></Message><Signature-Algorithm>SHA1withRSA</Signature-Algorithm><Signature>Gff4dfdQFjb4vTq1/eKh4i9g4HLxq93OIMwtWGzMByt2UHwKA6ZCqSh0pUcZMwgB8+Qh/A0HoOkye89XZFYpKo8uL/h+J5SSNysKYgH30FkZL+LmlfBbK+ExaZXqcqeGNkB+Nii+KwNM9zFvSeHdLu41Fpw8ERkA9vk+kuru9Cc=</Signature></MSG>
2014/08/25-09:21:05 接收报文：
2014/08/25-09:21:05 <Message><Merchant><ECMerchantType>B2C</ECMerchantType><MerchantID>233010103354A01</MerchantID></Merchant><TrxResponse><ReturnCode>0000</ReturnCode><ErrorMessage>交易成功</ErrorMessage><TrxType>PayReq</TrxType><OrderNo>7397</OrderNo><PaymentURL>https://easyabc.95599.cn/b2c/NotCheckStatus/PaymentModeNewAct.ebf?TOKEN=14089296304957623448</PaymentURL><OrderAmount>198</OrderAmount></TrxResponse></Message><Signature-Algorithm>SHA1withRSA</Signature-Algorithm><Signature>Gff4dfdQFjb4vTq1/eKh4i9g4HLxq93OIMwtWGzMByt2UHwKA6ZCqSh0pUcZMwgB8+Qh/A0HoOkye89XZFYpKo8uL/h+J5SSNysKYgH30FkZL+LmlfBbK+ExaZXqcqeGNkB+Nii+KwNM9zFvSeHdLu41Fpw8ERkA9vk+kuru9Cc=</Signature>
2014/08/25-09:21:05 验证网上支付平台响应报文的签名：正确
2014/08/25-09:21:05 生成交易响应对象：
2014/08/25-09:21:05 交易结果：[0000]
2014/08/25-09:21:05 错误信息：[交易成功]
2014/08/25-09:21:05 交易结束==================================================
                    
                    
                    
                    