
2015/01/07-18:06:16 TrustPay Client PHP 交易开始==========================
2015/01/07-18:06:16 配置文件中商户数为2请求指定的商户配置编号为 2
2015/01/07-18:06:16 检查交易请求是否合法：
2015/01/07-18:06:16 1101]    错误信息：[商户提交的交易资料不合法 - 订单信息不合法！]
2015/01/07-18:06:16 交易结束==================================================
                    
                    
                    
                    
2015/01/07-18:25:19 TrustPay Client PHP 交易开始==========================
2015/01/07-18:25:19 配置文件中商户数为2请求指定的商户配置编号为 2
2015/01/07-18:25:19 检查交易请求是否合法：
2015/01/07-18:25:19 1101]    错误信息：[商户提交的交易资料不合法 - 订单信息不合法！]
2015/01/07-18:25:19 交易结束==================================================
                    
                    
                    
                    
2015/01/07-18:25:22 TrustPay Client PHP 交易开始==========================
2015/01/07-18:25:22 配置文件中商户数为2请求指定的商户配置编号为 2
2015/01/07-18:25:22 检查交易请求是否合法：
2015/01/07-18:25:22 1101]    错误信息：[商户提交的交易资料不合法 - 订单信息不合法！]
2015/01/07-18:25:22 交易结束==================================================
                    
                    
                    
                    
2015/01/07-18:28:12 TrustPay Client PHP 交易开始==========================
2015/01/07-18:28:12 配置文件中商户数为2请求指定的商户配置编号为 2
2015/01/07-18:28:12 检查交易请求是否合法：
2015/01/07-18:28:12 1101]    错误信息：[商户提交的交易资料不合法 - 订单信息不合法！]
2015/01/07-18:28:12 交易结束==================================================
                    
                    
                    
                    
2015/01/07-18:41:44 TrustPay Client PHP 交易开始==========================
2015/01/07-18:41:44 配置文件中商户数为2请求指定的商户配置编号为 2
2015/01/07-18:41:44 检查交易请求是否合法：
2015/01/07-18:41:44 1101]    错误信息：[商户提交的交易资料不合法 - 订单信息不合法！]
2015/01/07-18:41:44 交易结束==================================================
                    
                    
                    
                    
2015/01/07-18:41:48 TrustPay Client PHP 交易开始==========================
2015/01/07-18:41:48 配置文件中商户数为2请求指定的商户配置编号为 1
2015/01/07-18:41:48 检查交易请求是否合法：
2015/01/07-18:41:48 1101]    错误信息：[商户提交的交易资料不合法 - 订单信息不合法！]
2015/01/07-18:41:48 交易结束==================================================
                    
                    
                    
                    
2015/01/07-18:44:14 TrustPay Client PHP 交易开始==========================
2015/01/07-18:44:14 配置文件中商户数为2请求指定的商户配置编号为 1
2015/01/07-18:44:14 检查交易请求是否合法：
2015/01/07-18:44:14 1101]    错误信息：[商户提交的交易资料不合法 - 订单信息不合法！]
2015/01/07-18:44:14 交易结束==================================================
                    
                    
                    
                    
2015/01/07-18:45:38 TrustPay Client PHP 交易开始==========================
2015/01/07-18:45:38 配置文件中商户数为2请求指定的商户配置编号为 2
2015/01/07-18:45:38 检查交易请求是否合法：
2015/01/07-18:45:38 1101]    错误信息：[商户提交的交易资料不合法 - 订单信息不合法！]
2015/01/07-18:45:38 交易结束==================================================
                    
                    
                    
                    
2015/01/07-18:47:39 TrustPay Client PHP 交易开始==========================
2015/01/07-18:47:39 配置文件中商户数为2请求指定的商户配置编号为 2
2015/01/07-18:47:39 检查交易请求是否合法：
2015/01/07-18:47:39 1101]    错误信息：[商户提交的交易资料不合法 - 订单信息不合法！]
2015/01/07-18:47:39 交易结束==================================================
                    
                    
                    
                    
2015/01/07-19:09:31 TrustPay Client PHP 交易开始==========================
2015/01/07-19:09:31 配置文件中商户数为2请求指定的商户配置编号为 2
2015/01/07-19:09:31 检查交易请求是否合法：
2015/01/07-19:09:31 1101]    错误信息：[商户提交的交易资料不合法 - 订单信息不合法！]
2015/01/07-19:09:31 交易结束==================================================
                    
                    
                    
                    