
2014/08/18-11:21:05 TrustPay Client PHP 交易开始==========================
2014/08/18-11:21:05 配置文件中商户数为2请求指定的商户配置编号为 2
2014/08/18-11:21:05 检查交易请求是否合法：
2014/08/18-11:21:05 1101]    错误信息：[商户提交的交易资料不合法 - 订单信息不合法！]
2014/08/18-11:21:05 交易结束==================================================
                    
                    
                    
                    
2014/08/18-11:23:27 TrustPay Client PHP 交易开始==========================
2014/08/18-11:23:27 配置文件中商户数为2请求指定的商户配置编号为 2
2014/08/18-11:23:27 检查交易请求是否合法：
2014/08/18-11:23:27 1101]    错误信息：[商户提交的交易资料不合法 - 订单信息不合法！]
2014/08/18-11:23:27 交易结束==================================================
                    
                    
                    
                    
2014/08/18-11:24:30 TrustPay Client PHP 交易开始==========================
2014/08/18-11:24:30 配置文件中商户数为2请求指定的商户配置编号为 2
2014/08/18-11:24:30 检查交易请求是否合法：
2014/08/18-11:24:30 1101]    错误信息：[商户提交的交易资料不合法 - 订单信息不合法！]
2014/08/18-11:24:30 交易结束==================================================
                    
                    
                    
                    
2014/08/18-11:25:35 TrustPay Client PHP 交易开始==========================
2014/08/18-11:25:35 配置文件中商户数为2请求指定的商户配置编号为 1
2014/08/18-11:25:35 检查交易请求是否合法：
2014/08/18-11:25:35 1101]    错误信息：[商户提交的交易资料不合法 - 订单信息不合法！]
2014/08/18-11:25:35 交易结束==================================================
                    
                    
                    
                    
2014/08/18-11:25:41 TrustPay Client PHP 交易开始==========================
2014/08/18-11:25:41 配置文件中商户数为2请求指定的商户配置编号为 1
2014/08/18-11:25:41 检查交易请求是否合法：
2014/08/18-11:25:41 1101]    错误信息：[商户提交的交易资料不合法 - 订单信息不合法！]
2014/08/18-11:25:41 交易结束==================================================
                    
                    
                    
                    
2014/08/18-14:42:23 TrustPay Client PHP 交易开始==========================
2014/08/18-14:42:23 配置文件中商户数为2请求指定的商户配置编号为 2
2014/08/18-14:42:23 检查交易请求是否合法：
2014/08/18-14:42:23 1101]    错误信息：[商户提交的交易资料不合法 - 订单信息不合法！]
2014/08/18-14:42:23 交易结束==================================================
                    
                    
                    
                    
2014/08/18-14:42:57 TrustPay Client PHP 交易开始==========================
2014/08/18-14:42:57 配置文件中商户数为2请求指定的商户配置编号为 2
2014/08/18-14:42:57 检查交易请求是否合法：
2014/08/18-14:42:57 1101]    错误信息：[商户提交的交易资料不合法 - 订单信息不合法！]
2014/08/18-14:42:57 交易结束==================================================
                    
                    
                    
                    
2014/08/18-14:43:53 TrustPay Client PHP 交易开始==========================
2014/08/18-14:43:53 配置文件中商户数为2请求指定的商户配置编号为 2
2014/08/18-14:43:53 检查交易请求是否合法：
2014/08/18-14:43:53 1101]    错误信息：[商户提交的交易资料不合法 - 订单信息不合法！]
2014/08/18-14:43:53 交易结束==================================================
                    
                    
                    
                    
2014/08/18-14:57:39 TrustPay Client PHP 交易开始==========================
2014/08/18-14:57:39 配置文件中商户数为2请求指定的商户配置编号为 1
2014/08/18-14:57:39 检查交易请求是否合法：
2014/08/18-14:57:39 1101]    错误信息：[商户提交的交易资料不合法 - 订单信息不合法！]
2014/08/18-14:57:39 交易结束==================================================
                    
                    
                    
                    
2014/08/18-17:59:12 TrustPay Client PHP 交易开始==========================
2014/08/18-17:59:12 配置文件中商户数为2请求指定的商户配置编号为 2
2014/08/18-17:59:12 检查交易请求是否合法：
2014/08/18-17:59:12 1101]    错误信息：[商户提交的交易资料不合法 - 订单信息不合法！]
2014/08/18-17:59:12 交易结束==================================================
                    
                    
                    
                    
2014/08/18-18:07:11 TrustPay Client PHP 交易开始==========================
2014/08/18-18:07:11 配置文件中商户数为2请求指定的商户配置编号为 2
2014/08/18-18:07:11 检查交易请求是否合法：
2014/08/18-18:07:11 1101]    错误信息：[商户提交的交易资料不合法 - 订单信息不合法！]
2014/08/18-18:07:11 交易结束==================================================
                    
                    
                    
                    
2014/08/18-22:40:51 TrustPay Client PHP 交易开始==========================
2014/08/18-22:40:51 配置文件中商户数为2请求指定的商户配置编号为 1
2014/08/18-22:40:51 检查交易请求是否合法：
2014/08/18-22:40:51 1101]    错误信息：[商户提交的交易资料不合法 - 订单信息不合法！]
2014/08/18-22:40:51 交易结束==================================================
                    
                    
                    
                    
2014/08/18-22:41:46 TrustPay Client PHP 交易开始==========================
2014/08/18-22:41:46 配置文件中商户数为2请求指定的商户配置编号为 2
2014/08/18-22:41:46 检查交易请求是否合法：
2014/08/18-22:41:46 1101]    错误信息：[商户提交的交易资料不合法 - 订单信息不合法！]
2014/08/18-22:41:46 交易结束==================================================
                    
                    
                    
                    
2014/08/18-22:42:00 TrustPay Client PHP 交易开始==========================
2014/08/18-22:42:00 配置文件中商户数为2请求指定的商户配置编号为 1
2014/08/18-22:42:00 检查交易请求是否合法：
2014/08/18-22:42:00 1101]    错误信息：[商户提交的交易资料不合法 - 订单信息不合法！]
2014/08/18-22:42:00 交易结束==================================================
                    
                    
                    
                    