
2015/01/05-10:27:40 TrustPay Client PHP 交易开始==========================
2015/01/05-10:27:40 配置文件中商户数为2请求指定的商户配置编号为 2
2015/01/05-10:27:40 检查交易请求是否合法：
2015/01/05-10:27:40 1101]    错误信息：[商户提交的交易资料不合法 - 订单信息不合法！]
2015/01/05-10:27:40 交易结束==================================================
                    
                    
                    
                    
2015/01/05-10:28:09 TrustPay Client PHP 交易开始==========================
2015/01/05-10:28:09 配置文件中商户数为2请求指定的商户配置编号为 1
2015/01/05-10:28:09 检查交易请求是否合法：
2015/01/05-10:28:09 1101]    错误信息：[商户提交的交易资料不合法 - 订单信息不合法！]
2015/01/05-10:28:09 交易结束==================================================
                    
                    
                    
                    
2015/01/05-10:28:57 TrustPay Client PHP 交易开始==========================
2015/01/05-10:28:57 配置文件中商户数为2请求指定的商户配置编号为 1
2015/01/05-10:28:57 检查交易请求是否合法：
2015/01/05-10:28:57 1101]    错误信息：[商户提交的交易资料不合法 - 订单信息不合法！]
2015/01/05-10:28:57 交易结束==================================================
                    
                    
                    
                    
2015/01/05-10:29:30 TrustPay Client PHP 交易开始==========================
2015/01/05-10:29:30 配置文件中商户数为2请求指定的商户配置编号为 1
2015/01/05-10:29:30 检查交易请求是否合法：
2015/01/05-10:29:30 1101]    错误信息：[商户提交的交易资料不合法 - 订单信息不合法！]
2015/01/05-10:29:30 交易结束==================================================
                    
                    
                    
                    
2015/01/05-10:30:11 TrustPay Client PHP 交易开始==========================
2015/01/05-10:30:12 配置文件中商户数为2请求指定的商户配置编号为 1
2015/01/05-10:30:12 检查交易请求是否合法：正确
2015/01/05-10:30:12 交易报文
2015/01/05-10:30:12 完整交易报文：
2015/01/05-10:30:12 签名后的报文
2015/01/05-10:30:12 提交网上支付平台的报文：
                    <MSG><Message><Merchant><ECMerchantType>B2C</ECMerchantType><MerchantID>233010103354A01</MerchantID></Merchant><TrxRequest><TrxType>PayReq</TrxType><Order><OrderNo>14366</OrderNo><ExpiredDate>10</ExpiredDate><OrderAmount>300</OrderAmount><OrderDesc>开通 初一语文 服务</OrderDesc><OrderDate>2015/01/05</OrderDate><OrderTime>10:30:11</OrderTime><OrderURL>http://jj2z.ebh.net/</OrderURL><BuyIP>58.100.229.218</BuyIP><OrderItems><OrderItem><ProductID>IP000001</ProductID><ProductName>开通 初一语文 服务</ProductName><UnitPrice>300</UnitPrice><Qty>1</Qty></OrderItem></OrderItems></Order><ProductType>1</ProductType><PaymentType>1</PaymentType><NotifyType>1</NotifyType><ResultNotifyURL>http://jj2z.ebh.net/ibuy/abcnotify.html?orderid=14366</ResultNotifyURL><MerchantRemarks>初一语文_5 月 _300.00 元</MerchantRemarks><PaymentLinkType>1</PaymentLinkType></TrxRequest></Message><Signature-Algorithm>SHA1withRSA</Signature-Algorithm><Signature>kC1Yo8a8QxnW/dJKVt8DIJ8oPmOKkClqWMDVBWWrrkroQhZ1QjXEkeNwl/D9weaGvRWR0zTrfMG9n3ruB+LlBmPQ2jEHCLBn/RPu4HgIhGLCGAWPGfHVxGFelAGB3ip/lqpuCzAxEVIfWls+MOl3k0bjikPK112RAOv8eolQWtc=</Signature></MSG>
2015/01/05-10:30:12 报文长度：1148<br>
2015/01/05-10:30:12 连线网上支付平台
2015/01/05-10:30:12 网上支付平台URL：[https://www.95599.cn/b2c/trustpay/ReceiveMerchantTrxReqServlet] 
2015/01/05-10:30:12 成功
2015/01/05-10:30:12 提交交易报文：
2015/01/05-10:30:12 <MSG><Message><Merchant><ECMerchantType>B2C</ECMerchantType><MerchantID>233010103354A01</MerchantID></Merchant><TrxRequest><TrxType>PayReq</TrxType><Order><OrderNo>14366</OrderNo><ExpiredDate>10</ExpiredDate><OrderAmount>300</OrderAmount><OrderDesc>开通 初一语文 服务</OrderDesc><OrderDate>2015/01/05</OrderDate><OrderTime>10:30:11</OrderTime><OrderURL>http://jj2z.ebh.net/</OrderURL><BuyIP>58.100.229.218</BuyIP><OrderItems><OrderItem><ProductID>IP000001</ProductID><ProductName>开通 初一语文 服务</ProductName><UnitPrice>300</UnitPrice><Qty>1</Qty></OrderItem></OrderItems></Order><ProductType>1</ProductType><PaymentType>1</PaymentType><NotifyType>1</NotifyType><ResultNotifyURL>http://jj2z.ebh.net/ibuy/abcnotify.html?orderid=14366</ResultNotifyURL><MerchantRemarks>初一语文_5 月 _300.00 元</MerchantRemarks><PaymentLinkType>1</PaymentLinkType></TrxRequest></Message><Signature-Algorithm>SHA1withRSA</Signature-Algorithm><Signature>kC1Yo8a8QxnW/dJKVt8DIJ8oPmOKkClqWMDVBWWrrkroQhZ1QjXEkeNwl/D9weaGvRWR0zTrfMG9n3ruB+LlBmPQ2jEHCLBn/RPu4HgIhGLCGAWPGfHVxGFelAGB3ip/lqpuCzAxEVIfWls+MOl3k0bjikPK112RAOv8eolQWtc=</Signature></MSG>
2015/01/05-10:30:12 成功
2015/01/05-10:30:12 接受到的响应报文：
                    HTTP/1.1 200 OK
                    Date: Mon, 05 Jan 2015 02:29:49 GMT
                    Server: Microsoft-IIS/6.0
                    X-AspNet-Version: 2.0.50727
                    Set-Cookie: ASP.NET_SessionId=id1u4bykeafj3cftvsfhtkbj; path=/; HttpOnly
                    Cache-Control: private
                    Content-Type: text/html; charset=gb2312
                    Connection: close
                    Set-Cookie: BIGipServerpool_ec_b2c=2488920842.56611.0000; path=/
                    
                    <MSG><Message><Merchant><ECMerchantType>B2C</ECMerchantType><MerchantID>233010103354A01</MerchantID></Merchant><TrxResponse><ReturnCode>0000</ReturnCode><ErrorMessage>交易成功</ErrorMessage><TrxType>PayReq</TrxType><OrderNo>14366</OrderNo><PaymentURL>https://easyabc.95599.cn/b2c/NotCheckStatus/PaymentModeNewAct.ebf?TOKEN=14204249896288993499</PaymentURL><OrderAmount>300</OrderAmount></TrxResponse></Message><Signature-Algorithm>SHA1withRSA</Signature-Algorithm><Signature>EjQPxQPXhdw/8brqY+c7IthVdhAIBndwqfyhLoV05XtKDZkXN5a8ISCUk5gfeRefaSeouHw0Uq/3kruDJhjGbfGrrrs9mjR77i9o97OHRO7dVRUCEiMZ5ztD9O1bH6LTz1FEsWFBeNE9qRuphnVKuv3eTRMyD1q3E2KHiCx7kM8=</Signature></MSG>
2015/01/05-10:30:12 接收报文：
2015/01/05-10:30:12 <Message><Merchant><ECMerchantType>B2C</ECMerchantType><MerchantID>233010103354A01</MerchantID></Merchant><TrxResponse><ReturnCode>0000</ReturnCode><ErrorMessage>交易成功</ErrorMessage><TrxType>PayReq</TrxType><OrderNo>14366</OrderNo><PaymentURL>https://easyabc.95599.cn/b2c/NotCheckStatus/PaymentModeNewAct.ebf?TOKEN=14204249896288993499</PaymentURL><OrderAmount>300</OrderAmount></TrxResponse></Message><Signature-Algorithm>SHA1withRSA</Signature-Algorithm><Signature>EjQPxQPXhdw/8brqY+c7IthVdhAIBndwqfyhLoV05XtKDZkXN5a8ISCUk5gfeRefaSeouHw0Uq/3kruDJhjGbfGrrrs9mjR77i9o97OHRO7dVRUCEiMZ5ztD9O1bH6LTz1FEsWFBeNE9qRuphnVKuv3eTRMyD1q3E2KHiCx7kM8=</Signature>
2015/01/05-10:30:12 验证网上支付平台响应报文的签名：正确
2015/01/05-10:30:12 生成交易响应对象：
2015/01/05-10:30:12 交易结果：[0000]
2015/01/05-10:30:12 错误信息：[交易成功]
2015/01/05-10:30:12 交易结束==================================================
                    
                    
                    
                    
2015/01/05-10:58:34 TrustPay Client PHP 交易开始==========================
2015/01/05-10:58:34 配置文件中商户数为2请求指定的商户配置编号为 2
2015/01/05-10:58:34 检查交易请求是否合法：正确
2015/01/05-10:58:34 交易报文
2015/01/05-10:58:34 完整交易报文：
2015/01/05-10:58:34 签名后的报文
2015/01/05-10:58:34 提交网上支付平台的报文：
                    <MSG><Message><Merchant><ECMerchantType>B2C</ECMerchantType><MerchantID>233010103354A02</MerchantID></Merchant><TrxRequest><TrxType>PayReq</TrxType><Order><OrderNo>14367</OrderNo><ExpiredDate>10</ExpiredDate><OrderAmount>160</OrderAmount><OrderDesc>开通 高一数学 服务</OrderDesc><OrderDate>2015/01/05</OrderDate><OrderTime>10:58:34</OrderTime><OrderURL>http://xjcfzx.ebh.net/</OrderURL><BuyIP>122.226.172.22</BuyIP><OrderItems><OrderItem><ProductID>IP000001</ProductID><ProductName>开通 高一数学 服务</ProductName><UnitPrice>160</UnitPrice><Qty>1</Qty></OrderItem></OrderItems></Order><ProductType>1</ProductType><PaymentType>6</PaymentType><NotifyType>1</NotifyType><ResultNotifyURL>http://xjcfzx.ebh.net/ibuy/abcnotify.html?orderid=14367</ResultNotifyURL><MerchantRemarks>高一数学_5 月 _160.00 元</MerchantRemarks><PaymentLinkType>1</PaymentLinkType></TrxRequest></Message><Signature-Algorithm>SHA1withRSA</Signature-Algorithm><Signature>fYKgBzLPSbrX39G+563Pl8Fb0fcfwcQ09TYRXBHuI7y7CM7BKkZ6c0UzWZqamqfZlHYs6fspxbvmM3kH9DS1HiR1oZm2015LqYGTLNzZZwPyQgHrfF1zowpM0CibY8y6ghqWMJkuCtCjo4FDsrmQmLZ8coOFbwP9rh2wqVJ1MCQ=</Signature></MSG>
2015/01/05-10:58:34 报文长度：1152<br>
2015/01/05-10:58:34 连线网上支付平台
2015/01/05-10:58:34 网上支付平台URL：[https://www.95599.cn/b2c/trustpay/ReceiveMerchantTrxReqServlet] 
2015/01/05-10:58:34 成功
2015/01/05-10:58:34 提交交易报文：
2015/01/05-10:58:34 <MSG><Message><Merchant><ECMerchantType>B2C</ECMerchantType><MerchantID>233010103354A02</MerchantID></Merchant><TrxRequest><TrxType>PayReq</TrxType><Order><OrderNo>14367</OrderNo><ExpiredDate>10</ExpiredDate><OrderAmount>160</OrderAmount><OrderDesc>开通 高一数学 服务</OrderDesc><OrderDate>2015/01/05</OrderDate><OrderTime>10:58:34</OrderTime><OrderURL>http://xjcfzx.ebh.net/</OrderURL><BuyIP>122.226.172.22</BuyIP><OrderItems><OrderItem><ProductID>IP000001</ProductID><ProductName>开通 高一数学 服务</ProductName><UnitPrice>160</UnitPrice><Qty>1</Qty></OrderItem></OrderItems></Order><ProductType>1</ProductType><PaymentType>6</PaymentType><NotifyType>1</NotifyType><ResultNotifyURL>http://xjcfzx.ebh.net/ibuy/abcnotify.html?orderid=14367</ResultNotifyURL><MerchantRemarks>高一数学_5 月 _160.00 元</MerchantRemarks><PaymentLinkType>1</PaymentLinkType></TrxRequest></Message><Signature-Algorithm>SHA1withRSA</Signature-Algorithm><Signature>fYKgBzLPSbrX39G+563Pl8Fb0fcfwcQ09TYRXBHuI7y7CM7BKkZ6c0UzWZqamqfZlHYs6fspxbvmM3kH9DS1HiR1oZm2015LqYGTLNzZZwPyQgHrfF1zowpM0CibY8y6ghqWMJkuCtCjo4FDsrmQmLZ8coOFbwP9rh2wqVJ1MCQ=</Signature></MSG>
2015/01/05-10:58:39 成功
2015/01/05-10:58:39 接受到的响应报文：
                    HTTP/1.1 200 OK
                    Date: Mon, 05 Jan 2015 02:58:17 GMT
                    Server: Microsoft-IIS/6.0
                    X-Powered-By: ASP.NET
                    X-AspNet-Version: 2.0.50727
                    Set-Cookie: ASP.NET_SessionId=zjqmj255hw42gy45qpm1sgyi; path=/; HttpOnly
                    Cache-Control: private
                    Content-Type: text/html; charset=gb2312
                    Connection: close
                    Set-Cookie: BIGipServerpool_ec_b2c=3915180810.56611.0000; path=/
                    
                    <MSG><Message><Merchant><ECMerchantType>B2C</ECMerchantType><MerchantID>233010103354A02</MerchantID></Merchant><TrxResponse><ReturnCode>0000</ReturnCode><ErrorMessage>交易成功</ErrorMessage><TrxType>PayReq</TrxType><OrderNo>14367</OrderNo><PaymentURL>https://easyabc.95599.cn/b2c/NotCheckStatus/PaymentModeUCBPAct.ebf?TOKEN=14204266978820356775</PaymentURL><OrderAmount>160</OrderAmount></TrxResponse></Message><Signature-Algorithm>SHA1withRSA</Signature-Algorithm><Signature>88gow5u6k9U1jxsrlirF60ojsbJBviRz9bj2rnAxZPwtgtzCMeG/3bsmR1jmf0LcEwbZDzm6VzMPE1yrN0wpded+L4VQSBKRTJzP3TdNdVGlYvVDWxAlxavjM9qqSc+D3b69WVDaxHry2sxDY00F338EmUTuLI7pgwsQl3OlF6A=</Signature></MSG>
2015/01/05-10:58:39 接收报文：
2015/01/05-10:58:39 <Message><Merchant><ECMerchantType>B2C</ECMerchantType><MerchantID>233010103354A02</MerchantID></Merchant><TrxResponse><ReturnCode>0000</ReturnCode><ErrorMessage>交易成功</ErrorMessage><TrxType>PayReq</TrxType><OrderNo>14367</OrderNo><PaymentURL>https://easyabc.95599.cn/b2c/NotCheckStatus/PaymentModeUCBPAct.ebf?TOKEN=14204266978820356775</PaymentURL><OrderAmount>160</OrderAmount></TrxResponse></Message><Signature-Algorithm>SHA1withRSA</Signature-Algorithm><Signature>88gow5u6k9U1jxsrlirF60ojsbJBviRz9bj2rnAxZPwtgtzCMeG/3bsmR1jmf0LcEwbZDzm6VzMPE1yrN0wpded+L4VQSBKRTJzP3TdNdVGlYvVDWxAlxavjM9qqSc+D3b69WVDaxHry2sxDY00F338EmUTuLI7pgwsQl3OlF6A=</Signature>
2015/01/05-10:58:39 验证网上支付平台响应报文的签名：正确
2015/01/05-10:58:39 生成交易响应对象：
2015/01/05-10:58:39 交易结果：[0000]
2015/01/05-10:58:39 错误信息：[交易成功]
2015/01/05-10:58:39 交易结束==================================================
                    
                    
                    
                    
2015/01/05-11:01:49 TrustPayClient PHP 交易开始==========================
2015/01/05-11:01:49 接收到的支付结果通知：\n[PE1TRz48TWVzc2FnZT48VHJ4UmVzcG9uc2U+PFJldHVybkNvZGU+MDAwMDwvUmV0dXJuQ29kZT48RXJyb3JNZXNzYWdlPjwvRXJyb3JNZXNzYWdlPjxFQ01lcmNoYW50VHlwZT5CMkM8L0VDTWVyY2hhbnRUeXBlPjxNZXJjaGFudElEPjIzMzAxMDEwMzM1NEEwMjwvTWVyY2hhbnRJRD48VHJ4VHlwZT5QYXlSZXN1bHQ8L1RyeFR5cGU+PE9yZGVyTm8+MTQzNjc8L09yZGVyTm8+PEFtb3VudD4xNjAuMDA8L0Ftb3VudD48QmF0Y2hObz4wMDAwNzA8L0JhdGNoTm8+PEhvc3REYXRlPjIwMTUwMTA1PC9Ib3N0RGF0ZT48SG9zdFRpbWU+MTEwMTI2PC9Ib3N0VGltZT48TWVyY2hhbnRSZW1hcmtzPrjf0rvK/dGnXzUg1MIgXzE2MC4wMCDUqjwvTWVyY2hhbnRSZW1hcmtzPjxQYXlUeXBlPlBBWTI0PC9QYXlUeXBlPjxOb3RpZnlUeXBlPjE8L05vdGlmeVR5cGU+PFBheUlQPjIwMi45Ni4yNTUuMTQ4PC9QYXlJUD48L1RyeFJlc3BvbnNlPjwvTWVzc2FnZT48U2lnbmF0dXJlLUFsZ29yaXRobT5TSEExd2l0aFJTQTwvU2lnbmF0dXJlLUFsZ29yaXRobT48U2lnbmF0dXJlPm9tSlRtYld6L1hldU80emtFK1gzeTB2UGUrVElUb0d0Q2dkdUduMkUwc2lkNFZhcjZsL1ZOenFJOFo0bmhuZWVJckg1b01RQ3JLWkNGY1c3OWI0bjZSYkdwbEdiWGJXS0ZFakU0S0UwQVRsemJUVCt4RVBka0pXZkJDRVNBdzZLMEJLakVxeXJtK2lBZGxTVVBIRzg0RXI4TnVxQ1NUWU16NUNXTDVubk01OD08L1NpZ25hdHVyZT48L01TRz4=]
2015/01/05-11:01:49 经过Base64解码后的支付结果通知：\n[<MSG><Message><TrxResponse><ReturnCode>0000</ReturnCode><ErrorMessage></ErrorMessage><ECMerchantType>B2C</ECMerchantType><MerchantID>233010103354A02</MerchantID><TrxType>PayResult</TrxType><OrderNo>14367</OrderNo><Amount>160.00</Amount><BatchNo>000070</BatchNo><HostDate>20150105</HostDate><HostTime>110126</HostTime><MerchantRemarks>高一数学_5 月 _160.00 元</MerchantRemarks><PayType>PAY24</PayType><NotifyType>1</NotifyType><PayIP>202.96.255.148</PayIP></TrxResponse></Message><Signature-Algorithm>SHA1withRSA</Signature-Algorithm><Signature>omJTmbWz/XeuO4zkE+X3y0vPe+TIToGtCgduGn2E0sid4Var6l/VNzqI8Z4nhneeIrH5oMQCrKZCFcW79b4n6RbGplGbXbWKFEjE4KE0ATlzbTT+xEPdkJWfBCESAw6K0BKjEqyrm+iAdlSUPHG84Er8NuqCSTYMz5CWL5nnM58=</Signature></MSG>]
2015/01/05-11:01:49 验证支付结果通知的签名：
2015/01/05-11:01:49 验证通过！\n 经过验证的支付结果通知：\n[<TrxResponse><ReturnCode>0000</ReturnCode><ErrorMessage></ErrorMessage><ECMerchantType>B2C</ECMerchantType><MerchantID>233010103354A02</MerchantID><TrxType>PayResult</TrxType><OrderNo>14367</OrderNo><Amount>160.00</Amount><BatchNo>000070</BatchNo><HostDate>20150105</HostDate><HostTime>110126</HostTime><MerchantRemarks>高一数学_5 月 _160.00 元</MerchantRemarks><PayType>PAY24</PayType><NotifyType>1</NotifyType><PayIP>202.96.255.148</PayIP></TrxResponse>]
2015/01/05-11:01:49 交易结束==================================================
2015/01/05-11:02:18 TrustPay Client PHP 交易开始==========================
2015/01/05-11:02:18 配置文件中商户数为2请求指定的商户配置编号为 2
2015/01/05-11:02:18 检查交易请求是否合法：正确
2015/01/05-11:02:18 交易报文
2015/01/05-11:02:18 完整交易报文：
2015/01/05-11:02:18 签名后的报文
2015/01/05-11:02:18 提交网上支付平台的报文：
                    <MSG><Message><Merchant><ECMerchantType>B2C</ECMerchantType><MerchantID>233010103354A02</MerchantID></Merchant><TrxRequest><TrxType>PayReq</TrxType><Order><OrderNo>14368</OrderNo><ExpiredDate>10</ExpiredDate><OrderAmount>160</OrderAmount><OrderDesc>开通 高一数学 服务</OrderDesc><OrderDate>2015/01/05</OrderDate><OrderTime>11:02:18</OrderTime><OrderURL>http://xjcfzx.ebh.net/</OrderURL><BuyIP>122.226.172.22</BuyIP><OrderItems><OrderItem><ProductID>IP000001</ProductID><ProductName>开通 高一数学 服务</ProductName><UnitPrice>160</UnitPrice><Qty>1</Qty></OrderItem></OrderItems></Order><ProductType>1</ProductType><PaymentType>6</PaymentType><NotifyType>1</NotifyType><ResultNotifyURL>http://xjcfzx.ebh.net/ibuy/abcnotify.html?orderid=14368</ResultNotifyURL><MerchantRemarks>高一数学_5 月 _160.00 元</MerchantRemarks><PaymentLinkType>1</PaymentLinkType></TrxRequest></Message><Signature-Algorithm>SHA1withRSA</Signature-Algorithm><Signature>Q//CFjRITi4gVY3W9s6Hjctbva5+RQJ4uje6Uytggo06CXhqBH9guHc6x8mWNki19vPo7Kn3vAvb+qvzgOiC01WbEu1v9fV3eLOoMjgCrE5lE00sQu9WEjljlahGwcFOxboM6PAAibBGtZtv4OsOPv4VzUbK8ZyZCY4sgPyMDfk=</Signature></MSG>
2015/01/05-11:02:18 报文长度：1152<br>
2015/01/05-11:02:18 连线网上支付平台
2015/01/05-11:02:18 网上支付平台URL：[https://www.95599.cn/b2c/trustpay/ReceiveMerchantTrxReqServlet] 
2015/01/05-11:02:18 成功
2015/01/05-11:02:18 提交交易报文：
2015/01/05-11:02:18 <MSG><Message><Merchant><ECMerchantType>B2C</ECMerchantType><MerchantID>233010103354A02</MerchantID></Merchant><TrxRequest><TrxType>PayReq</TrxType><Order><OrderNo>14368</OrderNo><ExpiredDate>10</ExpiredDate><OrderAmount>160</OrderAmount><OrderDesc>开通 高一数学 服务</OrderDesc><OrderDate>2015/01/05</OrderDate><OrderTime>11:02:18</OrderTime><OrderURL>http://xjcfzx.ebh.net/</OrderURL><BuyIP>122.226.172.22</BuyIP><OrderItems><OrderItem><ProductID>IP000001</ProductID><ProductName>开通 高一数学 服务</ProductName><UnitPrice>160</UnitPrice><Qty>1</Qty></OrderItem></OrderItems></Order><ProductType>1</ProductType><PaymentType>6</PaymentType><NotifyType>1</NotifyType><ResultNotifyURL>http://xjcfzx.ebh.net/ibuy/abcnotify.html?orderid=14368</ResultNotifyURL><MerchantRemarks>高一数学_5 月 _160.00 元</MerchantRemarks><PaymentLinkType>1</PaymentLinkType></TrxRequest></Message><Signature-Algorithm>SHA1withRSA</Signature-Algorithm><Signature>Q//CFjRITi4gVY3W9s6Hjctbva5+RQJ4uje6Uytggo06CXhqBH9guHc6x8mWNki19vPo7Kn3vAvb+qvzgOiC01WbEu1v9fV3eLOoMjgCrE5lE00sQu9WEjljlahGwcFOxboM6PAAibBGtZtv4OsOPv4VzUbK8ZyZCY4sgPyMDfk=</Signature></MSG>
2015/01/05-11:02:18 成功
2015/01/05-11:02:18 接受到的响应报文：
                    HTTP/1.1 200 OK
                    Date: Mon, 05 Jan 2015 03:01:56 GMT
                    Server: Microsoft-IIS/6.0
                    X-Powered-By: ASP.NET
                    X-AspNet-Version: 2.0.50727
                    Set-Cookie: ASP.NET_SessionId=2tsrzuumppxeps452jqpkcb0; path=/; HttpOnly
                    Cache-Control: private
                    Content-Type: text/html; charset=gb2312
                    Connection: close
                    Set-Cookie: BIGipServerpool_ec_b2c=912583434.56355.0000; path=/
                    
                    <MSG><Message><Merchant><ECMerchantType>B2C</ECMerchantType><MerchantID>233010103354A02</MerchantID></Merchant><TrxResponse><ReturnCode>0000</ReturnCode><ErrorMessage>交易成功</ErrorMessage><TrxType>PayReq</TrxType><OrderNo>14368</OrderNo><PaymentURL>https://easyabc.95599.cn/b2c/NotCheckStatus/PaymentModeUCBPAct.ebf?TOKEN=14204269163100572790</PaymentURL><OrderAmount>160</OrderAmount></TrxResponse></Message><Signature-Algorithm>SHA1withRSA</Signature-Algorithm><Signature>rbgdMEHQuEfUMRDRoAeboBdjBluYLHjAhOVl+h3UOPixUwlKYPQu1k8ltc/ZFF5Segu+AJpu30mOCCY9YyqSJvokFazDb7sHgj5OiiZ/n7Jadlj6e6OXUv2BtxxLTAyuPzrJ1oEsvzZyYHmfsuda3CyV1i8ldnuXdsYkhc8bEzs=</Signature></MSG>
2015/01/05-11:02:18 接收报文：
2015/01/05-11:02:18 <Message><Merchant><ECMerchantType>B2C</ECMerchantType><MerchantID>233010103354A02</MerchantID></Merchant><TrxResponse><ReturnCode>0000</ReturnCode><ErrorMessage>交易成功</ErrorMessage><TrxType>PayReq</TrxType><OrderNo>14368</OrderNo><PaymentURL>https://easyabc.95599.cn/b2c/NotCheckStatus/PaymentModeUCBPAct.ebf?TOKEN=14204269163100572790</PaymentURL><OrderAmount>160</OrderAmount></TrxResponse></Message><Signature-Algorithm>SHA1withRSA</Signature-Algorithm><Signature>rbgdMEHQuEfUMRDRoAeboBdjBluYLHjAhOVl+h3UOPixUwlKYPQu1k8ltc/ZFF5Segu+AJpu30mOCCY9YyqSJvokFazDb7sHgj5OiiZ/n7Jadlj6e6OXUv2BtxxLTAyuPzrJ1oEsvzZyYHmfsuda3CyV1i8ldnuXdsYkhc8bEzs=</Signature>
2015/01/05-11:02:18 验证网上支付平台响应报文的签名：正确
2015/01/05-11:02:18 生成交易响应对象：
2015/01/05-11:02:18 交易结果：[0000]
2015/01/05-11:02:18 错误信息：[交易成功]
2015/01/05-11:02:18 交易结束==================================================
                    
                    
                    
                    
2015/01/05-11:13:51 TrustPay Client PHP 交易开始==========================
2015/01/05-11:13:51 配置文件中商户数为2请求指定的商户配置编号为 2
2015/01/05-11:13:51 检查交易请求是否合法：正确
2015/01/05-11:13:51 交易报文
2015/01/05-11:13:51 完整交易报文：
2015/01/05-11:13:51 签名后的报文
2015/01/05-11:13:51 提交网上支付平台的报文：
                    <MSG><Message><Merchant><ECMerchantType>B2C</ECMerchantType><MerchantID>233010103354A02</MerchantID></Merchant><TrxRequest><TrxType>PayReq</TrxType><Order><OrderNo>14371</OrderNo><ExpiredDate>10</ExpiredDate><OrderAmount>160</OrderAmount><OrderDesc>开通 高一物理 服务</OrderDesc><OrderDate>2015/01/05</OrderDate><OrderTime>11:13:51</OrderTime><OrderURL>http://xjcfzx.ebanhui.com/</OrderURL><BuyIP>122.226.172.22</BuyIP><OrderItems><OrderItem><ProductID>IP000001</ProductID><ProductName>开通 高一物理 服务</ProductName><UnitPrice>160</UnitPrice><Qty>1</Qty></OrderItem></OrderItems></Order><ProductType>1</ProductType><PaymentType>6</PaymentType><NotifyType>1</NotifyType><ResultNotifyURL>http://xjcfzx.ebanhui.com/ibuy/abcnotify.html?orderid=14371</ResultNotifyURL><MerchantRemarks>高一物理_5 月 _160.00 元</MerchantRemarks><PaymentLinkType>1</PaymentLinkType></TrxRequest></Message><Signature-Algorithm>SHA1withRSA</Signature-Algorithm><Signature>py8/1nAcwwBBMOUcCBtWmeHT3Dniu8lpp+xIzTFWUtM6CgJxZ4kjHd8KBd7Y1mKQaw555S0I4Z307cKglf05MeP75X2KO2gLaC5YnqTiSLrHMUh8YRbawchNA1pCcVw5En14vw6i65shalu7wQ+m2HQMkB+bl0i7kY7cx2ETnAk=</Signature></MSG>
2015/01/05-11:13:51 报文长度：1160<br>
2015/01/05-11:13:51 连线网上支付平台
2015/01/05-11:13:51 网上支付平台URL：[https://www.95599.cn/b2c/trustpay/ReceiveMerchantTrxReqServlet] 
2015/01/05-11:13:51 成功
2015/01/05-11:13:51 提交交易报文：
2015/01/05-11:13:51 <MSG><Message><Merchant><ECMerchantType>B2C</ECMerchantType><MerchantID>233010103354A02</MerchantID></Merchant><TrxRequest><TrxType>PayReq</TrxType><Order><OrderNo>14371</OrderNo><ExpiredDate>10</ExpiredDate><OrderAmount>160</OrderAmount><OrderDesc>开通 高一物理 服务</OrderDesc><OrderDate>2015/01/05</OrderDate><OrderTime>11:13:51</OrderTime><OrderURL>http://xjcfzx.ebanhui.com/</OrderURL><BuyIP>122.226.172.22</BuyIP><OrderItems><OrderItem><ProductID>IP000001</ProductID><ProductName>开通 高一物理 服务</ProductName><UnitPrice>160</UnitPrice><Qty>1</Qty></OrderItem></OrderItems></Order><ProductType>1</ProductType><PaymentType>6</PaymentType><NotifyType>1</NotifyType><ResultNotifyURL>http://xjcfzx.ebanhui.com/ibuy/abcnotify.html?orderid=14371</ResultNotifyURL><MerchantRemarks>高一物理_5 月 _160.00 元</MerchantRemarks><PaymentLinkType>1</PaymentLinkType></TrxRequest></Message><Signature-Algorithm>SHA1withRSA</Signature-Algorithm><Signature>py8/1nAcwwBBMOUcCBtWmeHT3Dniu8lpp+xIzTFWUtM6CgJxZ4kjHd8KBd7Y1mKQaw555S0I4Z307cKglf05MeP75X2KO2gLaC5YnqTiSLrHMUh8YRbawchNA1pCcVw5En14vw6i65shalu7wQ+m2HQMkB+bl0i7kY7cx2ETnAk=</Signature></MSG>
2015/01/05-11:13:51 成功
2015/01/05-11:13:51 接受到的响应报文：
                    HTTP/1.1 200 OK
                    Date: Mon, 05 Jan 2015 03:13:29 GMT
                    Server: Microsoft-IIS/6.0
                    X-Powered-By: ASP.NET
                    X-AspNet-Version: 2.0.50727
                    Set-Cookie: ASP.NET_SessionId=0xputy45rq0ra055p5n5bhn2; path=/; HttpOnly
                    Cache-Control: private
                    Content-Type: text/html; charset=gb2312
                    Connection: close
                    Set-Cookie: BIGipServerpool_ec_b2c=929360650.56355.0000; path=/
                    
                    <MSG><Message><Merchant><ECMerchantType>B2C</ECMerchantType><MerchantID>233010103354A02</MerchantID></Merchant><TrxResponse><ReturnCode>0000</ReturnCode><ErrorMessage>交易成功</ErrorMessage><TrxType>PayReq</TrxType><OrderNo>14371</OrderNo><PaymentURL>https://easyabc.95599.cn/b2c/NotCheckStatus/PaymentModeUCBPAct.ebf?TOKEN=14204276095828843884</PaymentURL><OrderAmount>160</OrderAmount></TrxResponse></Message><Signature-Algorithm>SHA1withRSA</Signature-Algorithm><Signature>F/t+tSgFWwsa5nspNMYPGY7UHga1XpARGWr0KArTDQ+AYT0KuWQbTEqt/+5TWa0rafdla1tFGDms0nqmt4MZ90/2h0VdPXssPDeN8vZLfwD0BY4ga+8gNU87BMbGh8JLOVhzI6jvAnOvIsEHcqzIsqdnBtB7+xL7seTJQVjcLIM=</Signature></MSG>
2015/01/05-11:13:51 接收报文：
2015/01/05-11:13:51 <Message><Merchant><ECMerchantType>B2C</ECMerchantType><MerchantID>233010103354A02</MerchantID></Merchant><TrxResponse><ReturnCode>0000</ReturnCode><ErrorMessage>交易成功</ErrorMessage><TrxType>PayReq</TrxType><OrderNo>14371</OrderNo><PaymentURL>https://easyabc.95599.cn/b2c/NotCheckStatus/PaymentModeUCBPAct.ebf?TOKEN=14204276095828843884</PaymentURL><OrderAmount>160</OrderAmount></TrxResponse></Message><Signature-Algorithm>SHA1withRSA</Signature-Algorithm><Signature>F/t+tSgFWwsa5nspNMYPGY7UHga1XpARGWr0KArTDQ+AYT0KuWQbTEqt/+5TWa0rafdla1tFGDms0nqmt4MZ90/2h0VdPXssPDeN8vZLfwD0BY4ga+8gNU87BMbGh8JLOVhzI6jvAnOvIsEHcqzIsqdnBtB7+xL7seTJQVjcLIM=</Signature>
2015/01/05-11:13:51 验证网上支付平台响应报文的签名：正确
2015/01/05-11:13:51 生成交易响应对象：
2015/01/05-11:13:51 交易结果：[0000]
2015/01/05-11:13:51 错误信息：[交易成功]
2015/01/05-11:13:51 交易结束==================================================
                    
                    
                    
                    
2015/01/05-11:14:52 TrustPayClient PHP 交易开始==========================
2015/01/05-11:14:52 接收到的支付结果通知：\n[PE1TRz48TWVzc2FnZT48VHJ4UmVzcG9uc2U+PFJldHVybkNvZGU+MDAwMDwvUmV0dXJuQ29kZT48RXJyb3JNZXNzYWdlPjwvRXJyb3JNZXNzYWdlPjxFQ01lcmNoYW50VHlwZT5CMkM8L0VDTWVyY2hhbnRUeXBlPjxNZXJjaGFudElEPjIzMzAxMDEwMzM1NEEwMjwvTWVyY2hhbnRJRD48VHJ4VHlwZT5QYXlSZXN1bHQ8L1RyeFR5cGU+PE9yZGVyTm8+MTQzNzE8L09yZGVyTm8+PEFtb3VudD4xNjAuMDA8L0Ftb3VudD48QmF0Y2hObz4wMDAwNzA8L0JhdGNoTm8+PEhvc3REYXRlPjIwMTUwMTA1PC9Ib3N0RGF0ZT48SG9zdFRpbWU+MTExNDI5PC9Ib3N0VGltZT48TWVyY2hhbnRSZW1hcmtzPrjf0rvO78DtXzUg1MIgXzE2MC4wMCDUqjwvTWVyY2hhbnRSZW1hcmtzPjxQYXlUeXBlPlBBWTI0PC9QYXlUeXBlPjxOb3RpZnlUeXBlPjE8L05vdGlmeVR5cGU+PFBheUlQPjIwMi45Ni4yNTUuMTQ4PC9QYXlJUD48L1RyeFJlc3BvbnNlPjwvTWVzc2FnZT48U2lnbmF0dXJlLUFsZ29yaXRobT5TSEExd2l0aFJTQTwvU2lnbmF0dXJlLUFsZ29yaXRobT48U2lnbmF0dXJlPnBVS04wYWVCeVZGMjlwOVVJZmVid3I3Y1l2Mk9NcnhCaCs2RU0zYyt6Z1F3QWVNUG1oQ2hnZW43Mjh3SEYzbWREYkFFZUV6YVpOeW1vWnRtQUpvQy9PaFJabTVUVVNWcUNpaWY1V0dZc0hnbDU2eWNBRzhIanpKUlZVN1dHbVRYQW40WkJXUzBSUS80V0JTWWxqeDBPVUVaMkIzUzBCY0lUOGVnSjJWNVZNRT08L1NpZ25hdHVyZT48L01TRz4=]
2015/01/05-11:14:52 经过Base64解码后的支付结果通知：\n[<MSG><Message><TrxResponse><ReturnCode>0000</ReturnCode><ErrorMessage></ErrorMessage><ECMerchantType>B2C</ECMerchantType><MerchantID>233010103354A02</MerchantID><TrxType>PayResult</TrxType><OrderNo>14371</OrderNo><Amount>160.00</Amount><BatchNo>000070</BatchNo><HostDate>20150105</HostDate><HostTime>111429</HostTime><MerchantRemarks>高一物理_5 月 _160.00 元</MerchantRemarks><PayType>PAY24</PayType><NotifyType>1</NotifyType><PayIP>202.96.255.148</PayIP></TrxResponse></Message><Signature-Algorithm>SHA1withRSA</Signature-Algorithm><Signature>pUKN0aeByVF29p9UIfebwr7cYv2OMrxBh+6EM3c+zgQwAeMPmhChgen728wHF3mdDbAEeEzaZNymoZtmAJoC/OhRZm5TUSVqCiif5WGYsHgl56ycAG8HjzJRVU7WGmTXAn4ZBWS0RQ/4WBSYljx0OUEZ2B3S0BcIT8egJ2V5VME=</Signature></MSG>]
2015/01/05-11:14:52 验证支付结果通知的签名：
2015/01/05-11:14:52 验证通过！\n 经过验证的支付结果通知：\n[<TrxResponse><ReturnCode>0000</ReturnCode><ErrorMessage></ErrorMessage><ECMerchantType>B2C</ECMerchantType><MerchantID>233010103354A02</MerchantID><TrxType>PayResult</TrxType><OrderNo>14371</OrderNo><Amount>160.00</Amount><BatchNo>000070</BatchNo><HostDate>20150105</HostDate><HostTime>111429</HostTime><MerchantRemarks>高一物理_5 月 _160.00 元</MerchantRemarks><PayType>PAY24</PayType><NotifyType>1</NotifyType><PayIP>202.96.255.148</PayIP></TrxResponse>]
2015/01/05-11:14:52 交易结束==================================================
2015/01/05-11:15:29 TrustPay Client PHP 交易开始==========================
2015/01/05-11:15:29 配置文件中商户数为2请求指定的商户配置编号为 2
2015/01/05-11:15:29 检查交易请求是否合法：正确
2015/01/05-11:15:29 交易报文
2015/01/05-11:15:29 完整交易报文：
2015/01/05-11:15:29 签名后的报文
2015/01/05-11:15:29 提交网上支付平台的报文：
                    <MSG><Message><Merchant><ECMerchantType>B2C</ECMerchantType><MerchantID>233010103354A02</MerchantID></Merchant><TrxRequest><TrxType>PayReq</TrxType><Order><OrderNo>14373</OrderNo><ExpiredDate>10</ExpiredDate><OrderAmount>160</OrderAmount><OrderDesc>开通 高一化学 服务</OrderDesc><OrderDate>2015/01/05</OrderDate><OrderTime>11:15:29</OrderTime><OrderURL>http://xjcfzx.ebanhui.com/</OrderURL><BuyIP>122.226.172.22</BuyIP><OrderItems><OrderItem><ProductID>IP000001</ProductID><ProductName>开通 高一化学 服务</ProductName><UnitPrice>160</UnitPrice><Qty>1</Qty></OrderItem></OrderItems></Order><ProductType>1</ProductType><PaymentType>6</PaymentType><NotifyType>1</NotifyType><ResultNotifyURL>http://xjcfzx.ebanhui.com/ibuy/abcnotify.html?orderid=14373</ResultNotifyURL><MerchantRemarks>高一化学_5 月 _160.00 元</MerchantRemarks><PaymentLinkType>1</PaymentLinkType></TrxRequest></Message><Signature-Algorithm>SHA1withRSA</Signature-Algorithm><Signature>Cak15Qbo+cMBpBQn7q2kCOutnksIj6Sh4iCqk+2o1va7vijosJixpzY/uhFaTGtRBnxttVH9hR/B125nWnkJQzzjFDCOWOK/agpdBiP4Q66iFK0DORpE77GMiSyzfSzN8m8dHy29ps6N8H0vcscv0jpBkeRoiNr4wjzQxD8UNrE=</Signature></MSG>
2015/01/05-11:15:29 报文长度：1160<br>
2015/01/05-11:15:29 连线网上支付平台
2015/01/05-11:15:29 网上支付平台URL：[https://www.95599.cn/b2c/trustpay/ReceiveMerchantTrxReqServlet] 
2015/01/05-11:15:29 成功
2015/01/05-11:15:29 提交交易报文：
2015/01/05-11:15:29 <MSG><Message><Merchant><ECMerchantType>B2C</ECMerchantType><MerchantID>233010103354A02</MerchantID></Merchant><TrxRequest><TrxType>PayReq</TrxType><Order><OrderNo>14373</OrderNo><ExpiredDate>10</ExpiredDate><OrderAmount>160</OrderAmount><OrderDesc>开通 高一化学 服务</OrderDesc><OrderDate>2015/01/05</OrderDate><OrderTime>11:15:29</OrderTime><OrderURL>http://xjcfzx.ebanhui.com/</OrderURL><BuyIP>122.226.172.22</BuyIP><OrderItems><OrderItem><ProductID>IP000001</ProductID><ProductName>开通 高一化学 服务</ProductName><UnitPrice>160</UnitPrice><Qty>1</Qty></OrderItem></OrderItems></Order><ProductType>1</ProductType><PaymentType>6</PaymentType><NotifyType>1</NotifyType><ResultNotifyURL>http://xjcfzx.ebanhui.com/ibuy/abcnotify.html?orderid=14373</ResultNotifyURL><MerchantRemarks>高一化学_5 月 _160.00 元</MerchantRemarks><PaymentLinkType>1</PaymentLinkType></TrxRequest></Message><Signature-Algorithm>SHA1withRSA</Signature-Algorithm><Signature>Cak15Qbo+cMBpBQn7q2kCOutnksIj6Sh4iCqk+2o1va7vijosJixpzY/uhFaTGtRBnxttVH9hR/B125nWnkJQzzjFDCOWOK/agpdBiP4Q66iFK0DORpE77GMiSyzfSzN8m8dHy29ps6N8H0vcscv0jpBkeRoiNr4wjzQxD8UNrE=</Signature></MSG>
2015/01/05-11:15:29 成功
2015/01/05-11:15:29 接受到的响应报文：
                    HTTP/1.1 200 OK
                    Date: Mon, 05 Jan 2015 03:15:07 GMT
                    Server: Microsoft-IIS/6.0
                    X-Powered-By: ASP.NET
                    X-AspNet-Version: 2.0.50727
                    Set-Cookie: ASP.NET_SessionId=b5e5wr45no1wra453kgkj255; path=/; HttpOnly
                    Cache-Control: private
                    Content-Type: text/html; charset=gb2312
                    Connection: close
                    Set-Cookie: BIGipServerpool_ec_b2c=929360650.56355.0000; path=/
                    
                    <MSG><Message><Merchant><ECMerchantType>B2C</ECMerchantType><MerchantID>233010103354A02</MerchantID></Merchant><TrxResponse><ReturnCode>0000</ReturnCode><ErrorMessage>交易成功</ErrorMessage><TrxType>PayReq</TrxType><OrderNo>14373</OrderNo><PaymentURL>https://easyabc.95599.cn/b2c/NotCheckStatus/PaymentModeUCBPAct.ebf?TOKEN=14204277072849959393</PaymentURL><OrderAmount>160</OrderAmount></TrxResponse></Message><Signature-Algorithm>SHA1withRSA</Signature-Algorithm><Signature>j04j+NSkb5hgxzGwqbxpetfuVhmVfCOSTSEwqpDVoT5ZkLDuuJTqBJFxCXYsCWU7n8dJtnbubhBs/A7VqFq1KTbSYZy2zRv1x8akDz9VbD6Z7+YLnQV/h5uf4fA05k7R9FNp8uYN4oan+MN8trkszYwTOFgiejCUQ9X1sKm7Dg0=</Signature></MSG>
2015/01/05-11:15:29 接收报文：
2015/01/05-11:15:29 <Message><Merchant><ECMerchantType>B2C</ECMerchantType><MerchantID>233010103354A02</MerchantID></Merchant><TrxResponse><ReturnCode>0000</ReturnCode><ErrorMessage>交易成功</ErrorMessage><TrxType>PayReq</TrxType><OrderNo>14373</OrderNo><PaymentURL>https://easyabc.95599.cn/b2c/NotCheckStatus/PaymentModeUCBPAct.ebf?TOKEN=14204277072849959393</PaymentURL><OrderAmount>160</OrderAmount></TrxResponse></Message><Signature-Algorithm>SHA1withRSA</Signature-Algorithm><Signature>j04j+NSkb5hgxzGwqbxpetfuVhmVfCOSTSEwqpDVoT5ZkLDuuJTqBJFxCXYsCWU7n8dJtnbubhBs/A7VqFq1KTbSYZy2zRv1x8akDz9VbD6Z7+YLnQV/h5uf4fA05k7R9FNp8uYN4oan+MN8trkszYwTOFgiejCUQ9X1sKm7Dg0=</Signature>
2015/01/05-11:15:29 验证网上支付平台响应报文的签名：正确
2015/01/05-11:15:29 生成交易响应对象：
2015/01/05-11:15:29 交易结果：[0000]
2015/01/05-11:15:29 错误信息：[交易成功]
2015/01/05-11:15:29 交易结束==================================================
                    
                    
                    
                    
2015/01/05-11:16:08 TrustPayClient PHP 交易开始==========================
2015/01/05-11:16:08 接收到的支付结果通知：\n[PE1TRz48TWVzc2FnZT48VHJ4UmVzcG9uc2U+PFJldHVybkNvZGU+MDAwMDwvUmV0dXJuQ29kZT48RXJyb3JNZXNzYWdlPjwvRXJyb3JNZXNzYWdlPjxFQ01lcmNoYW50VHlwZT5CMkM8L0VDTWVyY2hhbnRUeXBlPjxNZXJjaGFudElEPjIzMzAxMDEwMzM1NEEwMjwvTWVyY2hhbnRJRD48VHJ4VHlwZT5QYXlSZXN1bHQ8L1RyeFR5cGU+PE9yZGVyTm8+MTQzNzM8L09yZGVyTm8+PEFtb3VudD4xNjAuMDA8L0Ftb3VudD48QmF0Y2hObz4wMDAwNzA8L0JhdGNoTm8+PEhvc3REYXRlPjIwMTUwMTA1PC9Ib3N0RGF0ZT48SG9zdFRpbWU+MTExNTQ2PC9Ib3N0VGltZT48TWVyY2hhbnRSZW1hcmtzPrjf0ru7r9GnXzUg1MIgXzE2MC4wMCDUqjwvTWVyY2hhbnRSZW1hcmtzPjxQYXlUeXBlPlBBWTI0PC9QYXlUeXBlPjxOb3RpZnlUeXBlPjE8L05vdGlmeVR5cGU+PFBheUlQPjIwMi45Ni4yNTUuMTQ4PC9QYXlJUD48L1RyeFJlc3BvbnNlPjwvTWVzc2FnZT48U2lnbmF0dXJlLUFsZ29yaXRobT5TSEExd2l0aFJTQTwvU2lnbmF0dXJlLUFsZ29yaXRobT48U2lnbmF0dXJlPlZKREZGbkZ2T1FSWFB1VWgrS2NHOEhlNVJUZFl5V2U3ZkNVUnMvbEo2d215SnUvUG1pdkFvZjE0d0xlTnppelRXTi8rbHhEZVVOMVROakdZdkg5Y2p3bFQxdlhmUWtJSkpFSFdzNkhFU1ZIMUpIUlJHd0VQYVR2OEMwTkMwMVNxMkVGbW5PN0ppWk14VStMWnowb0t2Q3pRRFh6ZkhGVG9rMWt3bzFSdmZOVT08L1NpZ25hdHVyZT48L01TRz4=]
2015/01/05-11:16:08 经过Base64解码后的支付结果通知：\n[<MSG><Message><TrxResponse><ReturnCode>0000</ReturnCode><ErrorMessage></ErrorMessage><ECMerchantType>B2C</ECMerchantType><MerchantID>233010103354A02</MerchantID><TrxType>PayResult</TrxType><OrderNo>14373</OrderNo><Amount>160.00</Amount><BatchNo>000070</BatchNo><HostDate>20150105</HostDate><HostTime>111546</HostTime><MerchantRemarks>高一化学_5 月 _160.00 元</MerchantRemarks><PayType>PAY24</PayType><NotifyType>1</NotifyType><PayIP>202.96.255.148</PayIP></TrxResponse></Message><Signature-Algorithm>SHA1withRSA</Signature-Algorithm><Signature>VJDFFnFvOQRXPuUh+KcG8He5RTdYyWe7fCURs/lJ6wmyJu/PmivAof14wLeNzizTWN/+lxDeUN1TNjGYvH9cjwlT1vXfQkIJJEHWs6HESVH1JHRRGwEPaTv8C0NC01Sq2EFmnO7JiZMxU+LZz0oKvCzQDXzfHFTok1kwo1RvfNU=</Signature></MSG>]
2015/01/05-11:16:08 验证支付结果通知的签名：
2015/01/05-11:16:08 验证通过！\n 经过验证的支付结果通知：\n[<TrxResponse><ReturnCode>0000</ReturnCode><ErrorMessage></ErrorMessage><ECMerchantType>B2C</ECMerchantType><MerchantID>233010103354A02</MerchantID><TrxType>PayResult</TrxType><OrderNo>14373</OrderNo><Amount>160.00</Amount><BatchNo>000070</BatchNo><HostDate>20150105</HostDate><HostTime>111546</HostTime><MerchantRemarks>高一化学_5 月 _160.00 元</MerchantRemarks><PayType>PAY24</PayType><NotifyType>1</NotifyType><PayIP>202.96.255.148</PayIP></TrxResponse>]
2015/01/05-11:16:08 交易结束==================================================
2015/01/05-11:16:25 TrustPay Client PHP 交易开始==========================
2015/01/05-11:16:25 配置文件中商户数为2请求指定的商户配置编号为 2
2015/01/05-11:16:25 检查交易请求是否合法：正确
2015/01/05-11:16:25 交易报文
2015/01/05-11:16:25 完整交易报文：
2015/01/05-11:16:25 签名后的报文
2015/01/05-11:16:25 提交网上支付平台的报文：
                    <MSG><Message><Merchant><ECMerchantType>B2C</ECMerchantType><MerchantID>233010103354A02</MerchantID></Merchant><TrxRequest><TrxType>PayReq</TrxType><Order><OrderNo>14374</OrderNo><ExpiredDate>10</ExpiredDate><OrderAmount>160</OrderAmount><OrderDesc>开通 高一地理 服务</OrderDesc><OrderDate>2015/01/05</OrderDate><OrderTime>11:16:25</OrderTime><OrderURL>http://xjcfzx.ebanhui.com/</OrderURL><BuyIP>122.226.172.22</BuyIP><OrderItems><OrderItem><ProductID>IP000001</ProductID><ProductName>开通 高一地理 服务</ProductName><UnitPrice>160</UnitPrice><Qty>1</Qty></OrderItem></OrderItems></Order><ProductType>1</ProductType><PaymentType>6</PaymentType><NotifyType>1</NotifyType><ResultNotifyURL>http://xjcfzx.ebanhui.com/ibuy/abcnotify.html?orderid=14374</ResultNotifyURL><MerchantRemarks>高一地理_5 月 _160.00 元</MerchantRemarks><PaymentLinkType>1</PaymentLinkType></TrxRequest></Message><Signature-Algorithm>SHA1withRSA</Signature-Algorithm><Signature>iqiu1XHVBgHhpwzijN57x7AN0+PIscKcxF2A3hzgtSOS548akZxBL0ArwrDDPdrqdiNyoliO1heEcLPV6nLvpV4vO2ml1dOiDrGA+4qQIDq9eYX2ciq+lgnrrdTKi1y5VI2DdCUOUeKFYAgz+dPwcjbGD8rvFrKvH+2PNPJFmXM=</Signature></MSG>
2015/01/05-11:16:25 报文长度：1160<br>
2015/01/05-11:16:25 连线网上支付平台
2015/01/05-11:16:25 网上支付平台URL：[https://www.95599.cn/b2c/trustpay/ReceiveMerchantTrxReqServlet] 
2015/01/05-11:16:25 成功
2015/01/05-11:16:25 提交交易报文：
2015/01/05-11:16:25 <MSG><Message><Merchant><ECMerchantType>B2C</ECMerchantType><MerchantID>233010103354A02</MerchantID></Merchant><TrxRequest><TrxType>PayReq</TrxType><Order><OrderNo>14374</OrderNo><ExpiredDate>10</ExpiredDate><OrderAmount>160</OrderAmount><OrderDesc>开通 高一地理 服务</OrderDesc><OrderDate>2015/01/05</OrderDate><OrderTime>11:16:25</OrderTime><OrderURL>http://xjcfzx.ebanhui.com/</OrderURL><BuyIP>122.226.172.22</BuyIP><OrderItems><OrderItem><ProductID>IP000001</ProductID><ProductName>开通 高一地理 服务</ProductName><UnitPrice>160</UnitPrice><Qty>1</Qty></OrderItem></OrderItems></Order><ProductType>1</ProductType><PaymentType>6</PaymentType><NotifyType>1</NotifyType><ResultNotifyURL>http://xjcfzx.ebanhui.com/ibuy/abcnotify.html?orderid=14374</ResultNotifyURL><MerchantRemarks>高一地理_5 月 _160.00 元</MerchantRemarks><PaymentLinkType>1</PaymentLinkType></TrxRequest></Message><Signature-Algorithm>SHA1withRSA</Signature-Algorithm><Signature>iqiu1XHVBgHhpwzijN57x7AN0+PIscKcxF2A3hzgtSOS548akZxBL0ArwrDDPdrqdiNyoliO1heEcLPV6nLvpV4vO2ml1dOiDrGA+4qQIDq9eYX2ciq+lgnrrdTKi1y5VI2DdCUOUeKFYAgz+dPwcjbGD8rvFrKvH+2PNPJFmXM=</Signature></MSG>
2015/01/05-11:16:25 成功
2015/01/05-11:16:25 接受到的响应报文：
                    HTTP/1.1 200 OK
                    Date: Mon, 05 Jan 2015 03:16:02 GMT
                    Server: Microsoft-IIS/6.0
                    X-Powered-By: ASP.NET
                    X-AspNet-Version: 2.0.50727
                    Set-Cookie: ASP.NET_SessionId=syt44345jg1ue545hey4l2im; path=/; HttpOnly
                    Cache-Control: private
                    Content-Type: text/html; charset=gb2312
                    Connection: close
                    Set-Cookie: BIGipServerpool_ec_b2c=929360650.56355.0000; path=/
                    
                    <MSG><Message><Merchant><ECMerchantType>B2C</ECMerchantType><MerchantID>233010103354A02</MerchantID></Merchant><TrxResponse><ReturnCode>0000</ReturnCode><ErrorMessage>交易成功</ErrorMessage><TrxType>PayReq</TrxType><OrderNo>14374</OrderNo><PaymentURL>https://easyabc.95599.cn/b2c/NotCheckStatus/PaymentModeUCBPAct.ebf?TOKEN=14204277629705006458</PaymentURL><OrderAmount>160</OrderAmount></TrxResponse></Message><Signature-Algorithm>SHA1withRSA</Signature-Algorithm><Signature>mK8gQejH+Niqa5Ct5NlAknEUUfo937WavO20bVsMMgxROCOy66ouBdvUQkxzQ22gflPwz1j4rKPt+QXqPv7yBidY+XwNDCIUmjUgu2hJ4V1ouU4DrN4bFjOrDfcihuNQPaKa+AFPKeNn488ZLUX79SlI8FuTqycA2dPwy4ON4qA=</Signature></MSG>
2015/01/05-11:16:25 接收报文：
2015/01/05-11:16:25 <Message><Merchant><ECMerchantType>B2C</ECMerchantType><MerchantID>233010103354A02</MerchantID></Merchant><TrxResponse><ReturnCode>0000</ReturnCode><ErrorMessage>交易成功</ErrorMessage><TrxType>PayReq</TrxType><OrderNo>14374</OrderNo><PaymentURL>https://easyabc.95599.cn/b2c/NotCheckStatus/PaymentModeUCBPAct.ebf?TOKEN=14204277629705006458</PaymentURL><OrderAmount>160</OrderAmount></TrxResponse></Message><Signature-Algorithm>SHA1withRSA</Signature-Algorithm><Signature>mK8gQejH+Niqa5Ct5NlAknEUUfo937WavO20bVsMMgxROCOy66ouBdvUQkxzQ22gflPwz1j4rKPt+QXqPv7yBidY+XwNDCIUmjUgu2hJ4V1ouU4DrN4bFjOrDfcihuNQPaKa+AFPKeNn488ZLUX79SlI8FuTqycA2dPwy4ON4qA=</Signature>
2015/01/05-11:16:25 验证网上支付平台响应报文的签名：正确
2015/01/05-11:16:25 生成交易响应对象：
2015/01/05-11:16:25 交易结果：[0000]
2015/01/05-11:16:25 错误信息：[交易成功]
2015/01/05-11:16:25 交易结束==================================================
                    
                    
                    
                    
2015/01/05-11:17:01 TrustPayClient PHP 交易开始==========================
2015/01/05-11:17:01 接收到的支付结果通知：\n[PE1TRz48TWVzc2FnZT48VHJ4UmVzcG9uc2U+PFJldHVybkNvZGU+MDAwMDwvUmV0dXJuQ29kZT48RXJyb3JNZXNzYWdlPjwvRXJyb3JNZXNzYWdlPjxFQ01lcmNoYW50VHlwZT5CMkM8L0VDTWVyY2hhbnRUeXBlPjxNZXJjaGFudElEPjIzMzAxMDEwMzM1NEEwMjwvTWVyY2hhbnRJRD48VHJ4VHlwZT5QYXlSZXN1bHQ8L1RyeFR5cGU+PE9yZGVyTm8+MTQzNzQ8L09yZGVyTm8+PEFtb3VudD4xNjAuMDA8L0Ftb3VudD48QmF0Y2hObz4wMDAwNzA8L0JhdGNoTm8+PEhvc3REYXRlPjIwMTUwMTA1PC9Ib3N0RGF0ZT48SG9zdFRpbWU+MTExNjM4PC9Ib3N0VGltZT48TWVyY2hhbnRSZW1hcmtzPrjf0ru12MDtXzUg1MIgXzE2MC4wMCDUqjwvTWVyY2hhbnRSZW1hcmtzPjxQYXlUeXBlPlBBWTI0PC9QYXlUeXBlPjxOb3RpZnlUeXBlPjE8L05vdGlmeVR5cGU+PFBheUlQPjIwMi45Ni4yNTUuMTQ4PC9QYXlJUD48L1RyeFJlc3BvbnNlPjwvTWVzc2FnZT48U2lnbmF0dXJlLUFsZ29yaXRobT5TSEExd2l0aFJTQTwvU2lnbmF0dXJlLUFsZ29yaXRobT48U2lnbmF0dXJlPmNWV0YxODFZZEdwUnZFeUVJdGNSWmN4RFBoRjltZWdXMi9MNDBlTmowcUNqL2lvRTZrVVloRUdOSFBadW5nYzduc1M1NVYrR25tR1orR1JIZnRWM1RyNWtrVFBqTEtNZlNPRXJzakh6MVZkREErY1JmTENzbEdwVDd4aVhTL29kQklSLzVMMGdxN3BwNmZVbmZhVHVrRkZDdVZvRHlZcUFsVXlTSlRtWDR1ST08L1NpZ25hdHVyZT48L01TRz4=]
2015/01/05-11:17:01 经过Base64解码后的支付结果通知：\n[<MSG><Message><TrxResponse><ReturnCode>0000</ReturnCode><ErrorMessage></ErrorMessage><ECMerchantType>B2C</ECMerchantType><MerchantID>233010103354A02</MerchantID><TrxType>PayResult</TrxType><OrderNo>14374</OrderNo><Amount>160.00</Amount><BatchNo>000070</BatchNo><HostDate>20150105</HostDate><HostTime>111638</HostTime><MerchantRemarks>高一地理_5 月 _160.00 元</MerchantRemarks><PayType>PAY24</PayType><NotifyType>1</NotifyType><PayIP>202.96.255.148</PayIP></TrxResponse></Message><Signature-Algorithm>SHA1withRSA</Signature-Algorithm><Signature>cVWF181YdGpRvEyEItcRZcxDPhF9megW2/L40eNj0qCj/ioE6kUYhEGNHPZungc7nsS55V+GnmGZ+GRHftV3Tr5kkTPjLKMfSOErsjHz1VdDA+cRfLCslGpT7xiXS/odBIR/5L0gq7pp6fUnfaTukFFCuVoDyYqAlUySJTmX4uI=</Signature></MSG>]
2015/01/05-11:17:01 验证支付结果通知的签名：
2015/01/05-11:17:01 验证通过！\n 经过验证的支付结果通知：\n[<TrxResponse><ReturnCode>0000</ReturnCode><ErrorMessage></ErrorMessage><ECMerchantType>B2C</ECMerchantType><MerchantID>233010103354A02</MerchantID><TrxType>PayResult</TrxType><OrderNo>14374</OrderNo><Amount>160.00</Amount><BatchNo>000070</BatchNo><HostDate>20150105</HostDate><HostTime>111638</HostTime><MerchantRemarks>高一地理_5 月 _160.00 元</MerchantRemarks><PayType>PAY24</PayType><NotifyType>1</NotifyType><PayIP>202.96.255.148</PayIP></TrxResponse>]
2015/01/05-11:17:01 交易结束==================================================