
2015/01/22-13:49:41 TrustPay Client PHP 交易开始==========================
2015/01/22-13:49:42 配置文件中商户数为2请求指定的商户配置编号为 2
2015/01/22-13:49:42 检查交易请求是否合法：正确
2015/01/22-13:49:42 交易报文
2015/01/22-13:49:42 完整交易报文：
2015/01/22-13:49:42 签名后的报文
2015/01/22-13:49:42 提交网上支付平台的报文：
                    <MSG><Message><Merchant><ECMerchantType>B2C</ECMerchantType><MerchantID>233010103354A02</MerchantID></Merchant><TrxRequest><TrxType>PayReq</TrxType><Order><OrderNo>16680</OrderNo><ExpiredDate>10</ExpiredDate><OrderAmount>160</OrderAmount><OrderDesc>开通 高一物理 服务</OrderDesc><OrderDate>2015/01/22</OrderDate><OrderTime>13:49:41</OrderTime><OrderURL>http://xjcfzx.ebh.net/</OrderURL><BuyIP>60.188.110.176</BuyIP><OrderItems><OrderItem><ProductID>IP000001</ProductID><ProductName>开通 高一物理 服务</ProductName><UnitPrice>160</UnitPrice><Qty>1</Qty></OrderItem></OrderItems></Order><ProductType>1</ProductType><PaymentType>6</PaymentType><NotifyType>1</NotifyType><ResultNotifyURL>http://xjcfzx.ebh.net/ibuy/abcnotify.html?orderid=16680</ResultNotifyURL><MerchantRemarks>高一物理_5 月 _160.00 元</MerchantRemarks><PaymentLinkType>1</PaymentLinkType></TrxRequest></Message><Signature-Algorithm>SHA1withRSA</Signature-Algorithm><Signature>lprYZAL8bSDyVrWQcfEllu0tTBClJPxFxBXw6hO4Bt82G5Bl/hotNa8D5hTnCxWiG/6Ce1PykynOByW17/h8LtbTH6vd/mqLfVT+uA5356u6Nj9fx/ev+7CrcvGuO0Iz7QhNzDn6dUqB9DUFZ6MHYUXBLb8jD717UR02mboWJno=</Signature></MSG>
2015/01/22-13:49:42 报文长度：1152<br>
2015/01/22-13:49:42 连线网上支付平台
2015/01/22-13:49:42 网上支付平台URL：[https://www.95599.cn/b2c/trustpay/ReceiveMerchantTrxReqServlet] 
2015/01/22-13:49:42 成功
2015/01/22-13:49:42 提交交易报文：
2015/01/22-13:49:42 <MSG><Message><Merchant><ECMerchantType>B2C</ECMerchantType><MerchantID>233010103354A02</MerchantID></Merchant><TrxRequest><TrxType>PayReq</TrxType><Order><OrderNo>16680</OrderNo><ExpiredDate>10</ExpiredDate><OrderAmount>160</OrderAmount><OrderDesc>开通 高一物理 服务</OrderDesc><OrderDate>2015/01/22</OrderDate><OrderTime>13:49:41</OrderTime><OrderURL>http://xjcfzx.ebh.net/</OrderURL><BuyIP>60.188.110.176</BuyIP><OrderItems><OrderItem><ProductID>IP000001</ProductID><ProductName>开通 高一物理 服务</ProductName><UnitPrice>160</UnitPrice><Qty>1</Qty></OrderItem></OrderItems></Order><ProductType>1</ProductType><PaymentType>6</PaymentType><NotifyType>1</NotifyType><ResultNotifyURL>http://xjcfzx.ebh.net/ibuy/abcnotify.html?orderid=16680</ResultNotifyURL><MerchantRemarks>高一物理_5 月 _160.00 元</MerchantRemarks><PaymentLinkType>1</PaymentLinkType></TrxRequest></Message><Signature-Algorithm>SHA1withRSA</Signature-Algorithm><Signature>lprYZAL8bSDyVrWQcfEllu0tTBClJPxFxBXw6hO4Bt82G5Bl/hotNa8D5hTnCxWiG/6Ce1PykynOByW17/h8LtbTH6vd/mqLfVT+uA5356u6Nj9fx/ev+7CrcvGuO0Iz7QhNzDn6dUqB9DUFZ6MHYUXBLb8jD717UR02mboWJno=</Signature></MSG>
2015/01/22-13:49:42 成功
2015/01/22-13:49:42 接受到的响应报文：
                    HTTP/1.1 200 OK
                    Date: Thu, 22 Jan 2015 05:49:19 GMT
                    Server: Microsoft-IIS/6.0
                    X-AspNet-Version: 2.0.50727
                    Set-Cookie: ASP.NET_SessionId=hsz543zdcovopuy3bc3ir1rr; path=/; HttpOnly
                    Cache-Control: private
                    Content-Type: text/html; charset=gb2312
                    Connection: close
                    Set-Cookie: BIGipServerpool_ec_b2c=2505698058.56355.0000; path=/
                    
                    <MSG><Message><Merchant><ECMerchantType>B2C</ECMerchantType><MerchantID>233010103354A02</MerchantID></Merchant><TrxResponse><ReturnCode>0000</ReturnCode><ErrorMessage>交易成功</ErrorMessage><TrxType>PayReq</TrxType><OrderNo>16680</OrderNo><PaymentURL>https://easyabc.95599.cn/b2c/NotCheckStatus/PaymentModeUCBPAct.ebf?TOKEN=14219057597952453734</PaymentURL><OrderAmount>160</OrderAmount></TrxResponse></Message><Signature-Algorithm>SHA1withRSA</Signature-Algorithm><Signature>01Hz1Iy1hBSPUm1bIIbZKI17pz04kOtq7T9fLxnQr0zqj4DhsBrLDA5hwY8uFRCbfGViWsi1JLGHOIHNAaimvA2GRaoiiB1T8yfKWOVTDSPtHRRNsQeiP6S7onOhZIAtshnIAOopudK0HaYZzCSMr7ySz9OFyyqaV/+I8+CI2Qw=</Signature></MSG>
2015/01/22-13:49:42 接收报文：
2015/01/22-13:49:42 <Message><Merchant><ECMerchantType>B2C</ECMerchantType><MerchantID>233010103354A02</MerchantID></Merchant><TrxResponse><ReturnCode>0000</ReturnCode><ErrorMessage>交易成功</ErrorMessage><TrxType>PayReq</TrxType><OrderNo>16680</OrderNo><PaymentURL>https://easyabc.95599.cn/b2c/NotCheckStatus/PaymentModeUCBPAct.ebf?TOKEN=14219057597952453734</PaymentURL><OrderAmount>160</OrderAmount></TrxResponse></Message><Signature-Algorithm>SHA1withRSA</Signature-Algorithm><Signature>01Hz1Iy1hBSPUm1bIIbZKI17pz04kOtq7T9fLxnQr0zqj4DhsBrLDA5hwY8uFRCbfGViWsi1JLGHOIHNAaimvA2GRaoiiB1T8yfKWOVTDSPtHRRNsQeiP6S7onOhZIAtshnIAOopudK0HaYZzCSMr7ySz9OFyyqaV/+I8+CI2Qw=</Signature>
2015/01/22-13:49:42 验证网上支付平台响应报文的签名：正确
2015/01/22-13:49:42 生成交易响应对象：
2015/01/22-13:49:42 交易结果：[0000]
2015/01/22-13:49:42 错误信息：[交易成功]
2015/01/22-13:49:42 交易结束==================================================
                    
                    
                    
                    
2015/01/22-13:50:46 TrustPay Client PHP 交易开始==========================
2015/01/22-13:50:46 配置文件中商户数为2请求指定的商户配置编号为 2
2015/01/22-13:50:46 检查交易请求是否合法：正确
2015/01/22-13:50:46 交易报文
2015/01/22-13:50:46 完整交易报文：
2015/01/22-13:50:46 签名后的报文
2015/01/22-13:50:46 提交网上支付平台的报文：
                    <MSG><Message><Merchant><ECMerchantType>B2C</ECMerchantType><MerchantID>233010103354A02</MerchantID></Merchant><TrxRequest><TrxType>PayReq</TrxType><Order><OrderNo>16681</OrderNo><ExpiredDate>10</ExpiredDate><OrderAmount>160</OrderAmount><OrderDesc>开通 高一物理 服务</OrderDesc><OrderDate>2015/01/22</OrderDate><OrderTime>13:50:46</OrderTime><OrderURL>http://xjcfzx.ebh.net/</OrderURL><BuyIP>60.188.110.176</BuyIP><OrderItems><OrderItem><ProductID>IP000001</ProductID><ProductName>开通 高一物理 服务</ProductName><UnitPrice>160</UnitPrice><Qty>1</Qty></OrderItem></OrderItems></Order><ProductType>1</ProductType><PaymentType>6</PaymentType><NotifyType>1</NotifyType><ResultNotifyURL>http://xjcfzx.ebh.net/ibuy/abcnotify.html?orderid=16681</ResultNotifyURL><MerchantRemarks>高一物理_5 月 _160.00 元</MerchantRemarks><PaymentLinkType>1</PaymentLinkType></TrxRequest></Message><Signature-Algorithm>SHA1withRSA</Signature-Algorithm><Signature>Zhx9/xkdxyDxxTB4LHARzCbJKUdZEp/zhrRd7QkEZVKrFvt35Fxahf8mR9ksfuLTazmI8VrDfQZlm+Jj76cNmKSE7+a0jA6s8g6r0sxiIqWYPc2YFg7F7xB7iy9Zgrp20Yzz18KbNwSK2Exot+HRAIvayAafdKqnE52MCHQXREI=</Signature></MSG>
2015/01/22-13:50:46 报文长度：1152<br>
2015/01/22-13:50:46 连线网上支付平台
2015/01/22-13:50:46 网上支付平台URL：[https://www.95599.cn/b2c/trustpay/ReceiveMerchantTrxReqServlet] 
2015/01/22-13:50:46 成功
2015/01/22-13:50:46 提交交易报文：
2015/01/22-13:50:46 <MSG><Message><Merchant><ECMerchantType>B2C</ECMerchantType><MerchantID>233010103354A02</MerchantID></Merchant><TrxRequest><TrxType>PayReq</TrxType><Order><OrderNo>16681</OrderNo><ExpiredDate>10</ExpiredDate><OrderAmount>160</OrderAmount><OrderDesc>开通 高一物理 服务</OrderDesc><OrderDate>2015/01/22</OrderDate><OrderTime>13:50:46</OrderTime><OrderURL>http://xjcfzx.ebh.net/</OrderURL><BuyIP>60.188.110.176</BuyIP><OrderItems><OrderItem><ProductID>IP000001</ProductID><ProductName>开通 高一物理 服务</ProductName><UnitPrice>160</UnitPrice><Qty>1</Qty></OrderItem></OrderItems></Order><ProductType>1</ProductType><PaymentType>6</PaymentType><NotifyType>1</NotifyType><ResultNotifyURL>http://xjcfzx.ebh.net/ibuy/abcnotify.html?orderid=16681</ResultNotifyURL><MerchantRemarks>高一物理_5 月 _160.00 元</MerchantRemarks><PaymentLinkType>1</PaymentLinkType></TrxRequest></Message><Signature-Algorithm>SHA1withRSA</Signature-Algorithm><Signature>Zhx9/xkdxyDxxTB4LHARzCbJKUdZEp/zhrRd7QkEZVKrFvt35Fxahf8mR9ksfuLTazmI8VrDfQZlm+Jj76cNmKSE7+a0jA6s8g6r0sxiIqWYPc2YFg7F7xB7iy9Zgrp20Yzz18KbNwSK2Exot+HRAIvayAafdKqnE52MCHQXREI=</Signature></MSG>
2015/01/22-13:50:46 成功
2015/01/22-13:50:46 接受到的响应报文：
                    HTTP/1.1 200 OK
                    Date: Thu, 22 Jan 2015 05:50:24 GMT
                    Server: Microsoft-IIS/6.0
                    X-AspNet-Version: 2.0.50727
                    Set-Cookie: ASP.NET_SessionId=jwcvey45hv2b2y55okz5ovei; path=/; HttpOnly
                    Cache-Control: private
                    Content-Type: text/html; charset=gb2312
                    Connection: close
                    Set-Cookie: BIGipServerpool_ec_b2c=2505698058.56355.0000; path=/
                    
                    <MSG><Message><Merchant><ECMerchantType>B2C</ECMerchantType><MerchantID>233010103354A02</MerchantID></Merchant><TrxResponse><ReturnCode>0000</ReturnCode><ErrorMessage>交易成功</ErrorMessage><TrxType>PayReq</TrxType><OrderNo>16681</OrderNo><PaymentURL>https://easyabc.95599.cn/b2c/NotCheckStatus/PaymentModeUCBPAct.ebf?TOKEN=14219058241248158389</PaymentURL><OrderAmount>160</OrderAmount></TrxResponse></Message><Signature-Algorithm>SHA1withRSA</Signature-Algorithm><Signature>nepGKtbIvNhKMlZE1qtagQDGbaHTeKeX4C+zqJEdjaClEX1l7jTyxRZABjwD9Ew/oBJR5jg7+iddan2vQ1GZT2XMuGncJAfvrDAtTMa668hy2KEdvPEwkyBlx0mD09d0hFd0ab1zgA+d/idKyRyUP2StniKazEKwWZel7ulfb/s=</Signature></MSG>
2015/01/22-13:50:46 接收报文：
2015/01/22-13:50:46 <Message><Merchant><ECMerchantType>B2C</ECMerchantType><MerchantID>233010103354A02</MerchantID></Merchant><TrxResponse><ReturnCode>0000</ReturnCode><ErrorMessage>交易成功</ErrorMessage><TrxType>PayReq</TrxType><OrderNo>16681</OrderNo><PaymentURL>https://easyabc.95599.cn/b2c/NotCheckStatus/PaymentModeUCBPAct.ebf?TOKEN=14219058241248158389</PaymentURL><OrderAmount>160</OrderAmount></TrxResponse></Message><Signature-Algorithm>SHA1withRSA</Signature-Algorithm><Signature>nepGKtbIvNhKMlZE1qtagQDGbaHTeKeX4C+zqJEdjaClEX1l7jTyxRZABjwD9Ew/oBJR5jg7+iddan2vQ1GZT2XMuGncJAfvrDAtTMa668hy2KEdvPEwkyBlx0mD09d0hFd0ab1zgA+d/idKyRyUP2StniKazEKwWZel7ulfb/s=</Signature>
2015/01/22-13:50:46 验证网上支付平台响应报文的签名：正确
2015/01/22-13:50:46 生成交易响应对象：
2015/01/22-13:50:46 交易结果：[0000]
2015/01/22-13:50:46 错误信息：[交易成功]
2015/01/22-13:50:46 交易结束==================================================
                    
                    
                    
                    
2015/01/22-13:54:13 TrustPayClient PHP 交易开始==========================
2015/01/22-13:54:13 接收到的支付结果通知：\n[PE1TRz48TWVzc2FnZT48VHJ4UmVzcG9uc2U+PFJldHVybkNvZGU+MDAwMDwvUmV0dXJuQ29kZT48RXJyb3JNZXNzYWdlPjwvRXJyb3JNZXNzYWdlPjxFQ01lcmNoYW50VHlwZT5CMkM8L0VDTWVyY2hhbnRUeXBlPjxNZXJjaGFudElEPjIzMzAxMDEwMzM1NEEwMjwvTWVyY2hhbnRJRD48VHJ4VHlwZT5QYXlSZXN1bHQ8L1RyeFR5cGU+PE9yZGVyTm8+MTY2ODE8L09yZGVyTm8+PEFtb3VudD4xNjAuMDA8L0Ftb3VudD48QmF0Y2hObz4wMDAwNzk8L0JhdGNoTm8+PEhvc3REYXRlPjIwMTUwMTIyPC9Ib3N0RGF0ZT48SG9zdFRpbWU+MTM1MzUwPC9Ib3N0VGltZT48TWVyY2hhbnRSZW1hcmtzPrjf0rvO78DtXzUg1MIgXzE2MC4wMCDUqjwvTWVyY2hhbnRSZW1hcmtzPjxQYXlUeXBlPlBBWTI0PC9QYXlUeXBlPjxOb3RpZnlUeXBlPjE8L05vdGlmeVR5cGU+PFBheUlQPjIwMi45Ni4yNTUuMTQ4PC9QYXlJUD48L1RyeFJlc3BvbnNlPjwvTWVzc2FnZT48U2lnbmF0dXJlLUFsZ29yaXRobT5TSEExd2l0aFJTQTwvU2lnbmF0dXJlLUFsZ29yaXRobT48U2lnbmF0dXJlPng4RjkvYzVYMkxZRzZHQWtWS3lWcXA4TVdmcXQyZFpNZHFzajdWdHpHQ3I0NzlDUGNCR25iczJzWjlrb05Sa1prdGg1aTVpc05BYlJFZjNrSjlsNFZRV3k1R0dTQjBPZmVQalRiR3dyQmNnZmd3NmZFSDBhRUZ0c21xWWlIUzBNbmp3VjlZZ2w0NG9UNWJ4NHJUdW82VWIrMm1TcTZ2VGFSRnF2NklxV3hoRT08L1NpZ25hdHVyZT48L01TRz4=]
2015/01/22-13:54:13 经过Base64解码后的支付结果通知：\n[<MSG><Message><TrxResponse><ReturnCode>0000</ReturnCode><ErrorMessage></ErrorMessage><ECMerchantType>B2C</ECMerchantType><MerchantID>233010103354A02</MerchantID><TrxType>PayResult</TrxType><OrderNo>16681</OrderNo><Amount>160.00</Amount><BatchNo>000079</BatchNo><HostDate>20150122</HostDate><HostTime>135350</HostTime><MerchantRemarks>高一物理_5 月 _160.00 元</MerchantRemarks><PayType>PAY24</PayType><NotifyType>1</NotifyType><PayIP>202.96.255.148</PayIP></TrxResponse></Message><Signature-Algorithm>SHA1withRSA</Signature-Algorithm><Signature>x8F9/c5X2LYG6GAkVKyVqp8MWfqt2dZMdqsj7VtzGCr479CPcBGnbs2sZ9koNRkZkth5i5isNAbREf3kJ9l4VQWy5GGSB0OfePjTbGwrBcgfgw6fEH0aEFtsmqYiHS0MnjwV9Ygl44oT5bx4rTuo6Ub+2mSq6vTaRFqv6IqWxhE=</Signature></MSG>]
2015/01/22-13:54:13 验证支付结果通知的签名：
2015/01/22-13:54:13 验证通过！\n 经过验证的支付结果通知：\n[<TrxResponse><ReturnCode>0000</ReturnCode><ErrorMessage></ErrorMessage><ECMerchantType>B2C</ECMerchantType><MerchantID>233010103354A02</MerchantID><TrxType>PayResult</TrxType><OrderNo>16681</OrderNo><Amount>160.00</Amount><BatchNo>000079</BatchNo><HostDate>20150122</HostDate><HostTime>135350</HostTime><MerchantRemarks>高一物理_5 月 _160.00 元</MerchantRemarks><PayType>PAY24</PayType><NotifyType>1</NotifyType><PayIP>202.96.255.148</PayIP></TrxResponse>]
2015/01/22-13:54:13 交易结束==================================================