
2015/04/02-10:33:56 TrustPay Client PHP 交易开始==========================
2015/04/02-10:33:56 配置文件中商户数为2请求指定的商户配置编号为 1
2015/04/02-10:33:56 检查交易请求是否合法：正确
2015/04/02-10:33:56 交易报文
2015/04/02-10:33:56 完整交易报文：
2015/04/02-10:33:56 签名后的报文
2015/04/02-10:33:56 提交网上支付平台的报文：
                    <MSG><Message><Merchant><ECMerchantType>B2C</ECMerchantType><MerchantID>233010103354A01</MerchantID></Merchant><TrxRequest><TrxType>PayReq</TrxType><Order><OrderNo>33718</OrderNo><ExpiredDate>10</ExpiredDate><OrderAmount>240</OrderAmount><OrderDesc>开通 七年级英语,七年级科学,七年级数学,七年级语文...</OrderDesc><OrderDate>2015/04/02</OrderDate><OrderTime>10:33:56</OrderTime><OrderURL>http://jx.ebh.net/</OrderURL><BuyIP>101.68.250.75</BuyIP><OrderItems><OrderItem><ProductID>IP000001</ProductID><ProductName>开通 七年级英语,七年级科学,七年级数学,七年级语文...</ProductName><UnitPrice>240</UnitPrice><Qty>1</Qty></OrderItem></OrderItems></Order><ProductType>1</ProductType><PaymentType>1</PaymentType><NotifyType>1</NotifyType><ResultNotifyURL>http://jx.ebh.net/ibuy/abcnotify.html?orderid=33718</ResultNotifyURL><MerchantRemarks>七年级英语_4 月 _60.00 元/七年级科学_4 月 _60.00 元/七年级数学_4 月 _60.00 元/七年级语文_4 月 _60.00 元</MerchantRemarks><PaymentLinkType>1</PaymentLinkType></TrxRequest></Message><Signature-Algorithm>SHA1withRSA</Signature-Algorithm><Signature>fxxcXm7WyvykHstMUiLp4Bl+y6rIsIkhJ27FgCcBeKC9RAgtfSvQUi7970EGiXAby5JCCVtvHgqXOb2Ukk/effVdIb4lfIbf6H2zuwhiXRkwCcCnCTpthSonKDe68xkciN0wKYh7IdCjVIkm1JLFZqv+t/tDvxvQHc09T59Q84Q=</Signature></MSG>
2015/04/02-10:33:56 报文长度：1338<br>
2015/04/02-10:33:56 连线网上支付平台
2015/04/02-10:33:56 网上支付平台URL：[https://www.95599.cn/b2c/trustpay/ReceiveMerchantTrxReqServlet] 
2015/04/02-10:33:56 成功
2015/04/02-10:33:56 提交交易报文：
2015/04/02-10:33:56 <MSG><Message><Merchant><ECMerchantType>B2C</ECMerchantType><MerchantID>233010103354A01</MerchantID></Merchant><TrxRequest><TrxType>PayReq</TrxType><Order><OrderNo>33718</OrderNo><ExpiredDate>10</ExpiredDate><OrderAmount>240</OrderAmount><OrderDesc>开通 七年级英语,七年级科学,七年级数学,七年级语文...</OrderDesc><OrderDate>2015/04/02</OrderDate><OrderTime>10:33:56</OrderTime><OrderURL>http://jx.ebh.net/</OrderURL><BuyIP>101.68.250.75</BuyIP><OrderItems><OrderItem><ProductID>IP000001</ProductID><ProductName>开通 七年级英语,七年级科学,七年级数学,七年级语文...</ProductName><UnitPrice>240</UnitPrice><Qty>1</Qty></OrderItem></OrderItems></Order><ProductType>1</ProductType><PaymentType>1</PaymentType><NotifyType>1</NotifyType><ResultNotifyURL>http://jx.ebh.net/ibuy/abcnotify.html?orderid=33718</ResultNotifyURL><MerchantRemarks>七年级英语_4 月 _60.00 元/七年级科学_4 月 _60.00 元/七年级数学_4 月 _60.00 元/七年级语文_4 月 _60.00 元</MerchantRemarks><PaymentLinkType>1</PaymentLinkType></TrxRequest></Message><Signature-Algorithm>SHA1withRSA</Signature-Algorithm><Signature>fxxcXm7WyvykHstMUiLp4Bl+y6rIsIkhJ27FgCcBeKC9RAgtfSvQUi7970EGiXAby5JCCVtvHgqXOb2Ukk/effVdIb4lfIbf6H2zuwhiXRkwCcCnCTpthSonKDe68xkciN0wKYh7IdCjVIkm1JLFZqv+t/tDvxvQHc09T59Q84Q=</Signature></MSG>
2015/04/02-10:33:56 成功
2015/04/02-10:33:56 接受到的响应报文：
                    HTTP/1.1 200 OK
                    Date: Thu, 02 Apr 2015 02:33:34 GMT
                    Server: Microsoft-IIS/6.0
                    X-Powered-By: ASP.NET
                    X-AspNet-Version: 2.0.50727
                    Set-Cookie: ASP.NET_SessionId=jausvbfsb5zwkp55xtsu3v55; path=/; HttpOnly
                    Cache-Control: private
                    Content-Type: text/html; charset=gb2312
                    Connection: close
                    Set-Cookie: BIGipServerpool_ec_b2c=929360650.56611.0000; path=/
                    
                    <MSG><Message><Merchant><ECMerchantType>B2C</ECMerchantType><MerchantID>233010103354A01</MerchantID></Merchant><TrxResponse><ReturnCode>0000</ReturnCode><ErrorMessage>交易成功</ErrorMessage><TrxType>PayReq</TrxType><OrderNo>33718</OrderNo><PaymentURL>https://easyabc.95599.cn/b2c/NotCheckStatus/PaymentModeNewAct.ebf?TOKEN=14279420141707959973</PaymentURL><OrderAmount>240</OrderAmount></TrxResponse></Message><Signature-Algorithm>SHA1withRSA</Signature-Algorithm><Signature>drNRAwEfsBAMogMIY1QG8RGhpobHS+2l0WkkNVrmhFkHIY3RmshoA8FmN/7+6A3F8AFvGALzQkZA/PHDNzgBHKN/CHoCrAPWUV849UEmjO7AwbTad4XzBtHHbWnz+yzjUVuFFUV9UNfk3l6ILumGBCTFg6t2OUqn3Yt/Whz/Unw=</Signature></MSG>
2015/04/02-10:33:56 接收报文：
2015/04/02-10:33:56 <Message><Merchant><ECMerchantType>B2C</ECMerchantType><MerchantID>233010103354A01</MerchantID></Merchant><TrxResponse><ReturnCode>0000</ReturnCode><ErrorMessage>交易成功</ErrorMessage><TrxType>PayReq</TrxType><OrderNo>33718</OrderNo><PaymentURL>https://easyabc.95599.cn/b2c/NotCheckStatus/PaymentModeNewAct.ebf?TOKEN=14279420141707959973</PaymentURL><OrderAmount>240</OrderAmount></TrxResponse></Message><Signature-Algorithm>SHA1withRSA</Signature-Algorithm><Signature>drNRAwEfsBAMogMIY1QG8RGhpobHS+2l0WkkNVrmhFkHIY3RmshoA8FmN/7+6A3F8AFvGALzQkZA/PHDNzgBHKN/CHoCrAPWUV849UEmjO7AwbTad4XzBtHHbWnz+yzjUVuFFUV9UNfk3l6ILumGBCTFg6t2OUqn3Yt/Whz/Unw=</Signature>
2015/04/02-10:33:56 验证网上支付平台响应报文的签名：正确
2015/04/02-10:33:56 生成交易响应对象：
2015/04/02-10:33:56 交易结果：[0000]
2015/04/02-10:33:56 错误信息：[交易成功]
2015/04/02-10:33:56 交易结束==================================================
                    
                    
                    
                    
2015/04/02-14:59:23 TrustPay Client PHP 交易开始==========================
2015/04/02-14:59:23 配置文件中商户数为2请求指定的商户配置编号为 1
2015/04/02-14:59:23 检查交易请求是否合法：正确
2015/04/02-14:59:23 交易报文
2015/04/02-14:59:23 完整交易报文：
2015/04/02-14:59:23 签名后的报文
2015/04/02-14:59:23 提交网上支付平台的报文：
                    <MSG><Message><Merchant><ECMerchantType>B2C</ECMerchantType><MerchantID>233010103354A01</MerchantID></Merchant><TrxRequest><TrxType>PayReq</TrxType><Order><OrderNo>33721</OrderNo><ExpiredDate>10</ExpiredDate><OrderAmount>215</OrderAmount><OrderDesc>开通 七年级英语,七年级科学,七年级数学,七年级语文...</OrderDesc><OrderDate>2015/04/02</OrderDate><OrderTime>14:59:23</OrderTime><OrderURL>http://jx.ebh.net/</OrderURL><BuyIP>122.225.20.194</BuyIP><OrderItems><OrderItem><ProductID>IP000001</ProductID><ProductName>开通 七年级英语,七年级科学,七年级数学,七年级语文...</ProductName><UnitPrice>215</UnitPrice><Qty>1</Qty></OrderItem></OrderItems></Order><ProductType>1</ProductType><PaymentType>1</PaymentType><NotifyType>1</NotifyType><ResultNotifyURL>http://jx.ebh.net/ibuy/abcnotify.html?orderid=33721</ResultNotifyURL><MerchantRemarks>七年级英语_4 月 _54.00 元/七年级科学_4 月 _54.00 元/七年级数学_4 月 _54.00 元/七年级语文_4 月 _53.00 元</MerchantRemarks><PaymentLinkType>1</PaymentLinkType></TrxRequest></Message><Signature-Algorithm>SHA1withRSA</Signature-Algorithm><Signature>DgoEQT4ulIyKd1k0Eu2Oim1ECySori0vwOaxhajJHID2EQN5SUP9RAgHTrjdg/CyNEiygGQKwUaztPK0HwFdpCdOQpBGZjU/qNYH+MS0AHtArkjXXtqnuwtOcBwxgjRl+xkBofXawNrSrqyCz5nfUtvxDpnjlW68GioLcvN+uus=</Signature></MSG>
2015/04/02-14:59:23 报文长度：1339<br>
2015/04/02-14:59:23 连线网上支付平台
2015/04/02-14:59:23 网上支付平台URL：[https://www.95599.cn/b2c/trustpay/ReceiveMerchantTrxReqServlet] 
2015/04/02-14:59:23 成功
2015/04/02-14:59:23 提交交易报文：
2015/04/02-14:59:23 <MSG><Message><Merchant><ECMerchantType>B2C</ECMerchantType><MerchantID>233010103354A01</MerchantID></Merchant><TrxRequest><TrxType>PayReq</TrxType><Order><OrderNo>33721</OrderNo><ExpiredDate>10</ExpiredDate><OrderAmount>215</OrderAmount><OrderDesc>开通 七年级英语,七年级科学,七年级数学,七年级语文...</OrderDesc><OrderDate>2015/04/02</OrderDate><OrderTime>14:59:23</OrderTime><OrderURL>http://jx.ebh.net/</OrderURL><BuyIP>122.225.20.194</BuyIP><OrderItems><OrderItem><ProductID>IP000001</ProductID><ProductName>开通 七年级英语,七年级科学,七年级数学,七年级语文...</ProductName><UnitPrice>215</UnitPrice><Qty>1</Qty></OrderItem></OrderItems></Order><ProductType>1</ProductType><PaymentType>1</PaymentType><NotifyType>1</NotifyType><ResultNotifyURL>http://jx.ebh.net/ibuy/abcnotify.html?orderid=33721</ResultNotifyURL><MerchantRemarks>七年级英语_4 月 _54.00 元/七年级科学_4 月 _54.00 元/七年级数学_4 月 _54.00 元/七年级语文_4 月 _53.00 元</MerchantRemarks><PaymentLinkType>1</PaymentLinkType></TrxRequest></Message><Signature-Algorithm>SHA1withRSA</Signature-Algorithm><Signature>DgoEQT4ulIyKd1k0Eu2Oim1ECySori0vwOaxhajJHID2EQN5SUP9RAgHTrjdg/CyNEiygGQKwUaztPK0HwFdpCdOQpBGZjU/qNYH+MS0AHtArkjXXtqnuwtOcBwxgjRl+xkBofXawNrSrqyCz5nfUtvxDpnjlW68GioLcvN+uus=</Signature></MSG>
2015/04/02-14:59:23 成功
2015/04/02-14:59:23 接受到的响应报文：
                    HTTP/1.1 200 OK
                    Date: Thu, 02 Apr 2015 06:59:01 GMT
                    Server: Microsoft-IIS/6.0
                    X-Powered-By: ASP.NET
                    X-AspNet-Version: 2.0.50727
                    Set-Cookie: ASP.NET_SessionId=4vp5rlzhoo32sefqjrfi3x45; path=/; HttpOnly
                    Cache-Control: private
                    Content-Type: text/html; charset=gb2312
                    Connection: close
                    Set-Cookie: BIGipServerpool_ec_b2c=3965512458.56611.0000; path=/
                    
                    <MSG><Message><Merchant><ECMerchantType>B2C</ECMerchantType><MerchantID>233010103354A01</MerchantID></Merchant><TrxResponse><ReturnCode>0000</ReturnCode><ErrorMessage>交易成功</ErrorMessage><TrxType>PayReq</TrxType><OrderNo>33721</OrderNo><PaymentURL>https://easyabc.95599.cn/b2c/NotCheckStatus/PaymentModeNewAct.ebf?TOKEN=14279579412186055375</PaymentURL><OrderAmount>215</OrderAmount></TrxResponse></Message><Signature-Algorithm>SHA1withRSA</Signature-Algorithm><Signature>/JZdD1HjsvETKdEA6mIp5tO+wh9e+BKXiB1t5VPKPzu0Jggi320VRg+1/2C2OFIJl7x8o+snubYzzaoGvUKpQN5uQlTDJRIrtYzZ/OyDdZO9L/rM/USadhEcikl9MIn0v09PTmrMeVr+n7SxicqMVYu4F6qPUvq5ClNOhWGnpEY=</Signature></MSG>
2015/04/02-14:59:23 接收报文：
2015/04/02-14:59:23 <Message><Merchant><ECMerchantType>B2C</ECMerchantType><MerchantID>233010103354A01</MerchantID></Merchant><TrxResponse><ReturnCode>0000</ReturnCode><ErrorMessage>交易成功</ErrorMessage><TrxType>PayReq</TrxType><OrderNo>33721</OrderNo><PaymentURL>https://easyabc.95599.cn/b2c/NotCheckStatus/PaymentModeNewAct.ebf?TOKEN=14279579412186055375</PaymentURL><OrderAmount>215</OrderAmount></TrxResponse></Message><Signature-Algorithm>SHA1withRSA</Signature-Algorithm><Signature>/JZdD1HjsvETKdEA6mIp5tO+wh9e+BKXiB1t5VPKPzu0Jggi320VRg+1/2C2OFIJl7x8o+snubYzzaoGvUKpQN5uQlTDJRIrtYzZ/OyDdZO9L/rM/USadhEcikl9MIn0v09PTmrMeVr+n7SxicqMVYu4F6qPUvq5ClNOhWGnpEY=</Signature>
2015/04/02-14:59:23 验证网上支付平台响应报文的签名：正确
2015/04/02-14:59:23 生成交易响应对象：
2015/04/02-14:59:23 交易结果：[0000]
2015/04/02-14:59:23 错误信息：[交易成功]
2015/04/02-14:59:23 交易结束==================================================
                    
                    
                    
                    
2015/04/02-18:26:12 TrustPay Client PHP 交易开始==========================
2015/04/02-18:26:12 配置文件中商户数为2请求指定的商户配置编号为 2
2015/04/02-18:26:12 检查交易请求是否合法：正确
2015/04/02-18:26:12 交易报文
2015/04/02-18:26:12 完整交易报文：
2015/04/02-18:26:12 签名后的报文
2015/04/02-18:26:12 提交网上支付平台的报文：
                    <MSG><Message><Merchant><ECMerchantType>B2C</ECMerchantType><MerchantID>233010103354A02</MerchantID></Merchant><TrxRequest><TrxType>PayReq</TrxType><Order><OrderNo>33728</OrderNo><ExpiredDate>10</ExpiredDate><OrderAmount>180</OrderAmount><OrderDesc>开通 高一化学,高一物理,高一地理 服务</OrderDesc><OrderDate>2015/04/02</OrderDate><OrderTime>18:26:12</OrderTime><OrderURL>http://ls2g.ebh.net/</OrderURL><BuyIP>223.93.193.78</BuyIP><OrderItems><OrderItem><ProductID>IP000001</ProductID><ProductName>开通 高一化学,高一物理,高一地理 服务</ProductName><UnitPrice>180</UnitPrice><Qty>1</Qty></OrderItem></OrderItems></Order><ProductType>1</ProductType><PaymentType>6</PaymentType><NotifyType>1</NotifyType><ResultNotifyURL>http://ls2g.ebh.net/ibuy/abcnotify.html?orderid=33728</ResultNotifyURL><MerchantRemarks>高一化学_5 月 _60.00 元/高一物理_5 月 _60.00 元/高一地理_5 月 _60.00 元</MerchantRemarks><PaymentLinkType>1</PaymentLinkType></TrxRequest></Message><Signature-Algorithm>SHA1withRSA</Signature-Algorithm><Signature>XYBU5mYlLLDgbXqcoEV2Xysm4S8ESVWvc8HMf5VTx9HgyUIkYplWy8w5O0+v8CThecjhsOrBsZpwTf+2tKEGKmEanTpl2U4P/RJYcDuro6eE33uzYiB1TC5D/5qXVAG3DfqnL0SjOC4yP2qFyeRmt3Ch1t1j+LpHpWXHxqP1RL8=</Signature></MSG>
2015/04/02-18:26:12 报文长度：1258<br>
2015/04/02-18:26:12 连线网上支付平台
2015/04/02-18:26:12 网上支付平台URL：[https://www.95599.cn/b2c/trustpay/ReceiveMerchantTrxReqServlet] 
2015/04/02-18:26:12 成功
2015/04/02-18:26:12 提交交易报文：
2015/04/02-18:26:12 <MSG><Message><Merchant><ECMerchantType>B2C</ECMerchantType><MerchantID>233010103354A02</MerchantID></Merchant><TrxRequest><TrxType>PayReq</TrxType><Order><OrderNo>33728</OrderNo><ExpiredDate>10</ExpiredDate><OrderAmount>180</OrderAmount><OrderDesc>开通 高一化学,高一物理,高一地理 服务</OrderDesc><OrderDate>2015/04/02</OrderDate><OrderTime>18:26:12</OrderTime><OrderURL>http://ls2g.ebh.net/</OrderURL><BuyIP>223.93.193.78</BuyIP><OrderItems><OrderItem><ProductID>IP000001</ProductID><ProductName>开通 高一化学,高一物理,高一地理 服务</ProductName><UnitPrice>180</UnitPrice><Qty>1</Qty></OrderItem></OrderItems></Order><ProductType>1</ProductType><PaymentType>6</PaymentType><NotifyType>1</NotifyType><ResultNotifyURL>http://ls2g.ebh.net/ibuy/abcnotify.html?orderid=33728</ResultNotifyURL><MerchantRemarks>高一化学_5 月 _60.00 元/高一物理_5 月 _60.00 元/高一地理_5 月 _60.00 元</MerchantRemarks><PaymentLinkType>1</PaymentLinkType></TrxRequest></Message><Signature-Algorithm>SHA1withRSA</Signature-Algorithm><Signature>XYBU5mYlLLDgbXqcoEV2Xysm4S8ESVWvc8HMf5VTx9HgyUIkYplWy8w5O0+v8CThecjhsOrBsZpwTf+2tKEGKmEanTpl2U4P/RJYcDuro6eE33uzYiB1TC5D/5qXVAG3DfqnL0SjOC4yP2qFyeRmt3Ch1t1j+LpHpWXHxqP1RL8=</Signature></MSG>
2015/04/02-18:26:12 成功
2015/04/02-18:26:12 接受到的响应报文：
                    HTTP/1.1 200 OK
                    Date: Thu, 02 Apr 2015 10:25:50 GMT
                    Server: Microsoft-IIS/6.0
                    X-Powered-By: ASP.NET
                    X-AspNet-Version: 2.0.50727
                    Set-Cookie: ASP.NET_SessionId=kx3wgk45kxeuox45d5j45y55; path=/; HttpOnly
                    Cache-Control: private
                    Content-Type: text/html; charset=gb2312
                    Connection: close
                    Set-Cookie: BIGipServerpool_ec_b2c=3948735242.56355.0000; path=/
                    
                    <MSG><Message><Merchant><ECMerchantType>B2C</ECMerchantType><MerchantID>233010103354A02</MerchantID></Merchant><TrxResponse><ReturnCode>0000</ReturnCode><ErrorMessage>交易成功</ErrorMessage><TrxType>PayReq</TrxType><OrderNo>33728</OrderNo><PaymentURL>https://easyabc.95599.cn/b2c/NotCheckStatus/PaymentModeUCBPAct.ebf?TOKEN=14279703508793843976</PaymentURL><OrderAmount>180</OrderAmount></TrxResponse></Message><Signature-Algorithm>SHA1withRSA</Signature-Algorithm><Signature>XUUcUM9d9+BdLJAVODRFvYjeg6yjy3r5meCIWK+Zo5taLOI/tj6+SWykLMwazJbdi/ZbgYceGRuHUfWjFH/91ZTrMieED0WvtLTyQx+Q2BMNl5MZupZk5r4UGd2yAl/9D2EpUHVgfGc5dAExYw+gR4gSTAK4y/KNyAaCb58K6Y4=</Signature></MSG>
2015/04/02-18:26:12 接收报文：
2015/04/02-18:26:12 <Message><Merchant><ECMerchantType>B2C</ECMerchantType><MerchantID>233010103354A02</MerchantID></Merchant><TrxResponse><ReturnCode>0000</ReturnCode><ErrorMessage>交易成功</ErrorMessage><TrxType>PayReq</TrxType><OrderNo>33728</OrderNo><PaymentURL>https://easyabc.95599.cn/b2c/NotCheckStatus/PaymentModeUCBPAct.ebf?TOKEN=14279703508793843976</PaymentURL><OrderAmount>180</OrderAmount></TrxResponse></Message><Signature-Algorithm>SHA1withRSA</Signature-Algorithm><Signature>XUUcUM9d9+BdLJAVODRFvYjeg6yjy3r5meCIWK+Zo5taLOI/tj6+SWykLMwazJbdi/ZbgYceGRuHUfWjFH/91ZTrMieED0WvtLTyQx+Q2BMNl5MZupZk5r4UGd2yAl/9D2EpUHVgfGc5dAExYw+gR4gSTAK4y/KNyAaCb58K6Y4=</Signature>
2015/04/02-18:26:12 验证网上支付平台响应报文的签名：正确
2015/04/02-18:26:12 生成交易响应对象：
2015/04/02-18:26:12 交易结果：[0000]
2015/04/02-18:26:12 错误信息：[交易成功]
2015/04/02-18:26:12 交易结束==================================================
                    
                    
                    
                    
2015/04/02-18:27:04 TrustPay Client PHP 交易开始==========================
2015/04/02-18:27:04 配置文件中商户数为2请求指定的商户配置编号为 1
2015/04/02-18:27:04 检查交易请求是否合法：正确
2015/04/02-18:27:04 交易报文
2015/04/02-18:27:04 完整交易报文：
2015/04/02-18:27:04 签名后的报文
2015/04/02-18:27:04 提交网上支付平台的报文：
                    <MSG><Message><Merchant><ECMerchantType>B2C</ECMerchantType><MerchantID>233010103354A01</MerchantID></Merchant><TrxRequest><TrxType>PayReq</TrxType><Order><OrderNo>33729</OrderNo><ExpiredDate>10</ExpiredDate><OrderAmount>180</OrderAmount><OrderDesc>开通 高一化学,高一物理,高一地理 服务</OrderDesc><OrderDate>2015/04/02</OrderDate><OrderTime>18:27:04</OrderTime><OrderURL>http://ls2g.ebh.net/</OrderURL><BuyIP>223.93.193.78</BuyIP><OrderItems><OrderItem><ProductID>IP000001</ProductID><ProductName>开通 高一化学,高一物理,高一地理 服务</ProductName><UnitPrice>180</UnitPrice><Qty>1</Qty></OrderItem></OrderItems></Order><ProductType>1</ProductType><PaymentType>1</PaymentType><NotifyType>1</NotifyType><ResultNotifyURL>http://ls2g.ebh.net/ibuy/abcnotify.html?orderid=33729</ResultNotifyURL><MerchantRemarks>高一化学_5 月 _60.00 元/高一物理_5 月 _60.00 元/高一地理_5 月 _60.00 元</MerchantRemarks><PaymentLinkType>1</PaymentLinkType></TrxRequest></Message><Signature-Algorithm>SHA1withRSA</Signature-Algorithm><Signature>LiOtVB89ANbAGul3OdxHaemkGZsX4sVFyyXjjo6H8hKmZiW1TIxKyyiTyV69KmISvaYr71gXnUKK9X5MeO396u3ycGzojKmyIggOvIiqdHDUxF1kMLYVYTBklTvAqJ/lvWRGPZaLzYaNguSR/8+xJSAbQ852VluzOJk6MudyWGY=</Signature></MSG>
2015/04/02-18:27:04 报文长度：1258<br>
2015/04/02-18:27:04 连线网上支付平台
2015/04/02-18:27:04 网上支付平台URL：[https://www.95599.cn/b2c/trustpay/ReceiveMerchantTrxReqServlet] 
2015/04/02-18:27:04 成功
2015/04/02-18:27:04 提交交易报文：
2015/04/02-18:27:04 <MSG><Message><Merchant><ECMerchantType>B2C</ECMerchantType><MerchantID>233010103354A01</MerchantID></Merchant><TrxRequest><TrxType>PayReq</TrxType><Order><OrderNo>33729</OrderNo><ExpiredDate>10</ExpiredDate><OrderAmount>180</OrderAmount><OrderDesc>开通 高一化学,高一物理,高一地理 服务</OrderDesc><OrderDate>2015/04/02</OrderDate><OrderTime>18:27:04</OrderTime><OrderURL>http://ls2g.ebh.net/</OrderURL><BuyIP>223.93.193.78</BuyIP><OrderItems><OrderItem><ProductID>IP000001</ProductID><ProductName>开通 高一化学,高一物理,高一地理 服务</ProductName><UnitPrice>180</UnitPrice><Qty>1</Qty></OrderItem></OrderItems></Order><ProductType>1</ProductType><PaymentType>1</PaymentType><NotifyType>1</NotifyType><ResultNotifyURL>http://ls2g.ebh.net/ibuy/abcnotify.html?orderid=33729</ResultNotifyURL><MerchantRemarks>高一化学_5 月 _60.00 元/高一物理_5 月 _60.00 元/高一地理_5 月 _60.00 元</MerchantRemarks><PaymentLinkType>1</PaymentLinkType></TrxRequest></Message><Signature-Algorithm>SHA1withRSA</Signature-Algorithm><Signature>LiOtVB89ANbAGul3OdxHaemkGZsX4sVFyyXjjo6H8hKmZiW1TIxKyyiTyV69KmISvaYr71gXnUKK9X5MeO396u3ycGzojKmyIggOvIiqdHDUxF1kMLYVYTBklTvAqJ/lvWRGPZaLzYaNguSR/8+xJSAbQ852VluzOJk6MudyWGY=</Signature></MSG>
2015/04/02-18:27:04 成功
2015/04/02-18:27:04 接受到的响应报文：
                    HTTP/1.1 200 OK
                    Date: Thu, 02 Apr 2015 10:26:42 GMT
                    Server: Microsoft-IIS/6.0
                    X-Powered-By: ASP.NET
                    X-AspNet-Version: 2.0.50727
                    Set-Cookie: ASP.NET_SessionId=5ia5lf55arxo2g452jy5ac3d; path=/; HttpOnly
                    Cache-Control: private
                    Content-Type: text/html; charset=gb2312
                    Connection: close
                    Set-Cookie: BIGipServerpool_ec_b2c=3948735242.56355.0000; path=/
                    
                    <MSG><Message><Merchant><ECMerchantType>B2C</ECMerchantType><MerchantID>233010103354A01</MerchantID></Merchant><TrxResponse><ReturnCode>0000</ReturnCode><ErrorMessage>交易成功</ErrorMessage><TrxType>PayReq</TrxType><OrderNo>33729</OrderNo><PaymentURL>https://easyabc.95599.cn/b2c/NotCheckStatus/PaymentModeNewAct.ebf?TOKEN=14279704024153326806</PaymentURL><OrderAmount>180</OrderAmount></TrxResponse></Message><Signature-Algorithm>SHA1withRSA</Signature-Algorithm><Signature>3nBRo2HayFlctWui65FycMSdN9cBEX/1t/4ci1IITFQ9hLI/iOMjUeq5GylwoginpK2lVOc7JRWKTbOfd8Esbrp7SCdmDkhgsNCL8YK1vvdLbxnwRbNr2ZA8gnHRY0fVn8v50NSAfR+XAWz0NJYeo7hHfGNRSM4Pa7TnB71VMqg=</Signature></MSG>
2015/04/02-18:27:04 接收报文：
2015/04/02-18:27:04 <Message><Merchant><ECMerchantType>B2C</ECMerchantType><MerchantID>233010103354A01</MerchantID></Merchant><TrxResponse><ReturnCode>0000</ReturnCode><ErrorMessage>交易成功</ErrorMessage><TrxType>PayReq</TrxType><OrderNo>33729</OrderNo><PaymentURL>https://easyabc.95599.cn/b2c/NotCheckStatus/PaymentModeNewAct.ebf?TOKEN=14279704024153326806</PaymentURL><OrderAmount>180</OrderAmount></TrxResponse></Message><Signature-Algorithm>SHA1withRSA</Signature-Algorithm><Signature>3nBRo2HayFlctWui65FycMSdN9cBEX/1t/4ci1IITFQ9hLI/iOMjUeq5GylwoginpK2lVOc7JRWKTbOfd8Esbrp7SCdmDkhgsNCL8YK1vvdLbxnwRbNr2ZA8gnHRY0fVn8v50NSAfR+XAWz0NJYeo7hHfGNRSM4Pa7TnB71VMqg=</Signature>
2015/04/02-18:27:04 验证网上支付平台响应报文的签名：正确
2015/04/02-18:27:04 生成交易响应对象：
2015/04/02-18:27:04 交易结果：[0000]
2015/04/02-18:27:04 错误信息：[交易成功]
2015/04/02-18:27:04 交易结束==================================================
                    
                    
                    
                    