
2014/09/09-12:38:42 TrustPay Client PHP 交易开始==========================
2014/09/09-12:38:42 配置文件中商户数为2请求指定的商户配置编号为 2
2014/09/09-12:38:42 检查交易请求是否合法：正确
2014/09/09-12:38:42 交易报文
2014/09/09-12:38:42 完整交易报文：
2014/09/09-12:38:42 签名后的报文
2014/09/09-12:38:42 提交网上支付平台的报文：
                    <MSG><Message><Merchant><ECMerchantType>B2C</ECMerchantType><MerchantID>233010103354A02</MerchantID></Merchant><TrxRequest><TrxType>PayReq</TrxType><Order><OrderNo>4426</OrderNo><ExpiredDate>10</ExpiredDate><OrderAmount>500</OrderAmount><OrderDesc>开通 高一数学 服务</OrderDesc><OrderDate>2014/09/09</OrderDate><OrderTime>12:38:42</OrderTime><OrderURL>http://hxsy.ebanhui.com/</OrderURL><BuyIP>218.108.86.250</BuyIP><OrderItems><OrderItem><ProductID>IP000001</ProductID><ProductName>开通 高一数学 服务</ProductName><UnitPrice>500</UnitPrice><Qty>1</Qty></OrderItem></OrderItems></Order><ProductType>1</ProductType><PaymentType>6</PaymentType><NotifyType>1</NotifyType><ResultNotifyURL>http://hxsy.ebanhui.com/ibuy/abcnotify.html?orderid=4426</ResultNotifyURL><MerchantRemarks>高一数学-5 月 -500.00 元</MerchantRemarks><PaymentLinkType>1</PaymentLinkType></TrxRequest></Message><Signature-Algorithm>SHA1withRSA</Signature-Algorithm><Signature>lsy/QxxwSbMSq22wLhmvpl7R6Mds7lIaW4df/HMioaW2Dv1PhW4mc6QNDU5rfj1EJazeM9QNgLFpM/Ju+lmEd04+P1xNA7mOcfqTyLVx/751z4P1FX5mWnvmRPtwtSc/iiqnUijLlqjurG0NuD+lX6Okf7JA8aZmiQdTCHL41I8=</Signature></MSG>
2014/09/09-12:38:42 报文长度：1154<br>
2014/09/09-12:38:42 连线网上支付平台
2014/09/09-12:38:42 网上支付平台URL：[https://www.95599.cn/b2c/trustpay/ReceiveMerchantTrxReqServlet] 
2014/09/09-12:38:42 成功
2014/09/09-12:38:42 提交交易报文：
2014/09/09-12:38:42 <MSG><Message><Merchant><ECMerchantType>B2C</ECMerchantType><MerchantID>233010103354A02</MerchantID></Merchant><TrxRequest><TrxType>PayReq</TrxType><Order><OrderNo>4426</OrderNo><ExpiredDate>10</ExpiredDate><OrderAmount>500</OrderAmount><OrderDesc>开通 高一数学 服务</OrderDesc><OrderDate>2014/09/09</OrderDate><OrderTime>12:38:42</OrderTime><OrderURL>http://hxsy.ebanhui.com/</OrderURL><BuyIP>218.108.86.250</BuyIP><OrderItems><OrderItem><ProductID>IP000001</ProductID><ProductName>开通 高一数学 服务</ProductName><UnitPrice>500</UnitPrice><Qty>1</Qty></OrderItem></OrderItems></Order><ProductType>1</ProductType><PaymentType>6</PaymentType><NotifyType>1</NotifyType><ResultNotifyURL>http://hxsy.ebanhui.com/ibuy/abcnotify.html?orderid=4426</ResultNotifyURL><MerchantRemarks>高一数学-5 月 -500.00 元</MerchantRemarks><PaymentLinkType>1</PaymentLinkType></TrxRequest></Message><Signature-Algorithm>SHA1withRSA</Signature-Algorithm><Signature>lsy/QxxwSbMSq22wLhmvpl7R6Mds7lIaW4df/HMioaW2Dv1PhW4mc6QNDU5rfj1EJazeM9QNgLFpM/Ju+lmEd04+P1xNA7mOcfqTyLVx/751z4P1FX5mWnvmRPtwtSc/iiqnUijLlqjurG0NuD+lX6Okf7JA8aZmiQdTCHL41I8=</Signature></MSG>
2014/09/09-12:38:42 成功
2014/09/09-12:38:42 接受到的响应报文：
                    HTTP/1.1 200 OK
                    Date: Tue, 09 Sep 2014 04:37:03 GMT
                    Server: Microsoft-IIS/6.0
                    X-AspNet-Version: 2.0.50727
                    Set-Cookie: ASP.NET_SessionId=2vpu5myjwdaefk55jxmxbq45; path=/; HttpOnly
                    Cache-Control: private
                    Content-Type: text/html; charset=gb2312
                    Connection: close
                    Set-Cookie: BIGipServerpool_ec_b2c=1063578378.56611.0000; path=/
                    
                    <MSG><Message><Merchant><ECMerchantType>B2C</ECMerchantType><MerchantID>233010103354A02</MerchantID></Merchant><TrxResponse><ReturnCode>0000</ReturnCode><ErrorMessage>交易成功</ErrorMessage><TrxType>PayReq</TrxType><OrderNo>4426</OrderNo><PaymentURL>https://easyabc.95599.cn/b2c/NotCheckStatus/PaymentModeUCBPAct.ebf?TOKEN=14102374237123495777</PaymentURL><OrderAmount>500</OrderAmount></TrxResponse></Message><Signature-Algorithm>SHA1withRSA</Signature-Algorithm><Signature>I8wyOkOljeuu+CnIFBFrM3BMpJKJj6K4DPSN5zaOvG+VzNHCyeSxP3dg4Hkg4qt8iuNricKNCH7zAVvKKhKXR2BaG2+YBAnt80BnGc1MXAm62SfB1fRBrAGcf0WJIKXHGViwi866gSXx2SdV17oGLnpAn6InkgCz1XrSOq/wUyE=</Signature></MSG>
2014/09/09-12:38:42 接收报文：
2014/09/09-12:38:42 <Message><Merchant><ECMerchantType>B2C</ECMerchantType><MerchantID>233010103354A02</MerchantID></Merchant><TrxResponse><ReturnCode>0000</ReturnCode><ErrorMessage>交易成功</ErrorMessage><TrxType>PayReq</TrxType><OrderNo>4426</OrderNo><PaymentURL>https://easyabc.95599.cn/b2c/NotCheckStatus/PaymentModeUCBPAct.ebf?TOKEN=14102374237123495777</PaymentURL><OrderAmount>500</OrderAmount></TrxResponse></Message><Signature-Algorithm>SHA1withRSA</Signature-Algorithm><Signature>I8wyOkOljeuu+CnIFBFrM3BMpJKJj6K4DPSN5zaOvG+VzNHCyeSxP3dg4Hkg4qt8iuNricKNCH7zAVvKKhKXR2BaG2+YBAnt80BnGc1MXAm62SfB1fRBrAGcf0WJIKXHGViwi866gSXx2SdV17oGLnpAn6InkgCz1XrSOq/wUyE=</Signature>
2014/09/09-12:38:42 验证网上支付平台响应报文的签名：正确
2014/09/09-12:38:42 生成交易响应对象：
2014/09/09-12:38:42 交易结果：[0000]
2014/09/09-12:38:42 错误信息：[交易成功]
2014/09/09-12:38:42 交易结束==================================================
                    
                    
                    
                    
2014/09/09-15:11:58 TrustPay Client PHP 交易开始==========================
2014/09/09-15:11:58 配置文件中商户数为2请求指定的商户配置编号为 2
2014/09/09-15:11:58 检查交易请求是否合法：正确
2014/09/09-15:11:58 交易报文
2014/09/09-15:11:58 完整交易报文：
2014/09/09-15:11:58 签名后的报文
2014/09/09-15:11:58 提交网上支付平台的报文：
                    <MSG><Message><Merchant><ECMerchantType>B2C</ECMerchantType><MerchantID>233010103354A02</MerchantID></Merchant><TrxRequest><TrxType>PayReq</TrxType><Order><OrderNo>4427</OrderNo><ExpiredDate>10</ExpiredDate><OrderAmount>350</OrderAmount><OrderDesc>开通 高一上学期数学辅导班 服务</OrderDesc><OrderDate>2014/09/09</OrderDate><OrderTime>15:11:58</OrderTime><OrderURL>http://sy.ebh.net/</OrderURL><BuyIP>218.108.86.250</BuyIP><OrderItems><OrderItem><ProductID>IP000001</ProductID><ProductName>开通 高一上学期数学辅导班 服务</ProductName><UnitPrice>350</UnitPrice><Qty>1</Qty></OrderItem></OrderItems></Order><ProductType>1</ProductType><PaymentType>6</PaymentType><NotifyType>1</NotifyType><ResultNotifyURL>http://sy.ebh.net/ibuy/abcnotify.html?orderid=4427</ResultNotifyURL><MerchantRemarks>高一上学期数学辅导班-5 月 -350.00 元</MerchantRemarks><PaymentLinkType>1</PaymentLinkType></TrxRequest></Message><Signature-Algorithm>SHA1withRSA</Signature-Algorithm><Signature>i+7krHbjg/Zu94TDAol+f0ZmpMmqkUQvmyKd7SCEtccSiUUYJ4G+KtPWfLYFFQ62AG1O71aQmGqbIy570zCPA7IaoYQArBdLBOYHpDsdWs7DKbItuBu0XkqOgfzllVNbPFQnOg/xkCLSpCnaJiKjZkB6a2SpO3MEr4i1SY2aiW0=</Signature></MSG>
2014/09/09-15:11:58 报文长度：1196<br>
2014/09/09-15:11:58 连线网上支付平台
2014/09/09-15:11:58 网上支付平台URL：[https://www.95599.cn/b2c/trustpay/ReceiveMerchantTrxReqServlet] 
2014/09/09-15:11:58 成功
2014/09/09-15:11:58 提交交易报文：
2014/09/09-15:11:58 <MSG><Message><Merchant><ECMerchantType>B2C</ECMerchantType><MerchantID>233010103354A02</MerchantID></Merchant><TrxRequest><TrxType>PayReq</TrxType><Order><OrderNo>4427</OrderNo><ExpiredDate>10</ExpiredDate><OrderAmount>350</OrderAmount><OrderDesc>开通 高一上学期数学辅导班 服务</OrderDesc><OrderDate>2014/09/09</OrderDate><OrderTime>15:11:58</OrderTime><OrderURL>http://sy.ebh.net/</OrderURL><BuyIP>218.108.86.250</BuyIP><OrderItems><OrderItem><ProductID>IP000001</ProductID><ProductName>开通 高一上学期数学辅导班 服务</ProductName><UnitPrice>350</UnitPrice><Qty>1</Qty></OrderItem></OrderItems></Order><ProductType>1</ProductType><PaymentType>6</PaymentType><NotifyType>1</NotifyType><ResultNotifyURL>http://sy.ebh.net/ibuy/abcnotify.html?orderid=4427</ResultNotifyURL><MerchantRemarks>高一上学期数学辅导班-5 月 -350.00 元</MerchantRemarks><PaymentLinkType>1</PaymentLinkType></TrxRequest></Message><Signature-Algorithm>SHA1withRSA</Signature-Algorithm><Signature>i+7krHbjg/Zu94TDAol+f0ZmpMmqkUQvmyKd7SCEtccSiUUYJ4G+KtPWfLYFFQ62AG1O71aQmGqbIy570zCPA7IaoYQArBdLBOYHpDsdWs7DKbItuBu0XkqOgfzllVNbPFQnOg/xkCLSpCnaJiKjZkB6a2SpO3MEr4i1SY2aiW0=</Signature></MSG>
2014/09/09-15:11:58 成功
2014/09/09-15:11:58 接受到的响应报文：
                    HTTP/1.1 200 OK
                    Date: Tue, 09 Sep 2014 07:10:19 GMT
                    Server: Microsoft-IIS/6.0
                    X-Powered-By: ASP.NET
                    X-AspNet-Version: 2.0.50727
                    Set-Cookie: ASP.NET_SessionId=3fzvjoqcg301nl55eww2av45; path=/; HttpOnly
                    Cache-Control: private
                    Content-Type: text/html; charset=gb2312
                    Connection: close
                    Set-Cookie: BIGipServerpool_ec_b2c=962915082.56355.0000; path=/
                    
                    <MSG><Message><Merchant><ECMerchantType>B2C</ECMerchantType><MerchantID>233010103354A02</MerchantID></Merchant><TrxResponse><ReturnCode>0000</ReturnCode><ErrorMessage>交易成功</ErrorMessage><TrxType>PayReq</TrxType><OrderNo>4427</OrderNo><PaymentURL>https://easyabc.95599.cn/b2c/NotCheckStatus/PaymentModeUCBPAct.ebf?TOKEN=14102466192190103738</PaymentURL><OrderAmount>350</OrderAmount></TrxResponse></Message><Signature-Algorithm>SHA1withRSA</Signature-Algorithm><Signature>v2l3PdiKsZeX341YfR1UyW9pJ+HBLVgcfMLpqGDfzOHUbskzliKBvFTvfD5M1eCB9W7YNGMqCWB7CR8vj4t1Ti4kzFwK3QKZN4Arzv8GvMGDKSL3IJG/6WL650gwRBYfVpvHnB8CPq71ScFkcQMrl5ofEy+8aDqLkfJJdzbrRpE=</Signature></MSG>
2014/09/09-15:11:58 接收报文：
2014/09/09-15:11:58 <Message><Merchant><ECMerchantType>B2C</ECMerchantType><MerchantID>233010103354A02</MerchantID></Merchant><TrxResponse><ReturnCode>0000</ReturnCode><ErrorMessage>交易成功</ErrorMessage><TrxType>PayReq</TrxType><OrderNo>4427</OrderNo><PaymentURL>https://easyabc.95599.cn/b2c/NotCheckStatus/PaymentModeUCBPAct.ebf?TOKEN=14102466192190103738</PaymentURL><OrderAmount>350</OrderAmount></TrxResponse></Message><Signature-Algorithm>SHA1withRSA</Signature-Algorithm><Signature>v2l3PdiKsZeX341YfR1UyW9pJ+HBLVgcfMLpqGDfzOHUbskzliKBvFTvfD5M1eCB9W7YNGMqCWB7CR8vj4t1Ti4kzFwK3QKZN4Arzv8GvMGDKSL3IJG/6WL650gwRBYfVpvHnB8CPq71ScFkcQMrl5ofEy+8aDqLkfJJdzbrRpE=</Signature>
2014/09/09-15:11:58 验证网上支付平台响应报文的签名：正确
2014/09/09-15:11:58 生成交易响应对象：
2014/09/09-15:11:58 交易结果：[0000]
2014/09/09-15:11:58 错误信息：[交易成功]
2014/09/09-15:11:58 交易结束==================================================
                    
                    
                    
                    
2014/09/09-15:16:07 TrustPay Client PHP 交易开始==========================
2014/09/09-15:16:07 配置文件中商户数为2请求指定的商户配置编号为 2
2014/09/09-15:16:07 检查交易请求是否合法：正确
2014/09/09-15:16:07 交易报文
2014/09/09-15:16:07 完整交易报文：
2014/09/09-15:16:07 签名后的报文
2014/09/09-15:16:07 提交网上支付平台的报文：
                    <MSG><Message><Merchant><ECMerchantType>B2C</ECMerchantType><MerchantID>233010103354A02</MerchantID></Merchant><TrxRequest><TrxType>PayReq</TrxType><Order><OrderNo>4428</OrderNo><ExpiredDate>10</ExpiredDate><OrderAmount>350</OrderAmount><OrderDesc>开通 高一上学期数学辅导班 服务</OrderDesc><OrderDate>2014/09/09</OrderDate><OrderTime>15:16:07</OrderTime><OrderURL>http://sy.ebh.net/</OrderURL><BuyIP>218.108.86.250</BuyIP><OrderItems><OrderItem><ProductID>IP000001</ProductID><ProductName>开通 高一上学期数学辅导班 服务</ProductName><UnitPrice>350</UnitPrice><Qty>1</Qty></OrderItem></OrderItems></Order><ProductType>1</ProductType><PaymentType>6</PaymentType><NotifyType>1</NotifyType><ResultNotifyURL>http://sy.ebh.net/ibuy/abcnotify.html?orderid=4428</ResultNotifyURL><MerchantRemarks>高一上学期数学辅导班-5 月 -350.00 元</MerchantRemarks><PaymentLinkType>1</PaymentLinkType></TrxRequest></Message><Signature-Algorithm>SHA1withRSA</Signature-Algorithm><Signature>GwWsyzto5JB1aKSXYTPcscfyGAn2br8dHJ3cGMEnuXuf3c6C2i0wjnLKnAwIrnWxVC7UEK4GxmjHnMtG5HtxpH3o0SCPl7m1ifOGUWDjJABJ//h9QlIoz1WMpBq3kEHKwtwh6/vItJj6Nn+7aAKxCV/+FK0tjYilMKcGcIrNZQE=</Signature></MSG>
2014/09/09-15:16:07 报文长度：1196<br>
2014/09/09-15:16:07 连线网上支付平台
2014/09/09-15:16:07 网上支付平台URL：[https://www.95599.cn/b2c/trustpay/ReceiveMerchantTrxReqServlet] 
2014/09/09-15:16:07 成功
2014/09/09-15:16:07 提交交易报文：
2014/09/09-15:16:07 <MSG><Message><Merchant><ECMerchantType>B2C</ECMerchantType><MerchantID>233010103354A02</MerchantID></Merchant><TrxRequest><TrxType>PayReq</TrxType><Order><OrderNo>4428</OrderNo><ExpiredDate>10</ExpiredDate><OrderAmount>350</OrderAmount><OrderDesc>开通 高一上学期数学辅导班 服务</OrderDesc><OrderDate>2014/09/09</OrderDate><OrderTime>15:16:07</OrderTime><OrderURL>http://sy.ebh.net/</OrderURL><BuyIP>218.108.86.250</BuyIP><OrderItems><OrderItem><ProductID>IP000001</ProductID><ProductName>开通 高一上学期数学辅导班 服务</ProductName><UnitPrice>350</UnitPrice><Qty>1</Qty></OrderItem></OrderItems></Order><ProductType>1</ProductType><PaymentType>6</PaymentType><NotifyType>1</NotifyType><ResultNotifyURL>http://sy.ebh.net/ibuy/abcnotify.html?orderid=4428</ResultNotifyURL><MerchantRemarks>高一上学期数学辅导班-5 月 -350.00 元</MerchantRemarks><PaymentLinkType>1</PaymentLinkType></TrxRequest></Message><Signature-Algorithm>SHA1withRSA</Signature-Algorithm><Signature>GwWsyzto5JB1aKSXYTPcscfyGAn2br8dHJ3cGMEnuXuf3c6C2i0wjnLKnAwIrnWxVC7UEK4GxmjHnMtG5HtxpH3o0SCPl7m1ifOGUWDjJABJ//h9QlIoz1WMpBq3kEHKwtwh6/vItJj6Nn+7aAKxCV/+FK0tjYilMKcGcIrNZQE=</Signature></MSG>
2014/09/09-15:16:08 成功
2014/09/09-15:16:08 接受到的响应报文：
                    HTTP/1.1 200 OK
                    Date: Tue, 09 Sep 2014 07:14:28 GMT
                    Server: Microsoft-IIS/6.0
                    X-Powered-By: ASP.NET
                    X-AspNet-Version: 2.0.50727
                    Set-Cookie: ASP.NET_SessionId=njbzjy554kmbhm2r5d3pw255; path=/; HttpOnly
                    Cache-Control: private
                    Content-Type: text/html; charset=gb2312
                    Connection: close
                    Set-Cookie: BIGipServerpool_ec_b2c=912583434.56867.0000; path=/
                    
                    <MSG><Message><Merchant><ECMerchantType>B2C</ECMerchantType><MerchantID>233010103354A02</MerchantID></Merchant><TrxResponse><ReturnCode>0000</ReturnCode><ErrorMessage>交易成功</ErrorMessage><TrxType>PayReq</TrxType><OrderNo>4428</OrderNo><PaymentURL>https://easyabc.95599.cn/b2c/NotCheckStatus/PaymentModeUCBPAct.ebf?TOKEN=14102468681400530783</PaymentURL><OrderAmount>350</OrderAmount></TrxResponse></Message><Signature-Algorithm>SHA1withRSA</Signature-Algorithm><Signature>ta7ye5qE3DZdPfjPNhOFTSmWuuHRM1z43VY4gmxJi9HYQ5Wa/CjXnrQFxiVd0Jx4fgJV8AFSKm9EX+ghe7tFtYctruAHHHzObh17ZekUzEII1Z4ICNZX5h6tetQ9f1ke+AZ08Smo6MpIQF+Vynyjqq2WYDnpHGF+Y+a7OffPC2Q=</Signature></MSG>
2014/09/09-15:16:08 接收报文：
2014/09/09-15:16:08 <Message><Merchant><ECMerchantType>B2C</ECMerchantType><MerchantID>233010103354A02</MerchantID></Merchant><TrxResponse><ReturnCode>0000</ReturnCode><ErrorMessage>交易成功</ErrorMessage><TrxType>PayReq</TrxType><OrderNo>4428</OrderNo><PaymentURL>https://easyabc.95599.cn/b2c/NotCheckStatus/PaymentModeUCBPAct.ebf?TOKEN=14102468681400530783</PaymentURL><OrderAmount>350</OrderAmount></TrxResponse></Message><Signature-Algorithm>SHA1withRSA</Signature-Algorithm><Signature>ta7ye5qE3DZdPfjPNhOFTSmWuuHRM1z43VY4gmxJi9HYQ5Wa/CjXnrQFxiVd0Jx4fgJV8AFSKm9EX+ghe7tFtYctruAHHHzObh17ZekUzEII1Z4ICNZX5h6tetQ9f1ke+AZ08Smo6MpIQF+Vynyjqq2WYDnpHGF+Y+a7OffPC2Q=</Signature>
2014/09/09-15:16:08 验证网上支付平台响应报文的签名：正确
2014/09/09-15:16:08 生成交易响应对象：
2014/09/09-15:16:08 交易结果：[0000]
2014/09/09-15:16:08 错误信息：[交易成功]
2014/09/09-15:16:08 交易结束==================================================
                    
                    
                    
                    
2014/09/09-15:16:17 TrustPay Client PHP 交易开始==========================
2014/09/09-15:16:17 配置文件中商户数为2请求指定的商户配置编号为 1
2014/09/09-15:16:17 检查交易请求是否合法：正确
2014/09/09-15:16:17 交易报文
2014/09/09-15:16:17 完整交易报文：
2014/09/09-15:16:17 签名后的报文
2014/09/09-15:16:17 提交网上支付平台的报文：
                    <MSG><Message><Merchant><ECMerchantType>B2C</ECMerchantType><MerchantID>233010103354A01</MerchantID></Merchant><TrxRequest><TrxType>PayReq</TrxType><Order><OrderNo>4430</OrderNo><ExpiredDate>10</ExpiredDate><OrderAmount>350</OrderAmount><OrderDesc>开通 高一上学期数学辅导班 服务</OrderDesc><OrderDate>2014/09/09</OrderDate><OrderTime>15:16:17</OrderTime><OrderURL>http://sy.ebh.net/</OrderURL><BuyIP>218.108.86.250</BuyIP><OrderItems><OrderItem><ProductID>IP000001</ProductID><ProductName>开通 高一上学期数学辅导班 服务</ProductName><UnitPrice>350</UnitPrice><Qty>1</Qty></OrderItem></OrderItems></Order><ProductType>1</ProductType><PaymentType>1</PaymentType><NotifyType>1</NotifyType><ResultNotifyURL>http://sy.ebh.net/ibuy/abcnotify.html?orderid=4430</ResultNotifyURL><MerchantRemarks>高一上学期数学辅导班-5 月 -350.00 元</MerchantRemarks><PaymentLinkType>1</PaymentLinkType></TrxRequest></Message><Signature-Algorithm>SHA1withRSA</Signature-Algorithm><Signature>SP9gHWnSqXQ2FiQ+qE6G+kciRX7lzM7ODin9PETOZxM5sKrfrbpBu84T9Le3ls/zLbsYg63lR9zOZgt9ETd91O8D6D4S/XW6+NYwRokG8gYftZZXemilmgdxS3ExGuQVGcZOpOXZbAH2CzMloRgN0rB6Tz+tdj5pnoTd8Cjgzjk=</Signature></MSG>
2014/09/09-15:16:17 报文长度：1196<br>
2014/09/09-15:16:17 连线网上支付平台
2014/09/09-15:16:17 网上支付平台URL：[https://www.95599.cn/b2c/trustpay/ReceiveMerchantTrxReqServlet] 
2014/09/09-15:16:17 成功
2014/09/09-15:16:17 提交交易报文：
2014/09/09-15:16:17 <MSG><Message><Merchant><ECMerchantType>B2C</ECMerchantType><MerchantID>233010103354A01</MerchantID></Merchant><TrxRequest><TrxType>PayReq</TrxType><Order><OrderNo>4430</OrderNo><ExpiredDate>10</ExpiredDate><OrderAmount>350</OrderAmount><OrderDesc>开通 高一上学期数学辅导班 服务</OrderDesc><OrderDate>2014/09/09</OrderDate><OrderTime>15:16:17</OrderTime><OrderURL>http://sy.ebh.net/</OrderURL><BuyIP>218.108.86.250</BuyIP><OrderItems><OrderItem><ProductID>IP000001</ProductID><ProductName>开通 高一上学期数学辅导班 服务</ProductName><UnitPrice>350</UnitPrice><Qty>1</Qty></OrderItem></OrderItems></Order><ProductType>1</ProductType><PaymentType>1</PaymentType><NotifyType>1</NotifyType><ResultNotifyURL>http://sy.ebh.net/ibuy/abcnotify.html?orderid=4430</ResultNotifyURL><MerchantRemarks>高一上学期数学辅导班-5 月 -350.00 元</MerchantRemarks><PaymentLinkType>1</PaymentLinkType></TrxRequest></Message><Signature-Algorithm>SHA1withRSA</Signature-Algorithm><Signature>SP9gHWnSqXQ2FiQ+qE6G+kciRX7lzM7ODin9PETOZxM5sKrfrbpBu84T9Le3ls/zLbsYg63lR9zOZgt9ETd91O8D6D4S/XW6+NYwRokG8gYftZZXemilmgdxS3ExGuQVGcZOpOXZbAH2CzMloRgN0rB6Tz+tdj5pnoTd8Cjgzjk=</Signature></MSG>
2014/09/09-15:16:17 成功
2014/09/09-15:16:17 接受到的响应报文：
                    HTTP/1.1 200 OK
                    Date: Tue, 09 Sep 2014 07:14:38 GMT
                    Server: Microsoft-IIS/6.0
                    X-Powered-By: ASP.NET
                    X-AspNet-Version: 2.0.50727
                    Set-Cookie: ASP.NET_SessionId=cgea0jmudf4rps55r34nf5j5; path=/; HttpOnly
                    Cache-Control: private
                    Content-Type: text/html; charset=gb2312
                    Connection: close
                    Set-Cookie: BIGipServerpool_ec_b2c=912583434.56867.0000; path=/
                    
                    <MSG><Message><Merchant><ECMerchantType>B2C</ECMerchantType><MerchantID>233010103354A01</MerchantID></Merchant><TrxResponse><ReturnCode>0000</ReturnCode><ErrorMessage>交易成功</ErrorMessage><TrxType>PayReq</TrxType><OrderNo>4430</OrderNo><PaymentURL>https://easyabc.95599.cn/b2c/NotCheckStatus/PaymentModeNewAct.ebf?TOKEN=14102468780305643393</PaymentURL><OrderAmount>350</OrderAmount></TrxResponse></Message><Signature-Algorithm>SHA1withRSA</Signature-Algorithm><Signature>+gTT0D9rZKU3i32M3iICOLoUw9ejNHclBclUAgTTHWkN8Kfiz92tUYqWxYKY0WgwRrxbkNH/53SkZ4wCN1ndW3ZfxhxyfGIYjYGwklLfEPxGeeHPAbl2Ni/eIXPVVSSYhhmWOOp6JjEhhHfKuQXrSGS65yC9h2rB7b47iaNiuSM=</Signature></MSG>
2014/09/09-15:16:17 接收报文：
2014/09/09-15:16:17 <Message><Merchant><ECMerchantType>B2C</ECMerchantType><MerchantID>233010103354A01</MerchantID></Merchant><TrxResponse><ReturnCode>0000</ReturnCode><ErrorMessage>交易成功</ErrorMessage><TrxType>PayReq</TrxType><OrderNo>4430</OrderNo><PaymentURL>https://easyabc.95599.cn/b2c/NotCheckStatus/PaymentModeNewAct.ebf?TOKEN=14102468780305643393</PaymentURL><OrderAmount>350</OrderAmount></TrxResponse></Message><Signature-Algorithm>SHA1withRSA</Signature-Algorithm><Signature>+gTT0D9rZKU3i32M3iICOLoUw9ejNHclBclUAgTTHWkN8Kfiz92tUYqWxYKY0WgwRrxbkNH/53SkZ4wCN1ndW3ZfxhxyfGIYjYGwklLfEPxGeeHPAbl2Ni/eIXPVVSSYhhmWOOp6JjEhhHfKuQXrSGS65yC9h2rB7b47iaNiuSM=</Signature>
2014/09/09-15:16:17 验证网上支付平台响应报文的签名：正确
2014/09/09-15:16:17 生成交易响应对象：
2014/09/09-15:16:17 交易结果：[0000]
2014/09/09-15:16:17 错误信息：[交易成功]
2014/09/09-15:16:17 交易结束==================================================
                    
                    
                    
                    
2014/09/09-15:16:21 TrustPay Client PHP 交易开始==========================
2014/09/09-15:16:21 配置文件中商户数为2请求指定的商户配置编号为 2
2014/09/09-15:16:21 检查交易请求是否合法：正确
2014/09/09-15:16:21 交易报文
2014/09/09-15:16:21 完整交易报文：
2014/09/09-15:16:21 签名后的报文
2014/09/09-15:16:21 提交网上支付平台的报文：
                    <MSG><Message><Merchant><ECMerchantType>B2C</ECMerchantType><MerchantID>233010103354A02</MerchantID></Merchant><TrxRequest><TrxType>PayReq</TrxType><Order><OrderNo>4431</OrderNo><ExpiredDate>10</ExpiredDate><OrderAmount>350</OrderAmount><OrderDesc>开通 高一上学期数学辅导班 服务</OrderDesc><OrderDate>2014/09/09</OrderDate><OrderTime>15:16:21</OrderTime><OrderURL>http://sy.ebh.net/</OrderURL><BuyIP>218.108.86.250</BuyIP><OrderItems><OrderItem><ProductID>IP000001</ProductID><ProductName>开通 高一上学期数学辅导班 服务</ProductName><UnitPrice>350</UnitPrice><Qty>1</Qty></OrderItem></OrderItems></Order><ProductType>1</ProductType><PaymentType>6</PaymentType><NotifyType>1</NotifyType><ResultNotifyURL>http://sy.ebh.net/ibuy/abcnotify.html?orderid=4431</ResultNotifyURL><MerchantRemarks>高一上学期数学辅导班-5 月 -350.00 元</MerchantRemarks><PaymentLinkType>1</PaymentLinkType></TrxRequest></Message><Signature-Algorithm>SHA1withRSA</Signature-Algorithm><Signature>WFA4ih8+GJjpLzN/oxIU8UdFGzcLKPFUV+6FiOxxvzUcqki8/e6RrsldLj9/7jkJYF+TI6cjk4jkKeVF0BMfVLD7WBu9zSwlCsAb2RV7YZ0udynEAFxaTJgedx7tfRu5f9H9ZyHDMnoYVCYmLwaWLOGk3wfcOHJe3Lm2Giz/xOo=</Signature></MSG>
2014/09/09-15:16:21 报文长度：1196<br>
2014/09/09-15:16:21 连线网上支付平台
2014/09/09-15:16:21 网上支付平台URL：[https://www.95599.cn/b2c/trustpay/ReceiveMerchantTrxReqServlet] 
2014/09/09-15:16:21 成功
2014/09/09-15:16:21 提交交易报文：
2014/09/09-15:16:21 <MSG><Message><Merchant><ECMerchantType>B2C</ECMerchantType><MerchantID>233010103354A02</MerchantID></Merchant><TrxRequest><TrxType>PayReq</TrxType><Order><OrderNo>4431</OrderNo><ExpiredDate>10</ExpiredDate><OrderAmount>350</OrderAmount><OrderDesc>开通 高一上学期数学辅导班 服务</OrderDesc><OrderDate>2014/09/09</OrderDate><OrderTime>15:16:21</OrderTime><OrderURL>http://sy.ebh.net/</OrderURL><BuyIP>218.108.86.250</BuyIP><OrderItems><OrderItem><ProductID>IP000001</ProductID><ProductName>开通 高一上学期数学辅导班 服务</ProductName><UnitPrice>350</UnitPrice><Qty>1</Qty></OrderItem></OrderItems></Order><ProductType>1</ProductType><PaymentType>6</PaymentType><NotifyType>1</NotifyType><ResultNotifyURL>http://sy.ebh.net/ibuy/abcnotify.html?orderid=4431</ResultNotifyURL><MerchantRemarks>高一上学期数学辅导班-5 月 -350.00 元</MerchantRemarks><PaymentLinkType>1</PaymentLinkType></TrxRequest></Message><Signature-Algorithm>SHA1withRSA</Signature-Algorithm><Signature>WFA4ih8+GJjpLzN/oxIU8UdFGzcLKPFUV+6FiOxxvzUcqki8/e6RrsldLj9/7jkJYF+TI6cjk4jkKeVF0BMfVLD7WBu9zSwlCsAb2RV7YZ0udynEAFxaTJgedx7tfRu5f9H9ZyHDMnoYVCYmLwaWLOGk3wfcOHJe3Lm2Giz/xOo=</Signature></MSG>
2014/09/09-15:16:21 成功
2014/09/09-15:16:21 接受到的响应报文：
                    HTTP/1.1 200 OK
                    Date: Tue, 09 Sep 2014 07:14:41 GMT
                    Server: Microsoft-IIS/6.0
                    X-Powered-By: ASP.NET
                    X-AspNet-Version: 2.0.50727
                    Set-Cookie: ASP.NET_SessionId=opr315aac4nznnbabj2ac1re; path=/; HttpOnly
                    Cache-Control: private
                    Content-Type: text/html; charset=gb2312
                    Connection: close
                    Set-Cookie: BIGipServerpool_ec_b2c=912583434.56867.0000; path=/
                    
                    <MSG><Message><Merchant><ECMerchantType>B2C</ECMerchantType><MerchantID>233010103354A02</MerchantID></Merchant><TrxResponse><ReturnCode>0000</ReturnCode><ErrorMessage>交易成功</ErrorMessage><TrxType>PayReq</TrxType><OrderNo>4431</OrderNo><PaymentURL>https://easyabc.95599.cn/b2c/NotCheckStatus/PaymentModeUCBPAct.ebf?TOKEN=14102468815147420011</PaymentURL><OrderAmount>350</OrderAmount></TrxResponse></Message><Signature-Algorithm>SHA1withRSA</Signature-Algorithm><Signature>TUInLRFYp0zBM9QO168D44TRzJiK4B873incYDuTdT6lpEq3HDstECAxZg64fjj8mBwfUckxGNJjvz6MGKDv9R8iPxw4GMiRrkuEe9tcZ0iSfiRCRRssU4U9nQZwMhu8eCrdqjkTS0urrEGqaYFw7qyaG+q4fsNrqeDK+vNQSSo=</Signature></MSG>
2014/09/09-15:16:21 接收报文：
2014/09/09-15:16:21 <Message><Merchant><ECMerchantType>B2C</ECMerchantType><MerchantID>233010103354A02</MerchantID></Merchant><TrxResponse><ReturnCode>0000</ReturnCode><ErrorMessage>交易成功</ErrorMessage><TrxType>PayReq</TrxType><OrderNo>4431</OrderNo><PaymentURL>https://easyabc.95599.cn/b2c/NotCheckStatus/PaymentModeUCBPAct.ebf?TOKEN=14102468815147420011</PaymentURL><OrderAmount>350</OrderAmount></TrxResponse></Message><Signature-Algorithm>SHA1withRSA</Signature-Algorithm><Signature>TUInLRFYp0zBM9QO168D44TRzJiK4B873incYDuTdT6lpEq3HDstECAxZg64fjj8mBwfUckxGNJjvz6MGKDv9R8iPxw4GMiRrkuEe9tcZ0iSfiRCRRssU4U9nQZwMhu8eCrdqjkTS0urrEGqaYFw7qyaG+q4fsNrqeDK+vNQSSo=</Signature>
2014/09/09-15:16:21 验证网上支付平台响应报文的签名：正确
2014/09/09-15:16:21 生成交易响应对象：
2014/09/09-15:16:21 交易结果：[0000]
2014/09/09-15:16:21 错误信息：[交易成功]
2014/09/09-15:16:21 交易结束==================================================
                    
                    
                    
                    