
2014/11/20-07:42:09 TrustPay Client PHP 交易开始==========================
2014/11/20-07:42:09 配置文件中商户数为2请求指定的商户配置编号为 2
2014/11/20-07:42:09 检查交易请求是否合法：正确
2014/11/20-07:42:09 交易报文
2014/11/20-07:42:09 完整交易报文：
2014/11/20-07:42:09 签名后的报文
2014/11/20-07:42:09 提交网上支付平台的报文：
                    <MSG><Message><Merchant><ECMerchantType>B2C</ECMerchantType><MerchantID>233010103354A02</MerchantID></Merchant><TrxRequest><TrxType>PayReq</TrxType><Order><OrderNo>11125</OrderNo><ExpiredDate>10</ExpiredDate><OrderAmount>220</OrderAmount><OrderDesc>开通 初一语文 服务</OrderDesc><OrderDate>2014/11/20</OrderDate><OrderTime>07:42:09</OrderTime><OrderURL>http://cczx.ebh.net/</OrderURL><BuyIP>117.147.221.220</BuyIP><OrderItems><OrderItem><ProductID>IP000001</ProductID><ProductName>开通 初一语文 服务</ProductName><UnitPrice>220</UnitPrice><Qty>1</Qty></OrderItem></OrderItems></Order><ProductType>1</ProductType><PaymentType>6</PaymentType><NotifyType>1</NotifyType><ResultNotifyURL>http://cczx.ebh.net/ibuy/abcnotify.html?orderid=11125</ResultNotifyURL><MerchantRemarks>初一语文-5 月 -220.00 元</MerchantRemarks><PaymentLinkType>1</PaymentLinkType></TrxRequest></Message><Signature-Algorithm>SHA1withRSA</Signature-Algorithm><Signature>g+npvPOTQJSfiGtFa9Piu3xXr9FDV7xIkXsPKCEcGry8qXuYWbvx60K/qZBtjxGb3xwMTJ3FrqSr5xwWVwbR88Hl+VWJX19Zas644Z4IAgMpFXWbShFOHIYaHDqFWADoTehd/yJnhlIJgxmvpj2s3paPaXgKtnCtOEzjHEfqO34=</Signature></MSG>
2014/11/20-07:42:09 报文长度：1149<br>
2014/11/20-07:42:09 连线网上支付平台
2014/11/20-07:42:09 网上支付平台URL：[https://www.95599.cn/b2c/trustpay/ReceiveMerchantTrxReqServlet] 
2014/11/20-07:42:09 成功
2014/11/20-07:42:09 提交交易报文：
2014/11/20-07:42:09 <MSG><Message><Merchant><ECMerchantType>B2C</ECMerchantType><MerchantID>233010103354A02</MerchantID></Merchant><TrxRequest><TrxType>PayReq</TrxType><Order><OrderNo>11125</OrderNo><ExpiredDate>10</ExpiredDate><OrderAmount>220</OrderAmount><OrderDesc>开通 初一语文 服务</OrderDesc><OrderDate>2014/11/20</OrderDate><OrderTime>07:42:09</OrderTime><OrderURL>http://cczx.ebh.net/</OrderURL><BuyIP>117.147.221.220</BuyIP><OrderItems><OrderItem><ProductID>IP000001</ProductID><ProductName>开通 初一语文 服务</ProductName><UnitPrice>220</UnitPrice><Qty>1</Qty></OrderItem></OrderItems></Order><ProductType>1</ProductType><PaymentType>6</PaymentType><NotifyType>1</NotifyType><ResultNotifyURL>http://cczx.ebh.net/ibuy/abcnotify.html?orderid=11125</ResultNotifyURL><MerchantRemarks>初一语文-5 月 -220.00 元</MerchantRemarks><PaymentLinkType>1</PaymentLinkType></TrxRequest></Message><Signature-Algorithm>SHA1withRSA</Signature-Algorithm><Signature>g+npvPOTQJSfiGtFa9Piu3xXr9FDV7xIkXsPKCEcGry8qXuYWbvx60K/qZBtjxGb3xwMTJ3FrqSr5xwWVwbR88Hl+VWJX19Zas644Z4IAgMpFXWbShFOHIYaHDqFWADoTehd/yJnhlIJgxmvpj2s3paPaXgKtnCtOEzjHEfqO34=</Signature></MSG>
2014/11/20-07:42:09 成功
2014/11/20-07:42:09 接受到的响应报文：
                    HTTP/1.1 200 OK
                    Date: Wed, 19 Nov 2014 23:41:47 GMT
                    Server: Microsoft-IIS/6.0
                    X-Powered-By: ASP.NET
                    X-AspNet-Version: 2.0.50727
                    Set-Cookie: ASP.NET_SessionId=ncij4y45odimgx453mitvq45; path=/; HttpOnly
                    Cache-Control: private
                    Content-Type: text/html; charset=gb2312
                    Connection: close
                    Set-Cookie: BIGipServerpool_ec_b2c=3948735242.56355.0000; path=/
                    
                    <MSG><Message><Merchant><ECMerchantType>B2C</ECMerchantType><MerchantID>233010103354A02</MerchantID></Merchant><TrxResponse><ReturnCode>0000</ReturnCode><ErrorMessage>交易成功</ErrorMessage><TrxType>PayReq</TrxType><OrderNo>11125</OrderNo><PaymentURL>https://easyabc.95599.cn/b2c/NotCheckStatus/PaymentModeUCBPAct.ebf?TOKEN=14164405075555162195</PaymentURL><OrderAmount>220</OrderAmount></TrxResponse></Message><Signature-Algorithm>SHA1withRSA</Signature-Algorithm><Signature>u/jgYQGNS76yck+O0XUdKs0KeVsY2Rfmkk0ERDb7Ntk4SkhXX/4ZL+NlwLtaAtV/0dDdIbqHrItQXE2vxJiP24/025+dEaKGxczPinJkp0L6f5lfBFNWylKGjVY9imelPvxsuEGjTPEm3HrE6mYBe10lAzvBvzvMTrG9cJLgJ5o=</Signature></MSG>
2014/11/20-07:42:09 接收报文：
2014/11/20-07:42:09 <Message><Merchant><ECMerchantType>B2C</ECMerchantType><MerchantID>233010103354A02</MerchantID></Merchant><TrxResponse><ReturnCode>0000</ReturnCode><ErrorMessage>交易成功</ErrorMessage><TrxType>PayReq</TrxType><OrderNo>11125</OrderNo><PaymentURL>https://easyabc.95599.cn/b2c/NotCheckStatus/PaymentModeUCBPAct.ebf?TOKEN=14164405075555162195</PaymentURL><OrderAmount>220</OrderAmount></TrxResponse></Message><Signature-Algorithm>SHA1withRSA</Signature-Algorithm><Signature>u/jgYQGNS76yck+O0XUdKs0KeVsY2Rfmkk0ERDb7Ntk4SkhXX/4ZL+NlwLtaAtV/0dDdIbqHrItQXE2vxJiP24/025+dEaKGxczPinJkp0L6f5lfBFNWylKGjVY9imelPvxsuEGjTPEm3HrE6mYBe10lAzvBvzvMTrG9cJLgJ5o=</Signature>
2014/11/20-07:42:09 验证网上支付平台响应报文的签名：正确
2014/11/20-07:42:09 生成交易响应对象：
2014/11/20-07:42:09 交易结果：[0000]
2014/11/20-07:42:09 错误信息：[交易成功]
2014/11/20-07:42:09 交易结束==================================================
                    
                    
                    
                    
2014/11/20-07:45:24 TrustPay Client PHP 交易开始==========================
2014/11/20-07:45:24 配置文件中商户数为2请求指定的商户配置编号为 2
2014/11/20-07:45:24 检查交易请求是否合法：正确
2014/11/20-07:45:24 交易报文
2014/11/20-07:45:24 完整交易报文：
2014/11/20-07:45:24 签名后的报文
2014/11/20-07:45:24 提交网上支付平台的报文：
                    <MSG><Message><Merchant><ECMerchantType>B2C</ECMerchantType><MerchantID>233010103354A02</MerchantID></Merchant><TrxRequest><TrxType>PayReq</TrxType><Order><OrderNo>11126</OrderNo><ExpiredDate>10</ExpiredDate><OrderAmount>220</OrderAmount><OrderDesc>开通 初一英语 服务</OrderDesc><OrderDate>2014/11/20</OrderDate><OrderTime>07:45:24</OrderTime><OrderURL>http://cczx.ebh.net/</OrderURL><BuyIP>117.147.221.220</BuyIP><OrderItems><OrderItem><ProductID>IP000001</ProductID><ProductName>开通 初一英语 服务</ProductName><UnitPrice>220</UnitPrice><Qty>1</Qty></OrderItem></OrderItems></Order><ProductType>1</ProductType><PaymentType>6</PaymentType><NotifyType>1</NotifyType><ResultNotifyURL>http://cczx.ebh.net/ibuy/abcnotify.html?orderid=11126</ResultNotifyURL><MerchantRemarks>初一英语-5 月 -220.00 元</MerchantRemarks><PaymentLinkType>1</PaymentLinkType></TrxRequest></Message><Signature-Algorithm>SHA1withRSA</Signature-Algorithm><Signature>MnzzUQiSiYwqfzl0MpNDxyUAsmR6J/uv19RYVZdf7QqX89VD4lmFy5dH4OsS7v2y59T8Ap6slUSO2QGSOJT5TDG6yeaqHO227borfEAOjgTO7+OFG3IQX5kBiNxLZZBH5kq7RiigPt7gYLRwLFxPdAMdmUEKECRoENIeqaeqjwg=</Signature></MSG>
2014/11/20-07:45:24 报文长度：1149<br>
2014/11/20-07:45:24 连线网上支付平台
2014/11/20-07:45:24 网上支付平台URL：[https://www.95599.cn/b2c/trustpay/ReceiveMerchantTrxReqServlet] 
2014/11/20-07:45:24 成功
2014/11/20-07:45:24 提交交易报文：
2014/11/20-07:45:24 <MSG><Message><Merchant><ECMerchantType>B2C</ECMerchantType><MerchantID>233010103354A02</MerchantID></Merchant><TrxRequest><TrxType>PayReq</TrxType><Order><OrderNo>11126</OrderNo><ExpiredDate>10</ExpiredDate><OrderAmount>220</OrderAmount><OrderDesc>开通 初一英语 服务</OrderDesc><OrderDate>2014/11/20</OrderDate><OrderTime>07:45:24</OrderTime><OrderURL>http://cczx.ebh.net/</OrderURL><BuyIP>117.147.221.220</BuyIP><OrderItems><OrderItem><ProductID>IP000001</ProductID><ProductName>开通 初一英语 服务</ProductName><UnitPrice>220</UnitPrice><Qty>1</Qty></OrderItem></OrderItems></Order><ProductType>1</ProductType><PaymentType>6</PaymentType><NotifyType>1</NotifyType><ResultNotifyURL>http://cczx.ebh.net/ibuy/abcnotify.html?orderid=11126</ResultNotifyURL><MerchantRemarks>初一英语-5 月 -220.00 元</MerchantRemarks><PaymentLinkType>1</PaymentLinkType></TrxRequest></Message><Signature-Algorithm>SHA1withRSA</Signature-Algorithm><Signature>MnzzUQiSiYwqfzl0MpNDxyUAsmR6J/uv19RYVZdf7QqX89VD4lmFy5dH4OsS7v2y59T8Ap6slUSO2QGSOJT5TDG6yeaqHO227borfEAOjgTO7+OFG3IQX5kBiNxLZZBH5kq7RiigPt7gYLRwLFxPdAMdmUEKECRoENIeqaeqjwg=</Signature></MSG>
2014/11/20-07:45:24 成功
2014/11/20-07:45:24 接受到的响应报文：
                    HTTP/1.1 200 OK
                    Date: Wed, 19 Nov 2014 23:45:02 GMT
                    Server: Microsoft-IIS/6.0
                    X-Powered-By: ASP.NET
                    X-AspNet-Version: 2.0.50727
                    Set-Cookie: ASP.NET_SessionId=nqwrm555ayunwl45jrnhbb55; path=/; HttpOnly
                    Cache-Control: private
                    Content-Type: text/html; charset=gb2312
                    Connection: close
                    Set-Cookie: BIGipServerpool_ec_b2c=1046801162.56611.0000; path=/
                    
                    <MSG><Message><Merchant><ECMerchantType>B2C</ECMerchantType><MerchantID>233010103354A02</MerchantID></Merchant><TrxResponse><ReturnCode>0000</ReturnCode><ErrorMessage>交易成功</ErrorMessage><TrxType>PayReq</TrxType><OrderNo>11126</OrderNo><PaymentURL>https://easyabc.95599.cn/b2c/NotCheckStatus/PaymentModeUCBPAct.ebf?TOKEN=14164407026576092685</PaymentURL><OrderAmount>220</OrderAmount></TrxResponse></Message><Signature-Algorithm>SHA1withRSA</Signature-Algorithm><Signature>d+vOMaPr3NXb7paUBU0WLw5KptKEMzGQDSrlfffNCD7hAPi67Y8R/cGUbu5nYkFemy6OoWLVZ0KyGcYZrCk36+D3NeFVv3tPyeBv6g3sLJFGiEzuoVR8UdPoHVPiFHlUndvIdTcJqJaQuyAgIcwd1WX9l5kX92XPX6RI6XXBmhs=</Signature></MSG>
2014/11/20-07:45:24 接收报文：
2014/11/20-07:45:24 <Message><Merchant><ECMerchantType>B2C</ECMerchantType><MerchantID>233010103354A02</MerchantID></Merchant><TrxResponse><ReturnCode>0000</ReturnCode><ErrorMessage>交易成功</ErrorMessage><TrxType>PayReq</TrxType><OrderNo>11126</OrderNo><PaymentURL>https://easyabc.95599.cn/b2c/NotCheckStatus/PaymentModeUCBPAct.ebf?TOKEN=14164407026576092685</PaymentURL><OrderAmount>220</OrderAmount></TrxResponse></Message><Signature-Algorithm>SHA1withRSA</Signature-Algorithm><Signature>d+vOMaPr3NXb7paUBU0WLw5KptKEMzGQDSrlfffNCD7hAPi67Y8R/cGUbu5nYkFemy6OoWLVZ0KyGcYZrCk36+D3NeFVv3tPyeBv6g3sLJFGiEzuoVR8UdPoHVPiFHlUndvIdTcJqJaQuyAgIcwd1WX9l5kX92XPX6RI6XXBmhs=</Signature>
2014/11/20-07:45:24 验证网上支付平台响应报文的签名：正确
2014/11/20-07:45:24 生成交易响应对象：
2014/11/20-07:45:24 交易结果：[0000]
2014/11/20-07:45:24 错误信息：[交易成功]
2014/11/20-07:45:24 交易结束==================================================
                    
                    
                    
                    
2014/11/20-20:23:25 TrustPay Client PHP 交易开始==========================
2014/11/20-20:23:25 配置文件中商户数为2请求指定的商户配置编号为 2
2014/11/20-20:23:25 检查交易请求是否合法：正确
2014/11/20-20:23:25 交易报文
2014/11/20-20:23:25 完整交易报文：
2014/11/20-20:23:25 签名后的报文
2014/11/20-20:23:25 提交网上支付平台的报文：
                    <MSG><Message><Merchant><ECMerchantType>B2C</ECMerchantType><MerchantID>233010103354A02</MerchantID></Merchant><TrxRequest><TrxType>PayReq</TrxType><Order><OrderNo>11130</OrderNo><ExpiredDate>10</ExpiredDate><OrderAmount>192</OrderAmount><OrderDesc>开通 初一科学 服务</OrderDesc><OrderDate>2014/11/20</OrderDate><OrderTime>20:23:25</OrderTime><OrderURL>http://jsez.ebh.net/</OrderURL><BuyIP>183.248.93.145</BuyIP><OrderItems><OrderItem><ProductID>IP000001</ProductID><ProductName>开通 初一科学 服务</ProductName><UnitPrice>192</UnitPrice><Qty>1</Qty></OrderItem></OrderItems></Order><ProductType>1</ProductType><PaymentType>6</PaymentType><NotifyType>1</NotifyType><ResultNotifyURL>http://jsez.ebh.net/ibuy/abcnotify.html?orderid=11130</ResultNotifyURL><MerchantRemarks>初一科学-5 月 -192.00 元</MerchantRemarks><PaymentLinkType>1</PaymentLinkType></TrxRequest></Message><Signature-Algorithm>SHA1withRSA</Signature-Algorithm><Signature>cC/VacS3OED9LVJo9Si0/2HKvxVf/gm46mw/dVBIh0qw6Yd3KLwZu/YvsSwpxdRprigmkVGqG9C1iEFdE2N1rrkuHPG4//0XzQAeEjp5CVjpmYyZHCqhOYJ6pMtfMwGbFtbWOLkflfz6jD855odElHiQqpNhK1uAD8fQE2kE/OE=</Signature></MSG>
2014/11/20-20:23:25 报文长度：1148<br>
2014/11/20-20:23:25 连线网上支付平台
2014/11/20-20:23:25 网上支付平台URL：[https://www.95599.cn/b2c/trustpay/ReceiveMerchantTrxReqServlet] 
2014/11/20-20:23:25 成功
2014/11/20-20:23:25 提交交易报文：
2014/11/20-20:23:25 <MSG><Message><Merchant><ECMerchantType>B2C</ECMerchantType><MerchantID>233010103354A02</MerchantID></Merchant><TrxRequest><TrxType>PayReq</TrxType><Order><OrderNo>11130</OrderNo><ExpiredDate>10</ExpiredDate><OrderAmount>192</OrderAmount><OrderDesc>开通 初一科学 服务</OrderDesc><OrderDate>2014/11/20</OrderDate><OrderTime>20:23:25</OrderTime><OrderURL>http://jsez.ebh.net/</OrderURL><BuyIP>183.248.93.145</BuyIP><OrderItems><OrderItem><ProductID>IP000001</ProductID><ProductName>开通 初一科学 服务</ProductName><UnitPrice>192</UnitPrice><Qty>1</Qty></OrderItem></OrderItems></Order><ProductType>1</ProductType><PaymentType>6</PaymentType><NotifyType>1</NotifyType><ResultNotifyURL>http://jsez.ebh.net/ibuy/abcnotify.html?orderid=11130</ResultNotifyURL><MerchantRemarks>初一科学-5 月 -192.00 元</MerchantRemarks><PaymentLinkType>1</PaymentLinkType></TrxRequest></Message><Signature-Algorithm>SHA1withRSA</Signature-Algorithm><Signature>cC/VacS3OED9LVJo9Si0/2HKvxVf/gm46mw/dVBIh0qw6Yd3KLwZu/YvsSwpxdRprigmkVGqG9C1iEFdE2N1rrkuHPG4//0XzQAeEjp5CVjpmYyZHCqhOYJ6pMtfMwGbFtbWOLkflfz6jD855odElHiQqpNhK1uAD8fQE2kE/OE=</Signature></MSG>
2014/11/20-20:23:25 成功
2014/11/20-20:23:25 接受到的响应报文：
                    HTTP/1.1 200 OK
                    Date: Thu, 20 Nov 2014 12:23:03 GMT
                    Server: Microsoft-IIS/6.0
                    X-Powered-By: ASP.NET
                    X-AspNet-Version: 2.0.50727
                    Set-Cookie: ASP.NET_SessionId=i04m1k4534ruumr2wbbxal45; path=/; HttpOnly
                    Cache-Control: private
                    Content-Type: text/html; charset=gb2312
                    Connection: close
                    Set-Cookie: BIGipServerpool_ec_b2c=912583434.56867.0000; path=/
                    
                    <MSG><Message><Merchant><ECMerchantType>B2C</ECMerchantType><MerchantID>233010103354A02</MerchantID></Merchant><TrxResponse><ReturnCode>0000</ReturnCode><ErrorMessage>交易成功</ErrorMessage><TrxType>PayReq</TrxType><OrderNo>11130</OrderNo><PaymentURL>https://easyabc.95599.cn/b2c/NotCheckStatus/PaymentModeUCBPAct.ebf?TOKEN=14164861835288452458</PaymentURL><OrderAmount>192</OrderAmount></TrxResponse></Message><Signature-Algorithm>SHA1withRSA</Signature-Algorithm><Signature>zohc1etOBKzJmc8FPvRNEwfz/nNFVXsMfZfNIVtJcdaRjsqyuDU56i/cdV6ieAhx0HgyVfEb7kPbsXlFOGQ24K2n5ExWMs0nY38x2PyoSyJyO0E8/LKbWB99NRjYpYEzZop6D7NbFMtzyeZk3SCBvHHLlygj89P/HmS9l45eeK8=</Signature></MSG>
2014/11/20-20:23:25 接收报文：
2014/11/20-20:23:25 <Message><Merchant><ECMerchantType>B2C</ECMerchantType><MerchantID>233010103354A02</MerchantID></Merchant><TrxResponse><ReturnCode>0000</ReturnCode><ErrorMessage>交易成功</ErrorMessage><TrxType>PayReq</TrxType><OrderNo>11130</OrderNo><PaymentURL>https://easyabc.95599.cn/b2c/NotCheckStatus/PaymentModeUCBPAct.ebf?TOKEN=14164861835288452458</PaymentURL><OrderAmount>192</OrderAmount></TrxResponse></Message><Signature-Algorithm>SHA1withRSA</Signature-Algorithm><Signature>zohc1etOBKzJmc8FPvRNEwfz/nNFVXsMfZfNIVtJcdaRjsqyuDU56i/cdV6ieAhx0HgyVfEb7kPbsXlFOGQ24K2n5ExWMs0nY38x2PyoSyJyO0E8/LKbWB99NRjYpYEzZop6D7NbFMtzyeZk3SCBvHHLlygj89P/HmS9l45eeK8=</Signature>
2014/11/20-20:23:25 验证网上支付平台响应报文的签名：正确
2014/11/20-20:23:25 生成交易响应对象：
2014/11/20-20:23:25 交易结果：[0000]
2014/11/20-20:23:25 错误信息：[交易成功]
2014/11/20-20:23:25 交易结束==================================================
                    
                    
                    
                    
2014/11/20-20:39:28 TrustPay Client PHP 交易开始==========================
2014/11/20-20:39:28 配置文件中商户数为2请求指定的商户配置编号为 1
2014/11/20-20:39:28 检查交易请求是否合法：正确
2014/11/20-20:39:28 交易报文
2014/11/20-20:39:28 完整交易报文：
2014/11/20-20:39:28 签名后的报文
2014/11/20-20:39:28 提交网上支付平台的报文：
                    <MSG><Message><Merchant><ECMerchantType>B2C</ECMerchantType><MerchantID>233010103354A01</MerchantID></Merchant><TrxRequest><TrxType>PayReq</TrxType><Order><OrderNo>11131</OrderNo><ExpiredDate>10</ExpiredDate><OrderAmount>220</OrderAmount><OrderDesc>开通 初一数学 服务</OrderDesc><OrderDate>2014/11/20</OrderDate><OrderTime>20:39:28</OrderTime><OrderURL>http://cczx.ebh.net/</OrderURL><BuyIP>125.127.190.120</BuyIP><OrderItems><OrderItem><ProductID>IP000001</ProductID><ProductName>开通 初一数学 服务</ProductName><UnitPrice>220</UnitPrice><Qty>1</Qty></OrderItem></OrderItems></Order><ProductType>1</ProductType><PaymentType>1</PaymentType><NotifyType>1</NotifyType><ResultNotifyURL>http://cczx.ebh.net/ibuy/abcnotify.html?orderid=11131</ResultNotifyURL><MerchantRemarks>初一数学-5 月 -220.00 元</MerchantRemarks><PaymentLinkType>1</PaymentLinkType></TrxRequest></Message><Signature-Algorithm>SHA1withRSA</Signature-Algorithm><Signature>C3/reh3hzPq3f5PGRpUgrNHgB8WrLz65VN+TGkD4uk5UMjdKReoTrQmddO8Y9Z69gTs/lbyQWeh1efpMRItOI8+PwmmgF+LeUmPr3JZOo5vFnvWE60l1qRcYKPQfdWKf1+0RqZhPWAGlXwvPv5nExj3K6l2VozPAQ4nQu1XOZZQ=</Signature></MSG>
2014/11/20-20:39:28 报文长度：1149<br>
2014/11/20-20:39:28 连线网上支付平台
2014/11/20-20:39:28 网上支付平台URL：[https://www.95599.cn/b2c/trustpay/ReceiveMerchantTrxReqServlet] 
2014/11/20-20:39:28 成功
2014/11/20-20:39:28 提交交易报文：
2014/11/20-20:39:28 <MSG><Message><Merchant><ECMerchantType>B2C</ECMerchantType><MerchantID>233010103354A01</MerchantID></Merchant><TrxRequest><TrxType>PayReq</TrxType><Order><OrderNo>11131</OrderNo><ExpiredDate>10</ExpiredDate><OrderAmount>220</OrderAmount><OrderDesc>开通 初一数学 服务</OrderDesc><OrderDate>2014/11/20</OrderDate><OrderTime>20:39:28</OrderTime><OrderURL>http://cczx.ebh.net/</OrderURL><BuyIP>125.127.190.120</BuyIP><OrderItems><OrderItem><ProductID>IP000001</ProductID><ProductName>开通 初一数学 服务</ProductName><UnitPrice>220</UnitPrice><Qty>1</Qty></OrderItem></OrderItems></Order><ProductType>1</ProductType><PaymentType>1</PaymentType><NotifyType>1</NotifyType><ResultNotifyURL>http://cczx.ebh.net/ibuy/abcnotify.html?orderid=11131</ResultNotifyURL><MerchantRemarks>初一数学-5 月 -220.00 元</MerchantRemarks><PaymentLinkType>1</PaymentLinkType></TrxRequest></Message><Signature-Algorithm>SHA1withRSA</Signature-Algorithm><Signature>C3/reh3hzPq3f5PGRpUgrNHgB8WrLz65VN+TGkD4uk5UMjdKReoTrQmddO8Y9Z69gTs/lbyQWeh1efpMRItOI8+PwmmgF+LeUmPr3JZOo5vFnvWE60l1qRcYKPQfdWKf1+0RqZhPWAGlXwvPv5nExj3K6l2VozPAQ4nQu1XOZZQ=</Signature></MSG>
2014/11/20-20:39:28 成功
2014/11/20-20:39:28 接受到的响应报文：
                    HTTP/1.1 200 OK
                    Date: Thu, 20 Nov 2014 12:39:06 GMT
                    Server: Microsoft-IIS/6.0
                    X-Powered-By: ASP.NET
                    X-AspNet-Version: 2.0.50727
                    Set-Cookie: ASP.NET_SessionId=rj3yn055copbjnjsfh50edm4; path=/; HttpOnly
                    Cache-Control: private
                    Content-Type: text/html; charset=gb2312
                    Connection: close
                    Set-Cookie: BIGipServerpool_ec_b2c=962915082.56611.0000; path=/
                    
                    <MSG><Message><Merchant><ECMerchantType>B2C</ECMerchantType><MerchantID>233010103354A01</MerchantID></Merchant><TrxResponse><ReturnCode>0000</ReturnCode><ErrorMessage>交易成功</ErrorMessage><TrxType>PayReq</TrxType><OrderNo>11131</OrderNo><PaymentURL>https://easyabc.95599.cn/b2c/NotCheckStatus/PaymentModeNewAct.ebf?TOKEN=14164871460442278439</PaymentURL><OrderAmount>220</OrderAmount></TrxResponse></Message><Signature-Algorithm>SHA1withRSA</Signature-Algorithm><Signature>9KQnpuFl1VlCi5Qqmo79wld1JlPenNmejKbNSloNwSwPtmMUe2MJqJyj6PsOBhC/1P8uYKW60Q4dHOEZeCYNAabVL6F0kdQkUmPPSeZRp6Js2JlSui48ykks/szfglV1QmbxrIUZKj2RdGv5s3WkXnTmQ9pWEIgd2t3l+xVZeBY=</Signature></MSG>
2014/11/20-20:39:28 接收报文：
2014/11/20-20:39:28 <Message><Merchant><ECMerchantType>B2C</ECMerchantType><MerchantID>233010103354A01</MerchantID></Merchant><TrxResponse><ReturnCode>0000</ReturnCode><ErrorMessage>交易成功</ErrorMessage><TrxType>PayReq</TrxType><OrderNo>11131</OrderNo><PaymentURL>https://easyabc.95599.cn/b2c/NotCheckStatus/PaymentModeNewAct.ebf?TOKEN=14164871460442278439</PaymentURL><OrderAmount>220</OrderAmount></TrxResponse></Message><Signature-Algorithm>SHA1withRSA</Signature-Algorithm><Signature>9KQnpuFl1VlCi5Qqmo79wld1JlPenNmejKbNSloNwSwPtmMUe2MJqJyj6PsOBhC/1P8uYKW60Q4dHOEZeCYNAabVL6F0kdQkUmPPSeZRp6Js2JlSui48ykks/szfglV1QmbxrIUZKj2RdGv5s3WkXnTmQ9pWEIgd2t3l+xVZeBY=</Signature>
2014/11/20-20:39:28 验证网上支付平台响应报文的签名：正确
2014/11/20-20:39:28 生成交易响应对象：
2014/11/20-20:39:28 交易结果：[0000]
2014/11/20-20:39:28 错误信息：[交易成功]
2014/11/20-20:39:28 交易结束==================================================
                    
                    
                    
                    