
2014/10/09-07:09:14 TrustPay Client PHP 交易开始==========================
2014/10/09-07:09:14 配置文件中商户数为2请求指定的商户配置编号为 2
2014/10/09-07:09:14 检查交易请求是否合法：正确
2014/10/09-07:09:14 交易报文
2014/10/09-07:09:14 完整交易报文：
2014/10/09-07:09:14 签名后的报文
2014/10/09-07:09:14 提交网上支付平台的报文：
                    <MSG><Message><Merchant><ECMerchantType>B2C</ECMerchantType><MerchantID>233010103354A02</MerchantID></Merchant><TrxRequest><TrxType>PayReq</TrxType><Order><OrderNo>9881</OrderNo><ExpiredDate>10</ExpiredDate><OrderAmount>130</OrderAmount><OrderDesc>开通 高一语文（上） 服务</OrderDesc><OrderDate>2014/10/09</OrderDate><OrderTime>07:09:14</OrderTime><OrderURL>http://rqzx.ebanhui.com/</OrderURL><BuyIP>101.68.8.73</BuyIP><OrderItems><OrderItem><ProductID>IP000001</ProductID><ProductName>开通 高一语文（上） 服务</ProductName><UnitPrice>130</UnitPrice><Qty>1</Qty></OrderItem></OrderItems></Order><ProductType>1</ProductType><PaymentType>6</PaymentType><NotifyType>1</NotifyType><ResultNotifyURL>http://rqzx.ebanhui.com/ibuy/abcnotify.html?orderid=9881</ResultNotifyURL><MerchantRemarks>高一语文（上）-5 月 -130.00 元</MerchantRemarks><PaymentLinkType>1</PaymentLinkType></TrxRequest></Message><Signature-Algorithm>SHA1withRSA</Signature-Algorithm><Signature>ZEgZEYyzVqZSIWJOEWe7J/ppzFSfoCx8XvTj0MhY6+04esgAybUIVsnCZB55IBb7NkJj58amSgfVrk+ccgrA03p0dY8mmaE9QIgvs4W0F4jCkri6U4SGX/Mrq/9PdWBxa9a0L1Us1IkHTtvSxoCs3+YwTxDR81ag5WgtWtIfE5c=</Signature></MSG>
2014/10/09-07:09:14 报文长度：1178<br>
2014/10/09-07:09:14 连线网上支付平台
2014/10/09-07:09:14 网上支付平台URL：[https://www.95599.cn/b2c/trustpay/ReceiveMerchantTrxReqServlet] 
2014/10/09-07:09:14 成功
2014/10/09-07:09:14 提交交易报文：
2014/10/09-07:09:14 <MSG><Message><Merchant><ECMerchantType>B2C</ECMerchantType><MerchantID>233010103354A02</MerchantID></Merchant><TrxRequest><TrxType>PayReq</TrxType><Order><OrderNo>9881</OrderNo><ExpiredDate>10</ExpiredDate><OrderAmount>130</OrderAmount><OrderDesc>开通 高一语文（上） 服务</OrderDesc><OrderDate>2014/10/09</OrderDate><OrderTime>07:09:14</OrderTime><OrderURL>http://rqzx.ebanhui.com/</OrderURL><BuyIP>101.68.8.73</BuyIP><OrderItems><OrderItem><ProductID>IP000001</ProductID><ProductName>开通 高一语文（上） 服务</ProductName><UnitPrice>130</UnitPrice><Qty>1</Qty></OrderItem></OrderItems></Order><ProductType>1</ProductType><PaymentType>6</PaymentType><NotifyType>1</NotifyType><ResultNotifyURL>http://rqzx.ebanhui.com/ibuy/abcnotify.html?orderid=9881</ResultNotifyURL><MerchantRemarks>高一语文（上）-5 月 -130.00 元</MerchantRemarks><PaymentLinkType>1</PaymentLinkType></TrxRequest></Message><Signature-Algorithm>SHA1withRSA</Signature-Algorithm><Signature>ZEgZEYyzVqZSIWJOEWe7J/ppzFSfoCx8XvTj0MhY6+04esgAybUIVsnCZB55IBb7NkJj58amSgfVrk+ccgrA03p0dY8mmaE9QIgvs4W0F4jCkri6U4SGX/Mrq/9PdWBxa9a0L1Us1IkHTtvSxoCs3+YwTxDR81ag5WgtWtIfE5c=</Signature></MSG>
2014/10/09-07:09:14 成功
2014/10/09-07:09:14 接受到的响应报文：
                    HTTP/1.1 200 OK
                    Date: Wed, 08 Oct 2014 23:09:03 GMT
                    Server: Microsoft-IIS/6.0
                    X-Powered-By: ASP.NET
                    X-AspNet-Version: 2.0.50727
                    Set-Cookie: ASP.NET_SessionId=asks0d45fia20ymycxrhn2j5; path=/; HttpOnly
                    Cache-Control: private
                    Content-Type: text/html; charset=gb2312
                    Connection: close
                    Set-Cookie: BIGipServerpool_ec_b2c=3915180810.56611.0000; path=/
                    
                    <MSG><Message><Merchant><ECMerchantType>B2C</ECMerchantType><MerchantID>233010103354A02</MerchantID></Merchant><TrxResponse><ReturnCode>0000</ReturnCode><ErrorMessage>交易成功</ErrorMessage><TrxType>PayReq</TrxType><OrderNo>9881</OrderNo><PaymentURL>https://easyabc.95599.cn/b2c/NotCheckStatus/PaymentModeUCBPAct.ebf?TOKEN=14128097434610332640</PaymentURL><OrderAmount>130</OrderAmount></TrxResponse></Message><Signature-Algorithm>SHA1withRSA</Signature-Algorithm><Signature>nRkHvHmUFuOT7JO10hwXQpG6zTq2TUU5Ohyb/mY4CstfvdTT3RYMX3bqbzUZWN+6RYnDCAxCDxS1G4hi6+JFsTt7K4ox+1MyUpNKgxplvjHWwvcRaYhMktHpPFChLF+79yo0BTBrSfnA7O5/EaGEOVK7STZZSyABgclWwMjL/tA=</Signature></MSG>
2014/10/09-07:09:14 接收报文：
2014/10/09-07:09:14 <Message><Merchant><ECMerchantType>B2C</ECMerchantType><MerchantID>233010103354A02</MerchantID></Merchant><TrxResponse><ReturnCode>0000</ReturnCode><ErrorMessage>交易成功</ErrorMessage><TrxType>PayReq</TrxType><OrderNo>9881</OrderNo><PaymentURL>https://easyabc.95599.cn/b2c/NotCheckStatus/PaymentModeUCBPAct.ebf?TOKEN=14128097434610332640</PaymentURL><OrderAmount>130</OrderAmount></TrxResponse></Message><Signature-Algorithm>SHA1withRSA</Signature-Algorithm><Signature>nRkHvHmUFuOT7JO10hwXQpG6zTq2TUU5Ohyb/mY4CstfvdTT3RYMX3bqbzUZWN+6RYnDCAxCDxS1G4hi6+JFsTt7K4ox+1MyUpNKgxplvjHWwvcRaYhMktHpPFChLF+79yo0BTBrSfnA7O5/EaGEOVK7STZZSyABgclWwMjL/tA=</Signature>
2014/10/09-07:09:14 验证网上支付平台响应报文的签名：正确
2014/10/09-07:09:14 生成交易响应对象：
2014/10/09-07:09:14 交易结果：[0000]
2014/10/09-07:09:14 错误信息：[交易成功]
2014/10/09-07:09:14 交易结束==================================================
                    
                    
                    
                    