
2014/09/01-16:42:46 TrustPay Client PHP 交易开始==========================
2014/09/01-16:42:46 配置文件中商户数为2请求指定的商户配置编号为 2
2014/09/01-16:42:46 检查交易请求是否合法：正确
2014/09/01-16:42:46 交易报文
2014/09/01-16:42:46 完整交易报文：
2014/09/01-16:42:46 签名后的报文
2014/09/01-16:42:46 提交网上支付平台的报文：
                    <MSG><Message><Merchant><ECMerchantType>B2C</ECMerchantType><MerchantID>233010103354A02</MerchantID></Merchant><TrxRequest><TrxType>PayReq</TrxType><Order><OrderNo>7443</OrderNo><ExpiredDate>10</ExpiredDate><OrderAmount>200</OrderAmount><OrderDesc>开通e板会 上虞新高一数学衔接课堂 服务</OrderDesc><OrderDate>2014/09/01</OrderDate><OrderTime>16:42:46</OrderTime><OrderURL>http://sx.sy.ebanhui.com</OrderURL><BuyIP>218.108.86.250</BuyIP><OrderItems><OrderItem><ProductID>IP000001</ProductID><ProductName>开通e板会 上虞新高一数学衔接课堂 服务</ProductName><UnitPrice>200</UnitPrice><Qty>1</Qty></OrderItem></OrderItems></Order><ProductType>1</ProductType><PaymentType>6</PaymentType><NotifyType>1</NotifyType><ResultNotifyURL>http://sx.sy.ebanhui.com/classactive/abcnotify.html</ResultNotifyURL><MerchantRemarks>e板会</MerchantRemarks><PaymentLinkType>1</PaymentLinkType></TrxRequest></Message><Signature-Algorithm>SHA1withRSA</Signature-Algorithm><Signature>gXnJ8snKjJNuN049k4OkvWddeIy90b4IKKrjoTVOZ7PPCucH83t20CvAMez6Ug/ewcDgrN5E/uCU6LjvJTQvA3eP2oY6WeOOXpRJYyZldHO1ZBxChio5F7snEX8pw3LCEcXi9QRS0OcQO3KzdpW8DokvP4SrN7Gp2J9F8pBhlEo=</Signature></MSG>
2014/09/01-16:42:46 报文长度：1182<br>
2014/09/01-16:42:46 连线网上支付平台
2014/09/01-16:42:46 网上支付平台URL：[https://www.95599.cn/b2c/trustpay/ReceiveMerchantTrxReqServlet] 
2014/09/01-16:42:46 成功
2014/09/01-16:42:46 提交交易报文：
2014/09/01-16:42:46 <MSG><Message><Merchant><ECMerchantType>B2C</ECMerchantType><MerchantID>233010103354A02</MerchantID></Merchant><TrxRequest><TrxType>PayReq</TrxType><Order><OrderNo>7443</OrderNo><ExpiredDate>10</ExpiredDate><OrderAmount>200</OrderAmount><OrderDesc>开通e板会 上虞新高一数学衔接课堂 服务</OrderDesc><OrderDate>2014/09/01</OrderDate><OrderTime>16:42:46</OrderTime><OrderURL>http://sx.sy.ebanhui.com</OrderURL><BuyIP>218.108.86.250</BuyIP><OrderItems><OrderItem><ProductID>IP000001</ProductID><ProductName>开通e板会 上虞新高一数学衔接课堂 服务</ProductName><UnitPrice>200</UnitPrice><Qty>1</Qty></OrderItem></OrderItems></Order><ProductType>1</ProductType><PaymentType>6</PaymentType><NotifyType>1</NotifyType><ResultNotifyURL>http://sx.sy.ebanhui.com/classactive/abcnotify.html</ResultNotifyURL><MerchantRemarks>e板会</MerchantRemarks><PaymentLinkType>1</PaymentLinkType></TrxRequest></Message><Signature-Algorithm>SHA1withRSA</Signature-Algorithm><Signature>gXnJ8snKjJNuN049k4OkvWddeIy90b4IKKrjoTVOZ7PPCucH83t20CvAMez6Ug/ewcDgrN5E/uCU6LjvJTQvA3eP2oY6WeOOXpRJYyZldHO1ZBxChio5F7snEX8pw3LCEcXi9QRS0OcQO3KzdpW8DokvP4SrN7Gp2J9F8pBhlEo=</Signature></MSG>
2014/09/01-16:42:46 成功
2014/09/01-16:42:46 接受到的响应报文：
                    HTTP/1.1 200 OK
                    Date: Mon, 01 Sep 2014 08:41:41 GMT
                    Server: Microsoft-IIS/6.0
                    X-AspNet-Version: 2.0.50727
                    Set-Cookie: ASP.NET_SessionId=ymuoj245u3pqrdj5kzhcur55; path=/; HttpOnly
                    Cache-Control: private
                    Content-Type: text/html; charset=gb2312
                    Connection: close
                    Set-Cookie: BIGipServerpool_ec_b2c=1063578378.56355.0000; path=/
                    
                    <MSG><Message><Merchant><ECMerchantType>B2C</ECMerchantType><MerchantID>233010103354A02</MerchantID></Merchant><TrxResponse><ReturnCode>0000</ReturnCode><ErrorMessage>交易成功</ErrorMessage><TrxType>PayReq</TrxType><OrderNo>7443</OrderNo><PaymentURL>https://easyabc.95599.cn/b2c/NotCheckStatus/PaymentModeUCBPAct.ebf?TOKEN=14095609010784884957</PaymentURL><OrderAmount>200</OrderAmount></TrxResponse></Message><Signature-Algorithm>SHA1withRSA</Signature-Algorithm><Signature>1OBc9l1hp95sSs9aVlfrJco5fM2UgthY14owgMk2SCssCCEd8Fp18FOoHhXEg5cRCtsxG2ZDXf0zJ8d0PHHKiHYsZtJYdurYzXBq6dCrbTV5CvqPIQocSGnHc44PZzPNJOvzwzUd7yBkOu/2r/RqiHlgpVeW7d/qxLxMnpB6ErY=</Signature></MSG>
2014/09/01-16:42:46 接收报文：
2014/09/01-16:42:46 <Message><Merchant><ECMerchantType>B2C</ECMerchantType><MerchantID>233010103354A02</MerchantID></Merchant><TrxResponse><ReturnCode>0000</ReturnCode><ErrorMessage>交易成功</ErrorMessage><TrxType>PayReq</TrxType><OrderNo>7443</OrderNo><PaymentURL>https://easyabc.95599.cn/b2c/NotCheckStatus/PaymentModeUCBPAct.ebf?TOKEN=14095609010784884957</PaymentURL><OrderAmount>200</OrderAmount></TrxResponse></Message><Signature-Algorithm>SHA1withRSA</Signature-Algorithm><Signature>1OBc9l1hp95sSs9aVlfrJco5fM2UgthY14owgMk2SCssCCEd8Fp18FOoHhXEg5cRCtsxG2ZDXf0zJ8d0PHHKiHYsZtJYdurYzXBq6dCrbTV5CvqPIQocSGnHc44PZzPNJOvzwzUd7yBkOu/2r/RqiHlgpVeW7d/qxLxMnpB6ErY=</Signature>
2014/09/01-16:42:46 验证网上支付平台响应报文的签名：正确
2014/09/01-16:42:46 生成交易响应对象：
2014/09/01-16:42:46 交易结果：[0000]
2014/09/01-16:42:46 错误信息：[交易成功]
2014/09/01-16:42:46 交易结束==================================================
                    
                    
                    
                    
2014/09/01-19:15:15 TrustPay Client PHP 交易开始==========================
2014/09/01-19:15:15 配置文件中商户数为2请求指定的商户配置编号为 2
2014/09/01-19:15:15 检查交易请求是否合法：
2014/09/01-19:15:15 1101]    错误信息：[商户提交的交易资料不合法 - 订单信息不合法！]
2014/09/01-19:15:15 交易结束==================================================
                    
                    
                    
                    
2014/09/01-19:16:48 TrustPay Client PHP 交易开始==========================
2014/09/01-19:16:48 配置文件中商户数为2请求指定的商户配置编号为 2
2014/09/01-19:16:48 检查交易请求是否合法：
2014/09/01-19:16:48 1101]    错误信息：[商户提交的交易资料不合法 - 订单信息不合法！]
2014/09/01-19:16:48 交易结束==================================================
                    
                    
                    
                    