
2014/08/14-16:11:04 TrustPay Client PHP 交易开始==========================
2014/08/14-16:11:04 配置文件中商户数为2请求指定的商户配置编号为 1
2014/08/14-16:11:04 检查交易请求是否合法：正确
2014/08/14-16:11:04 交易报文
2014/08/14-16:11:04 完整交易报文：
2014/08/14-16:11:04 签名后的报文
2014/08/14-16:11:04 提交网上支付平台的报文：
                    <MSG><Message><Merchant><ECMerchantType>B2C</ECMerchantType><MerchantID>233010103354A01</MerchantID></Merchant><TrxRequest><TrxType>PayReq</TrxType><Order><OrderNo>2873</OrderNo><ExpiredDate>10</ExpiredDate><OrderAmount>0.01</OrderAmount><OrderDesc>开通e板会 上虞新高一数学衔接课 服务</OrderDesc><OrderDate>2014/08/14</OrderDate><OrderTime>16:11:04</OrderTime><OrderURL>http://svn1.ebanhui.com</OrderURL><BuyIP>192.168.0.1</BuyIP><OrderItems><OrderItem><ProductID>IP000001</ProductID><ProductName>开通e板会 上虞新高一数学衔接课 服务</ProductName><UnitPrice>0.01</UnitPrice><Qty>1</Qty></OrderItem></OrderItems></Order><ProductType>1</ProductType><PaymentType>1</PaymentType><NotifyType>1</NotifyType><ResultNotifyURL>http://svn1.ebanhui.com/classactive/abcnotify.html</ResultNotifyURL><MerchantRemarks>e板会</MerchantRemarks><PaymentLinkType>1</PaymentLinkType></TrxRequest></Message><Signature-Algorithm>SHA1withRSA</Signature-Algorithm><Signature>OP4aypwfHv9+nOO5R6+y/lM7Z/11s8Gzsecj/6PzBvdYCVDp4HmWBibFHJmRPCTTvX8UPDYS5damYXR7x0tVaAtokKbfkhJSokLoSMKj2YpCSmJKL3MRePNxVUAG5RsFGY7NnNzdpeihKg449zd4UfU8OjQUnhB5t0tyLAPyveI=</Signature></MSG>
2014/08/14-16:11:04 报文长度：1173<br>
2014/08/14-16:11:04 连线网上支付平台
2014/08/14-16:11:04 网上支付平台URL：[https://www.95599.cn/b2c/trustpay/ReceiveMerchantTrxReqServlet] 
2014/08/14-16:11:04 成功
2014/08/14-16:11:04 提交交易报文：
2014/08/14-16:11:04 <MSG><Message><Merchant><ECMerchantType>B2C</ECMerchantType><MerchantID>233010103354A01</MerchantID></Merchant><TrxRequest><TrxType>PayReq</TrxType><Order><OrderNo>2873</OrderNo><ExpiredDate>10</ExpiredDate><OrderAmount>0.01</OrderAmount><OrderDesc>开通e板会 上虞新高一数学衔接课 服务</OrderDesc><OrderDate>2014/08/14</OrderDate><OrderTime>16:11:04</OrderTime><OrderURL>http://svn1.ebanhui.com</OrderURL><BuyIP>192.168.0.1</BuyIP><OrderItems><OrderItem><ProductID>IP000001</ProductID><ProductName>开通e板会 上虞新高一数学衔接课 服务</ProductName><UnitPrice>0.01</UnitPrice><Qty>1</Qty></OrderItem></OrderItems></Order><ProductType>1</ProductType><PaymentType>1</PaymentType><NotifyType>1</NotifyType><ResultNotifyURL>http://svn1.ebanhui.com/classactive/abcnotify.html</ResultNotifyURL><MerchantRemarks>e板会</MerchantRemarks><PaymentLinkType>1</PaymentLinkType></TrxRequest></Message><Signature-Algorithm>SHA1withRSA</Signature-Algorithm><Signature>OP4aypwfHv9+nOO5R6+y/lM7Z/11s8Gzsecj/6PzBvdYCVDp4HmWBibFHJmRPCTTvX8UPDYS5damYXR7x0tVaAtokKbfkhJSokLoSMKj2YpCSmJKL3MRePNxVUAG5RsFGY7NnNzdpeihKg449zd4UfU8OjQUnhB5t0tyLAPyveI=</Signature></MSG>
2014/08/14-16:11:05 成功
2014/08/14-16:11:05 接受到的响应报文：
                    HTTP/1.1 200 OK
                    Date: Thu, 14 Aug 2014 08:10:42 GMT
                    Server: Microsoft-IIS/6.0
                    X-AspNet-Version: 2.0.50727
                    Set-Cookie: ASP.NET_SessionId=v1lt2o452jxnxbnajnopt455; path=/; HttpOnly
                    Cache-Control: private
                    Content-Type: text/html; charset=gb2312
                    Connection: close
                    Set-Cookie: BIGipServerpool_ec_b2c=1063578378.56867.0000; path=/
                    
                    <MSG><Message><Merchant><ECMerchantType>B2C</ECMerchantType><MerchantID>233010103354A01</MerchantID></Merchant><TrxResponse><ReturnCode>0000</ReturnCode><ErrorMessage>交易成功</ErrorMessage><TrxType>PayReq</TrxType><OrderNo>2873</OrderNo><PaymentURL>https://easyabc.95599.cn/b2c/NotCheckStatus/PaymentModeNewAct.ebf?TOKEN=14080038426460131961</PaymentURL><OrderAmount>0.01</OrderAmount></TrxResponse></Message><Signature-Algorithm>SHA1withRSA</Signature-Algorithm><Signature>lv0IlmU1VSqY0hEPIAsm8uhfvEIb7iiKlZ6MrKW7mKb0pwrje0e7aWSWLj8cBq//rAgqevfIxE93TsnBGsfFmeXw0Ha2ZB/CeU4GCG1qQO0moANmRnWVUOUYfw/OcBoue9M3hGR8qEM1Wjb0+qCTLU1OWxBbgUNnYPXT+jngpRs=</Signature></MSG>
2014/08/14-16:11:05 接收报文：
2014/08/14-16:11:05 <Message><Merchant><ECMerchantType>B2C</ECMerchantType><MerchantID>233010103354A01</MerchantID></Merchant><TrxResponse><ReturnCode>0000</ReturnCode><ErrorMessage>交易成功</ErrorMessage><TrxType>PayReq</TrxType><OrderNo>2873</OrderNo><PaymentURL>https://easyabc.95599.cn/b2c/NotCheckStatus/PaymentModeNewAct.ebf?TOKEN=14080038426460131961</PaymentURL><OrderAmount>0.01</OrderAmount></TrxResponse></Message><Signature-Algorithm>SHA1withRSA</Signature-Algorithm><Signature>lv0IlmU1VSqY0hEPIAsm8uhfvEIb7iiKlZ6MrKW7mKb0pwrje0e7aWSWLj8cBq//rAgqevfIxE93TsnBGsfFmeXw0Ha2ZB/CeU4GCG1qQO0moANmRnWVUOUYfw/OcBoue9M3hGR8qEM1Wjb0+qCTLU1OWxBbgUNnYPXT+jngpRs=</Signature>
2014/08/14-16:11:05 验证网上支付平台响应报文的签名：正确
2014/08/14-16:11:05 生成交易响应对象：
2014/08/14-16:11:05 交易结果：[0000]
2014/08/14-16:11:05 错误信息：[交易成功]
2014/08/14-16:11:05 交易结束==================================================
                    
                    
                    
                    