
2014/09/07-08:05:38 TrustPay Client PHP 交易开始==========================
2014/09/07-08:05:38 配置文件中商户数为2请求指定的商户配置编号为 2
2014/09/07-08:05:38 检查交易请求是否合法：
2014/09/07-08:05:38 1101]    错误信息：[商户提交的交易资料不合法 - 订单信息不合法！]
2014/09/07-08:05:38 交易结束==================================================
                    
                    
                    
                    
2014/09/07-08:05:58 TrustPay Client PHP 交易开始==========================
2014/09/07-08:05:58 配置文件中商户数为2请求指定的商户配置编号为 2
2014/09/07-08:05:58 检查交易请求是否合法：
2014/09/07-08:05:58 1101]    错误信息：[商户提交的交易资料不合法 - 订单信息不合法！]
2014/09/07-08:05:58 交易结束==================================================
                    
                    
                    
                    
2014/09/07-08:06:12 TrustPay Client PHP 交易开始==========================
2014/09/07-08:06:12 配置文件中商户数为2请求指定的商户配置编号为 2
2014/09/07-08:06:12 检查交易请求是否合法：
2014/09/07-08:06:12 1101]    错误信息：[商户提交的交易资料不合法 - 订单信息不合法！]
2014/09/07-08:06:12 交易结束==================================================
                    
                    
                    
                    
2014/09/07-08:06:54 TrustPay Client PHP 交易开始==========================
2014/09/07-08:06:54 配置文件中商户数为2请求指定的商户配置编号为 2
2014/09/07-08:06:54 检查交易请求是否合法：
2014/09/07-08:06:54 1101]    错误信息：[商户提交的交易资料不合法 - 订单信息不合法！]
2014/09/07-08:06:54 交易结束==================================================
                    
                    
                    
                    
2014/09/07-08:07:16 TrustPay Client PHP 交易开始==========================
2014/09/07-08:07:16 配置文件中商户数为2请求指定的商户配置编号为 2
2014/09/07-08:07:16 检查交易请求是否合法：
2014/09/07-08:07:16 1101]    错误信息：[商户提交的交易资料不合法 - 订单信息不合法！]
2014/09/07-08:07:16 交易结束==================================================
                    
                    
                    
                    
2014/09/07-08:07:44 TrustPay Client PHP 交易开始==========================
2014/09/07-08:07:44 配置文件中商户数为2请求指定的商户配置编号为 2
2014/09/07-08:07:44 检查交易请求是否合法：
2014/09/07-08:07:44 1101]    错误信息：[商户提交的交易资料不合法 - 订单信息不合法！]
2014/09/07-08:07:44 交易结束==================================================
                    
                    
                    
                    
2014/09/07-13:30:58 TrustPay Client PHP 交易开始==========================
2014/09/07-13:30:58 配置文件中商户数为2请求指定的商户配置编号为 1
2014/09/07-13:30:58 检查交易请求是否合法：
2014/09/07-13:30:58 1101]    错误信息：[商户提交的交易资料不合法 - 订单信息不合法！]
2014/09/07-13:30:58 交易结束==================================================
                    
                    
                    
                    
2014/09/07-13:31:26 TrustPay Client PHP 交易开始==========================
2014/09/07-13:31:26 配置文件中商户数为2请求指定的商户配置编号为 1
2014/09/07-13:31:26 检查交易请求是否合法：
2014/09/07-13:31:26 1101]    错误信息：[商户提交的交易资料不合法 - 订单信息不合法！]
2014/09/07-13:31:26 交易结束==================================================
                    
                    
                    
                    
2014/09/07-13:31:40 TrustPay Client PHP 交易开始==========================
2014/09/07-13:31:40 配置文件中商户数为2请求指定的商户配置编号为 1
2014/09/07-13:31:40 检查交易请求是否合法：
2014/09/07-13:31:40 1101]    错误信息：[商户提交的交易资料不合法 - 订单信息不合法！]
2014/09/07-13:31:40 交易结束==================================================
                    
                    
                    
                    
2014/09/07-13:34:36 TrustPay Client PHP 交易开始==========================
2014/09/07-13:34:36 配置文件中商户数为2请求指定的商户配置编号为 2
2014/09/07-13:34:36 检查交易请求是否合法：
2014/09/07-13:34:36 1101]    错误信息：[商户提交的交易资料不合法 - 订单信息不合法！]
2014/09/07-13:34:36 交易结束==================================================
                    
                    
                    
                    
2014/09/07-13:37:03 TrustPay Client PHP 交易开始==========================
2014/09/07-13:37:03 配置文件中商户数为2请求指定的商户配置编号为 1
2014/09/07-13:37:03 检查交易请求是否合法：正确
2014/09/07-13:37:03 交易报文
2014/09/07-13:37:03 完整交易报文：
2014/09/07-13:37:03 签名后的报文
2014/09/07-13:37:03 提交网上支付平台的报文：
                    <MSG><Message><Merchant><ECMerchantType>B2C</ECMerchantType><MerchantID>233010103354A01</MerchantID></Merchant><TrxRequest><TrxType>PayReq</TrxType><Order><OrderNo>4409</OrderNo><ExpiredDate>10</ExpiredDate><OrderAmount>350</OrderAmount><OrderDesc>开通 高一上学期数学辅导班 服务</OrderDesc><OrderDate>2014/09/07</OrderDate><OrderTime>13:37:03</OrderTime><OrderURL>http://sy.ebanhui.com/</OrderURL><BuyIP>115.199.97.7</BuyIP><OrderItems><OrderItem><ProductID>IP000001</ProductID><ProductName>开通 高一上学期数学辅导班 服务</ProductName><UnitPrice>350</UnitPrice><Qty>1</Qty></OrderItem></OrderItems></Order><ProductType>1</ProductType><PaymentType>1</PaymentType><NotifyType>1</NotifyType><ResultNotifyURL>http://sy.ebanhui.com/ibuy/abcnotify.html?orderid=4409</ResultNotifyURL><MerchantRemarks>高一上学期数学辅导班-5 月 -350.00 元</MerchantRemarks><PaymentLinkType>1</PaymentLinkType></TrxRequest></Message><Signature-Algorithm>SHA1withRSA</Signature-Algorithm><Signature>VVdSZ972nCqf5AHwneu1nK2JbfTJuu5QUyNX6TatH0pc8F2rsfKJ0aBOEuhjLef7MPxPa7MsTmCHCyI4OGUF0iaCQFisX3n/QW+NgsRpFMDVKkkcerIMMWneH0xK94+wxlXurf8AWmoqghgj5xiJu2I0TI6lKPAsBxC7dSFcSfc=</Signature></MSG>
2014/09/07-13:37:03 报文长度：1202<br>
2014/09/07-13:37:03 连线网上支付平台
2014/09/07-13:37:03 网上支付平台URL：[https://www.95599.cn/b2c/trustpay/ReceiveMerchantTrxReqServlet] 
2014/09/07-13:37:03 成功
2014/09/07-13:37:03 提交交易报文：
2014/09/07-13:37:03 <MSG><Message><Merchant><ECMerchantType>B2C</ECMerchantType><MerchantID>233010103354A01</MerchantID></Merchant><TrxRequest><TrxType>PayReq</TrxType><Order><OrderNo>4409</OrderNo><ExpiredDate>10</ExpiredDate><OrderAmount>350</OrderAmount><OrderDesc>开通 高一上学期数学辅导班 服务</OrderDesc><OrderDate>2014/09/07</OrderDate><OrderTime>13:37:03</OrderTime><OrderURL>http://sy.ebanhui.com/</OrderURL><BuyIP>115.199.97.7</BuyIP><OrderItems><OrderItem><ProductID>IP000001</ProductID><ProductName>开通 高一上学期数学辅导班 服务</ProductName><UnitPrice>350</UnitPrice><Qty>1</Qty></OrderItem></OrderItems></Order><ProductType>1</ProductType><PaymentType>1</PaymentType><NotifyType>1</NotifyType><ResultNotifyURL>http://sy.ebanhui.com/ibuy/abcnotify.html?orderid=4409</ResultNotifyURL><MerchantRemarks>高一上学期数学辅导班-5 月 -350.00 元</MerchantRemarks><PaymentLinkType>1</PaymentLinkType></TrxRequest></Message><Signature-Algorithm>SHA1withRSA</Signature-Algorithm><Signature>VVdSZ972nCqf5AHwneu1nK2JbfTJuu5QUyNX6TatH0pc8F2rsfKJ0aBOEuhjLef7MPxPa7MsTmCHCyI4OGUF0iaCQFisX3n/QW+NgsRpFMDVKkkcerIMMWneH0xK94+wxlXurf8AWmoqghgj5xiJu2I0TI6lKPAsBxC7dSFcSfc=</Signature></MSG>
2014/09/07-13:37:03 成功
2014/09/07-13:37:03 接受到的响应报文：
                    HTTP/1.1 200 OK
                    Date: Sun, 07 Sep 2014 05:35:32 GMT
                    Server: Microsoft-IIS/6.0
                    X-Powered-By: ASP.NET
                    X-AspNet-Version: 2.0.50727
                    Set-Cookie: ASP.NET_SessionId=s0gemq55ftmmvh55mcouz4ax; path=/; HttpOnly
                    Cache-Control: private
                    Content-Type: text/html; charset=gb2312
                    Connection: close
                    Set-Cookie: BIGipServerpool_ec_b2c=946137866.56355.0000; path=/
                    
                    <MSG><Message><Merchant><ECMerchantType>B2C</ECMerchantType><MerchantID>233010103354A01</MerchantID></Merchant><TrxResponse><ReturnCode>0000</ReturnCode><ErrorMessage>交易成功</ErrorMessage><TrxType>PayReq</TrxType><OrderNo>4409</OrderNo><PaymentURL>https://easyabc.95599.cn/b2c/NotCheckStatus/PaymentModeNewAct.ebf?TOKEN=14100681323141732954</PaymentURL><OrderAmount>350</OrderAmount></TrxResponse></Message><Signature-Algorithm>SHA1withRSA</Signature-Algorithm><Signature>JrndQ6VWkNGox9XZslTqq6Wy9xjwOG+QmwCZ/HUC8GOB1t54WzXCT3tBjVpzwuIBWuobswl+VjGmrjomVyBherohGQp0GhHLbwO0ceZGk02Zb+sJzq1gSmcYH8nWYlcY5FcDue3sa47LX13OD6yYwiOpT8gi4qsA4LBHdqhah6E=</Signature></MSG>
2014/09/07-13:37:03 接收报文：
2014/09/07-13:37:03 <Message><Merchant><ECMerchantType>B2C</ECMerchantType><MerchantID>233010103354A01</MerchantID></Merchant><TrxResponse><ReturnCode>0000</ReturnCode><ErrorMessage>交易成功</ErrorMessage><TrxType>PayReq</TrxType><OrderNo>4409</OrderNo><PaymentURL>https://easyabc.95599.cn/b2c/NotCheckStatus/PaymentModeNewAct.ebf?TOKEN=14100681323141732954</PaymentURL><OrderAmount>350</OrderAmount></TrxResponse></Message><Signature-Algorithm>SHA1withRSA</Signature-Algorithm><Signature>JrndQ6VWkNGox9XZslTqq6Wy9xjwOG+QmwCZ/HUC8GOB1t54WzXCT3tBjVpzwuIBWuobswl+VjGmrjomVyBherohGQp0GhHLbwO0ceZGk02Zb+sJzq1gSmcYH8nWYlcY5FcDue3sa47LX13OD6yYwiOpT8gi4qsA4LBHdqhah6E=</Signature>
2014/09/07-13:37:03 验证网上支付平台响应报文的签名：正确
2014/09/07-13:37:03 生成交易响应对象：
2014/09/07-13:37:03 交易结果：[0000]
2014/09/07-13:37:03 错误信息：[交易成功]
2014/09/07-13:37:03 交易结束==================================================
                    
                    
                    
                    
2014/09/07-13:37:21 TrustPay Client PHP 交易开始==========================
2014/09/07-13:37:21 配置文件中商户数为2请求指定的商户配置编号为 1
2014/09/07-13:37:21 检查交易请求是否合法：
2014/09/07-13:37:21 1101]    错误信息：[商户提交的交易资料不合法 - 订单信息不合法！]
2014/09/07-13:37:21 交易结束==================================================
                    
                    
                    
                    
2014/09/07-13:46:05 TrustPay Client PHP 交易开始==========================
2014/09/07-13:46:05 配置文件中商户数为2请求指定的商户配置编号为 1
2014/09/07-13:46:05 检查交易请求是否合法：正确
2014/09/07-13:46:05 交易报文
2014/09/07-13:46:05 完整交易报文：
2014/09/07-13:46:05 签名后的报文
2014/09/07-13:46:05 提交网上支付平台的报文：
                    <MSG><Message><Merchant><ECMerchantType>B2C</ECMerchantType><MerchantID>233010103354A01</MerchantID></Merchant><TrxRequest><TrxType>PayReq</TrxType><Order><OrderNo>4411</OrderNo><ExpiredDate>10</ExpiredDate><OrderAmount>350</OrderAmount><OrderDesc>开通 高一上学期数学辅导班 服务</OrderDesc><OrderDate>2014/09/07</OrderDate><OrderTime>13:46:05</OrderTime><OrderURL>http://sy.ebh.net/</OrderURL><BuyIP>115.199.97.7</BuyIP><OrderItems><OrderItem><ProductID>IP000001</ProductID><ProductName>开通 高一上学期数学辅导班 服务</ProductName><UnitPrice>350</UnitPrice><Qty>1</Qty></OrderItem></OrderItems></Order><ProductType>1</ProductType><PaymentType>1</PaymentType><NotifyType>1</NotifyType><ResultNotifyURL>http://sy.ebh.net/ibuy/abcnotify.html?orderid=4411</ResultNotifyURL><MerchantRemarks>高一上学期数学辅导班-5 月 -350.00 元</MerchantRemarks><PaymentLinkType>1</PaymentLinkType></TrxRequest></Message><Signature-Algorithm>SHA1withRSA</Signature-Algorithm><Signature>HzFmnivfsrFJLidIBbJ1PtozfiCcZyBr0i0X297YfggpbRaYVF3Af0k55IzpuGn7TiU3kG416iPFa0BDBybeMQEqmQAS6RSm1xzO1P1jwf2vEHV9MS14sfdKBN4lFtZoCvrI03+ZBUt3MhcNviNPAMMWzn9Kkrt9qmmuj+cIQc4=</Signature></MSG>
2014/09/07-13:46:05 报文长度：1194<br>
2014/09/07-13:46:05 连线网上支付平台
2014/09/07-13:46:05 网上支付平台URL：[https://www.95599.cn/b2c/trustpay/ReceiveMerchantTrxReqServlet] 
2014/09/07-13:46:05 成功
2014/09/07-13:46:05 提交交易报文：
2014/09/07-13:46:05 <MSG><Message><Merchant><ECMerchantType>B2C</ECMerchantType><MerchantID>233010103354A01</MerchantID></Merchant><TrxRequest><TrxType>PayReq</TrxType><Order><OrderNo>4411</OrderNo><ExpiredDate>10</ExpiredDate><OrderAmount>350</OrderAmount><OrderDesc>开通 高一上学期数学辅导班 服务</OrderDesc><OrderDate>2014/09/07</OrderDate><OrderTime>13:46:05</OrderTime><OrderURL>http://sy.ebh.net/</OrderURL><BuyIP>115.199.97.7</BuyIP><OrderItems><OrderItem><ProductID>IP000001</ProductID><ProductName>开通 高一上学期数学辅导班 服务</ProductName><UnitPrice>350</UnitPrice><Qty>1</Qty></OrderItem></OrderItems></Order><ProductType>1</ProductType><PaymentType>1</PaymentType><NotifyType>1</NotifyType><ResultNotifyURL>http://sy.ebh.net/ibuy/abcnotify.html?orderid=4411</ResultNotifyURL><MerchantRemarks>高一上学期数学辅导班-5 月 -350.00 元</MerchantRemarks><PaymentLinkType>1</PaymentLinkType></TrxRequest></Message><Signature-Algorithm>SHA1withRSA</Signature-Algorithm><Signature>HzFmnivfsrFJLidIBbJ1PtozfiCcZyBr0i0X297YfggpbRaYVF3Af0k55IzpuGn7TiU3kG416iPFa0BDBybeMQEqmQAS6RSm1xzO1P1jwf2vEHV9MS14sfdKBN4lFtZoCvrI03+ZBUt3MhcNviNPAMMWzn9Kkrt9qmmuj+cIQc4=</Signature></MSG>
2014/09/07-13:46:06 成功
2014/09/07-13:46:06 接受到的响应报文：
                    HTTP/1.1 200 OK
                    Date: Sun, 07 Sep 2014 05:44:35 GMT
                    Server: Microsoft-IIS/6.0
                    X-Powered-By: ASP.NET
                    X-AspNet-Version: 2.0.50727
                    Set-Cookie: ASP.NET_SessionId=uckwu0awmcw0i445reklue55; path=/; HttpOnly
                    Cache-Control: private
                    Content-Type: text/html; charset=gb2312
                    Connection: close
                    Set-Cookie: BIGipServerpool_ec_b2c=1046801162.56611.0000; path=/
                    
                    <MSG><Message><Merchant><ECMerchantType>B2C</ECMerchantType><MerchantID>233010103354A01</MerchantID></Merchant><TrxResponse><ReturnCode>0000</ReturnCode><ErrorMessage>交易成功</ErrorMessage><TrxType>PayReq</TrxType><OrderNo>4411</OrderNo><PaymentURL>https://easyabc.95599.cn/b2c/NotCheckStatus/PaymentModeNewAct.ebf?TOKEN=14100686751229570550</PaymentURL><OrderAmount>350</OrderAmount></TrxResponse></Message><Signature-Algorithm>SHA1withRSA</Signature-Algorithm><Signature>FEtIvbufcRlPGFOBAxjBfGq625fHPhbbT5r/jehS/R57Gu/KaZ5kZr46dNNwhaOu6hyI0naksbuxwQxP2bqZUtywaaChrGF/aLmkCS865gyt6x/Psau/Xqdww6qJxAXu2/0xSmn+O3m/HKKIyB5WQWO7Tn1ViyXsi+uWsOYgZWU=</Signature></MSG>
2014/09/07-13:46:06 接收报文：
2014/09/07-13:46:06 <Message><Merchant><ECMerchantType>B2C</ECMerchantType><MerchantID>233010103354A01</MerchantID></Merchant><TrxResponse><ReturnCode>0000</ReturnCode><ErrorMessage>交易成功</ErrorMessage><TrxType>PayReq</TrxType><OrderNo>4411</OrderNo><PaymentURL>https://easyabc.95599.cn/b2c/NotCheckStatus/PaymentModeNewAct.ebf?TOKEN=14100686751229570550</PaymentURL><OrderAmount>350</OrderAmount></TrxResponse></Message><Signature-Algorithm>SHA1withRSA</Signature-Algorithm><Signature>FEtIvbufcRlPGFOBAxjBfGq625fHPhbbT5r/jehS/R57Gu/KaZ5kZr46dNNwhaOu6hyI0naksbuxwQxP2bqZUtywaaChrGF/aLmkCS865gyt6x/Psau/Xqdww6qJxAXu2/0xSmn+O3m/HKKIyB5WQWO7Tn1ViyXsi+uWsOYgZWU=</Signature>
2014/09/07-13:46:06 验证网上支付平台响应报文的签名：正确
2014/09/07-13:46:06 生成交易响应对象：
2014/09/07-13:46:06 交易结果：[0000]
2014/09/07-13:46:06 错误信息：[交易成功]
2014/09/07-13:46:06 交易结束==================================================
                    
                    
                    
                    