
2014/11/05-20:24:48 TrustPay Client PHP 交易开始==========================
2014/11/05-20:24:48 配置文件中商户数为2请求指定的商户配置编号为 2
2014/11/05-20:24:48 检查交易请求是否合法：正确
2014/11/05-20:24:48 交易报文
2014/11/05-20:24:48 完整交易报文：
2014/11/05-20:24:48 签名后的报文
2014/11/05-20:24:48 提交网上支付平台的报文：
                    <MSG><Message><Merchant><ECMerchantType>B2C</ECMerchantType><MerchantID>233010103354A02</MerchantID></Merchant><TrxRequest><TrxType>PayReq</TrxType><Order><OrderNo>10447</OrderNo><ExpiredDate>10</ExpiredDate><OrderAmount>192</OrderAmount><OrderDesc>开通 初二数学 服务</OrderDesc><OrderDate>2014/11/05</OrderDate><OrderTime>20:24:48</OrderTime><OrderURL>http://jsez.ebanhui.com/</OrderURL><BuyIP>183.248.93.159</BuyIP><OrderItems><OrderItem><ProductID>IP000001</ProductID><ProductName>开通 初二数学 服务</ProductName><UnitPrice>192</UnitPrice><Qty>1</Qty></OrderItem></OrderItems></Order><ProductType>1</ProductType><PaymentType>6</PaymentType><NotifyType>1</NotifyType><ResultNotifyURL>http://jsez.ebanhui.com/ibuy/abcnotify.html?orderid=10447</ResultNotifyURL><MerchantRemarks>初二数学-5 月 -192.00 元</MerchantRemarks><PaymentLinkType>1</PaymentLinkType></TrxRequest></Message><Signature-Algorithm>SHA1withRSA</Signature-Algorithm><Signature>ns7bBDReqzIgscp7DTMcdYhy/ORUtdVAmf5R125UO6IpSoptfnZAn8iU+GUF1RWGrqFNY6ih1+/SYKlSg/50Ny7JOCf5U4G6Vy2zct0ap7vF1kL0sniK/SN14RHwbwxXEK1auX2xyITpH+ddrBhX8Tlwf7ea/KKIjKdDfWOirJ4=</Signature></MSG>
2014/11/05-20:24:48 报文长度：1156<br>
2014/11/05-20:24:48 连线网上支付平台
2014/11/05-20:24:48 网上支付平台URL：[https://www.95599.cn/b2c/trustpay/ReceiveMerchantTrxReqServlet] 
2014/11/05-20:24:48 成功
2014/11/05-20:24:48 提交交易报文：
2014/11/05-20:24:48 <MSG><Message><Merchant><ECMerchantType>B2C</ECMerchantType><MerchantID>233010103354A02</MerchantID></Merchant><TrxRequest><TrxType>PayReq</TrxType><Order><OrderNo>10447</OrderNo><ExpiredDate>10</ExpiredDate><OrderAmount>192</OrderAmount><OrderDesc>开通 初二数学 服务</OrderDesc><OrderDate>2014/11/05</OrderDate><OrderTime>20:24:48</OrderTime><OrderURL>http://jsez.ebanhui.com/</OrderURL><BuyIP>183.248.93.159</BuyIP><OrderItems><OrderItem><ProductID>IP000001</ProductID><ProductName>开通 初二数学 服务</ProductName><UnitPrice>192</UnitPrice><Qty>1</Qty></OrderItem></OrderItems></Order><ProductType>1</ProductType><PaymentType>6</PaymentType><NotifyType>1</NotifyType><ResultNotifyURL>http://jsez.ebanhui.com/ibuy/abcnotify.html?orderid=10447</ResultNotifyURL><MerchantRemarks>初二数学-5 月 -192.00 元</MerchantRemarks><PaymentLinkType>1</PaymentLinkType></TrxRequest></Message><Signature-Algorithm>SHA1withRSA</Signature-Algorithm><Signature>ns7bBDReqzIgscp7DTMcdYhy/ORUtdVAmf5R125UO6IpSoptfnZAn8iU+GUF1RWGrqFNY6ih1+/SYKlSg/50Ny7JOCf5U4G6Vy2zct0ap7vF1kL0sniK/SN14RHwbwxXEK1auX2xyITpH+ddrBhX8Tlwf7ea/KKIjKdDfWOirJ4=</Signature></MSG>
2014/11/05-20:24:48 成功
2014/11/05-20:24:48 接受到的响应报文：
                    HTTP/1.1 200 OK
                    Date: Wed, 05 Nov 2014 12:24:55 GMT
                    Server: Microsoft-IIS/6.0
                    X-Powered-By: ASP.NET
                    X-AspNet-Version: 2.0.50727
                    Set-Cookie: ASP.NET_SessionId=ikmr4r45ny3ehbmtxll4kgyt; path=/; HttpOnly
                    Cache-Control: private
                    Content-Type: text/html; charset=gb2312
                    Connection: close
                    Set-Cookie: BIGipServerpool_ec_b2c=929360650.56867.0000; path=/
                    
                    <MSG><Message><Merchant><ECMerchantType>B2C</ECMerchantType><MerchantID>233010103354A02</MerchantID></Merchant><TrxResponse><ReturnCode>0000</ReturnCode><ErrorMessage>交易成功</ErrorMessage><TrxType>PayReq</TrxType><OrderNo>10447</OrderNo><PaymentURL>https://easyabc.95599.cn/b2c/NotCheckStatus/PaymentModeUCBPAct.ebf?TOKEN=14151902958643728051</PaymentURL><OrderAmount>192</OrderAmount></TrxResponse></Message><Signature-Algorithm>SHA1withRSA</Signature-Algorithm><Signature>9RFkPIofPptXYX4IVchP1WkeYAVmJZar5pPpOBxfaj0YOmGj9aK4CT1H9/AyBdO8YQCf+cf6H9m+NMyhJVtieNGHdvEq0f1Jfv0uLfMr85T90+t2oA5YUJYPAqp+YGu701r/VeHArlOjkVHZagBgr1x55JAqp2d04zKmTs5zIGE=</Signature></MSG>
2014/11/05-20:24:48 接收报文：
2014/11/05-20:24:48 <Message><Merchant><ECMerchantType>B2C</ECMerchantType><MerchantID>233010103354A02</MerchantID></Merchant><TrxResponse><ReturnCode>0000</ReturnCode><ErrorMessage>交易成功</ErrorMessage><TrxType>PayReq</TrxType><OrderNo>10447</OrderNo><PaymentURL>https://easyabc.95599.cn/b2c/NotCheckStatus/PaymentModeUCBPAct.ebf?TOKEN=14151902958643728051</PaymentURL><OrderAmount>192</OrderAmount></TrxResponse></Message><Signature-Algorithm>SHA1withRSA</Signature-Algorithm><Signature>9RFkPIofPptXYX4IVchP1WkeYAVmJZar5pPpOBxfaj0YOmGj9aK4CT1H9/AyBdO8YQCf+cf6H9m+NMyhJVtieNGHdvEq0f1Jfv0uLfMr85T90+t2oA5YUJYPAqp+YGu701r/VeHArlOjkVHZagBgr1x55JAqp2d04zKmTs5zIGE=</Signature>
2014/11/05-20:24:48 验证网上支付平台响应报文的签名：正确
2014/11/05-20:24:48 生成交易响应对象：
2014/11/05-20:24:48 交易结果：[0000]
2014/11/05-20:24:48 错误信息：[交易成功]
2014/11/05-20:24:48 交易结束==================================================
                    
                    
                    
                    
2014/11/05-20:32:26 TrustPay Client PHP 交易开始==========================
2014/11/05-20:32:26 配置文件中商户数为2请求指定的商户配置编号为 2
2014/11/05-20:32:26 检查交易请求是否合法：正确
2014/11/05-20:32:26 交易报文
2014/11/05-20:32:26 完整交易报文：
2014/11/05-20:32:26 签名后的报文
2014/11/05-20:32:26 提交网上支付平台的报文：
                    <MSG><Message><Merchant><ECMerchantType>B2C</ECMerchantType><MerchantID>233010103354A02</MerchantID></Merchant><TrxRequest><TrxType>PayReq</TrxType><Order><OrderNo>10448</OrderNo><ExpiredDate>10</ExpiredDate><OrderAmount>192</OrderAmount><OrderDesc>开通 初二英语 服务</OrderDesc><OrderDate>2014/11/05</OrderDate><OrderTime>20:32:26</OrderTime><OrderURL>http://jsez.ebanhui.com/</OrderURL><BuyIP>183.248.93.159</BuyIP><OrderItems><OrderItem><ProductID>IP000001</ProductID><ProductName>开通 初二英语 服务</ProductName><UnitPrice>192</UnitPrice><Qty>1</Qty></OrderItem></OrderItems></Order><ProductType>1</ProductType><PaymentType>6</PaymentType><NotifyType>1</NotifyType><ResultNotifyURL>http://jsez.ebanhui.com/ibuy/abcnotify.html?orderid=10448</ResultNotifyURL><MerchantRemarks>初二英语-5 月 -192.00 元</MerchantRemarks><PaymentLinkType>1</PaymentLinkType></TrxRequest></Message><Signature-Algorithm>SHA1withRSA</Signature-Algorithm><Signature>foGMh9HDq8HYymyIBVkIX4r4fk9aXeKJVY6b7qqKVHNJIULLm6/LGDxVK2LFjeV4tpiE3KtdGHGFZSCmEK7oKDWte75tefr0ZHUp11SNqevIac24kfmj7iFiEZCFL/nbdgH+MyomQq2EhNj6KJwddi9e7WcV+UbfzViPGoGlADI=</Signature></MSG>
2014/11/05-20:32:26 报文长度：1156<br>
2014/11/05-20:32:26 连线网上支付平台
2014/11/05-20:32:26 网上支付平台URL：[https://www.95599.cn/b2c/trustpay/ReceiveMerchantTrxReqServlet] 
2014/11/05-20:32:26 成功
2014/11/05-20:32:26 提交交易报文：
2014/11/05-20:32:26 <MSG><Message><Merchant><ECMerchantType>B2C</ECMerchantType><MerchantID>233010103354A02</MerchantID></Merchant><TrxRequest><TrxType>PayReq</TrxType><Order><OrderNo>10448</OrderNo><ExpiredDate>10</ExpiredDate><OrderAmount>192</OrderAmount><OrderDesc>开通 初二英语 服务</OrderDesc><OrderDate>2014/11/05</OrderDate><OrderTime>20:32:26</OrderTime><OrderURL>http://jsez.ebanhui.com/</OrderURL><BuyIP>183.248.93.159</BuyIP><OrderItems><OrderItem><ProductID>IP000001</ProductID><ProductName>开通 初二英语 服务</ProductName><UnitPrice>192</UnitPrice><Qty>1</Qty></OrderItem></OrderItems></Order><ProductType>1</ProductType><PaymentType>6</PaymentType><NotifyType>1</NotifyType><ResultNotifyURL>http://jsez.ebanhui.com/ibuy/abcnotify.html?orderid=10448</ResultNotifyURL><MerchantRemarks>初二英语-5 月 -192.00 元</MerchantRemarks><PaymentLinkType>1</PaymentLinkType></TrxRequest></Message><Signature-Algorithm>SHA1withRSA</Signature-Algorithm><Signature>foGMh9HDq8HYymyIBVkIX4r4fk9aXeKJVY6b7qqKVHNJIULLm6/LGDxVK2LFjeV4tpiE3KtdGHGFZSCmEK7oKDWte75tefr0ZHUp11SNqevIac24kfmj7iFiEZCFL/nbdgH+MyomQq2EhNj6KJwddi9e7WcV+UbfzViPGoGlADI=</Signature></MSG>
2014/11/05-20:32:26 成功
2014/11/05-20:32:26 接受到的响应报文：
                    HTTP/1.1 200 OK
                    Date: Wed, 05 Nov 2014 12:32:34 GMT
                    Server: Microsoft-IIS/6.0
                    X-Powered-By: ASP.NET
                    X-AspNet-Version: 2.0.50727
                    Set-Cookie: ASP.NET_SessionId=nfx0od45f3yxni45kc41uv45; path=/; HttpOnly
                    Cache-Control: private
                    Content-Type: text/html; charset=gb2312
                    Connection: close
                    Set-Cookie: BIGipServerpool_ec_b2c=962915082.56867.0000; path=/
                    
                    <MSG><Message><Merchant><ECMerchantType>B2C</ECMerchantType><MerchantID>233010103354A02</MerchantID></Merchant><TrxResponse><ReturnCode>0000</ReturnCode><ErrorMessage>交易成功</ErrorMessage><TrxType>PayReq</TrxType><OrderNo>10448</OrderNo><PaymentURL>https://easyabc.95599.cn/b2c/NotCheckStatus/PaymentModeUCBPAct.ebf?TOKEN=14151907545137124689</PaymentURL><OrderAmount>192</OrderAmount></TrxResponse></Message><Signature-Algorithm>SHA1withRSA</Signature-Algorithm><Signature>aVByC0/mX1iAshotqDMWRMsrsJwMotBT/fyWBJbXgFy43tydJ+Iz7DqkHks/Ce+JxWjykAKTUjDXeucmE0oTIRSuCdETGMJh+zY1AIpQPS424whzeHtya4iEyuwZ7xlL/qRt/dd2NQwa+2jGGVomb7N166ILOXLS8Bj98jlVKt8=</Signature></MSG>
2014/11/05-20:32:26 接收报文：
2014/11/05-20:32:26 <Message><Merchant><ECMerchantType>B2C</ECMerchantType><MerchantID>233010103354A02</MerchantID></Merchant><TrxResponse><ReturnCode>0000</ReturnCode><ErrorMessage>交易成功</ErrorMessage><TrxType>PayReq</TrxType><OrderNo>10448</OrderNo><PaymentURL>https://easyabc.95599.cn/b2c/NotCheckStatus/PaymentModeUCBPAct.ebf?TOKEN=14151907545137124689</PaymentURL><OrderAmount>192</OrderAmount></TrxResponse></Message><Signature-Algorithm>SHA1withRSA</Signature-Algorithm><Signature>aVByC0/mX1iAshotqDMWRMsrsJwMotBT/fyWBJbXgFy43tydJ+Iz7DqkHks/Ce+JxWjykAKTUjDXeucmE0oTIRSuCdETGMJh+zY1AIpQPS424whzeHtya4iEyuwZ7xlL/qRt/dd2NQwa+2jGGVomb7N166ILOXLS8Bj98jlVKt8=</Signature>
2014/11/05-20:32:26 验证网上支付平台响应报文的签名：正确
2014/11/05-20:32:26 生成交易响应对象：
2014/11/05-20:32:26 交易结果：[0000]
2014/11/05-20:32:26 错误信息：[交易成功]
2014/11/05-20:32:26 交易结束==================================================
                    
                    
                    
                    