
2015/03/01-09:31:01 TrustPay Client PHP 交易开始==========================
2015/03/01-09:31:01 配置文件中商户数为2请求指定的商户配置编号为 2
2015/03/01-09:31:01 检查交易请求是否合法：正确
2015/03/01-09:31:01 交易报文
2015/03/01-09:31:01 完整交易报文：
2015/03/01-09:31:01 签名后的报文
2015/03/01-09:31:01 提交网上支付平台的报文：
                    <MSG><Message><Merchant><ECMerchantType>B2C</ECMerchantType><MerchantID>233010103354A02</MerchantID></Merchant><TrxRequest><TrxType>PayReq</TrxType><Order><OrderNo>30950</OrderNo><ExpiredDate>10</ExpiredDate><OrderAmount>80</OrderAmount><OrderDesc>开通 高一数学 服务</OrderDesc><OrderDate>2015/03/01</OrderDate><OrderTime>09:31:01</OrderTime><OrderURL>http://hxsy.ebh.net/</OrderURL><BuyIP>122.231.25.66</BuyIP><OrderItems><OrderItem><ProductID>IP000001</ProductID><ProductName>开通 高一数学 服务</ProductName><UnitPrice>80</UnitPrice><Qty>1</Qty></OrderItem></OrderItems></Order><ProductType>1</ProductType><PaymentType>6</PaymentType><NotifyType>1</NotifyType><ResultNotifyURL>http://hxsy.ebh.net/ibuy/abcnotify.html?orderid=30950</ResultNotifyURL><MerchantRemarks>高一数学_2 月 _80.00 元</MerchantRemarks><PaymentLinkType>1</PaymentLinkType></TrxRequest></Message><Signature-Algorithm>SHA1withRSA</Signature-Algorithm><Signature>STRNEO8qCR76HHiDY4chCanykXN0u2mrFeUriaIjb/s5WxuER0qncWKF1Ii/nQQT2erZuIpLRs31H7t38V4Yh1A62KJfgpz9wYeRqNOm2wrrkRzaJ9LH9Lc2qoNdcZURqF9TnBMLmxhITxWgImcjZ8PcH+YQwysZTumgPKyOPy0=</Signature></MSG>
2015/03/01-09:31:01 报文长度：1144<br>
2015/03/01-09:31:01 连线网上支付平台
2015/03/01-09:31:01 网上支付平台URL：[https://www.95599.cn/b2c/trustpay/ReceiveMerchantTrxReqServlet] 
2015/03/01-09:31:01 成功
2015/03/01-09:31:01 提交交易报文：
2015/03/01-09:31:01 <MSG><Message><Merchant><ECMerchantType>B2C</ECMerchantType><MerchantID>233010103354A02</MerchantID></Merchant><TrxRequest><TrxType>PayReq</TrxType><Order><OrderNo>30950</OrderNo><ExpiredDate>10</ExpiredDate><OrderAmount>80</OrderAmount><OrderDesc>开通 高一数学 服务</OrderDesc><OrderDate>2015/03/01</OrderDate><OrderTime>09:31:01</OrderTime><OrderURL>http://hxsy.ebh.net/</OrderURL><BuyIP>122.231.25.66</BuyIP><OrderItems><OrderItem><ProductID>IP000001</ProductID><ProductName>开通 高一数学 服务</ProductName><UnitPrice>80</UnitPrice><Qty>1</Qty></OrderItem></OrderItems></Order><ProductType>1</ProductType><PaymentType>6</PaymentType><NotifyType>1</NotifyType><ResultNotifyURL>http://hxsy.ebh.net/ibuy/abcnotify.html?orderid=30950</ResultNotifyURL><MerchantRemarks>高一数学_2 月 _80.00 元</MerchantRemarks><PaymentLinkType>1</PaymentLinkType></TrxRequest></Message><Signature-Algorithm>SHA1withRSA</Signature-Algorithm><Signature>STRNEO8qCR76HHiDY4chCanykXN0u2mrFeUriaIjb/s5WxuER0qncWKF1Ii/nQQT2erZuIpLRs31H7t38V4Yh1A62KJfgpz9wYeRqNOm2wrrkRzaJ9LH9Lc2qoNdcZURqF9TnBMLmxhITxWgImcjZ8PcH+YQwysZTumgPKyOPy0=</Signature></MSG>
2015/03/01-09:31:01 成功
2015/03/01-09:31:01 接受到的响应报文：
                    HTTP/1.1 200 OK
                    Date: Sun, 01 Mar 2015 01:30:39 GMT
                    Server: Microsoft-IIS/6.0
                    X-Powered-By: ASP.NET
                    X-AspNet-Version: 2.0.50727
                    Set-Cookie: ASP.NET_SessionId=p4kcmn555clzpvuulzjt5055; path=/; HttpOnly
                    Cache-Control: private
                    Content-Type: text/html; charset=gb2312
                    Connection: close
                    Set-Cookie: BIGipServerpool_ec_b2c=1063578378.56611.0000; path=/
                    
                    <MSG><Message><Merchant><ECMerchantType>B2C</ECMerchantType><MerchantID>233010103354A02</MerchantID></Merchant><TrxResponse><ReturnCode>0000</ReturnCode><ErrorMessage>交易成功</ErrorMessage><TrxType>PayReq</TrxType><OrderNo>30950</OrderNo><PaymentURL>https://easyabc.95599.cn/b2c/NotCheckStatus/PaymentModeUCBPAct.ebf?TOKEN=14251734395288406334</PaymentURL><OrderAmount>80</OrderAmount></TrxResponse></Message><Signature-Algorithm>SHA1withRSA</Signature-Algorithm><Signature>uXecGX5uZhcyym7AfAINpeIhs7FoIWM65CrYuiMu9b3t+COll/3f5iQ+dZ9iAX2F+4tpPA8shWQLyvmsHXH+ANthJ5t3Y0/WwJk+c7vpBIIgrCPujX1iS/TlfAsaDvfHkyhFdX13CIFBAYwFkzJ80FYfHzi91qmJ6+ljKU5X5fc=</Signature></MSG>
2015/03/01-09:31:01 接收报文：
2015/03/01-09:31:01 <Message><Merchant><ECMerchantType>B2C</ECMerchantType><MerchantID>233010103354A02</MerchantID></Merchant><TrxResponse><ReturnCode>0000</ReturnCode><ErrorMessage>交易成功</ErrorMessage><TrxType>PayReq</TrxType><OrderNo>30950</OrderNo><PaymentURL>https://easyabc.95599.cn/b2c/NotCheckStatus/PaymentModeUCBPAct.ebf?TOKEN=14251734395288406334</PaymentURL><OrderAmount>80</OrderAmount></TrxResponse></Message><Signature-Algorithm>SHA1withRSA</Signature-Algorithm><Signature>uXecGX5uZhcyym7AfAINpeIhs7FoIWM65CrYuiMu9b3t+COll/3f5iQ+dZ9iAX2F+4tpPA8shWQLyvmsHXH+ANthJ5t3Y0/WwJk+c7vpBIIgrCPujX1iS/TlfAsaDvfHkyhFdX13CIFBAYwFkzJ80FYfHzi91qmJ6+ljKU5X5fc=</Signature>
2015/03/01-09:31:01 验证网上支付平台响应报文的签名：正确
2015/03/01-09:31:01 生成交易响应对象：
2015/03/01-09:31:01 交易结果：[0000]
2015/03/01-09:31:01 错误信息：[交易成功]
2015/03/01-09:31:01 交易结束==================================================
                    
                    
                    
                    
2015/03/01-09:36:57 TrustPay Client PHP 交易开始==========================
2015/03/01-09:36:57 配置文件中商户数为2请求指定的商户配置编号为 2
2015/03/01-09:36:57 检查交易请求是否合法：正确
2015/03/01-09:36:57 交易报文
2015/03/01-09:36:57 完整交易报文：
2015/03/01-09:36:57 签名后的报文
2015/03/01-09:36:57 提交网上支付平台的报文：
                    <MSG><Message><Merchant><ECMerchantType>B2C</ECMerchantType><MerchantID>233010103354A02</MerchantID></Merchant><TrxRequest><TrxType>PayReq</TrxType><Order><OrderNo>30951</OrderNo><ExpiredDate>10</ExpiredDate><OrderAmount>80</OrderAmount><OrderDesc>开通 高一数学 服务</OrderDesc><OrderDate>2015/03/01</OrderDate><OrderTime>09:36:57</OrderTime><OrderURL>http://hxsy.ebh.net/</OrderURL><BuyIP>122.231.25.66</BuyIP><OrderItems><OrderItem><ProductID>IP000001</ProductID><ProductName>开通 高一数学 服务</ProductName><UnitPrice>80</UnitPrice><Qty>1</Qty></OrderItem></OrderItems></Order><ProductType>1</ProductType><PaymentType>6</PaymentType><NotifyType>1</NotifyType><ResultNotifyURL>http://hxsy.ebh.net/ibuy/abcnotify.html?orderid=30951</ResultNotifyURL><MerchantRemarks>高一数学_2 月 _80.00 元</MerchantRemarks><PaymentLinkType>1</PaymentLinkType></TrxRequest></Message><Signature-Algorithm>SHA1withRSA</Signature-Algorithm><Signature>YiulMF7awho+klMeh+6Nv8voZVHFWd+OLTSuEombwd6kqUqFzC2nFjBAN+gI8dzLkSNuLTXE1sPZUgzvQBnnYIYcy7jdpvJJ/r4bInBjccytezZdHOYOgreb+w+xBMuxu6cHV6UsjTTTP5G74umRxJCBCY2sxJRgOXpyqQYoD4o=</Signature></MSG>
2015/03/01-09:36:57 报文长度：1144<br>
2015/03/01-09:36:57 连线网上支付平台
2015/03/01-09:36:57 网上支付平台URL：[https://www.95599.cn/b2c/trustpay/ReceiveMerchantTrxReqServlet] 
2015/03/01-09:36:57 成功
2015/03/01-09:36:57 提交交易报文：
2015/03/01-09:36:57 <MSG><Message><Merchant><ECMerchantType>B2C</ECMerchantType><MerchantID>233010103354A02</MerchantID></Merchant><TrxRequest><TrxType>PayReq</TrxType><Order><OrderNo>30951</OrderNo><ExpiredDate>10</ExpiredDate><OrderAmount>80</OrderAmount><OrderDesc>开通 高一数学 服务</OrderDesc><OrderDate>2015/03/01</OrderDate><OrderTime>09:36:57</OrderTime><OrderURL>http://hxsy.ebh.net/</OrderURL><BuyIP>122.231.25.66</BuyIP><OrderItems><OrderItem><ProductID>IP000001</ProductID><ProductName>开通 高一数学 服务</ProductName><UnitPrice>80</UnitPrice><Qty>1</Qty></OrderItem></OrderItems></Order><ProductType>1</ProductType><PaymentType>6</PaymentType><NotifyType>1</NotifyType><ResultNotifyURL>http://hxsy.ebh.net/ibuy/abcnotify.html?orderid=30951</ResultNotifyURL><MerchantRemarks>高一数学_2 月 _80.00 元</MerchantRemarks><PaymentLinkType>1</PaymentLinkType></TrxRequest></Message><Signature-Algorithm>SHA1withRSA</Signature-Algorithm><Signature>YiulMF7awho+klMeh+6Nv8voZVHFWd+OLTSuEombwd6kqUqFzC2nFjBAN+gI8dzLkSNuLTXE1sPZUgzvQBnnYIYcy7jdpvJJ/r4bInBjccytezZdHOYOgreb+w+xBMuxu6cHV6UsjTTTP5G74umRxJCBCY2sxJRgOXpyqQYoD4o=</Signature></MSG>
2015/03/01-09:36:57 成功
2015/03/01-09:36:57 接受到的响应报文：
                    HTTP/1.1 200 OK
                    Date: Sun, 01 Mar 2015 01:36:35 GMT
                    Server: Microsoft-IIS/6.0
                    X-AspNet-Version: 2.0.50727
                    Set-Cookie: ASP.NET_SessionId=zlwau1554arzcr45i1b0jsyd; path=/; HttpOnly
                    Cache-Control: private
                    Content-Type: text/html; charset=gb2312
                    Connection: close
                    Set-Cookie: BIGipServerpool_ec_b2c=2539252490.56355.0000; path=/
                    
                    <MSG><Message><Merchant><ECMerchantType>B2C</ECMerchantType><MerchantID>233010103354A02</MerchantID></Merchant><TrxResponse><ReturnCode>0000</ReturnCode><ErrorMessage>交易成功</ErrorMessage><TrxType>PayReq</TrxType><OrderNo>30951</OrderNo><PaymentURL>https://easyabc.95599.cn/b2c/NotCheckStatus/PaymentModeUCBPAct.ebf?TOKEN=14251737951528514096</PaymentURL><OrderAmount>80</OrderAmount></TrxResponse></Message><Signature-Algorithm>SHA1withRSA</Signature-Algorithm><Signature>acydqrGCOMAk7nuWhnwFZkxlIA8nAzvXJgqW8ATHOQvHD49uVfqbtASdJwHBQrw4nwT8lhCUCqyWyVfUlTFZnJ6YtE5fls1qQ7+G3MJCDVdBQfIH7SrsevDmYGbK9/56T5IbR+s++FUqpw5NO8l4DTRC8iu9n4Dx2IeC+dtuDYE=</Signature></MSG>
2015/03/01-09:36:57 接收报文：
2015/03/01-09:36:57 <Message><Merchant><ECMerchantType>B2C</ECMerchantType><MerchantID>233010103354A02</MerchantID></Merchant><TrxResponse><ReturnCode>0000</ReturnCode><ErrorMessage>交易成功</ErrorMessage><TrxType>PayReq</TrxType><OrderNo>30951</OrderNo><PaymentURL>https://easyabc.95599.cn/b2c/NotCheckStatus/PaymentModeUCBPAct.ebf?TOKEN=14251737951528514096</PaymentURL><OrderAmount>80</OrderAmount></TrxResponse></Message><Signature-Algorithm>SHA1withRSA</Signature-Algorithm><Signature>acydqrGCOMAk7nuWhnwFZkxlIA8nAzvXJgqW8ATHOQvHD49uVfqbtASdJwHBQrw4nwT8lhCUCqyWyVfUlTFZnJ6YtE5fls1qQ7+G3MJCDVdBQfIH7SrsevDmYGbK9/56T5IbR+s++FUqpw5NO8l4DTRC8iu9n4Dx2IeC+dtuDYE=</Signature>
2015/03/01-09:36:57 验证网上支付平台响应报文的签名：正确
2015/03/01-09:36:57 生成交易响应对象：
2015/03/01-09:36:57 交易结果：[0000]
2015/03/01-09:36:57 错误信息：[交易成功]
2015/03/01-09:36:57 交易结束==================================================
                    
                    
                    
                    
2015/03/01-11:08:37 TrustPay Client PHP 交易开始==========================
2015/03/01-11:08:37 配置文件中商户数为2请求指定的商户配置编号为 2
2015/03/01-11:08:37 检查交易请求是否合法：
2015/03/01-11:08:37 1101]    错误信息：[商户提交的交易资料不合法 - 订单信息不合法！]
2015/03/01-11:08:37 交易结束==================================================
                    
                    
                    
                    
2015/03/01-11:45:05 TrustPay Client PHP 交易开始==========================
2015/03/01-11:45:05 配置文件中商户数为2请求指定的商户配置编号为 2
2015/03/01-11:45:05 检查交易请求是否合法：正确
2015/03/01-11:45:05 交易报文
2015/03/01-11:45:05 完整交易报文：
2015/03/01-11:45:05 签名后的报文
2015/03/01-11:45:05 提交网上支付平台的报文：
                    <MSG><Message><Merchant><ECMerchantType>B2C</ECMerchantType><MerchantID>233010103354A02</MerchantID></Merchant><TrxRequest><TrxType>PayReq</TrxType><Order><OrderNo>30962</OrderNo><ExpiredDate>10</ExpiredDate><OrderAmount>150</OrderAmount><OrderDesc>开通 八年级科学 服务</OrderDesc><OrderDate>2015/03/01</OrderDate><OrderTime>11:45:05</OrderTime><OrderURL>http://jcsz.ebh.net/</OrderURL><BuyIP>58.100.15.154</BuyIP><OrderItems><OrderItem><ProductID>IP000001</ProductID><ProductName>开通 八年级科学 服务</ProductName><UnitPrice>150</UnitPrice><Qty>1</Qty></OrderItem></OrderItems></Order><ProductType>1</ProductType><PaymentType>6</PaymentType><NotifyType>1</NotifyType><ResultNotifyURL>http://jcsz.ebh.net/ibuy/abcnotify.html?orderid=30962</ResultNotifyURL><MerchantRemarks>八年级科学_5 月 _150.00 元</MerchantRemarks><PaymentLinkType>1</PaymentLinkType></TrxRequest></Message><Signature-Algorithm>SHA1withRSA</Signature-Algorithm><Signature>pFWXMjDSwVGGXVW3NMxOfABvD1NL3d9ZeY9fyrYL2J93HdlNnXjxk8nxl/EGh9FCnqIWbQsRC+9Zf0PFcn0Go4mOZq6BfP93cdZltV9Mc3op4CkrDyNOfQ1Os0ZeZZKZvi0ci6N8RNzAMKkT33JU6wJw980hSUPiuXSviPYau04=</Signature></MSG>
2015/03/01-11:45:05 报文长度：1156<br>
2015/03/01-11:45:05 连线网上支付平台
2015/03/01-11:45:05 网上支付平台URL：[https://www.95599.cn/b2c/trustpay/ReceiveMerchantTrxReqServlet] 
2015/03/01-11:45:05 成功
2015/03/01-11:45:05 提交交易报文：
2015/03/01-11:45:05 <MSG><Message><Merchant><ECMerchantType>B2C</ECMerchantType><MerchantID>233010103354A02</MerchantID></Merchant><TrxRequest><TrxType>PayReq</TrxType><Order><OrderNo>30962</OrderNo><ExpiredDate>10</ExpiredDate><OrderAmount>150</OrderAmount><OrderDesc>开通 八年级科学 服务</OrderDesc><OrderDate>2015/03/01</OrderDate><OrderTime>11:45:05</OrderTime><OrderURL>http://jcsz.ebh.net/</OrderURL><BuyIP>58.100.15.154</BuyIP><OrderItems><OrderItem><ProductID>IP000001</ProductID><ProductName>开通 八年级科学 服务</ProductName><UnitPrice>150</UnitPrice><Qty>1</Qty></OrderItem></OrderItems></Order><ProductType>1</ProductType><PaymentType>6</PaymentType><NotifyType>1</NotifyType><ResultNotifyURL>http://jcsz.ebh.net/ibuy/abcnotify.html?orderid=30962</ResultNotifyURL><MerchantRemarks>八年级科学_5 月 _150.00 元</MerchantRemarks><PaymentLinkType>1</PaymentLinkType></TrxRequest></Message><Signature-Algorithm>SHA1withRSA</Signature-Algorithm><Signature>pFWXMjDSwVGGXVW3NMxOfABvD1NL3d9ZeY9fyrYL2J93HdlNnXjxk8nxl/EGh9FCnqIWbQsRC+9Zf0PFcn0Go4mOZq6BfP93cdZltV9Mc3op4CkrDyNOfQ1Os0ZeZZKZvi0ci6N8RNzAMKkT33JU6wJw980hSUPiuXSviPYau04=</Signature></MSG>
2015/03/01-11:45:06 成功
2015/03/01-11:45:06 接受到的响应报文：
                    HTTP/1.1 200 OK
                    Date: Sun, 01 Mar 2015 03:44:43 GMT
                    Server: Microsoft-IIS/6.0
                    X-AspNet-Version: 2.0.50727
                    Set-Cookie: ASP.NET_SessionId=e2b1z145buvh4q453qla3o45; path=/; HttpOnly
                    Cache-Control: private
                    Content-Type: text/html; charset=gb2312
                    Connection: close
                    Set-Cookie: BIGipServerpool_ec_b2c=2522475274.56355.0000; path=/
                    
                    <MSG><Message><Merchant><ECMerchantType>B2C</ECMerchantType><MerchantID>233010103354A02</MerchantID></Merchant><TrxResponse><ReturnCode>0000</ReturnCode><ErrorMessage>交易成功</ErrorMessage><TrxType>PayReq</TrxType><OrderNo>30962</OrderNo><PaymentURL>https://easyabc.95599.cn/b2c/NotCheckStatus/PaymentModeUCBPAct.ebf?TOKEN=14251814833149408226</PaymentURL><OrderAmount>150</OrderAmount></TrxResponse></Message><Signature-Algorithm>SHA1withRSA</Signature-Algorithm><Signature>V4ltk8uPbGbLkpUX9MSEk/v5VN/hP9NBuKv2qjT6oYLhekq8iuVagTa07q7D9NNUQNF10SUfkZnDpdPxUwX4T5D42AU/MDHE4iR0g4EH0TU6Wj+sBKpwizV7HbShQX/djB7N7aAZXMCKU/8S4ZHfWLRHwoLiRTVJzAl8QsHYH04=</Signature></MSG>
2015/03/01-11:45:06 接收报文：
2015/03/01-11:45:06 <Message><Merchant><ECMerchantType>B2C</ECMerchantType><MerchantID>233010103354A02</MerchantID></Merchant><TrxResponse><ReturnCode>0000</ReturnCode><ErrorMessage>交易成功</ErrorMessage><TrxType>PayReq</TrxType><OrderNo>30962</OrderNo><PaymentURL>https://easyabc.95599.cn/b2c/NotCheckStatus/PaymentModeUCBPAct.ebf?TOKEN=14251814833149408226</PaymentURL><OrderAmount>150</OrderAmount></TrxResponse></Message><Signature-Algorithm>SHA1withRSA</Signature-Algorithm><Signature>V4ltk8uPbGbLkpUX9MSEk/v5VN/hP9NBuKv2qjT6oYLhekq8iuVagTa07q7D9NNUQNF10SUfkZnDpdPxUwX4T5D42AU/MDHE4iR0g4EH0TU6Wj+sBKpwizV7HbShQX/djB7N7aAZXMCKU/8S4ZHfWLRHwoLiRTVJzAl8QsHYH04=</Signature>
2015/03/01-11:45:06 验证网上支付平台响应报文的签名：正确
2015/03/01-11:45:06 生成交易响应对象：
2015/03/01-11:45:06 交易结果：[0000]
2015/03/01-11:45:06 错误信息：[交易成功]
2015/03/01-11:45:06 交易结束==================================================
                    
                    
                    
                    
2015/03/01-11:48:20 TrustPayClient PHP 交易开始==========================
2015/03/01-11:48:20 接收到的支付结果通知：\n[PE1TRz48TWVzc2FnZT48VHJ4UmVzcG9uc2U+PFJldHVybkNvZGU+MDAwMDwvUmV0dXJuQ29kZT48RXJyb3JNZXNzYWdlPjwvRXJyb3JNZXNzYWdlPjxFQ01lcmNoYW50VHlwZT5CMkM8L0VDTWVyY2hhbnRUeXBlPjxNZXJjaGFudElEPjIzMzAxMDEwMzM1NEEwMjwvTWVyY2hhbnRJRD48VHJ4VHlwZT5QYXlSZXN1bHQ8L1RyeFR5cGU+PE9yZGVyTm8+MzA5NjI8L09yZGVyTm8+PEFtb3VudD4xNTAuMDA8L0Ftb3VudD48QmF0Y2hObz4wMDAxMTQ8L0JhdGNoTm8+PEhvc3REYXRlPjIwMTUwMzAxPC9Ib3N0RGF0ZT48SG9zdFRpbWU+MTE0NzU3PC9Ib3N0VGltZT48TWVyY2hhbnRSZW1hcmtzPrDLxOq8tr/G0adfNSDUwiBfMTUwLjAwINSqPC9NZXJjaGFudFJlbWFya3M+PFBheVR5cGU+UEFZMjQ8L1BheVR5cGU+PE5vdGlmeVR5cGU+MTwvTm90aWZ5VHlwZT48UGF5SVA+MjAyLjk2LjI1NS4xNDg8L1BheUlQPjwvVHJ4UmVzcG9uc2U+PC9NZXNzYWdlPjxTaWduYXR1cmUtQWxnb3JpdGhtPlNIQTF3aXRoUlNBPC9TaWduYXR1cmUtQWxnb3JpdGhtPjxTaWduYXR1cmU+WFJHVytaN2thaXBBUzZua1d6VW80YUtaOC9HK29RM3k4aTFhU2FnZlZ5eURPNHJTNXFMUmVjclc5UjVqbkRrQmRGaDJ5cVRnRjZ4Mi9adTVsVWp0OEROeGhIcUxqbmlmT2I0OHZ5bUNMdGxWWlM1d0EvbzZoNXRxQWZpc2tKUUJCZU4wS09HQStXcGFwb1RvOC9jdWEvcHo1aGJzT3JtRFVGSjlvNDF1Y0xVPTwvU2lnbmF0dXJlPjwvTVNHPg==]
2015/03/01-11:48:20 经过Base64解码后的支付结果通知：\n[<MSG><Message><TrxResponse><ReturnCode>0000</ReturnCode><ErrorMessage></ErrorMessage><ECMerchantType>B2C</ECMerchantType><MerchantID>233010103354A02</MerchantID><TrxType>PayResult</TrxType><OrderNo>30962</OrderNo><Amount>150.00</Amount><BatchNo>000114</BatchNo><HostDate>20150301</HostDate><HostTime>114757</HostTime><MerchantRemarks>八年级科学_5 月 _150.00 元</MerchantRemarks><PayType>PAY24</PayType><NotifyType>1</NotifyType><PayIP>202.96.255.148</PayIP></TrxResponse></Message><Signature-Algorithm>SHA1withRSA</Signature-Algorithm><Signature>XRGW+Z7kaipAS6nkWzUo4aKZ8/G+oQ3y8i1aSagfVyyDO4rS5qLRecrW9R5jnDkBdFh2yqTgF6x2/Zu5lUjt8DNxhHqLjnifOb48vymCLtlVZS5wA/o6h5tqAfiskJQBBeN0KOGA+WpapoTo8/cua/pz5hbsOrmDUFJ9o41ucLU=</Signature></MSG>]
2015/03/01-11:48:20 验证支付结果通知的签名：
2015/03/01-11:48:20 验证通过！\n 经过验证的支付结果通知：\n[<TrxResponse><ReturnCode>0000</ReturnCode><ErrorMessage></ErrorMessage><ECMerchantType>B2C</ECMerchantType><MerchantID>233010103354A02</MerchantID><TrxType>PayResult</TrxType><OrderNo>30962</OrderNo><Amount>150.00</Amount><BatchNo>000114</BatchNo><HostDate>20150301</HostDate><HostTime>114757</HostTime><MerchantRemarks>八年级科学_5 月 _150.00 元</MerchantRemarks><PayType>PAY24</PayType><NotifyType>1</NotifyType><PayIP>202.96.255.148</PayIP></TrxResponse>]
2015/03/01-11:48:20 交易结束==================================================
2015/03/01-14:33:16 TrustPay Client PHP 交易开始==========================
2015/03/01-14:33:16 配置文件中商户数为2请求指定的商户配置编号为 2
2015/03/01-14:33:16 检查交易请求是否合法：正确
2015/03/01-14:33:16 交易报文
2015/03/01-14:33:16 完整交易报文：
2015/03/01-14:33:16 签名后的报文
2015/03/01-14:33:16 提交网上支付平台的报文：
                    <MSG><Message><Merchant><ECMerchantType>B2C</ECMerchantType><MerchantID>233010103354A02</MerchantID></Merchant><TrxRequest><TrxType>PayReq</TrxType><Order><OrderNo>30971</OrderNo><ExpiredDate>10</ExpiredDate><OrderAmount>80</OrderAmount><OrderDesc>开通 高一数学 服务</OrderDesc><OrderDate>2015/03/01</OrderDate><OrderTime>14:33:16</OrderTime><OrderURL>http://hxsy.ebanhui.com/</OrderURL><BuyIP>113.214.202.81</BuyIP><OrderItems><OrderItem><ProductID>IP000001</ProductID><ProductName>开通 高一数学 服务</ProductName><UnitPrice>80</UnitPrice><Qty>1</Qty></OrderItem></OrderItems></Order><ProductType>1</ProductType><PaymentType>6</PaymentType><NotifyType>1</NotifyType><ResultNotifyURL>http://hxsy.ebanhui.com/ibuy/abcnotify.html?orderid=30971</ResultNotifyURL><MerchantRemarks>高一数学_2 月 _80.00 元</MerchantRemarks><PaymentLinkType>1</PaymentLinkType></TrxRequest></Message><Signature-Algorithm>SHA1withRSA</Signature-Algorithm><Signature>Sy9altuZaX4pNLlJTZPjXXkRxT4SY+btl/YtHWzcM+5KFltR3WqjO34FOlN7O+4GPM/HXH1bhsDTrb5oMed2uuYskFks3jDyr9f9mAxtqKvJBXxm/7qlW2cZC+437OTT9ok0kdvalO6to6Spwrrb1v3PoXwFnIaFN31gPnXyLTo=</Signature></MSG>
2015/03/01-14:33:16 报文长度：1153<br>
2015/03/01-14:33:16 连线网上支付平台
2015/03/01-14:33:16 网上支付平台URL：[https://www.95599.cn/b2c/trustpay/ReceiveMerchantTrxReqServlet] 
2015/03/01-14:33:16 成功
2015/03/01-14:33:16 提交交易报文：
2015/03/01-14:33:16 <MSG><Message><Merchant><ECMerchantType>B2C</ECMerchantType><MerchantID>233010103354A02</MerchantID></Merchant><TrxRequest><TrxType>PayReq</TrxType><Order><OrderNo>30971</OrderNo><ExpiredDate>10</ExpiredDate><OrderAmount>80</OrderAmount><OrderDesc>开通 高一数学 服务</OrderDesc><OrderDate>2015/03/01</OrderDate><OrderTime>14:33:16</OrderTime><OrderURL>http://hxsy.ebanhui.com/</OrderURL><BuyIP>113.214.202.81</BuyIP><OrderItems><OrderItem><ProductID>IP000001</ProductID><ProductName>开通 高一数学 服务</ProductName><UnitPrice>80</UnitPrice><Qty>1</Qty></OrderItem></OrderItems></Order><ProductType>1</ProductType><PaymentType>6</PaymentType><NotifyType>1</NotifyType><ResultNotifyURL>http://hxsy.ebanhui.com/ibuy/abcnotify.html?orderid=30971</ResultNotifyURL><MerchantRemarks>高一数学_2 月 _80.00 元</MerchantRemarks><PaymentLinkType>1</PaymentLinkType></TrxRequest></Message><Signature-Algorithm>SHA1withRSA</Signature-Algorithm><Signature>Sy9altuZaX4pNLlJTZPjXXkRxT4SY+btl/YtHWzcM+5KFltR3WqjO34FOlN7O+4GPM/HXH1bhsDTrb5oMed2uuYskFks3jDyr9f9mAxtqKvJBXxm/7qlW2cZC+437OTT9ok0kdvalO6to6Spwrrb1v3PoXwFnIaFN31gPnXyLTo=</Signature></MSG>
2015/03/01-14:33:16 成功
2015/03/01-14:33:16 接受到的响应报文：
                    HTTP/1.1 200 OK
                    Date: Sun, 01 Mar 2015 06:32:54 GMT
                    Server: Microsoft-IIS/6.0
                    X-Powered-By: ASP.NET
                    X-AspNet-Version: 2.0.50727
                    Set-Cookie: ASP.NET_SessionId=rwq04r331zfyuqeezimive45; path=/; HttpOnly
                    Cache-Control: private
                    Content-Type: text/html; charset=gb2312
                    Connection: close
                    Set-Cookie: BIGipServerpool_ec_b2c=929360650.56867.0000; path=/
                    
                    <MSG><Message><Merchant><ECMerchantType>B2C</ECMerchantType><MerchantID>233010103354A02</MerchantID></Merchant><TrxResponse><ReturnCode>0000</ReturnCode><ErrorMessage>交易成功</ErrorMessage><TrxType>PayReq</TrxType><OrderNo>30971</OrderNo><PaymentURL>https://easyabc.95599.cn/b2c/NotCheckStatus/PaymentModeUCBPAct.ebf?TOKEN=14251915742388383616</PaymentURL><OrderAmount>80</OrderAmount></TrxResponse></Message><Signature-Algorithm>SHA1withRSA</Signature-Algorithm><Signature>2HS8pUmFOs6QNAbsg6fj07c+qo8JJy1BKdn3Z8y87GJ0OY0VhCRlcccZukp7NCVWzLlqQc68ZwANY2IqVgTU900QSGkXmW+QsgmZ9rk5LUnZiWam6zAJad+wH6uPJk3ktaQxiPc4C3CGxA5VYc+UBZdqB8ObErqUUrWZV6B3SKs=</Signature></MSG>
2015/03/01-14:33:16 接收报文：
2015/03/01-14:33:16 <Message><Merchant><ECMerchantType>B2C</ECMerchantType><MerchantID>233010103354A02</MerchantID></Merchant><TrxResponse><ReturnCode>0000</ReturnCode><ErrorMessage>交易成功</ErrorMessage><TrxType>PayReq</TrxType><OrderNo>30971</OrderNo><PaymentURL>https://easyabc.95599.cn/b2c/NotCheckStatus/PaymentModeUCBPAct.ebf?TOKEN=14251915742388383616</PaymentURL><OrderAmount>80</OrderAmount></TrxResponse></Message><Signature-Algorithm>SHA1withRSA</Signature-Algorithm><Signature>2HS8pUmFOs6QNAbsg6fj07c+qo8JJy1BKdn3Z8y87GJ0OY0VhCRlcccZukp7NCVWzLlqQc68ZwANY2IqVgTU900QSGkXmW+QsgmZ9rk5LUnZiWam6zAJad+wH6uPJk3ktaQxiPc4C3CGxA5VYc+UBZdqB8ObErqUUrWZV6B3SKs=</Signature>
2015/03/01-14:33:16 验证网上支付平台响应报文的签名：正确
2015/03/01-14:33:16 生成交易响应对象：
2015/03/01-14:33:16 交易结果：[0000]
2015/03/01-14:33:16 错误信息：[交易成功]
2015/03/01-14:33:16 交易结束==================================================
                    
                    
                    
                    
2015/03/01-17:06:31 TrustPay Client PHP 交易开始==========================
2015/03/01-17:06:31 配置文件中商户数为2请求指定的商户配置编号为 1
2015/03/01-17:06:31 检查交易请求是否合法：
2015/03/01-17:06:31 1101]    错误信息：[商户提交的交易资料不合法 - 订单信息不合法！]
2015/03/01-17:06:31 交易结束==================================================
                    
                    
                    
                    
2015/03/01-17:06:34 TrustPay Client PHP 交易开始==========================
2015/03/01-17:06:34 配置文件中商户数为2请求指定的商户配置编号为 1
2015/03/01-17:06:34 检查交易请求是否合法：
2015/03/01-17:06:34 1101]    错误信息：[商户提交的交易资料不合法 - 订单信息不合法！]
2015/03/01-17:06:34 交易结束==================================================
                    
                    
                    
                    
2015/03/01-17:06:47 TrustPay Client PHP 交易开始==========================
2015/03/01-17:06:47 配置文件中商户数为2请求指定的商户配置编号为 1
2015/03/01-17:06:47 检查交易请求是否合法：
2015/03/01-17:06:47 1101]    错误信息：[商户提交的交易资料不合法 - 订单信息不合法！]
2015/03/01-17:06:47 交易结束==================================================
                    
                    
                    
                    
2015/03/01-17:06:51 TrustPay Client PHP 交易开始==========================
2015/03/01-17:06:51 配置文件中商户数为2请求指定的商户配置编号为 1
2015/03/01-17:06:51 检查交易请求是否合法：
2015/03/01-17:06:51 1101]    错误信息：[商户提交的交易资料不合法 - 订单信息不合法！]
2015/03/01-17:06:51 交易结束==================================================
                    
                    
                    
                    
2015/03/01-18:53:29 TrustPay Client PHP 交易开始==========================
2015/03/01-18:53:29 配置文件中商户数为2请求指定的商户配置编号为 1
2015/03/01-18:53:29 检查交易请求是否合法：
2015/03/01-18:53:29 1101]    错误信息：[商户提交的交易资料不合法 - 订单信息不合法！]
2015/03/01-18:53:29 交易结束==================================================
                    
                    
                    
                    
2015/03/01-18:56:43 TrustPay Client PHP 交易开始==========================
2015/03/01-18:56:43 配置文件中商户数为2请求指定的商户配置编号为 2
2015/03/01-18:56:43 检查交易请求是否合法：
2015/03/01-18:56:43 1101]    错误信息：[商户提交的交易资料不合法 - 订单信息不合法！]
2015/03/01-18:56:43 交易结束==================================================
                    
                    
                    
                    
2015/03/01-19:06:01 TrustPay Client PHP 交易开始==========================
2015/03/01-19:06:01 配置文件中商户数为2请求指定的商户配置编号为 2
2015/03/01-19:06:01 检查交易请求是否合法：正确
2015/03/01-19:06:01 交易报文
2015/03/01-19:06:01 完整交易报文：
2015/03/01-19:06:01 签名后的报文
2015/03/01-19:06:01 提交网上支付平台的报文：
                    <MSG><Message><Merchant><ECMerchantType>B2C</ECMerchantType><MerchantID>233010103354A02</MerchantID></Merchant><TrxRequest><TrxType>PayReq</TrxType><Order><OrderNo>30982</OrderNo><ExpiredDate>10</ExpiredDate><OrderAmount>100</OrderAmount><OrderDesc>开通 高二物理 服务</OrderDesc><OrderDate>2015/03/01</OrderDate><OrderTime>19:06:01</OrderTime><OrderURL>http://tzez.ebh.net/</OrderURL><BuyIP>122.4.33.57</BuyIP><OrderItems><OrderItem><ProductID>IP000001</ProductID><ProductName>开通 高二物理 服务</ProductName><UnitPrice>100</UnitPrice><Qty>1</Qty></OrderItem></OrderItems></Order><ProductType>1</ProductType><PaymentType>6</PaymentType><NotifyType>1</NotifyType><ResultNotifyURL>http://tzez.ebh.net/ibuy/abcnotify.html?orderid=30982</ResultNotifyURL><MerchantRemarks>高二物理_5 月 _100.00 元</MerchantRemarks><PaymentLinkType>1</PaymentLinkType></TrxRequest></Message><Signature-Algorithm>SHA1withRSA</Signature-Algorithm><Signature>HtT/e39bJOKHPk2T5XFBR2JrQL/MBKz7cKq6tYnkz1i9hMMLigH+XvGXZsopjCqDDQwX9ifu2F691WdvZKbyoTOSvkfBuADAdQ9iCitgPDWa7XIw+XeCCal7GT0T5onx0FRvKPN1OXfSJ/QX98rM6TvFFnk3D1qXmyfb4MBCZT4=</Signature></MSG>
2015/03/01-19:06:01 报文长度：1145<br>
2015/03/01-19:06:01 连线网上支付平台
2015/03/01-19:06:01 网上支付平台URL：[https://www.95599.cn/b2c/trustpay/ReceiveMerchantTrxReqServlet] 
2015/03/01-19:06:01 成功
2015/03/01-19:06:01 提交交易报文：
2015/03/01-19:06:01 <MSG><Message><Merchant><ECMerchantType>B2C</ECMerchantType><MerchantID>233010103354A02</MerchantID></Merchant><TrxRequest><TrxType>PayReq</TrxType><Order><OrderNo>30982</OrderNo><ExpiredDate>10</ExpiredDate><OrderAmount>100</OrderAmount><OrderDesc>开通 高二物理 服务</OrderDesc><OrderDate>2015/03/01</OrderDate><OrderTime>19:06:01</OrderTime><OrderURL>http://tzez.ebh.net/</OrderURL><BuyIP>122.4.33.57</BuyIP><OrderItems><OrderItem><ProductID>IP000001</ProductID><ProductName>开通 高二物理 服务</ProductName><UnitPrice>100</UnitPrice><Qty>1</Qty></OrderItem></OrderItems></Order><ProductType>1</ProductType><PaymentType>6</PaymentType><NotifyType>1</NotifyType><ResultNotifyURL>http://tzez.ebh.net/ibuy/abcnotify.html?orderid=30982</ResultNotifyURL><MerchantRemarks>高二物理_5 月 _100.00 元</MerchantRemarks><PaymentLinkType>1</PaymentLinkType></TrxRequest></Message><Signature-Algorithm>SHA1withRSA</Signature-Algorithm><Signature>HtT/e39bJOKHPk2T5XFBR2JrQL/MBKz7cKq6tYnkz1i9hMMLigH+XvGXZsopjCqDDQwX9ifu2F691WdvZKbyoTOSvkfBuADAdQ9iCitgPDWa7XIw+XeCCal7GT0T5onx0FRvKPN1OXfSJ/QX98rM6TvFFnk3D1qXmyfb4MBCZT4=</Signature></MSG>
2015/03/01-19:06:01 成功
2015/03/01-19:06:01 接受到的响应报文：
                    HTTP/1.1 200 OK
                    Date: Sun, 01 Mar 2015 11:05:39 GMT
                    Server: Microsoft-IIS/6.0
                    X-Powered-By: ASP.NET
                    X-AspNet-Version: 2.0.50727
                    Set-Cookie: ASP.NET_SessionId=i52diz45ta00yr45m4cycqvx; path=/; HttpOnly
                    Cache-Control: private
                    Content-Type: text/html; charset=gb2312
                    Connection: close
                    Set-Cookie: BIGipServerpool_ec_b2c=3965512458.56611.0000; path=/
                    
                    <MSG><Message><Merchant><ECMerchantType>B2C</ECMerchantType><MerchantID>233010103354A02</MerchantID></Merchant><TrxResponse><ReturnCode>0000</ReturnCode><ErrorMessage>交易成功</ErrorMessage><TrxType>PayReq</TrxType><OrderNo>30982</OrderNo><PaymentURL>https://easyabc.95599.cn/b2c/NotCheckStatus/PaymentModeUCBPAct.ebf?TOKEN=14252079393033360828</PaymentURL><OrderAmount>100</OrderAmount></TrxResponse></Message><Signature-Algorithm>SHA1withRSA</Signature-Algorithm><Signature>UjTvN2YHs5HYbP/RVF+vabhPpFnpu+bqqbNFGR2CDmyRYSlxGp5cUfcqE7tlgLX+KArW0C/YBrVmLFDCuA63+IZalAkFXQuIBLctbhyosBZWSer0l1B8eI57Ch+Qk8zQn57pD3CzLUlIMPBF4UwsUn7mw3ixgTODvXBMxUn0ibU=</Signature></MSG>
2015/03/01-19:06:01 接收报文：
2015/03/01-19:06:01 <Message><Merchant><ECMerchantType>B2C</ECMerchantType><MerchantID>233010103354A02</MerchantID></Merchant><TrxResponse><ReturnCode>0000</ReturnCode><ErrorMessage>交易成功</ErrorMessage><TrxType>PayReq</TrxType><OrderNo>30982</OrderNo><PaymentURL>https://easyabc.95599.cn/b2c/NotCheckStatus/PaymentModeUCBPAct.ebf?TOKEN=14252079393033360828</PaymentURL><OrderAmount>100</OrderAmount></TrxResponse></Message><Signature-Algorithm>SHA1withRSA</Signature-Algorithm><Signature>UjTvN2YHs5HYbP/RVF+vabhPpFnpu+bqqbNFGR2CDmyRYSlxGp5cUfcqE7tlgLX+KArW0C/YBrVmLFDCuA63+IZalAkFXQuIBLctbhyosBZWSer0l1B8eI57Ch+Qk8zQn57pD3CzLUlIMPBF4UwsUn7mw3ixgTODvXBMxUn0ibU=</Signature>
2015/03/01-19:06:01 验证网上支付平台响应报文的签名：正确
2015/03/01-19:06:01 生成交易响应对象：
2015/03/01-19:06:01 交易结果：[0000]
2015/03/01-19:06:01 错误信息：[交易成功]
2015/03/01-19:06:01 交易结束==================================================
                    
                    
                    
                    
2015/03/01-19:14:38 TrustPay Client PHP 交易开始==========================
2015/03/01-19:14:38 配置文件中商户数为2请求指定的商户配置编号为 2
2015/03/01-19:14:38 检查交易请求是否合法：
2015/03/01-19:14:38 1101]    错误信息：[商户提交的交易资料不合法 - 订单信息不合法！]
2015/03/01-19:14:38 交易结束==================================================
                    
                    
                    
                    