
2014/09/05-10:27:38 TrustPay Client PHP 交易开始==========================
2014/09/05-10:27:38 配置文件中商户数为2请求指定的商户配置编号为 2
2014/09/05-10:27:38 检查交易请求是否合法：正确
2014/09/05-10:27:38 交易报文
2014/09/05-10:27:38 完整交易报文：
2014/09/05-10:27:38 签名后的报文
2014/09/05-10:27:38 提交网上支付平台的报文：
                    <MSG><Message><Merchant><ECMerchantType>B2C</ECMerchantType><MerchantID>233010103354A02</MerchantID></Merchant><TrxRequest><TrxType>PayReq</TrxType><Order><OrderNo>4347</OrderNo><ExpiredDate>10</ExpiredDate><OrderAmount>350</OrderAmount><OrderDesc>开通 高一上学期数学辅导班 服务</OrderDesc><OrderDate>2014/09/05</OrderDate><OrderTime>10:27:38</OrderTime><OrderURL>http://sy.ebanhui.com/</OrderURL><BuyIP>218.108.86.250</BuyIP><OrderItems><OrderItem><ProductID>IP000001</ProductID><ProductName>开通 高一上学期数学辅导班 服务</ProductName><UnitPrice>350</UnitPrice><Qty>1</Qty></OrderItem></OrderItems></Order><ProductType>1</ProductType><PaymentType>6</PaymentType><NotifyType>1</NotifyType><ResultNotifyURL>http://sy.ebanhui.com/ibuy/abcnotify.html?orderid=4347</ResultNotifyURL><MerchantRemarks>高一上学期数学辅导班-5 月 -350.00 元</MerchantRemarks><PaymentLinkType>1</PaymentLinkType></TrxRequest></Message><Signature-Algorithm>SHA1withRSA</Signature-Algorithm><Signature>qG3gJRufhscBvav91FcFYQil6AcpA2WkY99d1h2poBgydFCOzcwMQ1hHDDRAMTGW5U8YA/Ufq1tXxaTFLv5A7xZLO8f775Xm/MM/Qdp2V4OEJZkD9cvnZQT0R2jhM9B1hd4aI/g56Zuq4ZwJYwlrJDoPBFv4mt51bWLCyu+V7NY=</Signature></MSG>
2014/09/05-10:27:38 报文长度：1204<br>
2014/09/05-10:27:38 连线网上支付平台
2014/09/05-10:27:38 网上支付平台URL：[https://www.95599.cn/b2c/trustpay/ReceiveMerchantTrxReqServlet] 
2014/09/05-10:27:38 成功
2014/09/05-10:27:38 提交交易报文：
2014/09/05-10:27:38 <MSG><Message><Merchant><ECMerchantType>B2C</ECMerchantType><MerchantID>233010103354A02</MerchantID></Merchant><TrxRequest><TrxType>PayReq</TrxType><Order><OrderNo>4347</OrderNo><ExpiredDate>10</ExpiredDate><OrderAmount>350</OrderAmount><OrderDesc>开通 高一上学期数学辅导班 服务</OrderDesc><OrderDate>2014/09/05</OrderDate><OrderTime>10:27:38</OrderTime><OrderURL>http://sy.ebanhui.com/</OrderURL><BuyIP>218.108.86.250</BuyIP><OrderItems><OrderItem><ProductID>IP000001</ProductID><ProductName>开通 高一上学期数学辅导班 服务</ProductName><UnitPrice>350</UnitPrice><Qty>1</Qty></OrderItem></OrderItems></Order><ProductType>1</ProductType><PaymentType>6</PaymentType><NotifyType>1</NotifyType><ResultNotifyURL>http://sy.ebanhui.com/ibuy/abcnotify.html?orderid=4347</ResultNotifyURL><MerchantRemarks>高一上学期数学辅导班-5 月 -350.00 元</MerchantRemarks><PaymentLinkType>1</PaymentLinkType></TrxRequest></Message><Signature-Algorithm>SHA1withRSA</Signature-Algorithm><Signature>qG3gJRufhscBvav91FcFYQil6AcpA2WkY99d1h2poBgydFCOzcwMQ1hHDDRAMTGW5U8YA/Ufq1tXxaTFLv5A7xZLO8f775Xm/MM/Qdp2V4OEJZkD9cvnZQT0R2jhM9B1hd4aI/g56Zuq4ZwJYwlrJDoPBFv4mt51bWLCyu+V7NY=</Signature></MSG>
2014/09/05-10:27:38 成功
2014/09/05-10:27:38 接受到的响应报文：
                    HTTP/1.1 200 OK
                    Date: Fri, 05 Sep 2014 02:26:16 GMT
                    Server: Microsoft-IIS/6.0
                    X-Powered-By: ASP.NET
                    X-AspNet-Version: 2.0.50727
                    Set-Cookie: ASP.NET_SessionId=lsit23552unowmm4p33n1hb2; path=/; HttpOnly
                    Cache-Control: private
                    Content-Type: text/html; charset=gb2312
                    Connection: close
                    Set-Cookie: BIGipServerpool_ec_b2c=1046801162.56867.0000; path=/
                    
                    <MSG><Message><Merchant><ECMerchantType>B2C</ECMerchantType><MerchantID>233010103354A02</MerchantID></Merchant><TrxResponse><ReturnCode>0000</ReturnCode><ErrorMessage>交易成功</ErrorMessage><TrxType>PayReq</TrxType><OrderNo>4347</OrderNo><PaymentURL>https://easyabc.95599.cn/b2c/NotCheckStatus/PaymentModeUCBPAct.ebf?TOKEN=14098839765080030009</PaymentURL><OrderAmount>350</OrderAmount></TrxResponse></Message><Signature-Algorithm>SHA1withRSA</Signature-Algorithm><Signature>X1WmydM2SbKTw1KVct0qhoE9JZ2Hxn7fhHuKelj5mpEl9ME3jBsBGwCcZ5N/lCeVjC5ftebg5+MnUcbvwSYBBDVg1PFcGr8grCeqYfBuQ4Vc5TKj1YAR04SY5YHi6lNrmM6Hisf3OxjlJzlG23mXmyoyeR9emejUMTJXiDlUrlc=</Signature></MSG>
2014/09/05-10:27:38 接收报文：
2014/09/05-10:27:38 <Message><Merchant><ECMerchantType>B2C</ECMerchantType><MerchantID>233010103354A02</MerchantID></Merchant><TrxResponse><ReturnCode>0000</ReturnCode><ErrorMessage>交易成功</ErrorMessage><TrxType>PayReq</TrxType><OrderNo>4347</OrderNo><PaymentURL>https://easyabc.95599.cn/b2c/NotCheckStatus/PaymentModeUCBPAct.ebf?TOKEN=14098839765080030009</PaymentURL><OrderAmount>350</OrderAmount></TrxResponse></Message><Signature-Algorithm>SHA1withRSA</Signature-Algorithm><Signature>X1WmydM2SbKTw1KVct0qhoE9JZ2Hxn7fhHuKelj5mpEl9ME3jBsBGwCcZ5N/lCeVjC5ftebg5+MnUcbvwSYBBDVg1PFcGr8grCeqYfBuQ4Vc5TKj1YAR04SY5YHi6lNrmM6Hisf3OxjlJzlG23mXmyoyeR9emejUMTJXiDlUrlc=</Signature>
2014/09/05-10:27:38 验证网上支付平台响应报文的签名：正确
2014/09/05-10:27:38 生成交易响应对象：
2014/09/05-10:27:38 交易结果：[0000]
2014/09/05-10:27:38 错误信息：[交易成功]
2014/09/05-10:27:38 交易结束==================================================
                    
                    
                    
                    
2014/09/05-21:35:53 TrustPay Client PHP 交易开始==========================
2014/09/05-21:35:53 配置文件中商户数为2请求指定的商户配置编号为 2
2014/09/05-21:35:53 检查交易请求是否合法：
2014/09/05-21:35:53 1101]    错误信息：[商户提交的交易资料不合法 - 订单信息不合法！]
2014/09/05-21:35:53 交易结束==================================================
                    
                    
                    
                    
2014/09/05-21:36:04 TrustPay Client PHP 交易开始==========================
2014/09/05-21:36:04 配置文件中商户数为2请求指定的商户配置编号为 2
2014/09/05-21:36:04 检查交易请求是否合法：
2014/09/05-21:36:04 1101]    错误信息：[商户提交的交易资料不合法 - 订单信息不合法！]
2014/09/05-21:36:04 交易结束==================================================
                    
                    
                    
                    