
2014/11/16-22:38:42 TrustPay Client PHP 交易开始==========================
2014/11/16-22:38:42 配置文件中商户数为2请求指定的商户配置编号为 2
2014/11/16-22:38:42 检查交易请求是否合法：
2014/11/16-22:38:42 1101]    错误信息：[商户提交的交易资料不合法 - 订单信息不合法！]
2014/11/16-22:38:42 交易结束==================================================
                    
                    
                    
                    
2014/11/16-22:39:11 TrustPay Client PHP 交易开始==========================
2014/11/16-22:39:11 配置文件中商户数为2请求指定的商户配置编号为 2
2014/11/16-22:39:11 检查交易请求是否合法：
2014/11/16-22:39:11 1101]    错误信息：[商户提交的交易资料不合法 - 订单信息不合法！]
2014/11/16-22:39:11 交易结束==================================================
                    
                    
                    
                    
2014/11/16-22:39:17 TrustPay Client PHP 交易开始==========================
2014/11/16-22:39:17 配置文件中商户数为2请求指定的商户配置编号为 2
2014/11/16-22:39:17 检查交易请求是否合法：
2014/11/16-22:39:17 1101]    错误信息：[商户提交的交易资料不合法 - 订单信息不合法！]
2014/11/16-22:39:17 交易结束==================================================
                    
                    
                    
                    
2014/11/16-22:39:34 TrustPay Client PHP 交易开始==========================
2014/11/16-22:39:34 配置文件中商户数为2请求指定的商户配置编号为 2
2014/11/16-22:39:34 检查交易请求是否合法：
2014/11/16-22:39:34 1101]    错误信息：[商户提交的交易资料不合法 - 订单信息不合法！]
2014/11/16-22:39:34 交易结束==================================================
                    
                    
                    
                    
2014/11/16-22:39:49 TrustPay Client PHP 交易开始==========================
2014/11/16-22:39:49 配置文件中商户数为2请求指定的商户配置编号为 2
2014/11/16-22:39:49 检查交易请求是否合法：
2014/11/16-22:39:49 1101]    错误信息：[商户提交的交易资料不合法 - 订单信息不合法！]
2014/11/16-22:39:49 交易结束==================================================
                    
                    
                    
                    
2014/11/16-22:41:29 TrustPay Client PHP 交易开始==========================
2014/11/16-22:41:29 配置文件中商户数为2请求指定的商户配置编号为 2
2014/11/16-22:41:29 检查交易请求是否合法：
2014/11/16-22:41:29 1101]    错误信息：[商户提交的交易资料不合法 - 订单信息不合法！]
2014/11/16-22:41:29 交易结束==================================================
                    
                    
                    
                    
2014/11/16-22:50:51 TrustPay Client PHP 交易开始==========================
2014/11/16-22:50:51 配置文件中商户数为2请求指定的商户配置编号为 2
2014/11/16-22:50:51 检查交易请求是否合法：
2014/11/16-22:50:51 1101]    错误信息：[商户提交的交易资料不合法 - 订单信息不合法！]
2014/11/16-22:50:51 交易结束==================================================
                    
                    
                    
                    