
2015/03/03-13:52:46 TrustPay Client PHP 交易开始==========================
2015/03/03-13:52:46 配置文件中商户数为2请求指定的商户配置编号为 1
2015/03/03-13:52:46 检查交易请求是否合法：
2015/03/03-13:52:46 1101]    错误信息：[商户提交的交易资料不合法 - 订单信息不合法！]
2015/03/03-13:52:46 交易结束==================================================
                    
                    
                    
                    
2015/03/03-13:52:48 TrustPay Client PHP 交易开始==========================
2015/03/03-13:52:48 配置文件中商户数为2请求指定的商户配置编号为 1
2015/03/03-13:52:48 检查交易请求是否合法：
2015/03/03-13:52:48 1101]    错误信息：[商户提交的交易资料不合法 - 订单信息不合法！]
2015/03/03-13:52:48 交易结束==================================================
                    
                    
                    
                    
2015/03/03-13:53:00 TrustPay Client PHP 交易开始==========================
2015/03/03-13:53:00 配置文件中商户数为2请求指定的商户配置编号为 1
2015/03/03-13:53:00 检查交易请求是否合法：
2015/03/03-13:53:00 1101]    错误信息：[商户提交的交易资料不合法 - 订单信息不合法！]
2015/03/03-13:53:00 交易结束==================================================
                    
                    
                    
                    
2015/03/03-13:53:16 TrustPay Client PHP 交易开始==========================
2015/03/03-13:53:16 配置文件中商户数为2请求指定的商户配置编号为 2
2015/03/03-13:53:16 检查交易请求是否合法：
2015/03/03-13:53:16 1101]    错误信息：[商户提交的交易资料不合法 - 订单信息不合法！]
2015/03/03-13:53:16 交易结束==================================================
                    
                    
                    
                    
2015/03/03-13:53:17 TrustPay Client PHP 交易开始==========================
2015/03/03-13:53:17 配置文件中商户数为2请求指定的商户配置编号为 2
2015/03/03-13:53:17 检查交易请求是否合法：
2015/03/03-13:53:17 1101]    错误信息：[商户提交的交易资料不合法 - 订单信息不合法！]
2015/03/03-13:53:17 交易结束==================================================
                    
                    
                    
                    
2015/03/03-13:53:26 TrustPay Client PHP 交易开始==========================
2015/03/03-13:53:26 配置文件中商户数为2请求指定的商户配置编号为 2
2015/03/03-13:53:26 检查交易请求是否合法：
2015/03/03-13:53:26 1101]    错误信息：[商户提交的交易资料不合法 - 订单信息不合法！]
2015/03/03-13:53:26 交易结束==================================================
                    
                    
                    
                    
2015/03/03-13:53:27 TrustPay Client PHP 交易开始==========================
2015/03/03-13:53:27 配置文件中商户数为2请求指定的商户配置编号为 2
2015/03/03-13:53:27 检查交易请求是否合法：
2015/03/03-13:53:27 1101]    错误信息：[商户提交的交易资料不合法 - 订单信息不合法！]
2015/03/03-13:53:27 交易结束==================================================
                    
                    
                    
                    
2015/03/03-16:16:21 TrustPayClient PHP 交易开始==========================
2015/03/03-16:16:21 接收到的支付结果通知：\n[]
2015/03/03-16:16:21 经过Base64解码后的支付结果通知：\n[]
2015/03/03-16:16:21 验证支付结果通知的签名：验证失败！\n
2015/03/03-16:16:21 交易结束==================================================
2015/03/03-19:01:38 TrustPay Client PHP 交易开始==========================
2015/03/03-19:01:38 配置文件中商户数为2请求指定的商户配置编号为 1
2015/03/03-19:01:38 检查交易请求是否合法：
2015/03/03-19:01:38 1101]    错误信息：[商户提交的交易资料不合法 - 订单信息不合法！]
2015/03/03-19:01:38 交易结束==================================================
                    
                    
                    
                    
2015/03/03-19:47:26 TrustPay Client PHP 交易开始==========================
2015/03/03-19:47:26 配置文件中商户数为2请求指定的商户配置编号为 1
2015/03/03-19:47:26 检查交易请求是否合法：
2015/03/03-19:47:26 1101]    错误信息：[商户提交的交易资料不合法 - 订单信息不合法！]
2015/03/03-19:47:26 交易结束==================================================
                    
                    
                    
                    
2015/03/03-19:47:29 TrustPay Client PHP 交易开始==========================
2015/03/03-19:47:29 配置文件中商户数为2请求指定的商户配置编号为 1
2015/03/03-19:47:29 检查交易请求是否合法：
2015/03/03-19:47:29 1101]    错误信息：[商户提交的交易资料不合法 - 订单信息不合法！]
2015/03/03-19:47:29 交易结束==================================================
                    
                    
                    
                    
2015/03/03-19:50:21 TrustPay Client PHP 交易开始==========================
2015/03/03-19:50:21 配置文件中商户数为2请求指定的商户配置编号为 2
2015/03/03-19:50:21 检查交易请求是否合法：
2015/03/03-19:50:21 1101]    错误信息：[商户提交的交易资料不合法 - 订单信息不合法！]
2015/03/03-19:50:21 交易结束==================================================
                    
                    
                    
                    
2015/03/03-19:50:22 TrustPay Client PHP 交易开始==========================
2015/03/03-19:50:22 配置文件中商户数为2请求指定的商户配置编号为 2
2015/03/03-19:50:22 检查交易请求是否合法：
2015/03/03-19:50:22 1101]    错误信息：[商户提交的交易资料不合法 - 订单信息不合法！]
2015/03/03-19:50:22 交易结束==================================================
                    
                    
                    
                    
2015/03/03-19:57:45 TrustPay Client PHP 交易开始==========================
2015/03/03-19:57:45 配置文件中商户数为2请求指定的商户配置编号为 2
2015/03/03-19:57:45 检查交易请求是否合法：
2015/03/03-19:57:45 1101]    错误信息：[商户提交的交易资料不合法 - 订单信息不合法！]
2015/03/03-19:57:45 交易结束==================================================
                    
                    
                    
                    
2015/03/03-19:57:45 TrustPay Client PHP 交易开始==========================
2015/03/03-19:57:45 配置文件中商户数为2请求指定的商户配置编号为 2
2015/03/03-19:57:45 检查交易请求是否合法：
2015/03/03-19:57:45 1101]    错误信息：[商户提交的交易资料不合法 - 订单信息不合法！]
2015/03/03-19:57:45 交易结束==================================================
                    
                    
                    
                    