
2014/10/17-12:34:37 TrustPay Client PHP 交易开始==========================
2014/10/17-12:34:37 配置文件中商户数为2请求指定的商户配置编号为 1
2014/10/17-12:34:37 检查交易请求是否合法：正确
2014/10/17-12:34:37 交易报文
2014/10/17-12:34:37 完整交易报文：
2014/10/17-12:34:37 签名后的报文
2014/10/17-12:34:37 提交网上支付平台的报文：
                    <MSG><Message><Merchant><ECMerchantType>B2C</ECMerchantType><MerchantID>233010103354A01</MerchantID></Merchant><TrxRequest><TrxType>PayReq</TrxType><Order><OrderNo>10085</OrderNo><ExpiredDate>10</ExpiredDate><OrderAmount>128</OrderAmount><OrderDesc>开通 初一数学(容易A) 服务</OrderDesc><OrderDate>2014/10/17</OrderDate><OrderTime>12:34:37</OrderTime><OrderURL>http://jsez.ebh.net/</OrderURL><BuyIP>218.108.86.249</BuyIP><OrderItems><OrderItem><ProductID>IP000001</ProductID><ProductName>开通 初一数学(容易A) 服务</ProductName><UnitPrice>128</UnitPrice><Qty>1</Qty></OrderItem></OrderItems></Order><ProductType>1</ProductType><PaymentType>1</PaymentType><NotifyType>1</NotifyType><ResultNotifyURL>http://jsez.ebh.net/ibuy/abcnotify.html?orderid=10085</ResultNotifyURL><MerchantRemarks>初一数学(容易A)-5 月 -128.00 元</MerchantRemarks><PaymentLinkType>1</PaymentLinkType></TrxRequest></Message><Signature-Algorithm>SHA1withRSA</Signature-Algorithm><Signature>TDwO8dbxMZwnBx5BQBKfAmndSJGerPaWzmP9rJv8PeiNri/gHgpvZGj+2ZEKV1N4WV/HQydRVhYNhiUprYibzG25UOjOtChZsoZBz0RAk3ly0FRcEm3/0bp3o0zfooHGF+G1HNEN8ArfyJk/tlCB81fIBmYvLmI7tQLetNnmL/w=</Signature></MSG>
2014/10/17-12:34:37 报文长度：1175<br>
2014/10/17-12:34:37 连线网上支付平台
2014/10/17-12:34:37 网上支付平台URL：[https://www.95599.cn/b2c/trustpay/ReceiveMerchantTrxReqServlet] 
2014/10/17-12:34:37 成功
2014/10/17-12:34:37 提交交易报文：
2014/10/17-12:34:37 <MSG><Message><Merchant><ECMerchantType>B2C</ECMerchantType><MerchantID>233010103354A01</MerchantID></Merchant><TrxRequest><TrxType>PayReq</TrxType><Order><OrderNo>10085</OrderNo><ExpiredDate>10</ExpiredDate><OrderAmount>128</OrderAmount><OrderDesc>开通 初一数学(容易A) 服务</OrderDesc><OrderDate>2014/10/17</OrderDate><OrderTime>12:34:37</OrderTime><OrderURL>http://jsez.ebh.net/</OrderURL><BuyIP>218.108.86.249</BuyIP><OrderItems><OrderItem><ProductID>IP000001</ProductID><ProductName>开通 初一数学(容易A) 服务</ProductName><UnitPrice>128</UnitPrice><Qty>1</Qty></OrderItem></OrderItems></Order><ProductType>1</ProductType><PaymentType>1</PaymentType><NotifyType>1</NotifyType><ResultNotifyURL>http://jsez.ebh.net/ibuy/abcnotify.html?orderid=10085</ResultNotifyURL><MerchantRemarks>初一数学(容易A)-5 月 -128.00 元</MerchantRemarks><PaymentLinkType>1</PaymentLinkType></TrxRequest></Message><Signature-Algorithm>SHA1withRSA</Signature-Algorithm><Signature>TDwO8dbxMZwnBx5BQBKfAmndSJGerPaWzmP9rJv8PeiNri/gHgpvZGj+2ZEKV1N4WV/HQydRVhYNhiUprYibzG25UOjOtChZsoZBz0RAk3ly0FRcEm3/0bp3o0zfooHGF+G1HNEN8ArfyJk/tlCB81fIBmYvLmI7tQLetNnmL/w=</Signature></MSG>
2014/10/17-12:34:37 成功
2014/10/17-12:34:37 接受到的响应报文：
                    HTTP/1.1 200 OK
                    Date: Fri, 17 Oct 2014 04:34:31 GMT
                    Server: Microsoft-IIS/6.0
                    X-Powered-By: ASP.NET
                    X-AspNet-Version: 2.0.50727
                    Set-Cookie: ASP.NET_SessionId=qdaerneneaert0552jjjgs45; path=/; HttpOnly
                    Cache-Control: private
                    Content-Type: text/html; charset=gb2312
                    Connection: close
                    Set-Cookie: BIGipServerpool_ec_b2c=3931958026.56355.0000; path=/
                    
                    <MSG><Message><Merchant><ECMerchantType>B2C</ECMerchantType><MerchantID>233010103354A01</MerchantID></Merchant><TrxResponse><ReturnCode>0000</ReturnCode><ErrorMessage>交易成功</ErrorMessage><TrxType>PayReq</TrxType><OrderNo>10085</OrderNo><PaymentURL>https://easyabc.95599.cn/b2c/NotCheckStatus/PaymentModeNewAct.ebf?TOKEN=14135204714354595528</PaymentURL><OrderAmount>128</OrderAmount></TrxResponse></Message><Signature-Algorithm>SHA1withRSA</Signature-Algorithm><Signature>GagQaSD8Ss58BGqKH0wuhkx+gcAADcdezWIvSAcohC8BjCDF8NrQ//bQIlqyMNIUc7KX6qCFK4QXUfvFZ2kzm4yMD1Y2llbBZbnEzSXXbUoxc2Sgc7+VvwapTBY3MX0+ENFf9Q0kGETyIBAphqHyO8xs8Y9CZXuUYnTqncJcqGM=</Signature></MSG>
2014/10/17-12:34:37 接收报文：
2014/10/17-12:34:37 <Message><Merchant><ECMerchantType>B2C</ECMerchantType><MerchantID>233010103354A01</MerchantID></Merchant><TrxResponse><ReturnCode>0000</ReturnCode><ErrorMessage>交易成功</ErrorMessage><TrxType>PayReq</TrxType><OrderNo>10085</OrderNo><PaymentURL>https://easyabc.95599.cn/b2c/NotCheckStatus/PaymentModeNewAct.ebf?TOKEN=14135204714354595528</PaymentURL><OrderAmount>128</OrderAmount></TrxResponse></Message><Signature-Algorithm>SHA1withRSA</Signature-Algorithm><Signature>GagQaSD8Ss58BGqKH0wuhkx+gcAADcdezWIvSAcohC8BjCDF8NrQ//bQIlqyMNIUc7KX6qCFK4QXUfvFZ2kzm4yMD1Y2llbBZbnEzSXXbUoxc2Sgc7+VvwapTBY3MX0+ENFf9Q0kGETyIBAphqHyO8xs8Y9CZXuUYnTqncJcqGM=</Signature>
2014/10/17-12:34:37 验证网上支付平台响应报文的签名：正确
2014/10/17-12:34:37 生成交易响应对象：
2014/10/17-12:34:37 交易结果：[0000]
2014/10/17-12:34:37 错误信息：[交易成功]
2014/10/17-12:34:37 交易结束==================================================
                    
                    
                    
                    
2014/10/17-20:57:33 TrustPay Client PHP 交易开始==========================
2014/10/17-20:57:33 配置文件中商户数为2请求指定的商户配置编号为 1
2014/10/17-20:57:33 检查交易请求是否合法：
2014/10/17-20:57:33 1101]    错误信息：[商户提交的交易资料不合法 - 订单信息不合法！]
2014/10/17-20:57:33 交易结束==================================================
                    
                    
                    
                    
2014/10/17-20:58:13 TrustPay Client PHP 交易开始==========================
2014/10/17-20:58:13 配置文件中商户数为2请求指定的商户配置编号为 2
2014/10/17-20:58:13 检查交易请求是否合法：
2014/10/17-20:58:13 1101]    错误信息：[商户提交的交易资料不合法 - 订单信息不合法！]
2014/10/17-20:58:13 交易结束==================================================
                    
                    
                    
                    
2014/10/17-21:00:29 TrustPay Client PHP 交易开始==========================
2014/10/17-21:00:29 配置文件中商户数为2请求指定的商户配置编号为 2
2014/10/17-21:00:29 检查交易请求是否合法：
2014/10/17-21:00:29 1101]    错误信息：[商户提交的交易资料不合法 - 订单信息不合法！]
2014/10/17-21:00:29 交易结束==================================================
                    
                    
                    
                    