
2014/08/20-11:37:47 TrustPay Client PHP 交易开始==========================
2014/08/20-11:37:48 配置文件中商户数为2请求指定的商户配置编号为 1
2014/08/20-11:37:48 检查交易请求是否合法：
2014/08/20-11:37:48 1101]    错误信息：[商户提交的交易资料不合法 - 订单信息不合法！]
2014/08/20-11:37:48 交易结束==================================================
                    
                    
                    
                    
2014/08/20-11:38:09 TrustPay Client PHP 交易开始==========================
2014/08/20-11:38:09 配置文件中商户数为2请求指定的商户配置编号为 1
2014/08/20-11:38:09 检查交易请求是否合法：
2014/08/20-11:38:09 1101]    错误信息：[商户提交的交易资料不合法 - 订单信息不合法！]
2014/08/20-11:38:09 交易结束==================================================
                    
                    
                    
                    
2014/08/20-11:39:07 TrustPay Client PHP 交易开始==========================
2014/08/20-11:39:07 配置文件中商户数为2请求指定的商户配置编号为 2
2014/08/20-11:39:07 检查交易请求是否合法：
2014/08/20-11:39:07 1101]    错误信息：[商户提交的交易资料不合法 - 订单信息不合法！]
2014/08/20-11:39:07 交易结束==================================================
                    
                    
                    
                    
2014/08/20-12:39:35 TrustPay Client PHP 交易开始==========================
2014/08/20-12:39:35 配置文件中商户数为2请求指定的商户配置编号为 2
2014/08/20-12:39:35 检查交易请求是否合法：
2014/08/20-12:39:35 1101]    错误信息：[商户提交的交易资料不合法 - 订单信息不合法！]
2014/08/20-12:39:35 交易结束==================================================
                    
                    
                    
                    
2014/08/20-15:24:55 TrustPay Client PHP 交易开始==========================
2014/08/20-15:24:55 配置文件中商户数为2请求指定的商户配置编号为 2
2014/08/20-15:24:55 检查交易请求是否合法：
2014/08/20-15:24:55 1101]    错误信息：[商户提交的交易资料不合法 - 订单信息不合法！]
2014/08/20-15:24:55 交易结束==================================================
                    
                    
                    
                    
2014/08/20-21:21:15 TrustPay Client PHP 交易开始==========================
2014/08/20-21:21:15 配置文件中商户数为2请求指定的商户配置编号为 1
2014/08/20-21:21:15 检查交易请求是否合法：
2014/08/20-21:21:15 1101]    错误信息：[商户提交的交易资料不合法 - 订单信息不合法！]
2014/08/20-21:21:15 交易结束==================================================
                    
                    
                    
                    
2014/08/20-21:22:04 TrustPay Client PHP 交易开始==========================
2014/08/20-21:22:04 配置文件中商户数为2请求指定的商户配置编号为 1
2014/08/20-21:22:04 检查交易请求是否合法：
2014/08/20-21:22:04 1101]    错误信息：[商户提交的交易资料不合法 - 订单信息不合法！]
2014/08/20-21:22:04 交易结束==================================================
                    
                    
                    
                    
2014/08/20-21:22:29 TrustPay Client PHP 交易开始==========================
2014/08/20-21:22:29 配置文件中商户数为2请求指定的商户配置编号为 1
2014/08/20-21:22:29 检查交易请求是否合法：
2014/08/20-21:22:29 1101]    错误信息：[商户提交的交易资料不合法 - 订单信息不合法！]
2014/08/20-21:22:29 交易结束==================================================
                    
                    
                    
                    
2014/08/20-21:22:49 TrustPay Client PHP 交易开始==========================
2014/08/20-21:22:49 配置文件中商户数为2请求指定的商户配置编号为 2
2014/08/20-21:22:49 检查交易请求是否合法：
2014/08/20-21:22:49 1101]    错误信息：[商户提交的交易资料不合法 - 订单信息不合法！]
2014/08/20-21:22:49 交易结束==================================================
                    
                    
                    
                    
2014/08/20-21:36:18 TrustPay Client PHP 交易开始==========================
2014/08/20-21:36:18 配置文件中商户数为2请求指定的商户配置编号为 2
2014/08/20-21:36:18 检查交易请求是否合法：
2014/08/20-21:36:18 1101]    错误信息：[商户提交的交易资料不合法 - 订单信息不合法！]
2014/08/20-21:36:18 交易结束==================================================
                    
                    
                    
                    