
2015/04/09-17:43:44 TrustPay Client PHP 交易开始==========================
2015/04/09-17:43:44 配置文件中商户数为2请求指定的商户配置编号为 2
2015/04/09-17:43:44 检查交易请求是否合法：
2015/04/09-17:43:44 1101]    错误信息：[商户提交的交易资料不合法 - 订单信息不合法！]
2015/04/09-17:43:44 交易结束==================================================
                    
                    
                    
                    
2015/04/09-17:43:48 TrustPay Client PHP 交易开始==========================
2015/04/09-17:43:48 配置文件中商户数为2请求指定的商户配置编号为 2
2015/04/09-17:43:48 检查交易请求是否合法：
2015/04/09-17:43:48 1101]    错误信息：[商户提交的交易资料不合法 - 订单信息不合法！]
2015/04/09-17:43:48 交易结束==================================================
                    
                    
                    
                    
2015/04/09-17:43:54 TrustPay Client PHP 交易开始==========================
2015/04/09-17:43:54 配置文件中商户数为2请求指定的商户配置编号为 2
2015/04/09-17:43:54 检查交易请求是否合法：
2015/04/09-17:43:54 1101]    错误信息：[商户提交的交易资料不合法 - 订单信息不合法！]
2015/04/09-17:43:54 交易结束==================================================
                    
                    
                    
                    
2015/04/09-17:43:57 TrustPay Client PHP 交易开始==========================
2015/04/09-17:43:57 配置文件中商户数为2请求指定的商户配置编号为 2
2015/04/09-17:43:57 检查交易请求是否合法：
2015/04/09-17:43:57 1101]    错误信息：[商户提交的交易资料不合法 - 订单信息不合法！]
2015/04/09-17:43:57 交易结束==================================================
                    
                    
                    
                    
2015/04/09-17:44:02 TrustPay Client PHP 交易开始==========================
2015/04/09-17:44:02 配置文件中商户数为2请求指定的商户配置编号为 2
2015/04/09-17:44:02 检查交易请求是否合法：
2015/04/09-17:44:02 1101]    错误信息：[商户提交的交易资料不合法 - 订单信息不合法！]
2015/04/09-17:44:02 交易结束==================================================
                    
                    
                    
                    
2015/04/09-17:44:07 TrustPay Client PHP 交易开始==========================
2015/04/09-17:44:07 配置文件中商户数为2请求指定的商户配置编号为 2
2015/04/09-17:44:07 检查交易请求是否合法：
2015/04/09-17:44:07 1101]    错误信息：[商户提交的交易资料不合法 - 订单信息不合法！]
2015/04/09-17:44:07 交易结束==================================================
                    
                    
                    
                    
2015/04/09-17:54:34 TrustPay Client PHP 交易开始==========================
2015/04/09-17:54:34 配置文件中商户数为2请求指定的商户配置编号为 2
2015/04/09-17:54:34 检查交易请求是否合法：
2015/04/09-17:54:34 1101]    错误信息：[商户提交的交易资料不合法 - 订单信息不合法！]
2015/04/09-17:54:34 交易结束==================================================
                    
                    
                    
                    
2015/04/09-18:37:30 TrustPay Client PHP 交易开始==========================
2015/04/09-18:37:30 配置文件中商户数为2请求指定的商户配置编号为 2
2015/04/09-18:37:30 检查交易请求是否合法：
2015/04/09-18:37:30 1101]    错误信息：[商户提交的交易资料不合法 - 订单信息不合法！]
2015/04/09-18:37:30 交易结束==================================================
                    
                    
                    
                    
2015/04/09-19:42:05 TrustPay Client PHP 交易开始==========================
2015/04/09-19:42:05 配置文件中商户数为2请求指定的商户配置编号为 1
2015/04/09-19:42:05 检查交易请求是否合法：
2015/04/09-19:42:05 1101]    错误信息：[商户提交的交易资料不合法 - 订单信息不合法！]
2015/04/09-19:42:05 交易结束==================================================
                    
                    
                    
                    
2015/04/09-20:21:20 TrustPay Client PHP 交易开始==========================
2015/04/09-20:21:20 配置文件中商户数为2请求指定的商户配置编号为 2
2015/04/09-20:21:20 检查交易请求是否合法：
2015/04/09-20:21:20 1101]    错误信息：[商户提交的交易资料不合法 - 订单信息不合法！]
2015/04/09-20:21:20 交易结束==================================================
                    
                    
                    
                    
2015/04/09-20:21:23 TrustPay Client PHP 交易开始==========================
2015/04/09-20:21:23 配置文件中商户数为2请求指定的商户配置编号为 2
2015/04/09-20:21:23 检查交易请求是否合法：
2015/04/09-20:21:23 1101]    错误信息：[商户提交的交易资料不合法 - 订单信息不合法！]
2015/04/09-20:21:23 交易结束==================================================
                    
                    
                    
                    
2015/04/09-20:21:35 TrustPay Client PHP 交易开始==========================
2015/04/09-20:21:35 配置文件中商户数为2请求指定的商户配置编号为 2
2015/04/09-20:21:35 检查交易请求是否合法：
2015/04/09-20:21:35 1101]    错误信息：[商户提交的交易资料不合法 - 订单信息不合法！]
2015/04/09-20:21:35 交易结束==================================================
                    
                    
                    
                    
2015/04/09-20:45:37 TrustPay Client PHP 交易开始==========================
2015/04/09-20:45:37 配置文件中商户数为2请求指定的商户配置编号为 2
2015/04/09-20:45:37 检查交易请求是否合法：
2015/04/09-20:45:37 1101]    错误信息：[商户提交的交易资料不合法 - 订单信息不合法！]
2015/04/09-20:45:37 交易结束==================================================
                    
                    
                    
                    
2015/04/09-20:45:40 TrustPay Client PHP 交易开始==========================
2015/04/09-20:45:40 配置文件中商户数为2请求指定的商户配置编号为 2
2015/04/09-20:45:40 检查交易请求是否合法：
2015/04/09-20:45:40 1101]    错误信息：[商户提交的交易资料不合法 - 订单信息不合法！]
2015/04/09-20:45:40 交易结束==================================================
                    
                    
                    
                    
2015/04/09-20:46:47 TrustPay Client PHP 交易开始==========================
2015/04/09-20:46:47 配置文件中商户数为2请求指定的商户配置编号为 2
2015/04/09-20:46:47 检查交易请求是否合法：
2015/04/09-20:46:47 1101]    错误信息：[商户提交的交易资料不合法 - 订单信息不合法！]
2015/04/09-20:46:47 交易结束==================================================
                    
                    
                    
                    
2015/04/09-20:47:40 TrustPay Client PHP 交易开始==========================
2015/04/09-20:47:40 配置文件中商户数为2请求指定的商户配置编号为 2
2015/04/09-20:47:40 检查交易请求是否合法：
2015/04/09-20:47:40 1101]    错误信息：[商户提交的交易资料不合法 - 订单信息不合法！]
2015/04/09-20:47:40 交易结束==================================================
                    
                    
                    
                    
2015/04/09-20:47:43 TrustPay Client PHP 交易开始==========================
2015/04/09-20:47:43 配置文件中商户数为2请求指定的商户配置编号为 2
2015/04/09-20:47:43 检查交易请求是否合法：
2015/04/09-20:47:43 1101]    错误信息：[商户提交的交易资料不合法 - 订单信息不合法！]
2015/04/09-20:47:43 交易结束==================================================
                    
                    
                    
                    
2015/04/09-20:47:58 TrustPay Client PHP 交易开始==========================
2015/04/09-20:47:58 配置文件中商户数为2请求指定的商户配置编号为 2
2015/04/09-20:47:58 检查交易请求是否合法：
2015/04/09-20:47:58 1101]    错误信息：[商户提交的交易资料不合法 - 订单信息不合法！]
2015/04/09-20:47:58 交易结束==================================================
                    
                    
                    
                    
2015/04/09-20:48:02 TrustPay Client PHP 交易开始==========================
2015/04/09-20:48:02 配置文件中商户数为2请求指定的商户配置编号为 2
2015/04/09-20:48:02 检查交易请求是否合法：
2015/04/09-20:48:02 1101]    错误信息：[商户提交的交易资料不合法 - 订单信息不合法！]
2015/04/09-20:48:02 交易结束==================================================
                    
                    
                    
                    
2015/04/09-20:48:03 TrustPay Client PHP 交易开始==========================
2015/04/09-20:48:03 配置文件中商户数为2请求指定的商户配置编号为 2
2015/04/09-20:48:03 检查交易请求是否合法：
2015/04/09-20:48:03 1101]    错误信息：[商户提交的交易资料不合法 - 订单信息不合法！]
2015/04/09-20:48:03 交易结束==================================================
                    
                    
                    
                    
2015/04/09-20:48:07 TrustPay Client PHP 交易开始==========================
2015/04/09-20:48:08 配置文件中商户数为2请求指定的商户配置编号为 2
2015/04/09-20:48:08 检查交易请求是否合法：
2015/04/09-20:48:08 1101]    错误信息：[商户提交的交易资料不合法 - 订单信息不合法！]
2015/04/09-20:48:08 交易结束==================================================
                    
                    
                    
                    
2015/04/09-20:48:08 TrustPay Client PHP 交易开始==========================
2015/04/09-20:48:08 配置文件中商户数为2请求指定的商户配置编号为 2
2015/04/09-20:48:08 检查交易请求是否合法：
2015/04/09-20:48:08 1101]    错误信息：[商户提交的交易资料不合法 - 订单信息不合法！]
2015/04/09-20:48:08 交易结束==================================================
                    
                    
                    
                    
2015/04/09-20:48:35 TrustPay Client PHP 交易开始==========================
2015/04/09-20:48:35 配置文件中商户数为2请求指定的商户配置编号为 2
2015/04/09-20:48:35 检查交易请求是否合法：
2015/04/09-20:48:35 1101]    错误信息：[商户提交的交易资料不合法 - 订单信息不合法！]
2015/04/09-20:48:35 交易结束==================================================
                    
                    
                    
                    
2015/04/09-20:48:39 TrustPay Client PHP 交易开始==========================
2015/04/09-20:48:39 配置文件中商户数为2请求指定的商户配置编号为 2
2015/04/09-20:48:39 检查交易请求是否合法：
2015/04/09-20:48:39 1101]    错误信息：[商户提交的交易资料不合法 - 订单信息不合法！]
2015/04/09-20:48:39 交易结束==================================================
                    
                    
                    
                    
2015/04/09-20:49:29 TrustPay Client PHP 交易开始==========================
2015/04/09-20:49:29 配置文件中商户数为2请求指定的商户配置编号为 1
2015/04/09-20:49:29 检查交易请求是否合法：
2015/04/09-20:49:29 1101]    错误信息：[商户提交的交易资料不合法 - 订单信息不合法！]
2015/04/09-20:49:29 交易结束==================================================
                    
                    
                    
                    
2015/04/09-20:49:30 TrustPay Client PHP 交易开始==========================
2015/04/09-20:49:30 配置文件中商户数为2请求指定的商户配置编号为 1
2015/04/09-20:49:30 检查交易请求是否合法：
2015/04/09-20:49:30 1101]    错误信息：[商户提交的交易资料不合法 - 订单信息不合法！]
2015/04/09-20:49:30 交易结束==================================================
                    
                    
                    
                    
2015/04/09-20:49:42 TrustPay Client PHP 交易开始==========================
2015/04/09-20:49:42 配置文件中商户数为2请求指定的商户配置编号为 2
2015/04/09-20:49:42 检查交易请求是否合法：
2015/04/09-20:49:42 1101]    错误信息：[商户提交的交易资料不合法 - 订单信息不合法！]
2015/04/09-20:49:42 交易结束==================================================
                    
                    
                    
                    
2015/04/09-20:49:43 TrustPay Client PHP 交易开始==========================
2015/04/09-20:49:43 配置文件中商户数为2请求指定的商户配置编号为 2
2015/04/09-20:49:43 检查交易请求是否合法：
2015/04/09-20:49:43 1101]    错误信息：[商户提交的交易资料不合法 - 订单信息不合法！]
2015/04/09-20:49:43 交易结束==================================================
                    
                    
                    
                    
2015/04/09-20:51:05 TrustPay Client PHP 交易开始==========================
2015/04/09-20:51:05 配置文件中商户数为2请求指定的商户配置编号为 2
2015/04/09-20:51:05 检查交易请求是否合法：
2015/04/09-20:51:05 1101]    错误信息：[商户提交的交易资料不合法 - 订单信息不合法！]
2015/04/09-20:51:05 交易结束==================================================
                    
                    
                    
                    
2015/04/09-20:51:06 TrustPay Client PHP 交易开始==========================
2015/04/09-20:51:06 配置文件中商户数为2请求指定的商户配置编号为 2
2015/04/09-20:51:06 检查交易请求是否合法：
2015/04/09-20:51:06 1101]    错误信息：[商户提交的交易资料不合法 - 订单信息不合法！]
2015/04/09-20:51:06 交易结束==================================================
                    
                    
                    
                    
2015/04/09-20:51:23 TrustPay Client PHP 交易开始==========================
2015/04/09-20:51:23 配置文件中商户数为2请求指定的商户配置编号为 2
2015/04/09-20:51:23 检查交易请求是否合法：
2015/04/09-20:51:23 1101]    错误信息：[商户提交的交易资料不合法 - 订单信息不合法！]
2015/04/09-20:51:23 交易结束==================================================
                    
                    
                    
                    
2015/04/09-20:51:24 TrustPay Client PHP 交易开始==========================
2015/04/09-20:51:24 配置文件中商户数为2请求指定的商户配置编号为 2
2015/04/09-20:51:24 检查交易请求是否合法：
2015/04/09-20:51:24 1101]    错误信息：[商户提交的交易资料不合法 - 订单信息不合法！]
2015/04/09-20:51:24 交易结束==================================================
                    
                    
                    
                    
2015/04/09-20:51:56 TrustPay Client PHP 交易开始==========================
2015/04/09-20:51:56 配置文件中商户数为2请求指定的商户配置编号为 2
2015/04/09-20:51:56 检查交易请求是否合法：
2015/04/09-20:51:56 1101]    错误信息：[商户提交的交易资料不合法 - 订单信息不合法！]
2015/04/09-20:51:56 交易结束==================================================
                    
                    
                    
                    
2015/04/09-20:51:57 TrustPay Client PHP 交易开始==========================
2015/04/09-20:51:57 配置文件中商户数为2请求指定的商户配置编号为 2
2015/04/09-20:51:57 检查交易请求是否合法：
2015/04/09-20:51:57 1101]    错误信息：[商户提交的交易资料不合法 - 订单信息不合法！]
2015/04/09-20:51:57 交易结束==================================================
                    
                    
                    
                    
2015/04/09-20:52:00 TrustPay Client PHP 交易开始==========================
2015/04/09-20:52:00 配置文件中商户数为2请求指定的商户配置编号为 2
2015/04/09-20:52:00 检查交易请求是否合法：
2015/04/09-20:52:00 1101]    错误信息：[商户提交的交易资料不合法 - 订单信息不合法！]
2015/04/09-20:52:00 交易结束==================================================
                    
                    
                    
                    
2015/04/09-20:52:19 TrustPay Client PHP 交易开始==========================
2015/04/09-20:52:19 配置文件中商户数为2请求指定的商户配置编号为 2
2015/04/09-20:52:19 检查交易请求是否合法：
2015/04/09-20:52:19 1101]    错误信息：[商户提交的交易资料不合法 - 订单信息不合法！]
2015/04/09-20:52:19 交易结束==================================================
                    
                    
                    
                    
2015/04/09-20:52:47 TrustPay Client PHP 交易开始==========================
2015/04/09-20:52:47 配置文件中商户数为2请求指定的商户配置编号为 2
2015/04/09-20:52:47 检查交易请求是否合法：
2015/04/09-20:52:47 1101]    错误信息：[商户提交的交易资料不合法 - 订单信息不合法！]
2015/04/09-20:52:47 交易结束==================================================
                    
                    
                    
                    
2015/04/09-20:52:48 TrustPay Client PHP 交易开始==========================
2015/04/09-20:52:48 配置文件中商户数为2请求指定的商户配置编号为 2
2015/04/09-20:52:48 检查交易请求是否合法：
2015/04/09-20:52:48 1101]    错误信息：[商户提交的交易资料不合法 - 订单信息不合法！]
2015/04/09-20:52:48 交易结束==================================================
                    
                    
                    
                    
2015/04/09-20:52:56 TrustPay Client PHP 交易开始==========================
2015/04/09-20:52:56 配置文件中商户数为2请求指定的商户配置编号为 2
2015/04/09-20:52:56 检查交易请求是否合法：
2015/04/09-20:52:56 1101]    错误信息：[商户提交的交易资料不合法 - 订单信息不合法！]
2015/04/09-20:52:56 交易结束==================================================
                    
                    
                    
                    
2015/04/09-20:52:58 TrustPay Client PHP 交易开始==========================
2015/04/09-20:52:58 配置文件中商户数为2请求指定的商户配置编号为 2
2015/04/09-20:52:58 检查交易请求是否合法：
2015/04/09-20:52:58 1101]    错误信息：[商户提交的交易资料不合法 - 订单信息不合法！]
2015/04/09-20:52:58 交易结束==================================================
                    
                    
                    
                    
2015/04/09-20:53:33 TrustPay Client PHP 交易开始==========================
2015/04/09-20:53:33 配置文件中商户数为2请求指定的商户配置编号为 2
2015/04/09-20:53:33 检查交易请求是否合法：
2015/04/09-20:53:33 1101]    错误信息：[商户提交的交易资料不合法 - 订单信息不合法！]
2015/04/09-20:53:33 交易结束==================================================
                    
                    
                    
                    
2015/04/09-20:53:34 TrustPay Client PHP 交易开始==========================
2015/04/09-20:53:34 配置文件中商户数为2请求指定的商户配置编号为 2
2015/04/09-20:53:34 检查交易请求是否合法：
2015/04/09-20:53:34 1101]    错误信息：[商户提交的交易资料不合法 - 订单信息不合法！]
2015/04/09-20:53:34 交易结束==================================================
                    
                    
                    
                    
2015/04/09-20:55:08 TrustPay Client PHP 交易开始==========================
2015/04/09-20:55:08 配置文件中商户数为2请求指定的商户配置编号为 2
2015/04/09-20:55:08 检查交易请求是否合法：
2015/04/09-20:55:08 1101]    错误信息：[商户提交的交易资料不合法 - 订单信息不合法！]
2015/04/09-20:55:08 交易结束==================================================
                    
                    
                    
                    
2015/04/09-20:55:13 TrustPay Client PHP 交易开始==========================
2015/04/09-20:55:13 配置文件中商户数为2请求指定的商户配置编号为 2
2015/04/09-20:55:13 检查交易请求是否合法：
2015/04/09-20:55:13 1101]    错误信息：[商户提交的交易资料不合法 - 订单信息不合法！]
2015/04/09-20:55:13 交易结束==================================================
                    
                    
                    
                    
2015/04/09-20:56:01 TrustPay Client PHP 交易开始==========================
2015/04/09-20:56:01 配置文件中商户数为2请求指定的商户配置编号为 1
2015/04/09-20:56:01 检查交易请求是否合法：
2015/04/09-20:56:01 1101]    错误信息：[商户提交的交易资料不合法 - 订单信息不合法！]
2015/04/09-20:56:01 交易结束==================================================
                    
                    
                    
                    
2015/04/09-20:56:09 TrustPay Client PHP 交易开始==========================
2015/04/09-20:56:09 配置文件中商户数为2请求指定的商户配置编号为 2
2015/04/09-20:56:09 检查交易请求是否合法：
2015/04/09-20:56:09 1101]    错误信息：[商户提交的交易资料不合法 - 订单信息不合法！]
2015/04/09-20:56:09 交易结束==================================================
                    
                    
                    
                    
2015/04/09-20:56:21 TrustPay Client PHP 交易开始==========================
2015/04/09-20:56:21 配置文件中商户数为2请求指定的商户配置编号为 1
2015/04/09-20:56:21 检查交易请求是否合法：
2015/04/09-20:56:21 1101]    错误信息：[商户提交的交易资料不合法 - 订单信息不合法！]
2015/04/09-20:56:21 交易结束==================================================
                    
                    
                    
                    
2015/04/09-20:56:24 TrustPay Client PHP 交易开始==========================
2015/04/09-20:56:24 配置文件中商户数为2请求指定的商户配置编号为 1
2015/04/09-20:56:24 检查交易请求是否合法：
2015/04/09-20:56:24 1101]    错误信息：[商户提交的交易资料不合法 - 订单信息不合法！]
2015/04/09-20:56:24 交易结束==================================================
                    
                    
                    
                    
2015/04/09-20:56:29 TrustPay Client PHP 交易开始==========================
2015/04/09-20:56:29 配置文件中商户数为2请求指定的商户配置编号为 2
2015/04/09-20:56:29 检查交易请求是否合法：
2015/04/09-20:56:29 1101]    错误信息：[商户提交的交易资料不合法 - 订单信息不合法！]
2015/04/09-20:56:29 交易结束==================================================
                    
                    
                    
                    
2015/04/09-20:56:38 TrustPay Client PHP 交易开始==========================
2015/04/09-20:56:38 配置文件中商户数为2请求指定的商户配置编号为 2
2015/04/09-20:56:38 检查交易请求是否合法：
2015/04/09-20:56:38 1101]    错误信息：[商户提交的交易资料不合法 - 订单信息不合法！]
2015/04/09-20:56:38 交易结束==================================================
                    
                    
                    
                    
2015/04/09-21:47:56 TrustPay Client PHP 交易开始==========================
2015/04/09-21:47:56 配置文件中商户数为2请求指定的商户配置编号为 2
2015/04/09-21:47:56 检查交易请求是否合法：
2015/04/09-21:47:56 1101]    错误信息：[商户提交的交易资料不合法 - 订单信息不合法！]
2015/04/09-21:47:56 交易结束==================================================
                    
                    
                    
                    
2015/04/09-21:48:06 TrustPay Client PHP 交易开始==========================
2015/04/09-21:48:06 配置文件中商户数为2请求指定的商户配置编号为 2
2015/04/09-21:48:06 检查交易请求是否合法：
2015/04/09-21:48:06 1101]    错误信息：[商户提交的交易资料不合法 - 订单信息不合法！]
2015/04/09-21:48:06 交易结束==================================================
                    
                    
                    
                    
2015/04/09-22:00:36 TrustPay Client PHP 交易开始==========================
2015/04/09-22:00:36 配置文件中商户数为2请求指定的商户配置编号为 1
2015/04/09-22:00:36 检查交易请求是否合法：
2015/04/09-22:00:36 1101]    错误信息：[商户提交的交易资料不合法 - 订单信息不合法！]
2015/04/09-22:00:36 交易结束==================================================
                    
                    
                    
                    
2015/04/09-22:00:46 TrustPay Client PHP 交易开始==========================
2015/04/09-22:00:46 配置文件中商户数为2请求指定的商户配置编号为 1
2015/04/09-22:00:46 检查交易请求是否合法：
2015/04/09-22:00:46 1101]    错误信息：[商户提交的交易资料不合法 - 订单信息不合法！]
2015/04/09-22:00:46 交易结束==================================================
                    
                    
                    
                    
2015/04/09-22:05:07 TrustPay Client PHP 交易开始==========================
2015/04/09-22:05:07 配置文件中商户数为2请求指定的商户配置编号为 2
2015/04/09-22:05:07 检查交易请求是否合法：正确
2015/04/09-22:05:07 交易报文
2015/04/09-22:05:07 完整交易报文：
2015/04/09-22:05:07 签名后的报文
2015/04/09-22:05:07 提交网上支付平台的报文：
                    <MSG><Message><Merchant><ECMerchantType>B2C</ECMerchantType><MerchantID>233010103354A02</MerchantID></Merchant><TrxRequest><TrxType>PayReq</TrxType><Order><OrderNo>36065</OrderNo><ExpiredDate>10</ExpiredDate><OrderAmount>300</OrderAmount><OrderDesc>开通 八年级数学（春季班）,八年级科学（春季班） ...</OrderDesc><OrderDate>2015/04/09</OrderDate><OrderTime>22:05:07</OrderTime><OrderURL>http://jsez.ebh.net/</OrderURL><BuyIP>39.173.33.180</BuyIP><OrderItems><OrderItem><ProductID>IP000001</ProductID><ProductName>开通 八年级数学（春季班）,八年级科学（春季班） ...</ProductName><UnitPrice>300</UnitPrice><Qty>1</Qty></OrderItem></OrderItems></Order><ProductType>1</ProductType><PaymentType>6</PaymentType><NotifyType>1</NotifyType><ResultNotifyURL>http://jsez.ebh.net/ibuy/abcnotify.html?orderid=36065</ResultNotifyURL><MerchantRemarks>八年级数学（春季班）_4 月 _150.00 元/八年级科学（春季班）_4 月 _150.00 元</MerchantRemarks><PaymentLinkType>1</PaymentLinkType></TrxRequest></Message><Signature-Algorithm>SHA1withRSA</Signature-Algorithm><Signature>ljCJc+HxUmhiQayH/nGq6LHZKZConuWicB9wSuPc/eUlaYV4EZCj+lOKKAf6ebmiKd3ugiX0S7yi80jodsALrYRsklxVQFIcoEUA6OCjZceEpURig1m9QPdNfhTlH1zqMFeM76/dHR5TC/ZJqdri1wZtzrr386H8lANZJv4jSJ0=</Signature></MSG>
2015/04/09-22:05:07 报文长度：1306<br>
2015/04/09-22:05:07 连线网上支付平台
2015/04/09-22:05:07 网上支付平台URL：[https://www.95599.cn/b2c/trustpay/ReceiveMerchantTrxReqServlet] 
2015/04/09-22:05:07 成功
2015/04/09-22:05:07 提交交易报文：
2015/04/09-22:05:07 <MSG><Message><Merchant><ECMerchantType>B2C</ECMerchantType><MerchantID>233010103354A02</MerchantID></Merchant><TrxRequest><TrxType>PayReq</TrxType><Order><OrderNo>36065</OrderNo><ExpiredDate>10</ExpiredDate><OrderAmount>300</OrderAmount><OrderDesc>开通 八年级数学（春季班）,八年级科学（春季班） ...</OrderDesc><OrderDate>2015/04/09</OrderDate><OrderTime>22:05:07</OrderTime><OrderURL>http://jsez.ebh.net/</OrderURL><BuyIP>39.173.33.180</BuyIP><OrderItems><OrderItem><ProductID>IP000001</ProductID><ProductName>开通 八年级数学（春季班）,八年级科学（春季班） ...</ProductName><UnitPrice>300</UnitPrice><Qty>1</Qty></OrderItem></OrderItems></Order><ProductType>1</ProductType><PaymentType>6</PaymentType><NotifyType>1</NotifyType><ResultNotifyURL>http://jsez.ebh.net/ibuy/abcnotify.html?orderid=36065</ResultNotifyURL><MerchantRemarks>八年级数学（春季班）_4 月 _150.00 元/八年级科学（春季班）_4 月 _150.00 元</MerchantRemarks><PaymentLinkType>1</PaymentLinkType></TrxRequest></Message><Signature-Algorithm>SHA1withRSA</Signature-Algorithm><Signature>ljCJc+HxUmhiQayH/nGq6LHZKZConuWicB9wSuPc/eUlaYV4EZCj+lOKKAf6ebmiKd3ugiX0S7yi80jodsALrYRsklxVQFIcoEUA6OCjZceEpURig1m9QPdNfhTlH1zqMFeM76/dHR5TC/ZJqdri1wZtzrr386H8lANZJv4jSJ0=</Signature></MSG>
2015/04/09-22:05:08 成功
2015/04/09-22:05:08 接受到的响应报文：
                    HTTP/1.1 200 OK
                    Date: Thu, 09 Apr 2015 14:04:45 GMT
                    Server: Microsoft-IIS/6.0
                    X-Powered-By: ASP.NET
                    X-AspNet-Version: 2.0.50727
                    Set-Cookie: ASP.NET_SessionId=j2gjbw555gf0qa45qhpdinvm; path=/; HttpOnly
                    Cache-Control: private
                    Content-Type: text/html; charset=gb2312
                    Connection: close
                    Set-Cookie: BIGipServerpool_ec_b2c=929360650.56611.0000; path=/
                    
                    <MSG><Message><Merchant><ECMerchantType>B2C</ECMerchantType><MerchantID>233010103354A02</MerchantID></Merchant><TrxResponse><ReturnCode>0000</ReturnCode><ErrorMessage>交易成功</ErrorMessage><TrxType>PayReq</TrxType><OrderNo>36065</OrderNo><PaymentURL>https://easyabc.95599.cn/b2c/NotCheckStatus/PaymentModeUCBPAct.ebf?TOKEN=14285882857967178744</PaymentURL><OrderAmount>300</OrderAmount></TrxResponse></Message><Signature-Algorithm>SHA1withRSA</Signature-Algorithm><Signature>d7P6ZQPp1qseK4NGclCQrt+xfEOmxKJXTffqYd+SwJQ3OhmllfU2E7bSFcUzW2zOEkMCRfVCynod6H6HOdHSJjne4a0xJ6YI5O+US6A/luvM8cePd1bfPb4K4ZixmaIRZ1I+3k87G2aQBMz58DaVAN9xj63jixQzmL4+5aJKPpE=</Signature></MSG>
2015/04/09-22:05:08 接收报文：
2015/04/09-22:05:08 <Message><Merchant><ECMerchantType>B2C</ECMerchantType><MerchantID>233010103354A02</MerchantID></Merchant><TrxResponse><ReturnCode>0000</ReturnCode><ErrorMessage>交易成功</ErrorMessage><TrxType>PayReq</TrxType><OrderNo>36065</OrderNo><PaymentURL>https://easyabc.95599.cn/b2c/NotCheckStatus/PaymentModeUCBPAct.ebf?TOKEN=14285882857967178744</PaymentURL><OrderAmount>300</OrderAmount></TrxResponse></Message><Signature-Algorithm>SHA1withRSA</Signature-Algorithm><Signature>d7P6ZQPp1qseK4NGclCQrt+xfEOmxKJXTffqYd+SwJQ3OhmllfU2E7bSFcUzW2zOEkMCRfVCynod6H6HOdHSJjne4a0xJ6YI5O+US6A/luvM8cePd1bfPb4K4ZixmaIRZ1I+3k87G2aQBMz58DaVAN9xj63jixQzmL4+5aJKPpE=</Signature>
2015/04/09-22:05:08 验证网上支付平台响应报文的签名：正确
2015/04/09-22:05:08 生成交易响应对象：
2015/04/09-22:05:08 交易结果：[0000]
2015/04/09-22:05:08 错误信息：[交易成功]
2015/04/09-22:05:08 交易结束==================================================
                    
                    
                    
                    
2015/04/09-22:07:28 TrustPay Client PHP 交易开始==========================
2015/04/09-22:07:28 配置文件中商户数为2请求指定的商户配置编号为 1
2015/04/09-22:07:28 检查交易请求是否合法：
2015/04/09-22:07:28 1101]    错误信息：[商户提交的交易资料不合法 - 订单信息不合法！]
2015/04/09-22:07:28 交易结束==================================================
                    
                    
                    
                    
2015/04/09-22:07:36 TrustPay Client PHP 交易开始==========================
2015/04/09-22:07:36 配置文件中商户数为2请求指定的商户配置编号为 1
2015/04/09-22:07:36 检查交易请求是否合法：
2015/04/09-22:07:36 1101]    错误信息：[商户提交的交易资料不合法 - 订单信息不合法！]
2015/04/09-22:07:36 交易结束==================================================
                    
                    
                    
                    