
2014/12/16-13:23:42 TrustPay Client PHP 交易开始==========================
2014/12/16-13:23:42 配置文件中商户数为2请求指定的商户配置编号为 1
2014/12/16-13:23:42 检查交易请求是否合法：正确
2014/12/16-13:23:42 交易报文
2014/12/16-13:23:42 完整交易报文：
2014/12/16-13:23:42 签名后的报文
2014/12/16-13:23:42 提交网上支付平台的报文：
                    <MSG><Message><Merchant><ECMerchantType>B2C</ECMerchantType><MerchantID>233010103354A01</MerchantID></Merchant><TrxRequest><TrxType>PayReq</TrxType><Order><OrderNo>12816</OrderNo><ExpiredDate>10</ExpiredDate><OrderAmount>176</OrderAmount><OrderDesc>开通 高一英语,高一数学 服务</OrderDesc><OrderDate>2014/12/16</OrderDate><OrderTime>13:23:42</OrderTime><OrderURL>http://zjtg.ebh.net/</OrderURL><BuyIP>218.108.86.249</BuyIP><OrderItems><OrderItem><ProductID>IP000001</ProductID><ProductName>开通 高一英语,高一数学 服务</ProductName><UnitPrice>176</UnitPrice><Qty>1</Qty></OrderItem></OrderItems></Order><ProductType>1</ProductType><PaymentType>1</PaymentType><NotifyType>1</NotifyType><ResultNotifyURL>http://zjtg.ebh.net/ibuy/abcnotify.html?orderid=12816</ResultNotifyURL><MerchantRemarks>高一英语_3 月 _88.00 元/高一数学_3 月 _88.00 元</MerchantRemarks><PaymentLinkType>1</PaymentLinkType></TrxRequest></Message><Signature-Algorithm>SHA1withRSA</Signature-Algorithm><Signature>C1RkPdz8COqOZRdNlEDKk7rKqUCEJ009Py7QFUbmyMwfrf4UL+nUPOBbPkSCekwUP/ai5Hnuwo+iQlN1uOwoKsYTVGhvI0QUZwU5qjI8326sBWKotmjCAX/u3tIc54oYNWnZ6D8huMvzsnNPGpXCZpHrXWj4wGxAdlT9ktvnMWk=</Signature></MSG>
2014/12/16-13:23:42 报文长度：1203<br>
2014/12/16-13:23:42 连线网上支付平台
2014/12/16-13:23:42 网上支付平台URL：[https://www.95599.cn/b2c/trustpay/ReceiveMerchantTrxReqServlet] 
2014/12/16-13:23:42 成功
2014/12/16-13:23:42 提交交易报文：
2014/12/16-13:23:42 <MSG><Message><Merchant><ECMerchantType>B2C</ECMerchantType><MerchantID>233010103354A01</MerchantID></Merchant><TrxRequest><TrxType>PayReq</TrxType><Order><OrderNo>12816</OrderNo><ExpiredDate>10</ExpiredDate><OrderAmount>176</OrderAmount><OrderDesc>开通 高一英语,高一数学 服务</OrderDesc><OrderDate>2014/12/16</OrderDate><OrderTime>13:23:42</OrderTime><OrderURL>http://zjtg.ebh.net/</OrderURL><BuyIP>218.108.86.249</BuyIP><OrderItems><OrderItem><ProductID>IP000001</ProductID><ProductName>开通 高一英语,高一数学 服务</ProductName><UnitPrice>176</UnitPrice><Qty>1</Qty></OrderItem></OrderItems></Order><ProductType>1</ProductType><PaymentType>1</PaymentType><NotifyType>1</NotifyType><ResultNotifyURL>http://zjtg.ebh.net/ibuy/abcnotify.html?orderid=12816</ResultNotifyURL><MerchantRemarks>高一英语_3 月 _88.00 元/高一数学_3 月 _88.00 元</MerchantRemarks><PaymentLinkType>1</PaymentLinkType></TrxRequest></Message><Signature-Algorithm>SHA1withRSA</Signature-Algorithm><Signature>C1RkPdz8COqOZRdNlEDKk7rKqUCEJ009Py7QFUbmyMwfrf4UL+nUPOBbPkSCekwUP/ai5Hnuwo+iQlN1uOwoKsYTVGhvI0QUZwU5qjI8326sBWKotmjCAX/u3tIc54oYNWnZ6D8huMvzsnNPGpXCZpHrXWj4wGxAdlT9ktvnMWk=</Signature></MSG>
2014/12/16-13:23:42 成功
2014/12/16-13:23:42 接受到的响应报文：
                    HTTP/1.1 200 OK
                    Date: Tue, 16 Dec 2014 05:23:19 GMT
                    Server: Microsoft-IIS/6.0
                    X-Powered-By: ASP.NET
                    X-AspNet-Version: 2.0.50727
                    Set-Cookie: ASP.NET_SessionId=2ldvdi45gce4oa45ntuqwqqd; path=/; HttpOnly
                    Cache-Control: private
                    Content-Type: text/html; charset=gb2312
                    Connection: close
                    Set-Cookie: BIGipServerpool_ec_b2c=1063578378.56355.0000; path=/
                    
                    <MSG><Message><Merchant><ECMerchantType>B2C</ECMerchantType><MerchantID>233010103354A01</MerchantID></Merchant><TrxResponse><ReturnCode>0000</ReturnCode><ErrorMessage>交易成功</ErrorMessage><TrxType>PayReq</TrxType><OrderNo>12816</OrderNo><PaymentURL>https://easyabc.95599.cn/b2c/NotCheckStatus/PaymentModeNewAct.ebf?TOKEN=14187073995129568127</PaymentURL><OrderAmount>176</OrderAmount></TrxResponse></Message><Signature-Algorithm>SHA1withRSA</Signature-Algorithm><Signature>iRJHu150kS3X0nkAp9km/VPSEyZm2UaDF/gQHIpP9zBr8vMcJDV2+omAtDCi+JI1aL9PXzWJ+nNhzrtJUa9tKZDZ41bhxlJku6i++qRr3ZBLTYMmUbIyLzw4dBpE8oQEvKkn/JdqgaqhXT6yVK7bWja8G2N0D7plFfGbcgW5fPU=</Signature></MSG>
2014/12/16-13:23:42 接收报文：
2014/12/16-13:23:42 <Message><Merchant><ECMerchantType>B2C</ECMerchantType><MerchantID>233010103354A01</MerchantID></Merchant><TrxResponse><ReturnCode>0000</ReturnCode><ErrorMessage>交易成功</ErrorMessage><TrxType>PayReq</TrxType><OrderNo>12816</OrderNo><PaymentURL>https://easyabc.95599.cn/b2c/NotCheckStatus/PaymentModeNewAct.ebf?TOKEN=14187073995129568127</PaymentURL><OrderAmount>176</OrderAmount></TrxResponse></Message><Signature-Algorithm>SHA1withRSA</Signature-Algorithm><Signature>iRJHu150kS3X0nkAp9km/VPSEyZm2UaDF/gQHIpP9zBr8vMcJDV2+omAtDCi+JI1aL9PXzWJ+nNhzrtJUa9tKZDZ41bhxlJku6i++qRr3ZBLTYMmUbIyLzw4dBpE8oQEvKkn/JdqgaqhXT6yVK7bWja8G2N0D7plFfGbcgW5fPU=</Signature>
2014/12/16-13:23:42 验证网上支付平台响应报文的签名：正确
2014/12/16-13:23:42 生成交易响应对象：
2014/12/16-13:23:42 交易结果：[0000]
2014/12/16-13:23:42 错误信息：[交易成功]
2014/12/16-13:23:42 交易结束==================================================
                    
                    
                    
                    