
2014/09/08-11:50:23 TrustPay Client PHP 交易开始==========================
2014/09/08-11:50:23 配置文件中商户数为2请求指定的商户配置编号为 2
2014/09/08-11:50:23 检查交易请求是否合法：正确
2014/09/08-11:50:23 交易报文
2014/09/08-11:50:23 完整交易报文：
2014/09/08-11:50:23 签名后的报文
2014/09/08-11:50:23 提交网上支付平台的报文：
                    <MSG><Message><Merchant><ECMerchantType>B2C</ECMerchantType><MerchantID>233010103354A02</MerchantID></Merchant><TrxRequest><TrxType>PayReq</TrxType><Order><OrderNo>4416</OrderNo><ExpiredDate>10</ExpiredDate><OrderAmount>350</OrderAmount><OrderDesc>开通 高一上学期数学辅导班 服务</OrderDesc><OrderDate>2014/09/08</OrderDate><OrderTime>11:50:23</OrderTime><OrderURL>http://sy.ebanhui.com/</OrderURL><BuyIP>124.91.175.181</BuyIP><OrderItems><OrderItem><ProductID>IP000001</ProductID><ProductName>开通 高一上学期数学辅导班 服务</ProductName><UnitPrice>350</UnitPrice><Qty>1</Qty></OrderItem></OrderItems></Order><ProductType>1</ProductType><PaymentType>6</PaymentType><NotifyType>1</NotifyType><ResultNotifyURL>http://sy.ebanhui.com/ibuy/abcnotify.html?orderid=4416</ResultNotifyURL><MerchantRemarks>高一上学期数学辅导班-5 月 -350.00 元</MerchantRemarks><PaymentLinkType>1</PaymentLinkType></TrxRequest></Message><Signature-Algorithm>SHA1withRSA</Signature-Algorithm><Signature>CU4WtzcY2pv3C6L9Zg60wYtzchW+DJ2MkyKPdJJUdAH3D/9Dfpd47z1nImVNOoin5c2DR7M3E5g2QvjLhdDqCJT4My9ISPML4CY4uNxWQRNu57MjYqw63UxFJsnIO9OUvwnHBlCNj2LT6YQcb2ocddznoqh9jlMfVbs6Vi3tBYI=</Signature></MSG>
2014/09/08-11:50:23 报文长度：1204<br>
2014/09/08-11:50:23 连线网上支付平台
2014/09/08-11:50:23 网上支付平台URL：[https://www.95599.cn/b2c/trustpay/ReceiveMerchantTrxReqServlet] 
2014/09/08-11:50:23 成功
2014/09/08-11:50:23 提交交易报文：
2014/09/08-11:50:23 <MSG><Message><Merchant><ECMerchantType>B2C</ECMerchantType><MerchantID>233010103354A02</MerchantID></Merchant><TrxRequest><TrxType>PayReq</TrxType><Order><OrderNo>4416</OrderNo><ExpiredDate>10</ExpiredDate><OrderAmount>350</OrderAmount><OrderDesc>开通 高一上学期数学辅导班 服务</OrderDesc><OrderDate>2014/09/08</OrderDate><OrderTime>11:50:23</OrderTime><OrderURL>http://sy.ebanhui.com/</OrderURL><BuyIP>124.91.175.181</BuyIP><OrderItems><OrderItem><ProductID>IP000001</ProductID><ProductName>开通 高一上学期数学辅导班 服务</ProductName><UnitPrice>350</UnitPrice><Qty>1</Qty></OrderItem></OrderItems></Order><ProductType>1</ProductType><PaymentType>6</PaymentType><NotifyType>1</NotifyType><ResultNotifyURL>http://sy.ebanhui.com/ibuy/abcnotify.html?orderid=4416</ResultNotifyURL><MerchantRemarks>高一上学期数学辅导班-5 月 -350.00 元</MerchantRemarks><PaymentLinkType>1</PaymentLinkType></TrxRequest></Message><Signature-Algorithm>SHA1withRSA</Signature-Algorithm><Signature>CU4WtzcY2pv3C6L9Zg60wYtzchW+DJ2MkyKPdJJUdAH3D/9Dfpd47z1nImVNOoin5c2DR7M3E5g2QvjLhdDqCJT4My9ISPML4CY4uNxWQRNu57MjYqw63UxFJsnIO9OUvwnHBlCNj2LT6YQcb2ocddznoqh9jlMfVbs6Vi3tBYI=</Signature></MSG>
2014/09/08-11:50:23 成功
2014/09/08-11:50:23 接受到的响应报文：
                    HTTP/1.1 200 OK
                    Date: Mon, 08 Sep 2014 03:48:48 GMT
                    Server: Microsoft-IIS/6.0
                    X-Powered-By: ASP.NET
                    X-AspNet-Version: 2.0.50727
                    Set-Cookie: ASP.NET_SessionId=w03okn45cvnvqyy4hkicg155; path=/; HttpOnly
                    Cache-Control: private
                    Content-Type: text/html; charset=gb2312
                    Connection: close
                    Set-Cookie: BIGipServerpool_ec_b2c=946137866.56355.0000; path=/
                    
                    <MSG><Message><Merchant><ECMerchantType>B2C</ECMerchantType><MerchantID>233010103354A02</MerchantID></Merchant><TrxResponse><ReturnCode>0000</ReturnCode><ErrorMessage>交易成功</ErrorMessage><TrxType>PayReq</TrxType><OrderNo>4416</OrderNo><PaymentURL>https://easyabc.95599.cn/b2c/NotCheckStatus/PaymentModeUCBPAct.ebf?TOKEN=14101481286866470563</PaymentURL><OrderAmount>350</OrderAmount></TrxResponse></Message><Signature-Algorithm>SHA1withRSA</Signature-Algorithm><Signature>PzbaAD35Ib1TbwLRfQ/lCFC3WLXKyI4dTbzIwvUDzFREA/Kx/KRoykGc+FpJNsVIyj/68K6qufSlRoG1dy9DOEHfdqIPIgjG1JquRXrqeGTXeoHlhKzLIdRrCt0c3Mf0ubpJ3RunnX1/SpIL5Y7u7mKJbL244IA2oGKMITKQ/5A=</Signature></MSG>
2014/09/08-11:50:23 接收报文：
2014/09/08-11:50:23 <Message><Merchant><ECMerchantType>B2C</ECMerchantType><MerchantID>233010103354A02</MerchantID></Merchant><TrxResponse><ReturnCode>0000</ReturnCode><ErrorMessage>交易成功</ErrorMessage><TrxType>PayReq</TrxType><OrderNo>4416</OrderNo><PaymentURL>https://easyabc.95599.cn/b2c/NotCheckStatus/PaymentModeUCBPAct.ebf?TOKEN=14101481286866470563</PaymentURL><OrderAmount>350</OrderAmount></TrxResponse></Message><Signature-Algorithm>SHA1withRSA</Signature-Algorithm><Signature>PzbaAD35Ib1TbwLRfQ/lCFC3WLXKyI4dTbzIwvUDzFREA/Kx/KRoykGc+FpJNsVIyj/68K6qufSlRoG1dy9DOEHfdqIPIgjG1JquRXrqeGTXeoHlhKzLIdRrCt0c3Mf0ubpJ3RunnX1/SpIL5Y7u7mKJbL244IA2oGKMITKQ/5A=</Signature>
2014/09/08-11:50:23 验证网上支付平台响应报文的签名：正确
2014/09/08-11:50:23 生成交易响应对象：
2014/09/08-11:50:23 交易结果：[0000]
2014/09/08-11:50:23 错误信息：[交易成功]
2014/09/08-11:50:23 交易结束==================================================
                    
                    
                    
                    
2014/09/08-11:53:59 TrustPay Client PHP 交易开始==========================
2014/09/08-11:53:59 配置文件中商户数为2请求指定的商户配置编号为 2
2014/09/08-11:53:59 检查交易请求是否合法：正确
2014/09/08-11:53:59 交易报文
2014/09/08-11:53:59 完整交易报文：
2014/09/08-11:53:59 签名后的报文
2014/09/08-11:53:59 提交网上支付平台的报文：
                    <MSG><Message><Merchant><ECMerchantType>B2C</ECMerchantType><MerchantID>233010103354A02</MerchantID></Merchant><TrxRequest><TrxType>PayReq</TrxType><Order><OrderNo>4417</OrderNo><ExpiredDate>10</ExpiredDate><OrderAmount>350</OrderAmount><OrderDesc>开通 高一上学期数学辅导班 服务</OrderDesc><OrderDate>2014/09/08</OrderDate><OrderTime>11:53:59</OrderTime><OrderURL>http://sy.ebanhui.com/</OrderURL><BuyIP>124.91.175.181</BuyIP><OrderItems><OrderItem><ProductID>IP000001</ProductID><ProductName>开通 高一上学期数学辅导班 服务</ProductName><UnitPrice>350</UnitPrice><Qty>1</Qty></OrderItem></OrderItems></Order><ProductType>1</ProductType><PaymentType>6</PaymentType><NotifyType>1</NotifyType><ResultNotifyURL>http://sy.ebanhui.com/ibuy/abcnotify.html?orderid=4417</ResultNotifyURL><MerchantRemarks>高一上学期数学辅导班-5 月 -350.00 元</MerchantRemarks><PaymentLinkType>1</PaymentLinkType></TrxRequest></Message><Signature-Algorithm>SHA1withRSA</Signature-Algorithm><Signature>V6C1RyGqJNpdauezTVkWZOHj6p0d4t+JFHlR3f2I3nx3cwUcOQS9ayLbHfH9tt6kNMawWFcGDAR9fokyJTqAxldHwzFJfV01aRdyMkplmMV6FRBSAS2/pYgbQI7kJqE3am91IfpbILx1dEyBe0+tnPqpdcur084711Nrn5irjQM=</Signature></MSG>
2014/09/08-11:53:59 报文长度：1204<br>
2014/09/08-11:53:59 连线网上支付平台
2014/09/08-11:53:59 网上支付平台URL：[https://www.95599.cn/b2c/trustpay/ReceiveMerchantTrxReqServlet] 
2014/09/08-11:53:59 成功
2014/09/08-11:53:59 提交交易报文：
2014/09/08-11:53:59 <MSG><Message><Merchant><ECMerchantType>B2C</ECMerchantType><MerchantID>233010103354A02</MerchantID></Merchant><TrxRequest><TrxType>PayReq</TrxType><Order><OrderNo>4417</OrderNo><ExpiredDate>10</ExpiredDate><OrderAmount>350</OrderAmount><OrderDesc>开通 高一上学期数学辅导班 服务</OrderDesc><OrderDate>2014/09/08</OrderDate><OrderTime>11:53:59</OrderTime><OrderURL>http://sy.ebanhui.com/</OrderURL><BuyIP>124.91.175.181</BuyIP><OrderItems><OrderItem><ProductID>IP000001</ProductID><ProductName>开通 高一上学期数学辅导班 服务</ProductName><UnitPrice>350</UnitPrice><Qty>1</Qty></OrderItem></OrderItems></Order><ProductType>1</ProductType><PaymentType>6</PaymentType><NotifyType>1</NotifyType><ResultNotifyURL>http://sy.ebanhui.com/ibuy/abcnotify.html?orderid=4417</ResultNotifyURL><MerchantRemarks>高一上学期数学辅导班-5 月 -350.00 元</MerchantRemarks><PaymentLinkType>1</PaymentLinkType></TrxRequest></Message><Signature-Algorithm>SHA1withRSA</Signature-Algorithm><Signature>V6C1RyGqJNpdauezTVkWZOHj6p0d4t+JFHlR3f2I3nx3cwUcOQS9ayLbHfH9tt6kNMawWFcGDAR9fokyJTqAxldHwzFJfV01aRdyMkplmMV6FRBSAS2/pYgbQI7kJqE3am91IfpbILx1dEyBe0+tnPqpdcur084711Nrn5irjQM=</Signature></MSG>
2014/09/08-11:53:59 成功
2014/09/08-11:53:59 接受到的响应报文：
                    HTTP/1.1 200 OK
                    Date: Mon, 08 Sep 2014 03:52:25 GMT
                    Server: Microsoft-IIS/6.0
                    X-Powered-By: ASP.NET
                    X-AspNet-Version: 2.0.50727
                    Set-Cookie: ASP.NET_SessionId=oe4xqf453eohwr45ri3eof55; path=/; HttpOnly
                    Cache-Control: private
                    Content-Type: text/html; charset=gb2312
                    Connection: close
                    Set-Cookie: BIGipServerpool_ec_b2c=3915180810.56611.0000; path=/
                    
                    <MSG><Message><Merchant><ECMerchantType>B2C</ECMerchantType><MerchantID>233010103354A02</MerchantID></Merchant><TrxResponse><ReturnCode>0000</ReturnCode><ErrorMessage>交易成功</ErrorMessage><TrxType>PayReq</TrxType><OrderNo>4417</OrderNo><PaymentURL>https://easyabc.95599.cn/b2c/NotCheckStatus/PaymentModeUCBPAct.ebf?TOKEN=14101483450029319961</PaymentURL><OrderAmount>350</OrderAmount></TrxResponse></Message><Signature-Algorithm>SHA1withRSA</Signature-Algorithm><Signature>JBxSRQEdSuryS7D3LrvvSQZhaiVsSVSjOQx/6OBV4mL1SK7PhuC2pFQOj/kyRce/GaA+uwQxOG7XtqXReKF25QYHPSd1K2h5P1qhzDnFUvQyI2AaGI8RxkACwQoobQf4/f2DcA6rhSpLHx6B9UGX5wA714Epzjo3MYzrVGoOR8M=</Signature></MSG>
2014/09/08-11:53:59 接收报文：
2014/09/08-11:53:59 <Message><Merchant><ECMerchantType>B2C</ECMerchantType><MerchantID>233010103354A02</MerchantID></Merchant><TrxResponse><ReturnCode>0000</ReturnCode><ErrorMessage>交易成功</ErrorMessage><TrxType>PayReq</TrxType><OrderNo>4417</OrderNo><PaymentURL>https://easyabc.95599.cn/b2c/NotCheckStatus/PaymentModeUCBPAct.ebf?TOKEN=14101483450029319961</PaymentURL><OrderAmount>350</OrderAmount></TrxResponse></Message><Signature-Algorithm>SHA1withRSA</Signature-Algorithm><Signature>JBxSRQEdSuryS7D3LrvvSQZhaiVsSVSjOQx/6OBV4mL1SK7PhuC2pFQOj/kyRce/GaA+uwQxOG7XtqXReKF25QYHPSd1K2h5P1qhzDnFUvQyI2AaGI8RxkACwQoobQf4/f2DcA6rhSpLHx6B9UGX5wA714Epzjo3MYzrVGoOR8M=</Signature>
2014/09/08-11:53:59 验证网上支付平台响应报文的签名：正确
2014/09/08-11:53:59 生成交易响应对象：
2014/09/08-11:53:59 交易结果：[0000]
2014/09/08-11:53:59 错误信息：[交易成功]
2014/09/08-11:53:59 交易结束==================================================
                    
                    
                    
                    
2014/09/08-11:55:50 TrustPayClient PHP 交易开始==========================
2014/09/08-11:55:50 接收到的支付结果通知：\n[PE1TRz48TWVzc2FnZT48VHJ4UmVzcG9uc2U+PFJldHVybkNvZGU+MDAwMDwvUmV0dXJuQ29kZT48RXJyb3JNZXNzYWdlPjwvRXJyb3JNZXNzYWdlPjxFQ01lcmNoYW50VHlwZT5CMkM8L0VDTWVyY2hhbnRUeXBlPjxNZXJjaGFudElEPjIzMzAxMDEwMzM1NEEwMjwvTWVyY2hhbnRJRD48VHJ4VHlwZT5QYXlSZXN1bHQ8L1RyeFR5cGU+PE9yZGVyTm8+NDQxNzwvT3JkZXJObz48QW1vdW50PjM1MC4wMDwvQW1vdW50PjxCYXRjaE5vPjAwMDAwODwvQmF0Y2hObz48SG9zdERhdGU+MjAxNDA5MDg8L0hvc3REYXRlPjxIb3N0VGltZT4xMTU0MTQ8L0hvc3RUaW1lPjxNZXJjaGFudFJlbWFya3M+uN/Su8nP0afG2sr90ae4qLW8sOAtNSDUwiAtMzUwLjAwINSqPC9NZXJjaGFudFJlbWFya3M+PFBheVR5cGU+UEFZMjQ8L1BheVR5cGU+PE5vdGlmeVR5cGU+MTwvTm90aWZ5VHlwZT48UGF5SVA+MjAyLjk2LjI1NS4xNDg8L1BheUlQPjwvVHJ4UmVzcG9uc2U+PC9NZXNzYWdlPjxTaWduYXR1cmUtQWxnb3JpdGhtPlNIQTF3aXRoUlNBPC9TaWduYXR1cmUtQWxnb3JpdGhtPjxTaWduYXR1cmU+YjM3U1IwSVVMd2xHV25jY3dTcXdNNUJqT2J3aHZ2TG0xS3Z1LzVBNTJKdGtybXFWeWExZUJrY2hsWWVJWW9KQlZEQWw2K3ZKRTJmdmlnb0pxQ3FxT1FubFpVK21IdzRPM2NUaHR1NXlxdTd1bVNhZVhVZ1V3N0Q5Kzc2MVNOZmZ5ejlMWFBPSzF0RVFWNnhCN0tmSmYwKzJKZnJieGRVdkhmSlpkZ2VKclZFPTwvU2lnbmF0dXJlPjwvTVNHPg==]
2014/09/08-11:55:50 经过Base64解码后的支付结果通知：\n[<MSG><Message><TrxResponse><ReturnCode>0000</ReturnCode><ErrorMessage></ErrorMessage><ECMerchantType>B2C</ECMerchantType><MerchantID>233010103354A02</MerchantID><TrxType>PayResult</TrxType><OrderNo>4417</OrderNo><Amount>350.00</Amount><BatchNo>000008</BatchNo><HostDate>20140908</HostDate><HostTime>115414</HostTime><MerchantRemarks>高一上学期数学辅导班-5 月 -350.00 元</MerchantRemarks><PayType>PAY24</PayType><NotifyType>1</NotifyType><PayIP>202.96.255.148</PayIP></TrxResponse></Message><Signature-Algorithm>SHA1withRSA</Signature-Algorithm><Signature>b37SR0IULwlGWnccwSqwM5BjObwhvvLm1Kvu/5A52JtkrmqVya1eBkchlYeIYoJBVDAl6+vJE2fvigoJqCqqOQnlZU+mHw4O3cThtu5yqu7umSaeXUgUw7D9+761SNffyz9LXPOK1tEQV6xB7KfJf0+2JfrbxdUvHfJZdgeJrVE=</Signature></MSG>]
2014/09/08-11:55:50 验证支付结果通知的签名：
2014/09/08-11:55:50 验证通过！\n 经过验证的支付结果通知：\n[<TrxResponse><ReturnCode>0000</ReturnCode><ErrorMessage></ErrorMessage><ECMerchantType>B2C</ECMerchantType><MerchantID>233010103354A02</MerchantID><TrxType>PayResult</TrxType><OrderNo>4417</OrderNo><Amount>350.00</Amount><BatchNo>000008</BatchNo><HostDate>20140908</HostDate><HostTime>115414</HostTime><MerchantRemarks>高一上学期数学辅导班-5 月 -350.00 元</MerchantRemarks><PayType>PAY24</PayType><NotifyType>1</NotifyType><PayIP>202.96.255.148</PayIP></TrxResponse>]
2014/09/08-11:55:50 交易结束==================================================
2014/09/08-14:26:01 TrustPay Client PHP 交易开始==========================
2014/09/08-14:26:01 配置文件中商户数为2请求指定的商户配置编号为 2
2014/09/08-14:26:01 检查交易请求是否合法：正确
2014/09/08-14:26:01 交易报文
2014/09/08-14:26:01 完整交易报文：
2014/09/08-14:26:01 签名后的报文
2014/09/08-14:26:01 提交网上支付平台的报文：
                    <MSG><Message><Merchant><ECMerchantType>B2C</ECMerchantType><MerchantID>233010103354A02</MerchantID></Merchant><TrxRequest><TrxType>PayReq</TrxType><Order><OrderNo>4419</OrderNo><ExpiredDate>10</ExpiredDate><OrderAmount>350</OrderAmount><OrderDesc>开通 高一上学期数学辅导班 服务</OrderDesc><OrderDate>2014/09/08</OrderDate><OrderTime>14:26:01</OrderTime><OrderURL>http://sy.ebanhui.com/</OrderURL><BuyIP>220.187.192.203</BuyIP><OrderItems><OrderItem><ProductID>IP000001</ProductID><ProductName>开通 高一上学期数学辅导班 服务</ProductName><UnitPrice>350</UnitPrice><Qty>1</Qty></OrderItem></OrderItems></Order><ProductType>1</ProductType><PaymentType>6</PaymentType><NotifyType>1</NotifyType><ResultNotifyURL>http://sy.ebanhui.com/ibuy/abcnotify.html?orderid=4419</ResultNotifyURL><MerchantRemarks>高一上学期数学辅导班-5 月 -350.00 元</MerchantRemarks><PaymentLinkType>1</PaymentLinkType></TrxRequest></Message><Signature-Algorithm>SHA1withRSA</Signature-Algorithm><Signature>HGqkiGiUcJAJQ0HlZ6uBXUTvQRSzdAg1LybQKalfva+r2nP5SmBZFueqXWrjV9UNyBSgCxjdFxN8XR99z7FMXYz6Px8ZTcenSlUcmCMKjbiqgYkvF5gHTLNq1KPpac9XVqexJpLfYHTgpw4qvJIaRRTb/bDJAwWvqMNu86U261g=</Signature></MSG>
2014/09/08-14:26:01 报文长度：1205<br>
2014/09/08-14:26:01 连线网上支付平台
2014/09/08-14:26:01 网上支付平台URL：[https://www.95599.cn/b2c/trustpay/ReceiveMerchantTrxReqServlet] 
2014/09/08-14:26:01 成功
2014/09/08-14:26:01 提交交易报文：
2014/09/08-14:26:01 <MSG><Message><Merchant><ECMerchantType>B2C</ECMerchantType><MerchantID>233010103354A02</MerchantID></Merchant><TrxRequest><TrxType>PayReq</TrxType><Order><OrderNo>4419</OrderNo><ExpiredDate>10</ExpiredDate><OrderAmount>350</OrderAmount><OrderDesc>开通 高一上学期数学辅导班 服务</OrderDesc><OrderDate>2014/09/08</OrderDate><OrderTime>14:26:01</OrderTime><OrderURL>http://sy.ebanhui.com/</OrderURL><BuyIP>220.187.192.203</BuyIP><OrderItems><OrderItem><ProductID>IP000001</ProductID><ProductName>开通 高一上学期数学辅导班 服务</ProductName><UnitPrice>350</UnitPrice><Qty>1</Qty></OrderItem></OrderItems></Order><ProductType>1</ProductType><PaymentType>6</PaymentType><NotifyType>1</NotifyType><ResultNotifyURL>http://sy.ebanhui.com/ibuy/abcnotify.html?orderid=4419</ResultNotifyURL><MerchantRemarks>高一上学期数学辅导班-5 月 -350.00 元</MerchantRemarks><PaymentLinkType>1</PaymentLinkType></TrxRequest></Message><Signature-Algorithm>SHA1withRSA</Signature-Algorithm><Signature>HGqkiGiUcJAJQ0HlZ6uBXUTvQRSzdAg1LybQKalfva+r2nP5SmBZFueqXWrjV9UNyBSgCxjdFxN8XR99z7FMXYz6Px8ZTcenSlUcmCMKjbiqgYkvF5gHTLNq1KPpac9XVqexJpLfYHTgpw4qvJIaRRTb/bDJAwWvqMNu86U261g=</Signature></MSG>
2014/09/08-14:26:01 成功
2014/09/08-14:26:01 接受到的响应报文：
                    HTTP/1.1 200 OK
                    Date: Mon, 08 Sep 2014 06:24:26 GMT
                    Server: Microsoft-IIS/6.0
                    X-Powered-By: ASP.NET
                    X-AspNet-Version: 2.0.50727
                    Set-Cookie: ASP.NET_SessionId=55nkux2fetecvgnkyuajdk55; path=/; HttpOnly
                    Cache-Control: private
                    Content-Type: text/html; charset=gb2312
                    Connection: close
                    Set-Cookie: BIGipServerpool_ec_b2c=962915082.56355.0000; path=/
                    
                    <MSG><Message><Merchant><ECMerchantType>B2C</ECMerchantType><MerchantID>233010103354A02</MerchantID></Merchant><TrxResponse><ReturnCode>0000</ReturnCode><ErrorMessage>交易成功</ErrorMessage><TrxType>PayReq</TrxType><OrderNo>4419</OrderNo><PaymentURL>https://easyabc.95599.cn/b2c/NotCheckStatus/PaymentModeUCBPAct.ebf?TOKEN=14101574665115216562</PaymentURL><OrderAmount>350</OrderAmount></TrxResponse></Message><Signature-Algorithm>SHA1withRSA</Signature-Algorithm><Signature>RPabXADMyUXIJupJiiqh7nnNP5qK7pOYJWgyW2LisLFq5F8w+1v4LV1QlgYWylxrh3KzSXOQFDTM6cH53nZdzObahCje3yQaPoHlcw/4vnvI8G2/iUvKS5MQggZiPbDjHIwUVxbuhV/NafuEMsXXU5T7yNRnSYGdpdq/EgmkIZc=</Signature></MSG>
2014/09/08-14:26:01 接收报文：
2014/09/08-14:26:01 <Message><Merchant><ECMerchantType>B2C</ECMerchantType><MerchantID>233010103354A02</MerchantID></Merchant><TrxResponse><ReturnCode>0000</ReturnCode><ErrorMessage>交易成功</ErrorMessage><TrxType>PayReq</TrxType><OrderNo>4419</OrderNo><PaymentURL>https://easyabc.95599.cn/b2c/NotCheckStatus/PaymentModeUCBPAct.ebf?TOKEN=14101574665115216562</PaymentURL><OrderAmount>350</OrderAmount></TrxResponse></Message><Signature-Algorithm>SHA1withRSA</Signature-Algorithm><Signature>RPabXADMyUXIJupJiiqh7nnNP5qK7pOYJWgyW2LisLFq5F8w+1v4LV1QlgYWylxrh3KzSXOQFDTM6cH53nZdzObahCje3yQaPoHlcw/4vnvI8G2/iUvKS5MQggZiPbDjHIwUVxbuhV/NafuEMsXXU5T7yNRnSYGdpdq/EgmkIZc=</Signature>
2014/09/08-14:26:01 验证网上支付平台响应报文的签名：正确
2014/09/08-14:26:01 生成交易响应对象：
2014/09/08-14:26:01 交易结果：[0000]
2014/09/08-14:26:01 错误信息：[交易成功]
2014/09/08-14:26:01 交易结束==================================================
                    
                    
                    
                    
2014/09/08-14:29:54 TrustPay Client PHP 交易开始==========================
2014/09/08-14:29:54 配置文件中商户数为2请求指定的商户配置编号为 2
2014/09/08-14:29:54 检查交易请求是否合法：正确
2014/09/08-14:29:54 交易报文
2014/09/08-14:29:54 完整交易报文：
2014/09/08-14:29:54 签名后的报文
2014/09/08-14:29:54 提交网上支付平台的报文：
                    <MSG><Message><Merchant><ECMerchantType>B2C</ECMerchantType><MerchantID>233010103354A02</MerchantID></Merchant><TrxRequest><TrxType>PayReq</TrxType><Order><OrderNo>4420</OrderNo><ExpiredDate>10</ExpiredDate><OrderAmount>350</OrderAmount><OrderDesc>开通 高一上学期数学辅导班 服务</OrderDesc><OrderDate>2014/09/08</OrderDate><OrderTime>14:29:54</OrderTime><OrderURL>http://sy.ebanhui.com/</OrderURL><BuyIP>220.187.192.203</BuyIP><OrderItems><OrderItem><ProductID>IP000001</ProductID><ProductName>开通 高一上学期数学辅导班 服务</ProductName><UnitPrice>350</UnitPrice><Qty>1</Qty></OrderItem></OrderItems></Order><ProductType>1</ProductType><PaymentType>6</PaymentType><NotifyType>1</NotifyType><ResultNotifyURL>http://sy.ebanhui.com/ibuy/abcnotify.html?orderid=4420</ResultNotifyURL><MerchantRemarks>高一上学期数学辅导班-5 月 -350.00 元</MerchantRemarks><PaymentLinkType>1</PaymentLinkType></TrxRequest></Message><Signature-Algorithm>SHA1withRSA</Signature-Algorithm><Signature>PqHW0DJGMTDX41QBLThZ3WRnKjysHD9gI0iTcZ4+ribldjem6D9Irq/dHSIScOn0zoAtYt757aHk8D8SPQZNLuqk+3MnfgKEQ7Rj4OegkHvqno4vnukmxdIiXvIGeRM/Xb1BC0/5QzLZfRxalXfj1XT8XYGmsH3M5gRUwWF9YbA=</Signature></MSG>
2014/09/08-14:29:54 报文长度：1205<br>
2014/09/08-14:29:54 连线网上支付平台
2014/09/08-14:29:54 网上支付平台URL：[https://www.95599.cn/b2c/trustpay/ReceiveMerchantTrxReqServlet] 
2014/09/08-14:29:54 成功
2014/09/08-14:29:54 提交交易报文：
2014/09/08-14:29:54 <MSG><Message><Merchant><ECMerchantType>B2C</ECMerchantType><MerchantID>233010103354A02</MerchantID></Merchant><TrxRequest><TrxType>PayReq</TrxType><Order><OrderNo>4420</OrderNo><ExpiredDate>10</ExpiredDate><OrderAmount>350</OrderAmount><OrderDesc>开通 高一上学期数学辅导班 服务</OrderDesc><OrderDate>2014/09/08</OrderDate><OrderTime>14:29:54</OrderTime><OrderURL>http://sy.ebanhui.com/</OrderURL><BuyIP>220.187.192.203</BuyIP><OrderItems><OrderItem><ProductID>IP000001</ProductID><ProductName>开通 高一上学期数学辅导班 服务</ProductName><UnitPrice>350</UnitPrice><Qty>1</Qty></OrderItem></OrderItems></Order><ProductType>1</ProductType><PaymentType>6</PaymentType><NotifyType>1</NotifyType><ResultNotifyURL>http://sy.ebanhui.com/ibuy/abcnotify.html?orderid=4420</ResultNotifyURL><MerchantRemarks>高一上学期数学辅导班-5 月 -350.00 元</MerchantRemarks><PaymentLinkType>1</PaymentLinkType></TrxRequest></Message><Signature-Algorithm>SHA1withRSA</Signature-Algorithm><Signature>PqHW0DJGMTDX41QBLThZ3WRnKjysHD9gI0iTcZ4+ribldjem6D9Irq/dHSIScOn0zoAtYt757aHk8D8SPQZNLuqk+3MnfgKEQ7Rj4OegkHvqno4vnukmxdIiXvIGeRM/Xb1BC0/5QzLZfRxalXfj1XT8XYGmsH3M5gRUwWF9YbA=</Signature></MSG>
2014/09/08-14:29:54 成功
2014/09/08-14:29:54 接受到的响应报文：
                    HTTP/1.1 200 OK
                    Date: Mon, 08 Sep 2014 06:28:18 GMT
                    Server: Microsoft-IIS/6.0
                    X-Powered-By: ASP.NET
                    X-AspNet-Version: 2.0.50727
                    Set-Cookie: ASP.NET_SessionId=4cqfn4rjhvrkei55idwewwm0; path=/; HttpOnly
                    Cache-Control: private
                    Content-Type: text/html; charset=gb2312
                    Connection: close
                    Set-Cookie: BIGipServerpool_ec_b2c=1046801162.56867.0000; path=/
                    
                    <MSG><Message><Merchant><ECMerchantType>B2C</ECMerchantType><MerchantID>233010103354A02</MerchantID></Merchant><TrxResponse><ReturnCode>0000</ReturnCode><ErrorMessage>交易成功</ErrorMessage><TrxType>PayReq</TrxType><OrderNo>4420</OrderNo><PaymentURL>https://easyabc.95599.cn/b2c/NotCheckStatus/PaymentModeUCBPAct.ebf?TOKEN=14101576988737046159</PaymentURL><OrderAmount>350</OrderAmount></TrxResponse></Message><Signature-Algorithm>SHA1withRSA</Signature-Algorithm><Signature>qlnn+Vnd8jqQJAn6olWAmk6fwf0wcyBIHIGc34JUEwMKUdWbr38Grn5OXrTXrUhb829SWGKzNkxk3V2rhCNyFNf8pUn2WGbKxvSpnppoMIKN1cA1lXvu7dV10E+HeHnJaXExUuMW9fXhBcQV48jAWv7GRBCXZL4l0BcIsJRsNq8=</Signature></MSG>
2014/09/08-14:29:54 接收报文：
2014/09/08-14:29:54 <Message><Merchant><ECMerchantType>B2C</ECMerchantType><MerchantID>233010103354A02</MerchantID></Merchant><TrxResponse><ReturnCode>0000</ReturnCode><ErrorMessage>交易成功</ErrorMessage><TrxType>PayReq</TrxType><OrderNo>4420</OrderNo><PaymentURL>https://easyabc.95599.cn/b2c/NotCheckStatus/PaymentModeUCBPAct.ebf?TOKEN=14101576988737046159</PaymentURL><OrderAmount>350</OrderAmount></TrxResponse></Message><Signature-Algorithm>SHA1withRSA</Signature-Algorithm><Signature>qlnn+Vnd8jqQJAn6olWAmk6fwf0wcyBIHIGc34JUEwMKUdWbr38Grn5OXrTXrUhb829SWGKzNkxk3V2rhCNyFNf8pUn2WGbKxvSpnppoMIKN1cA1lXvu7dV10E+HeHnJaXExUuMW9fXhBcQV48jAWv7GRBCXZL4l0BcIsJRsNq8=</Signature>
2014/09/08-14:29:54 验证网上支付平台响应报文的签名：正确
2014/09/08-14:29:54 生成交易响应对象：
2014/09/08-14:29:54 交易结果：[0000]
2014/09/08-14:29:54 错误信息：[交易成功]
2014/09/08-14:29:54 交易结束==================================================
                    
                    
                    
                    
2014/09/08-15:55:11 TrustPay Client PHP 交易开始==========================
2014/09/08-15:55:11 配置文件中商户数为2请求指定的商户配置编号为 2
2014/09/08-15:55:11 检查交易请求是否合法：正确
2014/09/08-15:55:11 交易报文
2014/09/08-15:55:11 完整交易报文：
2014/09/08-15:55:11 签名后的报文
2014/09/08-15:55:11 提交网上支付平台的报文：
                    <MSG><Message><Merchant><ECMerchantType>B2C</ECMerchantType><MerchantID>233010103354A02</MerchantID></Merchant><TrxRequest><TrxType>PayReq</TrxType><Order><OrderNo>4422</OrderNo><ExpiredDate>10</ExpiredDate><OrderAmount>350</OrderAmount><OrderDesc>开通 高一上学期数学辅导班 服务</OrderDesc><OrderDate>2014/09/08</OrderDate><OrderTime>15:55:11</OrderTime><OrderURL>http://sy.ebanhui.com/</OrderURL><BuyIP>220.187.192.203</BuyIP><OrderItems><OrderItem><ProductID>IP000001</ProductID><ProductName>开通 高一上学期数学辅导班 服务</ProductName><UnitPrice>350</UnitPrice><Qty>1</Qty></OrderItem></OrderItems></Order><ProductType>1</ProductType><PaymentType>6</PaymentType><NotifyType>1</NotifyType><ResultNotifyURL>http://sy.ebanhui.com/ibuy/abcnotify.html?orderid=4422</ResultNotifyURL><MerchantRemarks>高一上学期数学辅导班-5 月 -350.00 元</MerchantRemarks><PaymentLinkType>1</PaymentLinkType></TrxRequest></Message><Signature-Algorithm>SHA1withRSA</Signature-Algorithm><Signature>N2GukkYH2lTeyWaFGQbZFJbKAMugHstYhvatuo6W41/X7qjunhHhPAkYc/9Z7kttNaEd3xDG8qWRVHKiO8HgcgQLT4dpEe5y8USm+WPvw6s8iKU92fO3aSXcEDMflzjW0Por8lCjZySC8BFOPj67MFl36IUFuE9o4HO0ZcCF7kU=</Signature></MSG>
2014/09/08-15:55:11 报文长度：1205<br>
2014/09/08-15:55:11 连线网上支付平台
2014/09/08-15:55:11 网上支付平台URL：[https://www.95599.cn/b2c/trustpay/ReceiveMerchantTrxReqServlet] 
2014/09/08-15:55:11 成功
2014/09/08-15:55:11 提交交易报文：
2014/09/08-15:55:11 <MSG><Message><Merchant><ECMerchantType>B2C</ECMerchantType><MerchantID>233010103354A02</MerchantID></Merchant><TrxRequest><TrxType>PayReq</TrxType><Order><OrderNo>4422</OrderNo><ExpiredDate>10</ExpiredDate><OrderAmount>350</OrderAmount><OrderDesc>开通 高一上学期数学辅导班 服务</OrderDesc><OrderDate>2014/09/08</OrderDate><OrderTime>15:55:11</OrderTime><OrderURL>http://sy.ebanhui.com/</OrderURL><BuyIP>220.187.192.203</BuyIP><OrderItems><OrderItem><ProductID>IP000001</ProductID><ProductName>开通 高一上学期数学辅导班 服务</ProductName><UnitPrice>350</UnitPrice><Qty>1</Qty></OrderItem></OrderItems></Order><ProductType>1</ProductType><PaymentType>6</PaymentType><NotifyType>1</NotifyType><ResultNotifyURL>http://sy.ebanhui.com/ibuy/abcnotify.html?orderid=4422</ResultNotifyURL><MerchantRemarks>高一上学期数学辅导班-5 月 -350.00 元</MerchantRemarks><PaymentLinkType>1</PaymentLinkType></TrxRequest></Message><Signature-Algorithm>SHA1withRSA</Signature-Algorithm><Signature>N2GukkYH2lTeyWaFGQbZFJbKAMugHstYhvatuo6W41/X7qjunhHhPAkYc/9Z7kttNaEd3xDG8qWRVHKiO8HgcgQLT4dpEe5y8USm+WPvw6s8iKU92fO3aSXcEDMflzjW0Por8lCjZySC8BFOPj67MFl36IUFuE9o4HO0ZcCF7kU=</Signature></MSG>
2014/09/08-15:55:11 成功
2014/09/08-15:55:11 接受到的响应报文：
                    HTTP/1.1 200 OK
                    Date: Mon, 08 Sep 2014 07:53:35 GMT
                    Server: Microsoft-IIS/6.0
                    X-Powered-By: ASP.NET
                    X-AspNet-Version: 2.0.50727
                    Set-Cookie: ASP.NET_SessionId=2mzibp554zmdvu55gcmpj355; path=/; HttpOnly
                    Cache-Control: private
                    Content-Type: text/html; charset=gb2312
                    Connection: close
                    Set-Cookie: BIGipServerpool_ec_b2c=1046801162.56611.0000; path=/
                    
                    <MSG><Message><Merchant><ECMerchantType>B2C</ECMerchantType><MerchantID>233010103354A02</MerchantID></Merchant><TrxResponse><ReturnCode>0000</ReturnCode><ErrorMessage>交易成功</ErrorMessage><TrxType>PayReq</TrxType><OrderNo>4422</OrderNo><PaymentURL>https://easyabc.95599.cn/b2c/NotCheckStatus/PaymentModeUCBPAct.ebf?TOKEN=14101628155977049284</PaymentURL><OrderAmount>350</OrderAmount></TrxResponse></Message><Signature-Algorithm>SHA1withRSA</Signature-Algorithm><Signature>LRzHkYn9ZLd0P6ZLkAzlUrJC9BsmNgj44tttMURI2Dgkkxst4yD8d6jVqVgjxWVjfBTRwecDGYdoqiVY3MHkHG4UniG82eR1oFA9DGXNSjEexbVf860xWZtPQ12U1RHl+U9JhPxxT1hRpeJvQz/PybqNqG42AOzk5Wa2yyS0vqk=</Signature></MSG>
2014/09/08-15:55:11 接收报文：
2014/09/08-15:55:11 <Message><Merchant><ECMerchantType>B2C</ECMerchantType><MerchantID>233010103354A02</MerchantID></Merchant><TrxResponse><ReturnCode>0000</ReturnCode><ErrorMessage>交易成功</ErrorMessage><TrxType>PayReq</TrxType><OrderNo>4422</OrderNo><PaymentURL>https://easyabc.95599.cn/b2c/NotCheckStatus/PaymentModeUCBPAct.ebf?TOKEN=14101628155977049284</PaymentURL><OrderAmount>350</OrderAmount></TrxResponse></Message><Signature-Algorithm>SHA1withRSA</Signature-Algorithm><Signature>LRzHkYn9ZLd0P6ZLkAzlUrJC9BsmNgj44tttMURI2Dgkkxst4yD8d6jVqVgjxWVjfBTRwecDGYdoqiVY3MHkHG4UniG82eR1oFA9DGXNSjEexbVf860xWZtPQ12U1RHl+U9JhPxxT1hRpeJvQz/PybqNqG42AOzk5Wa2yyS0vqk=</Signature>
2014/09/08-15:55:11 验证网上支付平台响应报文的签名：正确
2014/09/08-15:55:11 生成交易响应对象：
2014/09/08-15:55:11 交易结果：[0000]
2014/09/08-15:55:11 错误信息：[交易成功]
2014/09/08-15:55:11 交易结束==================================================
                    
                    
                    
                    
2014/09/08-16:00:14 TrustPayClient PHP 交易开始==========================
2014/09/08-16:00:14 接收到的支付结果通知：\n[PE1TRz48TWVzc2FnZT48VHJ4UmVzcG9uc2U+PFJldHVybkNvZGU+MDAwMDwvUmV0dXJuQ29kZT48RXJyb3JNZXNzYWdlPjwvRXJyb3JNZXNzYWdlPjxFQ01lcmNoYW50VHlwZT5CMkM8L0VDTWVyY2hhbnRUeXBlPjxNZXJjaGFudElEPjIzMzAxMDEwMzM1NEEwMjwvTWVyY2hhbnRJRD48VHJ4VHlwZT5QYXlSZXN1bHQ8L1RyeFR5cGU+PE9yZGVyTm8+NDQyMjwvT3JkZXJObz48QW1vdW50PjM1MC4wMDwvQW1vdW50PjxCYXRjaE5vPjAwMDAwODwvQmF0Y2hObz48SG9zdERhdGU+MjAxNDA5MDg8L0hvc3REYXRlPjxIb3N0VGltZT4xNTU4Mzg8L0hvc3RUaW1lPjxNZXJjaGFudFJlbWFya3M+uN/Su8nP0afG2sr90ae4qLW8sOAtNSDUwiAtMzUwLjAwINSqPC9NZXJjaGFudFJlbWFya3M+PFBheVR5cGU+UEFZMjQ8L1BheVR5cGU+PE5vdGlmeVR5cGU+MTwvTm90aWZ5VHlwZT48UGF5SVA+MjAyLjk2LjI1NS4xNDg8L1BheUlQPjwvVHJ4UmVzcG9uc2U+PC9NZXNzYWdlPjxTaWduYXR1cmUtQWxnb3JpdGhtPlNIQTF3aXRoUlNBPC9TaWduYXR1cmUtQWxnb3JpdGhtPjxTaWduYXR1cmU+dUtSRGI0TlBNZG1ETnhwOUJvK3l4RElvQWt4dVFiR1g2RWNtZnhiNUUyKzk4elBiVkI2OTRGQjFWT3g2QlZRVUZnU1FQVTRlU0VWa01pRDZnYzEwQkJXbFNCaFphWHlUM1VER3lkYU9MWWl0blhzT0NDTDR4Y2Qvbk51dUZPalRuMThFRllzZUNXa05Pa1RnUkhrUG9Bb1VxbmZsQkExbHJsb2hXRGNDZGVRPTwvU2lnbmF0dXJlPjwvTVNHPg==]
2014/09/08-16:00:14 经过Base64解码后的支付结果通知：\n[<MSG><Message><TrxResponse><ReturnCode>0000</ReturnCode><ErrorMessage></ErrorMessage><ECMerchantType>B2C</ECMerchantType><MerchantID>233010103354A02</MerchantID><TrxType>PayResult</TrxType><OrderNo>4422</OrderNo><Amount>350.00</Amount><BatchNo>000008</BatchNo><HostDate>20140908</HostDate><HostTime>155838</HostTime><MerchantRemarks>高一上学期数学辅导班-5 月 -350.00 元</MerchantRemarks><PayType>PAY24</PayType><NotifyType>1</NotifyType><PayIP>202.96.255.148</PayIP></TrxResponse></Message><Signature-Algorithm>SHA1withRSA</Signature-Algorithm><Signature>uKRDb4NPMdmDNxp9Bo+yxDIoAkxuQbGX6Ecmfxb5E2+98zPbVB694FB1VOx6BVQUFgSQPU4eSEVkMiD6gc10BBWlSBhZaXyT3UDGydaOLYitnXsOCCL4xcd/nNuuFOjTn18EFYseCWkNOkTgRHkPoAoUqnflBA1lrlohWDcCdeQ=</Signature></MSG>]
2014/09/08-16:00:14 验证支付结果通知的签名：
2014/09/08-16:00:14 验证通过！\n 经过验证的支付结果通知：\n[<TrxResponse><ReturnCode>0000</ReturnCode><ErrorMessage></ErrorMessage><ECMerchantType>B2C</ECMerchantType><MerchantID>233010103354A02</MerchantID><TrxType>PayResult</TrxType><OrderNo>4422</OrderNo><Amount>350.00</Amount><BatchNo>000008</BatchNo><HostDate>20140908</HostDate><HostTime>155838</HostTime><MerchantRemarks>高一上学期数学辅导班-5 月 -350.00 元</MerchantRemarks><PayType>PAY24</PayType><NotifyType>1</NotifyType><PayIP>202.96.255.148</PayIP></TrxResponse>]
2014/09/08-16:00:14 交易结束==================================================
2014/09/08-16:02:30 TrustPay Client PHP 交易开始==========================
2014/09/08-16:02:30 配置文件中商户数为2请求指定的商户配置编号为 2
2014/09/08-16:02:30 检查交易请求是否合法：正确
2014/09/08-16:02:30 交易报文
2014/09/08-16:02:30 完整交易报文：
2014/09/08-16:02:30 签名后的报文
2014/09/08-16:02:30 提交网上支付平台的报文：
                    <MSG><Message><Merchant><ECMerchantType>B2C</ECMerchantType><MerchantID>233010103354A02</MerchantID></Merchant><TrxRequest><TrxType>PayReq</TrxType><Order><OrderNo>4423</OrderNo><ExpiredDate>10</ExpiredDate><OrderAmount>350</OrderAmount><OrderDesc>开通 高一上学期数学辅导班 服务</OrderDesc><OrderDate>2014/09/08</OrderDate><OrderTime>16:02:30</OrderTime><OrderURL>http://sy.ebanhui.com/</OrderURL><BuyIP>220.187.192.203</BuyIP><OrderItems><OrderItem><ProductID>IP000001</ProductID><ProductName>开通 高一上学期数学辅导班 服务</ProductName><UnitPrice>350</UnitPrice><Qty>1</Qty></OrderItem></OrderItems></Order><ProductType>1</ProductType><PaymentType>6</PaymentType><NotifyType>1</NotifyType><ResultNotifyURL>http://sy.ebanhui.com/ibuy/abcnotify.html?orderid=4423</ResultNotifyURL><MerchantRemarks>高一上学期数学辅导班-5 月 -350.00 元</MerchantRemarks><PaymentLinkType>1</PaymentLinkType></TrxRequest></Message><Signature-Algorithm>SHA1withRSA</Signature-Algorithm><Signature>UPsnYPzFjuHNsRQbIKMsMeOKVpDiYSoxh0CSsBklWXwXxnEU5YShrdThj0HmeSD/Sqvwj2Q9RiP7lR4tP+1n0IIwSelZnFFI94VEMrv1YwiZR7iPKW+y0wGKl6ysVol4ITAMttH3TB4FcXxEizeeuB0KW4dOu8TXR+c0bvXs9r4=</Signature></MSG>
2014/09/08-16:02:30 报文长度：1205<br>
2014/09/08-16:02:30 连线网上支付平台
2014/09/08-16:02:30 网上支付平台URL：[https://www.95599.cn/b2c/trustpay/ReceiveMerchantTrxReqServlet] 
2014/09/08-16:02:30 成功
2014/09/08-16:02:30 提交交易报文：
2014/09/08-16:02:30 <MSG><Message><Merchant><ECMerchantType>B2C</ECMerchantType><MerchantID>233010103354A02</MerchantID></Merchant><TrxRequest><TrxType>PayReq</TrxType><Order><OrderNo>4423</OrderNo><ExpiredDate>10</ExpiredDate><OrderAmount>350</OrderAmount><OrderDesc>开通 高一上学期数学辅导班 服务</OrderDesc><OrderDate>2014/09/08</OrderDate><OrderTime>16:02:30</OrderTime><OrderURL>http://sy.ebanhui.com/</OrderURL><BuyIP>220.187.192.203</BuyIP><OrderItems><OrderItem><ProductID>IP000001</ProductID><ProductName>开通 高一上学期数学辅导班 服务</ProductName><UnitPrice>350</UnitPrice><Qty>1</Qty></OrderItem></OrderItems></Order><ProductType>1</ProductType><PaymentType>6</PaymentType><NotifyType>1</NotifyType><ResultNotifyURL>http://sy.ebanhui.com/ibuy/abcnotify.html?orderid=4423</ResultNotifyURL><MerchantRemarks>高一上学期数学辅导班-5 月 -350.00 元</MerchantRemarks><PaymentLinkType>1</PaymentLinkType></TrxRequest></Message><Signature-Algorithm>SHA1withRSA</Signature-Algorithm><Signature>UPsnYPzFjuHNsRQbIKMsMeOKVpDiYSoxh0CSsBklWXwXxnEU5YShrdThj0HmeSD/Sqvwj2Q9RiP7lR4tP+1n0IIwSelZnFFI94VEMrv1YwiZR7iPKW+y0wGKl6ysVol4ITAMttH3TB4FcXxEizeeuB0KW4dOu8TXR+c0bvXs9r4=</Signature></MSG>
2014/09/08-16:02:30 成功
2014/09/08-16:02:30 接受到的响应报文：
                    HTTP/1.1 200 OK
                    Date: Mon, 08 Sep 2014 08:00:54 GMT
                    Server: Microsoft-IIS/6.0
                    X-Powered-By: ASP.NET
                    X-AspNet-Version: 2.0.50727
                    Set-Cookie: ASP.NET_SessionId=5lvxar555ynhdl2alulovb45; path=/; HttpOnly
                    Cache-Control: private
                    Content-Type: text/html; charset=gb2312
                    Connection: close
                    Set-Cookie: BIGipServerpool_ec_b2c=946137866.56355.0000; path=/
                    
                    <MSG><Message><Merchant><ECMerchantType>B2C</ECMerchantType><MerchantID>233010103354A02</MerchantID></Merchant><TrxResponse><ReturnCode>0000</ReturnCode><ErrorMessage>交易成功</ErrorMessage><TrxType>PayReq</TrxType><OrderNo>4423</OrderNo><PaymentURL>https://easyabc.95599.cn/b2c/NotCheckStatus/PaymentModeUCBPAct.ebf?TOKEN=14101632545349109033</PaymentURL><OrderAmount>350</OrderAmount></TrxResponse></Message><Signature-Algorithm>SHA1withRSA</Signature-Algorithm><Signature>Euu3C1tk06d9CFCWOJIuv1BXWa8gPZIzcIoJHALsUjre8a59sN6R4nLS2AO2Obf6ZXnx6moFfQSl3jhg7XqRAwuBXsNohOHvnCSFdommnTGqiXsu/YH8rW17w9MR7KCUa/JHu4jC6iY7Tb2kIddq7mnB33F5A8HQtzWt6K+iHSg=</Signature></MSG>
2014/09/08-16:02:30 接收报文：
2014/09/08-16:02:30 <Message><Merchant><ECMerchantType>B2C</ECMerchantType><MerchantID>233010103354A02</MerchantID></Merchant><TrxResponse><ReturnCode>0000</ReturnCode><ErrorMessage>交易成功</ErrorMessage><TrxType>PayReq</TrxType><OrderNo>4423</OrderNo><PaymentURL>https://easyabc.95599.cn/b2c/NotCheckStatus/PaymentModeUCBPAct.ebf?TOKEN=14101632545349109033</PaymentURL><OrderAmount>350</OrderAmount></TrxResponse></Message><Signature-Algorithm>SHA1withRSA</Signature-Algorithm><Signature>Euu3C1tk06d9CFCWOJIuv1BXWa8gPZIzcIoJHALsUjre8a59sN6R4nLS2AO2Obf6ZXnx6moFfQSl3jhg7XqRAwuBXsNohOHvnCSFdommnTGqiXsu/YH8rW17w9MR7KCUa/JHu4jC6iY7Tb2kIddq7mnB33F5A8HQtzWt6K+iHSg=</Signature>
2014/09/08-16:02:30 验证网上支付平台响应报文的签名：正确
2014/09/08-16:02:30 生成交易响应对象：
2014/09/08-16:02:30 交易结果：[0000]
2014/09/08-16:02:30 错误信息：[交易成功]
2014/09/08-16:02:30 交易结束==================================================
                    
                    
                    
                    
2014/09/08-20:00:00 TrustPay Client PHP 交易开始==========================
2014/09/08-20:00:00 配置文件中商户数为2请求指定的商户配置编号为 2
2014/09/08-20:00:00 检查交易请求是否合法：
2014/09/08-20:00:00 1101]    错误信息：[商户提交的交易资料不合法 - 订单信息不合法！]
2014/09/08-20:00:00 交易结束==================================================
                    
                    
                    
                    
2014/09/08-20:00:21 TrustPay Client PHP 交易开始==========================
2014/09/08-20:00:21 配置文件中商户数为2请求指定的商户配置编号为 2
2014/09/08-20:00:21 检查交易请求是否合法：
2014/09/08-20:00:21 1101]    错误信息：[商户提交的交易资料不合法 - 订单信息不合法！]
2014/09/08-20:00:21 交易结束==================================================
                    
                    
                    
                    
2014/09/08-20:01:00 TrustPay Client PHP 交易开始==========================
2014/09/08-20:01:00 配置文件中商户数为2请求指定的商户配置编号为 2
2014/09/08-20:01:00 检查交易请求是否合法：
2014/09/08-20:01:00 1101]    错误信息：[商户提交的交易资料不合法 - 订单信息不合法！]
2014/09/08-20:01:00 交易结束==================================================
                    
                    
                    
                    
2014/09/08-20:03:15 TrustPay Client PHP 交易开始==========================
2014/09/08-20:03:15 配置文件中商户数为2请求指定的商户配置编号为 2
2014/09/08-20:03:15 检查交易请求是否合法：
2014/09/08-20:03:15 1101]    错误信息：[商户提交的交易资料不合法 - 订单信息不合法！]
2014/09/08-20:03:15 交易结束==================================================
                    
                    
                    
                    
2014/09/08-20:09:16 TrustPay Client PHP 交易开始==========================
2014/09/08-20:09:16 配置文件中商户数为2请求指定的商户配置编号为 1
2014/09/08-20:09:16 检查交易请求是否合法：
2014/09/08-20:09:16 1101]    错误信息：[商户提交的交易资料不合法 - 订单信息不合法！]
2014/09/08-20:09:16 交易结束==================================================
                    
                    
                    
                    
2014/09/08-20:09:16 TrustPay Client PHP 交易开始==========================
2014/09/08-20:09:16 配置文件中商户数为2请求指定的商户配置编号为 1
2014/09/08-20:09:16 检查交易请求是否合法：
2014/09/08-20:09:16 1101]    错误信息：[商户提交的交易资料不合法 - 订单信息不合法！]
2014/09/08-20:09:16 交易结束==================================================
                    
                    
                    
                    
2014/09/08-20:12:05 TrustPay Client PHP 交易开始==========================
2014/09/08-20:12:05 配置文件中商户数为2请求指定的商户配置编号为 2
2014/09/08-20:12:05 检查交易请求是否合法：
2014/09/08-20:12:05 1101]    错误信息：[商户提交的交易资料不合法 - 订单信息不合法！]
2014/09/08-20:12:05 交易结束==================================================
                    
                    
                    
                    
2014/09/08-20:12:06 TrustPay Client PHP 交易开始==========================
2014/09/08-20:12:06 配置文件中商户数为2请求指定的商户配置编号为 2
2014/09/08-20:12:06 检查交易请求是否合法：
2014/09/08-20:12:06 1101]    错误信息：[商户提交的交易资料不合法 - 订单信息不合法！]
2014/09/08-20:12:06 交易结束==================================================
                    
                    
                    
                    