
2014/10/15-19:48:46 TrustPay Client PHP 交易开始==========================
2014/10/15-19:48:46 配置文件中商户数为2请求指定的商户配置编号为 1
2014/10/15-19:48:46 检查交易请求是否合法：
2014/10/15-19:48:46 1101]    错误信息：[商户提交的交易资料不合法 - 订单信息不合法！]
2014/10/15-19:48:46 交易结束==================================================
                    
                    
                    
                    
2014/10/15-19:49:39 TrustPay Client PHP 交易开始==========================
2014/10/15-19:49:39 配置文件中商户数为2请求指定的商户配置编号为 1
2014/10/15-19:49:39 检查交易请求是否合法：
2014/10/15-19:49:39 1101]    错误信息：[商户提交的交易资料不合法 - 订单信息不合法！]
2014/10/15-19:49:39 交易结束==================================================
                    
                    
                    
                    
2014/10/15-19:50:26 TrustPay Client PHP 交易开始==========================
2014/10/15-19:50:26 配置文件中商户数为2请求指定的商户配置编号为 2
2014/10/15-19:50:26 检查交易请求是否合法：
2014/10/15-19:50:26 1101]    错误信息：[商户提交的交易资料不合法 - 订单信息不合法！]
2014/10/15-19:50:26 交易结束==================================================
                    
                    
                    
                    
2014/10/15-19:50:31 TrustPay Client PHP 交易开始==========================
2014/10/15-19:50:31 配置文件中商户数为2请求指定的商户配置编号为 2
2014/10/15-19:50:31 检查交易请求是否合法：
2014/10/15-19:50:31 1101]    错误信息：[商户提交的交易资料不合法 - 订单信息不合法！]
2014/10/15-19:50:31 交易结束==================================================
                    
                    
                    
                    
2014/10/15-19:50:36 TrustPay Client PHP 交易开始==========================
2014/10/15-19:50:36 配置文件中商户数为2请求指定的商户配置编号为 1
2014/10/15-19:50:36 检查交易请求是否合法：
2014/10/15-19:50:36 1101]    错误信息：[商户提交的交易资料不合法 - 订单信息不合法！]
2014/10/15-19:50:36 交易结束==================================================
                    
                    
                    
                    