
2014/12/10-09:00:03 TrustPay Client PHP 交易开始==========================
2014/12/10-09:00:03 配置文件中商户数为2请求指定的商户配置编号为 2
2014/12/10-09:00:03 检查交易请求是否合法：正确
2014/12/10-09:00:03 交易报文
2014/12/10-09:00:03 完整交易报文：
2014/12/10-09:00:03 签名后的报文
2014/12/10-09:00:03 提交网上支付平台的报文：
                    <MSG><Message><Merchant><ECMerchantType>B2C</ECMerchantType><MerchantID>233010103354A02</MerchantID></Merchant><TrxRequest><TrxType>PayReq</TrxType><Order><OrderNo>12407</OrderNo><ExpiredDate>10</ExpiredDate><OrderAmount>130</OrderAmount><OrderDesc>开通 高一语文（上） 服务</OrderDesc><OrderDate>2014/12/10</OrderDate><OrderTime>09:00:03</OrderTime><OrderURL>http://rqzx.ebh.net/</OrderURL><BuyIP>122.224.92.30</BuyIP><OrderItems><OrderItem><ProductID>IP000001</ProductID><ProductName>开通 高一语文（上） 服务</ProductName><UnitPrice>130</UnitPrice><Qty>1</Qty></OrderItem></OrderItems></Order><ProductType>1</ProductType><PaymentType>6</PaymentType><NotifyType>1</NotifyType><ResultNotifyURL>http://rqzx.ebh.net/ibuy/abcnotify.html?orderid=12407</ResultNotifyURL><MerchantRemarks>高一语文（上）-5 月 -130.00 元</MerchantRemarks><PaymentLinkType>1</PaymentLinkType></TrxRequest></Message><Signature-Algorithm>SHA1withRSA</Signature-Algorithm><Signature>sR0D7yMPD9ZDKlDcz/DGtyCciCd6eMByxtnWyy5xGEMM0UgPWKcgPOtVCkmxDjVsSDy+L7XIuk/Ngn4u5ojmt1ZN8UaZf1MznVzZqjOv+eYiTXKtTrGqweyeVI7BiOIVRA2copOrKwZHcOfVCr9A0LPoznGhuUqRPruFnQSEBFY=</Signature></MSG>
2014/12/10-09:00:03 报文长度：1174<br>
2014/12/10-09:00:03 连线网上支付平台
2014/12/10-09:00:03 网上支付平台URL：[https://www.95599.cn/b2c/trustpay/ReceiveMerchantTrxReqServlet] 
2014/12/10-09:00:03 成功
2014/12/10-09:00:03 提交交易报文：
2014/12/10-09:00:03 <MSG><Message><Merchant><ECMerchantType>B2C</ECMerchantType><MerchantID>233010103354A02</MerchantID></Merchant><TrxRequest><TrxType>PayReq</TrxType><Order><OrderNo>12407</OrderNo><ExpiredDate>10</ExpiredDate><OrderAmount>130</OrderAmount><OrderDesc>开通 高一语文（上） 服务</OrderDesc><OrderDate>2014/12/10</OrderDate><OrderTime>09:00:03</OrderTime><OrderURL>http://rqzx.ebh.net/</OrderURL><BuyIP>122.224.92.30</BuyIP><OrderItems><OrderItem><ProductID>IP000001</ProductID><ProductName>开通 高一语文（上） 服务</ProductName><UnitPrice>130</UnitPrice><Qty>1</Qty></OrderItem></OrderItems></Order><ProductType>1</ProductType><PaymentType>6</PaymentType><NotifyType>1</NotifyType><ResultNotifyURL>http://rqzx.ebh.net/ibuy/abcnotify.html?orderid=12407</ResultNotifyURL><MerchantRemarks>高一语文（上）-5 月 -130.00 元</MerchantRemarks><PaymentLinkType>1</PaymentLinkType></TrxRequest></Message><Signature-Algorithm>SHA1withRSA</Signature-Algorithm><Signature>sR0D7yMPD9ZDKlDcz/DGtyCciCd6eMByxtnWyy5xGEMM0UgPWKcgPOtVCkmxDjVsSDy+L7XIuk/Ngn4u5ojmt1ZN8UaZf1MznVzZqjOv+eYiTXKtTrGqweyeVI7BiOIVRA2copOrKwZHcOfVCr9A0LPoznGhuUqRPruFnQSEBFY=</Signature></MSG>
2014/12/10-09:00:03 成功
2014/12/10-09:00:03 接受到的响应报文：
                    HTTP/1.1 200 OK
                    Date: Wed, 10 Dec 2014 00:59:41 GMT
                    Server: Microsoft-IIS/6.0
                    X-AspNet-Version: 2.0.50727
                    Set-Cookie: ASP.NET_SessionId=vgg3u355tttypm45tmytrkj4; path=/; HttpOnly
                    Cache-Control: private
                    Content-Type: text/html; charset=gb2312
                    Connection: close
                    Set-Cookie: BIGipServerpool_ec_b2c=2539252490.56355.0000; path=/
                    
                    <MSG><Message><Merchant><ECMerchantType>B2C</ECMerchantType><MerchantID>233010103354A02</MerchantID></Merchant><TrxResponse><ReturnCode>0000</ReturnCode><ErrorMessage>交易成功</ErrorMessage><TrxType>PayReq</TrxType><OrderNo>12407</OrderNo><PaymentURL>https://easyabc.95599.cn/b2c/NotCheckStatus/PaymentModeUCBPAct.ebf?TOKEN=14181731815723600422</PaymentURL><OrderAmount>130</OrderAmount></TrxResponse></Message><Signature-Algorithm>SHA1withRSA</Signature-Algorithm><Signature>tmDF1lBeMexvR7sZq8jka/iWhz1FR+eYBzCjZhmanPwaRIQyYNByTfpQHdMnLXYWx2TuM+mRQtbADw+PoWJTNH8Y9c0hqQPR+SiZ4KdJjqCLRxJ/qWf1w08TWZkr0t6OePnNLkXhctv7HiBB2OljIg+zKHfX/w4LSJtZWdQY6p4=</Signature></MSG>
2014/12/10-09:00:03 接收报文：
2014/12/10-09:00:03 <Message><Merchant><ECMerchantType>B2C</ECMerchantType><MerchantID>233010103354A02</MerchantID></Merchant><TrxResponse><ReturnCode>0000</ReturnCode><ErrorMessage>交易成功</ErrorMessage><TrxType>PayReq</TrxType><OrderNo>12407</OrderNo><PaymentURL>https://easyabc.95599.cn/b2c/NotCheckStatus/PaymentModeUCBPAct.ebf?TOKEN=14181731815723600422</PaymentURL><OrderAmount>130</OrderAmount></TrxResponse></Message><Signature-Algorithm>SHA1withRSA</Signature-Algorithm><Signature>tmDF1lBeMexvR7sZq8jka/iWhz1FR+eYBzCjZhmanPwaRIQyYNByTfpQHdMnLXYWx2TuM+mRQtbADw+PoWJTNH8Y9c0hqQPR+SiZ4KdJjqCLRxJ/qWf1w08TWZkr0t6OePnNLkXhctv7HiBB2OljIg+zKHfX/w4LSJtZWdQY6p4=</Signature>
2014/12/10-09:00:03 验证网上支付平台响应报文的签名：正确
2014/12/10-09:00:03 生成交易响应对象：
2014/12/10-09:00:03 交易结果：[0000]
2014/12/10-09:00:03 错误信息：[交易成功]
2014/12/10-09:00:03 交易结束==================================================
                    
                    
                    
                    
2014/12/10-09:03:23 TrustPayClient PHP 交易开始==========================
2014/12/10-09:03:23 接收到的支付结果通知：\n[PE1TRz48TWVzc2FnZT48VHJ4UmVzcG9uc2U+PFJldHVybkNvZGU+MDAwMDwvUmV0dXJuQ29kZT48RXJyb3JNZXNzYWdlPjwvRXJyb3JNZXNzYWdlPjxFQ01lcmNoYW50VHlwZT5CMkM8L0VDTWVyY2hhbnRUeXBlPjxNZXJjaGFudElEPjIzMzAxMDEwMzM1NEEwMjwvTWVyY2hhbnRJRD48VHJ4VHlwZT5QYXlSZXN1bHQ8L1RyeFR5cGU+PE9yZGVyTm8+MTI0MDc8L09yZGVyTm8+PEFtb3VudD4xMzAuMDA8L0Ftb3VudD48QmF0Y2hObz4wMDAwNTg8L0JhdGNoTm8+PEhvc3REYXRlPjIwMTQxMjEwPC9Ib3N0RGF0ZT48SG9zdFRpbWU+MDkwMjU5PC9Ib3N0VGltZT48TWVyY2hhbnRSZW1hcmtzPrjf0rvT787Eo6jJz6OpLTUg1MIgLTEzMC4wMCDUqjwvTWVyY2hhbnRSZW1hcmtzPjxQYXlUeXBlPlBBWTI0PC9QYXlUeXBlPjxOb3RpZnlUeXBlPjE8L05vdGlmeVR5cGU+PFBheUlQPjIwMi45Ni4yNTUuMTQ4PC9QYXlJUD48L1RyeFJlc3BvbnNlPjwvTWVzc2FnZT48U2lnbmF0dXJlLUFsZ29yaXRobT5TSEExd2l0aFJTQTwvU2lnbmF0dXJlLUFsZ29yaXRobT48U2lnbmF0dXJlPlQ0QmlyU3p6R2dnMUxWa2c3ZzBuckVCSFJVdlNSWndtWFFCRlhZWmVjbzZLWUFmK3Vhb05rRWFNNCtPRU1PbnZENHFnaEhhR2Nmb1RwNVozQ3ZxSXE4WHc1QWsxOW9KZlJtdHpvUHpOeEcyYmhGV2xIaHpiYzFvYkJoemRlWkJQMWdkYmZjNjlQb2xKYnJwVHF2cEVzVkdEbmxlK3ZFcWxjRUladmx3M2ErOD08L1NpZ25hdHVyZT48L01TRz4=]
2014/12/10-09:03:23 经过Base64解码后的支付结果通知：\n[<MSG><Message><TrxResponse><ReturnCode>0000</ReturnCode><ErrorMessage></ErrorMessage><ECMerchantType>B2C</ECMerchantType><MerchantID>233010103354A02</MerchantID><TrxType>PayResult</TrxType><OrderNo>12407</OrderNo><Amount>130.00</Amount><BatchNo>000058</BatchNo><HostDate>20141210</HostDate><HostTime>090259</HostTime><MerchantRemarks>高一语文（上）-5 月 -130.00 元</MerchantRemarks><PayType>PAY24</PayType><NotifyType>1</NotifyType><PayIP>202.96.255.148</PayIP></TrxResponse></Message><Signature-Algorithm>SHA1withRSA</Signature-Algorithm><Signature>T4BirSzzGgg1LVkg7g0nrEBHRUvSRZwmXQBFXYZeco6KYAf+uaoNkEaM4+OEMOnvD4qghHaGcfoTp5Z3CvqIq8Xw5Ak19oJfRmtzoPzNxG2bhFWlHhzbc1obBhzdeZBP1gdbfc69PolJbrpTqvpEsVGDnle+vEqlcEIZvlw3a+8=</Signature></MSG>]
2014/12/10-09:03:23 验证支付结果通知的签名：
2014/12/10-09:03:23 验证通过！\n 经过验证的支付结果通知：\n[<TrxResponse><ReturnCode>0000</ReturnCode><ErrorMessage></ErrorMessage><ECMerchantType>B2C</ECMerchantType><MerchantID>233010103354A02</MerchantID><TrxType>PayResult</TrxType><OrderNo>12407</OrderNo><Amount>130.00</Amount><BatchNo>000058</BatchNo><HostDate>20141210</HostDate><HostTime>090259</HostTime><MerchantRemarks>高一语文（上）-5 月 -130.00 元</MerchantRemarks><PayType>PAY24</PayType><NotifyType>1</NotifyType><PayIP>202.96.255.148</PayIP></TrxResponse>]
2014/12/10-09:03:23 交易结束==================================================
2014/12/10-19:05:53 TrustPay Client PHP 交易开始==========================
2014/12/10-19:05:53 配置文件中商户数为2请求指定的商户配置编号为 2
2014/12/10-19:05:53 检查交易请求是否合法：
2014/12/10-19:05:53 1101]    错误信息：[商户提交的交易资料不合法 - 订单信息不合法！]
2014/12/10-19:05:53 交易结束==================================================
                    
                    
                    
                    
2014/12/10-19:05:57 TrustPay Client PHP 交易开始==========================
2014/12/10-19:05:57 配置文件中商户数为2请求指定的商户配置编号为 2
2014/12/10-19:05:57 检查交易请求是否合法：
2014/12/10-19:05:57 1101]    错误信息：[商户提交的交易资料不合法 - 订单信息不合法！]
2014/12/10-19:05:57 交易结束==================================================
                    
                    
                    
                    
2014/12/10-19:06:19 TrustPay Client PHP 交易开始==========================
2014/12/10-19:06:19 配置文件中商户数为2请求指定的商户配置编号为 1
2014/12/10-19:06:19 检查交易请求是否合法：
2014/12/10-19:06:19 1101]    错误信息：[商户提交的交易资料不合法 - 订单信息不合法！]
2014/12/10-19:06:19 交易结束==================================================
                    
                    
                    
                    
2014/12/10-19:06:22 TrustPay Client PHP 交易开始==========================
2014/12/10-19:06:22 配置文件中商户数为2请求指定的商户配置编号为 1
2014/12/10-19:06:22 检查交易请求是否合法：
2014/12/10-19:06:22 1101]    错误信息：[商户提交的交易资料不合法 - 订单信息不合法！]
2014/12/10-19:06:22 交易结束==================================================
                    
                    
                    
                    