
2014/08/16-08:24:21 TrustPay Client PHP 交易开始==========================
2014/08/16-08:24:21 配置文件中商户数为2请求指定的商户配置编号为 1
2014/08/16-08:24:21 检查交易请求是否合法：
2014/08/16-08:24:21 1101]    错误信息：[商户提交的交易资料不合法 - 订单信息不合法！]
2014/08/16-08:24:21 交易结束==================================================
                    
                    
                    
                    
2014/08/16-08:24:21 TrustPay Client PHP 交易开始==========================
2014/08/16-08:24:21 配置文件中商户数为2请求指定的商户配置编号为 1
2014/08/16-08:24:21 检查交易请求是否合法：正确
2014/08/16-08:24:21 交易报文
2014/08/16-08:24:21 完整交易报文：
2014/08/16-08:24:21 签名后的报文
2014/08/16-08:24:21 提交网上支付平台的报文：
                    <MSG><Message><Merchant><ECMerchantType>B2C</ECMerchantType><MerchantID>233010103354A01</MerchantID></Merchant><TrxRequest><TrxType>PayReq</TrxType><Order><OrderNo>7113</OrderNo><ExpiredDate>10</ExpiredDate><OrderAmount>200</OrderAmount><OrderDesc>开通e板会 上虞新高一物理衔接课堂 服务</OrderDesc><OrderDate>2014/08/16</OrderDate><OrderTime>08:24:21</OrderTime><OrderURL>http://wl.sy.ebanhui.com</OrderURL><BuyIP>115.226.72.205</BuyIP><OrderItems><OrderItem><ProductID>IP000001</ProductID><ProductName>开通e板会 上虞新高一物理衔接课堂 服务</ProductName><UnitPrice>200</UnitPrice><Qty>1</Qty></OrderItem></OrderItems></Order><ProductType>1</ProductType><PaymentType>1</PaymentType><NotifyType>1</NotifyType><ResultNotifyURL>http://wl.sy.ebanhui.com/classactive/abcnotify.html</ResultNotifyURL><MerchantRemarks>e板会</MerchantRemarks><PaymentLinkType>1</PaymentLinkType></TrxRequest></Message><Signature-Algorithm>SHA1withRSA</Signature-Algorithm><Signature>URnApsyDJG0vdVKTF1CUpGJUBQGd+CnVptY5XSCzg7C5FNIvduMjHg5mN0LFpS/q9kQa4MlUc1brMcUD7Ailr2Swax0cMblFzhUSX7Bk7+tYeq3KekALonowAthJY+rByrimYZDQ8py7sO7pmgUOptE3wRMvg1guYx188ord0Xk=</Signature></MSG>
2014/08/16-08:24:21 报文长度：1182<br>
2014/08/16-08:24:21 连线网上支付平台
2014/08/16-08:24:21 网上支付平台URL：[https://www.95599.cn/b2c/trustpay/ReceiveMerchantTrxReqServlet] 
2014/08/16-08:24:21 成功
2014/08/16-08:24:21 提交交易报文：
2014/08/16-08:24:21 <MSG><Message><Merchant><ECMerchantType>B2C</ECMerchantType><MerchantID>233010103354A01</MerchantID></Merchant><TrxRequest><TrxType>PayReq</TrxType><Order><OrderNo>7113</OrderNo><ExpiredDate>10</ExpiredDate><OrderAmount>200</OrderAmount><OrderDesc>开通e板会 上虞新高一物理衔接课堂 服务</OrderDesc><OrderDate>2014/08/16</OrderDate><OrderTime>08:24:21</OrderTime><OrderURL>http://wl.sy.ebanhui.com</OrderURL><BuyIP>115.226.72.205</BuyIP><OrderItems><OrderItem><ProductID>IP000001</ProductID><ProductName>开通e板会 上虞新高一物理衔接课堂 服务</ProductName><UnitPrice>200</UnitPrice><Qty>1</Qty></OrderItem></OrderItems></Order><ProductType>1</ProductType><PaymentType>1</PaymentType><NotifyType>1</NotifyType><ResultNotifyURL>http://wl.sy.ebanhui.com/classactive/abcnotify.html</ResultNotifyURL><MerchantRemarks>e板会</MerchantRemarks><PaymentLinkType>1</PaymentLinkType></TrxRequest></Message><Signature-Algorithm>SHA1withRSA</Signature-Algorithm><Signature>URnApsyDJG0vdVKTF1CUpGJUBQGd+CnVptY5XSCzg7C5FNIvduMjHg5mN0LFpS/q9kQa4MlUc1brMcUD7Ailr2Swax0cMblFzhUSX7Bk7+tYeq3KekALonowAthJY+rByrimYZDQ8py7sO7pmgUOptE3wRMvg1guYx188ord0Xk=</Signature></MSG>
2014/08/16-08:24:21 成功
2014/08/16-08:24:21 接受到的响应报文：
                    HTTP/1.1 200 OK
                    Date: Sat, 16 Aug 2014 00:21:22 GMT
                    Server: Microsoft-IIS/6.0
                    X-Powered-By: ASP.NET
                    X-AspNet-Version: 2.0.50727
                    Set-Cookie: ASP.NET_SessionId=xutnfu55qis3rrjiupk2jpnr; path=/; HttpOnly
                    Cache-Control: private
                    Content-Type: text/html; charset=gb2312
                    Connection: close
                    Set-Cookie: BIGipServerpool_ec_b2c=912583434.56355.0000; path=/
                    
                    <MSG><Message><Merchant><ECMerchantType>B2C</ECMerchantType><MerchantID>233010103354A01</MerchantID></Merchant><TrxResponse><ReturnCode>0000</ReturnCode><ErrorMessage>交易成功</ErrorMessage><TrxType>PayReq</TrxType><OrderNo>7113</OrderNo><PaymentURL>https://easyabc.95599.cn/b2c/NotCheckStatus/PaymentModeNewAct.ebf?TOKEN=14081484823478631070</PaymentURL><OrderAmount>200</OrderAmount></TrxResponse></Message><Signature-Algorithm>SHA1withRSA</Signature-Algorithm><Signature>99N499oJW/TxKPLkAtZ6seSXqcfPny+R49VnoydNr5oadSPaaXSeex+AIyNbPF4WH2abDP2IwMCuNfj7YzA1zm01bhEbHApEXLdaHoliFsDdf5DLrdE0oN0P48g9JXelnz5nFORpdT+7u+8i9l+LSU2U/ekYlOYtPQgz+te3KIE=</Signature></MSG>
2014/08/16-08:24:21 接收报文：
2014/08/16-08:24:21 <Message><Merchant><ECMerchantType>B2C</ECMerchantType><MerchantID>233010103354A01</MerchantID></Merchant><TrxResponse><ReturnCode>0000</ReturnCode><ErrorMessage>交易成功</ErrorMessage><TrxType>PayReq</TrxType><OrderNo>7113</OrderNo><PaymentURL>https://easyabc.95599.cn/b2c/NotCheckStatus/PaymentModeNewAct.ebf?TOKEN=14081484823478631070</PaymentURL><OrderAmount>200</OrderAmount></TrxResponse></Message><Signature-Algorithm>SHA1withRSA</Signature-Algorithm><Signature>99N499oJW/TxKPLkAtZ6seSXqcfPny+R49VnoydNr5oadSPaaXSeex+AIyNbPF4WH2abDP2IwMCuNfj7YzA1zm01bhEbHApEXLdaHoliFsDdf5DLrdE0oN0P48g9JXelnz5nFORpdT+7u+8i9l+LSU2U/ekYlOYtPQgz+te3KIE=</Signature>
2014/08/16-08:24:21 验证网上支付平台响应报文的签名：正确
2014/08/16-08:24:21 生成交易响应对象：
2014/08/16-08:24:21 交易结果：[0000]
2014/08/16-08:24:21 错误信息：[交易成功]
2014/08/16-08:24:21 交易结束==================================================
                    
                    
                    
                    
2014/08/16-08:25:37 TrustPay Client PHP 交易开始==========================
2014/08/16-08:25:37 配置文件中商户数为2请求指定的商户配置编号为 2
2014/08/16-08:25:37 检查交易请求是否合法：
2014/08/16-08:25:37 1101]    错误信息：[商户提交的交易资料不合法 - 订单信息不合法！]
2014/08/16-08:25:37 交易结束==================================================
                    
                    
                    
                    
2014/08/16-08:25:37 TrustPay Client PHP 交易开始==========================
2014/08/16-08:25:37 配置文件中商户数为2请求指定的商户配置编号为 2
2014/08/16-08:25:37 检查交易请求是否合法：正确
2014/08/16-08:25:37 交易报文
2014/08/16-08:25:37 完整交易报文：
2014/08/16-08:25:37 签名后的报文
2014/08/16-08:25:37 提交网上支付平台的报文：
                    <MSG><Message><Merchant><ECMerchantType>B2C</ECMerchantType><MerchantID>233010103354A02</MerchantID></Merchant><TrxRequest><TrxType>PayReq</TrxType><Order><OrderNo>7116</OrderNo><ExpiredDate>10</ExpiredDate><OrderAmount>200</OrderAmount><OrderDesc>开通e板会 上虞新高一物理衔接课堂 服务</OrderDesc><OrderDate>2014/08/16</OrderDate><OrderTime>08:25:37</OrderTime><OrderURL>http://wl.sy.ebanhui.com</OrderURL><BuyIP>115.226.72.205</BuyIP><OrderItems><OrderItem><ProductID>IP000001</ProductID><ProductName>开通e板会 上虞新高一物理衔接课堂 服务</ProductName><UnitPrice>200</UnitPrice><Qty>1</Qty></OrderItem></OrderItems></Order><ProductType>1</ProductType><PaymentType>6</PaymentType><NotifyType>1</NotifyType><ResultNotifyURL>http://wl.sy.ebanhui.com/classactive/abcnotify.html</ResultNotifyURL><MerchantRemarks>e板会</MerchantRemarks><PaymentLinkType>1</PaymentLinkType></TrxRequest></Message><Signature-Algorithm>SHA1withRSA</Signature-Algorithm><Signature>CELS44ri8O5CNeFdE6Bb9W1cRx0MM64XkGV+Vtujh7vylpw6JDDYlP35nrnn3Cm53SgJEqPsnLDR9fTewNlibc0Xq8IHiVYXXEhytTGHMJu3BvsUeZJWJ/0XqXylv4/zILdvPTXJ7ETxdEHDXZIUmHgf/5+FnoCTehJTHFLpfxQ=</Signature></MSG>
2014/08/16-08:25:37 报文长度：1182<br>
2014/08/16-08:25:37 连线网上支付平台
2014/08/16-08:25:37 网上支付平台URL：[https://www.95599.cn/b2c/trustpay/ReceiveMerchantTrxReqServlet] 
2014/08/16-08:25:37 成功
2014/08/16-08:25:37 提交交易报文：
2014/08/16-08:25:37 <MSG><Message><Merchant><ECMerchantType>B2C</ECMerchantType><MerchantID>233010103354A02</MerchantID></Merchant><TrxRequest><TrxType>PayReq</TrxType><Order><OrderNo>7116</OrderNo><ExpiredDate>10</ExpiredDate><OrderAmount>200</OrderAmount><OrderDesc>开通e板会 上虞新高一物理衔接课堂 服务</OrderDesc><OrderDate>2014/08/16</OrderDate><OrderTime>08:25:37</OrderTime><OrderURL>http://wl.sy.ebanhui.com</OrderURL><BuyIP>115.226.72.205</BuyIP><OrderItems><OrderItem><ProductID>IP000001</ProductID><ProductName>开通e板会 上虞新高一物理衔接课堂 服务</ProductName><UnitPrice>200</UnitPrice><Qty>1</Qty></OrderItem></OrderItems></Order><ProductType>1</ProductType><PaymentType>6</PaymentType><NotifyType>1</NotifyType><ResultNotifyURL>http://wl.sy.ebanhui.com/classactive/abcnotify.html</ResultNotifyURL><MerchantRemarks>e板会</MerchantRemarks><PaymentLinkType>1</PaymentLinkType></TrxRequest></Message><Signature-Algorithm>SHA1withRSA</Signature-Algorithm><Signature>CELS44ri8O5CNeFdE6Bb9W1cRx0MM64XkGV+Vtujh7vylpw6JDDYlP35nrnn3Cm53SgJEqPsnLDR9fTewNlibc0Xq8IHiVYXXEhytTGHMJu3BvsUeZJWJ/0XqXylv4/zILdvPTXJ7ETxdEHDXZIUmHgf/5+FnoCTehJTHFLpfxQ=</Signature></MSG>
2014/08/16-08:25:37 成功
2014/08/16-08:25:37 接受到的响应报文：
                    HTTP/1.1 200 OK
                    Date: Sat, 16 Aug 2014 00:22:38 GMT
                    Server: Microsoft-IIS/6.0
                    X-Powered-By: ASP.NET
                    X-AspNet-Version: 2.0.50727
                    Set-Cookie: ASP.NET_SessionId=gqcvifq305gyghfsyluytjjs; path=/; HttpOnly
                    Cache-Control: private
                    Content-Type: text/html; charset=gb2312
                    Connection: close
                    Set-Cookie: BIGipServerpool_ec_b2c=912583434.56355.0000; path=/
                    
                    <MSG><Message><Merchant><ECMerchantType>B2C</ECMerchantType><MerchantID>233010103354A02</MerchantID></Merchant><TrxResponse><ReturnCode>0000</ReturnCode><ErrorMessage>交易成功</ErrorMessage><TrxType>PayReq</TrxType><OrderNo>7116</OrderNo><PaymentURL>https://easyabc.95599.cn/b2c/NotCheckStatus/PaymentModeUCBPAct.ebf?TOKEN=14081485581593321503</PaymentURL><OrderAmount>200</OrderAmount></TrxResponse></Message><Signature-Algorithm>SHA1withRSA</Signature-Algorithm><Signature>VksU6TdmfASkZ+g/ZaLDfU7IwSCAlADsAaVntTzi6CkcQYBxzeWWbLAP+MuOGbkqTwuAch0VjPhVLLns7MN/EY2w1Km9SsioCwJhrJd6G8A3Qn+XYzCUEzf/vRoFXgHCGfaf/l9Ch8QD1R0hGkNb8aycAE5fAc92BOwLtJ+2DgU=</Signature></MSG>
2014/08/16-08:25:37 接收报文：
2014/08/16-08:25:37 <Message><Merchant><ECMerchantType>B2C</ECMerchantType><MerchantID>233010103354A02</MerchantID></Merchant><TrxResponse><ReturnCode>0000</ReturnCode><ErrorMessage>交易成功</ErrorMessage><TrxType>PayReq</TrxType><OrderNo>7116</OrderNo><PaymentURL>https://easyabc.95599.cn/b2c/NotCheckStatus/PaymentModeUCBPAct.ebf?TOKEN=14081485581593321503</PaymentURL><OrderAmount>200</OrderAmount></TrxResponse></Message><Signature-Algorithm>SHA1withRSA</Signature-Algorithm><Signature>VksU6TdmfASkZ+g/ZaLDfU7IwSCAlADsAaVntTzi6CkcQYBxzeWWbLAP+MuOGbkqTwuAch0VjPhVLLns7MN/EY2w1Km9SsioCwJhrJd6G8A3Qn+XYzCUEzf/vRoFXgHCGfaf/l9Ch8QD1R0hGkNb8aycAE5fAc92BOwLtJ+2DgU=</Signature>
2014/08/16-08:25:37 验证网上支付平台响应报文的签名：正确
2014/08/16-08:25:37 生成交易响应对象：
2014/08/16-08:25:37 交易结果：[0000]
2014/08/16-08:25:37 错误信息：[交易成功]
2014/08/16-08:25:37 交易结束==================================================
                    
                    
                    
                    
2014/08/16-11:17:56 TrustPay Client PHP 交易开始==========================
2014/08/16-11:17:56 配置文件中商户数为2请求指定的商户配置编号为 2
2014/08/16-11:17:56 检查交易请求是否合法：正确
2014/08/16-11:17:56 交易报文
2014/08/16-11:17:56 完整交易报文：
2014/08/16-11:17:56 签名后的报文
2014/08/16-11:17:56 提交网上支付平台的报文：
                    <MSG><Message><Merchant><ECMerchantType>B2C</ECMerchantType><MerchantID>233010103354A02</MerchantID></Merchant><TrxRequest><TrxType>PayReq</TrxType><Order><OrderNo>7124</OrderNo><ExpiredDate>10</ExpiredDate><OrderAmount>200</OrderAmount><OrderDesc>开通e板会 上虞新高一物理衔接课堂 服务</OrderDesc><OrderDate>2014/08/16</OrderDate><OrderTime>11:17:56</OrderTime><OrderURL>http://wl.sy.ebanhui.com</OrderURL><BuyIP>115.226.72.205</BuyIP><OrderItems><OrderItem><ProductID>IP000001</ProductID><ProductName>开通e板会 上虞新高一物理衔接课堂 服务</ProductName><UnitPrice>200</UnitPrice><Qty>1</Qty></OrderItem></OrderItems></Order><ProductType>1</ProductType><PaymentType>6</PaymentType><NotifyType>1</NotifyType><ResultNotifyURL>http://wl.sy.ebanhui.com/classactive/abcnotify.html</ResultNotifyURL><MerchantRemarks>e板会</MerchantRemarks><PaymentLinkType>1</PaymentLinkType></TrxRequest></Message><Signature-Algorithm>SHA1withRSA</Signature-Algorithm><Signature>MMRiFt+BwmbKQOflKQQcmIOb/yooQZKiHVa20EYNd8x4ajpfWlBsg+U2PLU/LBGSemgto+loIEzp1bGreR4Lro9w7qDVQI80N9NHIeOGG4eKEO0T0Des7oLZcpy2/blT0tqA3lzajYlFlCQLA8p8Gb7Rgie2F2gKVKh2EGTR5v8=</Signature></MSG>
2014/08/16-11:17:56 报文长度：1182<br>
2014/08/16-11:17:56 连线网上支付平台
2014/08/16-11:17:56 网上支付平台URL：[https://www.95599.cn/b2c/trustpay/ReceiveMerchantTrxReqServlet] 
2014/08/16-11:17:56 成功
2014/08/16-11:17:56 提交交易报文：
2014/08/16-11:17:56 <MSG><Message><Merchant><ECMerchantType>B2C</ECMerchantType><MerchantID>233010103354A02</MerchantID></Merchant><TrxRequest><TrxType>PayReq</TrxType><Order><OrderNo>7124</OrderNo><ExpiredDate>10</ExpiredDate><OrderAmount>200</OrderAmount><OrderDesc>开通e板会 上虞新高一物理衔接课堂 服务</OrderDesc><OrderDate>2014/08/16</OrderDate><OrderTime>11:17:56</OrderTime><OrderURL>http://wl.sy.ebanhui.com</OrderURL><BuyIP>115.226.72.205</BuyIP><OrderItems><OrderItem><ProductID>IP000001</ProductID><ProductName>开通e板会 上虞新高一物理衔接课堂 服务</ProductName><UnitPrice>200</UnitPrice><Qty>1</Qty></OrderItem></OrderItems></Order><ProductType>1</ProductType><PaymentType>6</PaymentType><NotifyType>1</NotifyType><ResultNotifyURL>http://wl.sy.ebanhui.com/classactive/abcnotify.html</ResultNotifyURL><MerchantRemarks>e板会</MerchantRemarks><PaymentLinkType>1</PaymentLinkType></TrxRequest></Message><Signature-Algorithm>SHA1withRSA</Signature-Algorithm><Signature>MMRiFt+BwmbKQOflKQQcmIOb/yooQZKiHVa20EYNd8x4ajpfWlBsg+U2PLU/LBGSemgto+loIEzp1bGreR4Lro9w7qDVQI80N9NHIeOGG4eKEO0T0Des7oLZcpy2/blT0tqA3lzajYlFlCQLA8p8Gb7Rgie2F2gKVKh2EGTR5v8=</Signature></MSG>
2014/08/16-11:17:56 成功
2014/08/16-11:17:56 接受到的响应报文：
                    HTTP/1.1 200 OK
                    Date: Sat, 16 Aug 2014 03:14:56 GMT
                    Server: Microsoft-IIS/6.0
                    X-AspNet-Version: 2.0.50727
                    Set-Cookie: ASP.NET_SessionId=qejtu03zbcsflz55ed3ffu45; path=/; HttpOnly
                    Cache-Control: private
                    Content-Type: text/html; charset=gb2312
                    Connection: close
                    Set-Cookie: BIGipServerpool_ec_b2c=1063578378.56355.0000; path=/
                    
                    <MSG><Message><Merchant><ECMerchantType>B2C</ECMerchantType><MerchantID>233010103354A02</MerchantID></Merchant><TrxResponse><ReturnCode>0000</ReturnCode><ErrorMessage>交易成功</ErrorMessage><TrxType>PayReq</TrxType><OrderNo>7124</OrderNo><PaymentURL>https://easyabc.95599.cn/b2c/NotCheckStatus/PaymentModeUCBPAct.ebf?TOKEN=14081588966926487852</PaymentURL><OrderAmount>200</OrderAmount></TrxResponse></Message><Signature-Algorithm>SHA1withRSA</Signature-Algorithm><Signature>3UJgCf3Ff5YrRJzyWodzR7qYiXOILoIh0WpawUxktjpJt1pa7Gg77esLZSGoZGrd43NC3Koqw8bXg/loMuJjT2wvLnEfLVEuiGlQUzmE4UQKmIGlrNMDs1gmLoD75ONUfFFDRyZ3op/YYy5spDg8kdN2VHMbO2M64xDOTJYeuiQ=</Signature></MSG>
2014/08/16-11:17:56 接收报文：
2014/08/16-11:17:56 <Message><Merchant><ECMerchantType>B2C</ECMerchantType><MerchantID>233010103354A02</MerchantID></Merchant><TrxResponse><ReturnCode>0000</ReturnCode><ErrorMessage>交易成功</ErrorMessage><TrxType>PayReq</TrxType><OrderNo>7124</OrderNo><PaymentURL>https://easyabc.95599.cn/b2c/NotCheckStatus/PaymentModeUCBPAct.ebf?TOKEN=14081588966926487852</PaymentURL><OrderAmount>200</OrderAmount></TrxResponse></Message><Signature-Algorithm>SHA1withRSA</Signature-Algorithm><Signature>3UJgCf3Ff5YrRJzyWodzR7qYiXOILoIh0WpawUxktjpJt1pa7Gg77esLZSGoZGrd43NC3Koqw8bXg/loMuJjT2wvLnEfLVEuiGlQUzmE4UQKmIGlrNMDs1gmLoD75ONUfFFDRyZ3op/YYy5spDg8kdN2VHMbO2M64xDOTJYeuiQ=</Signature>
2014/08/16-11:17:56 验证网上支付平台响应报文的签名：正确
2014/08/16-11:17:56 生成交易响应对象：
2014/08/16-11:17:56 交易结果：[0000]
2014/08/16-11:17:56 错误信息：[交易成功]
2014/08/16-11:17:56 交易结束==================================================
                    
                    
                    
                    
2014/08/16-11:20:52 TrustPay Client PHP 交易开始==========================
2014/08/16-11:20:52 配置文件中商户数为2请求指定的商户配置编号为 2
2014/08/16-11:20:52 检查交易请求是否合法：正确
2014/08/16-11:20:52 交易报文
2014/08/16-11:20:52 完整交易报文：
2014/08/16-11:20:52 签名后的报文
2014/08/16-11:20:52 提交网上支付平台的报文：
                    <MSG><Message><Merchant><ECMerchantType>B2C</ECMerchantType><MerchantID>233010103354A02</MerchantID></Merchant><TrxRequest><TrxType>PayReq</TrxType><Order><OrderNo>7127</OrderNo><ExpiredDate>10</ExpiredDate><OrderAmount>190</OrderAmount><OrderDesc>开通e板会 上虞新高一化学衔接课堂 服务</OrderDesc><OrderDate>2014/08/16</OrderDate><OrderTime>11:20:52</OrderTime><OrderURL>http://hx.sy.ebanhui.com</OrderURL><BuyIP>115.225.113.99</BuyIP><OrderItems><OrderItem><ProductID>IP000001</ProductID><ProductName>开通e板会 上虞新高一化学衔接课堂 服务</ProductName><UnitPrice>190</UnitPrice><Qty>1</Qty></OrderItem></OrderItems></Order><ProductType>1</ProductType><PaymentType>6</PaymentType><NotifyType>1</NotifyType><ResultNotifyURL>http://hx.sy.ebanhui.com/classactive/abcnotify.html</ResultNotifyURL><MerchantRemarks>e板会</MerchantRemarks><PaymentLinkType>1</PaymentLinkType></TrxRequest></Message><Signature-Algorithm>SHA1withRSA</Signature-Algorithm><Signature>POT0dFyShy3lrpRVs0CHnwVaiFFoto9KwhjSh49SVQisoiQftp1z4jhskynT9zaTkV3cmK/5I5aZHp0QYVzX1jSLS2t9e3QP5YsjgLn1ts5mDIiR+FxEST+VpjbTzUI3sTMgRbH3gz44fJ65LRFIslys2DO/A2AGxWXn22pJmFo=</Signature></MSG>
2014/08/16-11:20:52 报文长度：1182<br>
2014/08/16-11:20:52 连线网上支付平台
2014/08/16-11:20:52 网上支付平台URL：[https://www.95599.cn/b2c/trustpay/ReceiveMerchantTrxReqServlet] 
2014/08/16-11:20:52 成功
2014/08/16-11:20:52 提交交易报文：
2014/08/16-11:20:52 <MSG><Message><Merchant><ECMerchantType>B2C</ECMerchantType><MerchantID>233010103354A02</MerchantID></Merchant><TrxRequest><TrxType>PayReq</TrxType><Order><OrderNo>7127</OrderNo><ExpiredDate>10</ExpiredDate><OrderAmount>190</OrderAmount><OrderDesc>开通e板会 上虞新高一化学衔接课堂 服务</OrderDesc><OrderDate>2014/08/16</OrderDate><OrderTime>11:20:52</OrderTime><OrderURL>http://hx.sy.ebanhui.com</OrderURL><BuyIP>115.225.113.99</BuyIP><OrderItems><OrderItem><ProductID>IP000001</ProductID><ProductName>开通e板会 上虞新高一化学衔接课堂 服务</ProductName><UnitPrice>190</UnitPrice><Qty>1</Qty></OrderItem></OrderItems></Order><ProductType>1</ProductType><PaymentType>6</PaymentType><NotifyType>1</NotifyType><ResultNotifyURL>http://hx.sy.ebanhui.com/classactive/abcnotify.html</ResultNotifyURL><MerchantRemarks>e板会</MerchantRemarks><PaymentLinkType>1</PaymentLinkType></TrxRequest></Message><Signature-Algorithm>SHA1withRSA</Signature-Algorithm><Signature>POT0dFyShy3lrpRVs0CHnwVaiFFoto9KwhjSh49SVQisoiQftp1z4jhskynT9zaTkV3cmK/5I5aZHp0QYVzX1jSLS2t9e3QP5YsjgLn1ts5mDIiR+FxEST+VpjbTzUI3sTMgRbH3gz44fJ65LRFIslys2DO/A2AGxWXn22pJmFo=</Signature></MSG>
2014/08/16-11:20:52 成功
2014/08/16-11:20:52 接受到的响应报文：
                    HTTP/1.1 200 OK
                    Date: Sat, 16 Aug 2014 03:17:52 GMT
                    Server: Microsoft-IIS/6.0
                    X-AspNet-Version: 2.0.50727
                    Set-Cookie: ASP.NET_SessionId=cfjirzryxv1rnk45xwvhdd45; path=/; HttpOnly
                    Cache-Control: private
                    Content-Type: text/html; charset=gb2312
                    Connection: close
                    Set-Cookie: BIGipServerpool_ec_b2c=1063578378.56355.0000; path=/
                    
                    <MSG><Message><Merchant><ECMerchantType>B2C</ECMerchantType><MerchantID>233010103354A02</MerchantID></Merchant><TrxResponse><ReturnCode>0000</ReturnCode><ErrorMessage>交易成功</ErrorMessage><TrxType>PayReq</TrxType><OrderNo>7127</OrderNo><PaymentURL>https://easyabc.95599.cn/b2c/NotCheckStatus/PaymentModeUCBPAct.ebf?TOKEN=14081590729427340391</PaymentURL><OrderAmount>190</OrderAmount></TrxResponse></Message><Signature-Algorithm>SHA1withRSA</Signature-Algorithm><Signature>sg1agZVD8/FDf1P8Dnr2o/egeOw7LUf27/OIwbYO+XLpdohz/0hsTpsOB6vPMz/aqrVDdu3rITYmXb0YOyy1PUtT9dzZ0gj+m6DmIZ3sXRFM3Zxx9BOftZ/U/RJiuAP5PmeEV/2ioMoyAXpLr7FGv23vaUY+sZO+krYbO8xKxRc=</Signature></MSG>
2014/08/16-11:20:52 接收报文：
2014/08/16-11:20:52 <Message><Merchant><ECMerchantType>B2C</ECMerchantType><MerchantID>233010103354A02</MerchantID></Merchant><TrxResponse><ReturnCode>0000</ReturnCode><ErrorMessage>交易成功</ErrorMessage><TrxType>PayReq</TrxType><OrderNo>7127</OrderNo><PaymentURL>https://easyabc.95599.cn/b2c/NotCheckStatus/PaymentModeUCBPAct.ebf?TOKEN=14081590729427340391</PaymentURL><OrderAmount>190</OrderAmount></TrxResponse></Message><Signature-Algorithm>SHA1withRSA</Signature-Algorithm><Signature>sg1agZVD8/FDf1P8Dnr2o/egeOw7LUf27/OIwbYO+XLpdohz/0hsTpsOB6vPMz/aqrVDdu3rITYmXb0YOyy1PUtT9dzZ0gj+m6DmIZ3sXRFM3Zxx9BOftZ/U/RJiuAP5PmeEV/2ioMoyAXpLr7FGv23vaUY+sZO+krYbO8xKxRc=</Signature>
2014/08/16-11:20:52 验证网上支付平台响应报文的签名：正确
2014/08/16-11:20:52 生成交易响应对象：
2014/08/16-11:20:52 交易结果：[0000]
2014/08/16-11:20:52 错误信息：[交易成功]
2014/08/16-11:20:52 交易结束==================================================
                    
                    
                    
                    
2014/08/16-11:22:03 TrustPayClient PHP 交易开始==========================
2014/08/16-11:22:03 接收到的支付结果通知：\n[PE1TRz48TWVzc2FnZT48VHJ4UmVzcG9uc2U+PFJldHVybkNvZGU+MDAwMDwvUmV0dXJuQ29kZT48RXJyb3JNZXNzYWdlPjwvRXJyb3JNZXNzYWdlPjxFQ01lcmNoYW50VHlwZT5CMkM8L0VDTWVyY2hhbnRUeXBlPjxNZXJjaGFudElEPjIzMzAxMDEwMzM1NEEwMjwvTWVyY2hhbnRJRD48VHJ4VHlwZT5QYXlSZXN1bHQ8L1RyeFR5cGU+PE9yZGVyTm8+NzEyNDwvT3JkZXJObz48QW1vdW50PjIwMC4wMDwvQW1vdW50PjxCYXRjaE5vPjAwMDAwNDwvQmF0Y2hObz48SG9zdERhdGU+MjAxNDA4MTY8L0hvc3REYXRlPjxIb3N0VGltZT4xMTE5MDM8L0hvc3RUaW1lPjxNZXJjaGFudFJlbWFya3M+ZbDlu+E8L01lcmNoYW50UmVtYXJrcz48UGF5VHlwZT5QQVkyNDwvUGF5VHlwZT48Tm90aWZ5VHlwZT4xPC9Ob3RpZnlUeXBlPjxQYXlJUD4yMDIuOTYuMjU1LjE0ODwvUGF5SVA+PC9UcnhSZXNwb25zZT48L01lc3NhZ2U+PFNpZ25hdHVyZS1BbGdvcml0aG0+U0hBMXdpdGhSU0E8L1NpZ25hdHVyZS1BbGdvcml0aG0+PFNpZ25hdHVyZT5BVmxrRmR6WjJxUWY5WkdUSGJRallETXFidzlJQzZCaVhRTDBWWHR4S01SWWJmZWdnblN3UitCL0lYbjIvZHBReDI2ZjgvRDNuc1FrOHVyQ3pqdDBnR1g2L05QWENpSXBVQm1tNUJ5MGZ1a2xXc0NOZ0ZIRFIwOUpTQ0RZalZKSy8vU1BIa290WEpnMUZ1NXNxWDMvaG5HNGVoRUdLVW02bythWnVBd0l5akk9PC9TaWduYXR1cmU+PC9NU0c+]
2014/08/16-11:22:03 经过Base64解码后的支付结果通知：\n[<MSG><Message><TrxResponse><ReturnCode>0000</ReturnCode><ErrorMessage></ErrorMessage><ECMerchantType>B2C</ECMerchantType><MerchantID>233010103354A02</MerchantID><TrxType>PayResult</TrxType><OrderNo>7124</OrderNo><Amount>200.00</Amount><BatchNo>000004</BatchNo><HostDate>20140816</HostDate><HostTime>111903</HostTime><MerchantRemarks>e板会</MerchantRemarks><PayType>PAY24</PayType><NotifyType>1</NotifyType><PayIP>202.96.255.148</PayIP></TrxResponse></Message><Signature-Algorithm>SHA1withRSA</Signature-Algorithm><Signature>AVlkFdzZ2qQf9ZGTHbQjYDMqbw9IC6BiXQL0VXtxKMRYbfeggnSwR+B/IXn2/dpQx26f8/D3nsQk8urCzjt0gGX6/NPXCiIpUBmm5By0fuklWsCNgFHDR09JSCDYjVJK//SPHkotXJg1Fu5sqX3/hnG4ehEGKUm6o+aZuAwIyjI=</Signature></MSG>]
2014/08/16-11:22:03 验证支付结果通知的签名：
2014/08/16-11:22:03 验证通过！\n 经过验证的支付结果通知：\n[<TrxResponse><ReturnCode>0000</ReturnCode><ErrorMessage></ErrorMessage><ECMerchantType>B2C</ECMerchantType><MerchantID>233010103354A02</MerchantID><TrxType>PayResult</TrxType><OrderNo>7124</OrderNo><Amount>200.00</Amount><BatchNo>000004</BatchNo><HostDate>20140816</HostDate><HostTime>111903</HostTime><MerchantRemarks>e板会</MerchantRemarks><PayType>PAY24</PayType><NotifyType>1</NotifyType><PayIP>202.96.255.148</PayIP></TrxResponse>]
2014/08/16-11:22:03 交易结束==================================================
2014/08/16-11:22:26 TrustPayClient PHP 交易开始==========================
2014/08/16-11:22:26 接收到的支付结果通知：\n[PE1TRz48TWVzc2FnZT48VHJ4UmVzcG9uc2U+PFJldHVybkNvZGU+MDAwMDwvUmV0dXJuQ29kZT48RXJyb3JNZXNzYWdlPjwvRXJyb3JNZXNzYWdlPjxFQ01lcmNoYW50VHlwZT5CMkM8L0VDTWVyY2hhbnRUeXBlPjxNZXJjaGFudElEPjIzMzAxMDEwMzM1NEEwMjwvTWVyY2hhbnRJRD48VHJ4VHlwZT5QYXlSZXN1bHQ8L1RyeFR5cGU+PE9yZGVyTm8+NzEyNDwvT3JkZXJObz48QW1vdW50PjIwMC4wMDwvQW1vdW50PjxCYXRjaE5vPjAwMDAwNDwvQmF0Y2hObz48Vm91Y2hlck5vPjkyPC9Wb3VjaGVyTm8+PEhvc3REYXRlPjIwMTQwODE2PC9Ib3N0RGF0ZT48SG9zdFRpbWU+MTExOTAzPC9Ib3N0VGltZT48TWVyY2hhbnRSZW1hcmtzPmWw5bvhPC9NZXJjaGFudFJlbWFya3M+PFBheVR5cGU+UEFZMjQ8L1BheVR5cGU+PE5vdGlmeVR5cGU+MTwvTm90aWZ5VHlwZT48UGF5SVA+MTE1LjIyNi43Mi4yMDU8L1BheUlQPjwvVHJ4UmVzcG9uc2U+PC9NZXNzYWdlPjxTaWduYXR1cmUtQWxnb3JpdGhtPlNIQTF3aXRoUlNBPC9TaWduYXR1cmUtQWxnb3JpdGhtPjxTaWduYXR1cmU+YXpMa2dQYkRDMFduc255QzVhL1IxMnNwWWliQWNwUklxakQxekRLMGliajZ0MGhjbmdPZkp6T3FsYzNYTno5RjB5Q2I3Sy9xeDVEREFQaUQ1cHhXZ2Jkbzd4a204ZFh0NkNKcDhuUDh0cUUyOWhBZUpvTC80ejE3aHhDMmFmN0F4MXFITTgvQk15VDBNRTZhY1MyanRqRjVwNFdKT3ZVYW12V01nL3BXSFdNPTwvU2lnbmF0dXJlPjwvTVNHPg==]
2014/08/16-11:22:26 经过Base64解码后的支付结果通知：\n[<MSG><Message><TrxResponse><ReturnCode>0000</ReturnCode><ErrorMessage></ErrorMessage><ECMerchantType>B2C</ECMerchantType><MerchantID>233010103354A02</MerchantID><TrxType>PayResult</TrxType><OrderNo>7124</OrderNo><Amount>200.00</Amount><BatchNo>000004</BatchNo><VoucherNo>92</VoucherNo><HostDate>20140816</HostDate><HostTime>111903</HostTime><MerchantRemarks>e板会</MerchantRemarks><PayType>PAY24</PayType><NotifyType>1</NotifyType><PayIP>115.226.72.205</PayIP></TrxResponse></Message><Signature-Algorithm>SHA1withRSA</Signature-Algorithm><Signature>azLkgPbDC0WnsnyC5a/R12spYibAcpRIqjD1zDK0ibj6t0hcngOfJzOqlc3XNz9F0yCb7K/qx5DDAPiD5pxWgbdo7xkm8dXt6CJp8nP8tqE29hAeJoL/4z17hxC2af7Ax1qHM8/BMyT0ME6acS2jtjF5p4WJOvUamvWMg/pWHWM=</Signature></MSG>]
2014/08/16-11:22:26 验证支付结果通知的签名：
2014/08/16-11:22:26 验证通过！\n 经过验证的支付结果通知：\n[<TrxResponse><ReturnCode>0000</ReturnCode><ErrorMessage></ErrorMessage><ECMerchantType>B2C</ECMerchantType><MerchantID>233010103354A02</MerchantID><TrxType>PayResult</TrxType><OrderNo>7124</OrderNo><Amount>200.00</Amount><BatchNo>000004</BatchNo><VoucherNo>92</VoucherNo><HostDate>20140816</HostDate><HostTime>111903</HostTime><MerchantRemarks>e板会</MerchantRemarks><PayType>PAY24</PayType><NotifyType>1</NotifyType><PayIP>115.226.72.205</PayIP></TrxResponse>]
2014/08/16-11:22:26 交易结束==================================================
2014/08/16-11:22:26 TrustPayClient PHP 交易开始==========================
2014/08/16-11:22:26 接收到的支付结果通知：\n[PE1TRz48TWVzc2FnZT48VHJ4UmVzcG9uc2U+PFJldHVybkNvZGU+MDAwMDwvUmV0dXJuQ29kZT48RXJyb3JNZXNzYWdlPjwvRXJyb3JNZXNzYWdlPjxFQ01lcmNoYW50VHlwZT5CMkM8L0VDTWVyY2hhbnRUeXBlPjxNZXJjaGFudElEPjIzMzAxMDEwMzM1NEEwMjwvTWVyY2hhbnRJRD48VHJ4VHlwZT5QYXlSZXN1bHQ8L1RyeFR5cGU+PE9yZGVyTm8+NzEyNDwvT3JkZXJObz48QW1vdW50PjIwMC4wMDwvQW1vdW50PjxCYXRjaE5vPjAwMDAwNDwvQmF0Y2hObz48Vm91Y2hlck5vPjkyPC9Wb3VjaGVyTm8+PEhvc3REYXRlPjIwMTQwODE2PC9Ib3N0RGF0ZT48SG9zdFRpbWU+MTExOTAzPC9Ib3N0VGltZT48TWVyY2hhbnRSZW1hcmtzPmWw5bvhPC9NZXJjaGFudFJlbWFya3M+PFBheVR5cGU+UEFZMjQ8L1BheVR5cGU+PE5vdGlmeVR5cGU+MTwvTm90aWZ5VHlwZT48UGF5SVA+MTE1LjIyNi43Mi4yMDU8L1BheUlQPjwvVHJ4UmVzcG9uc2U+PC9NZXNzYWdlPjxTaWduYXR1cmUtQWxnb3JpdGhtPlNIQTF3aXRoUlNBPC9TaWduYXR1cmUtQWxnb3JpdGhtPjxTaWduYXR1cmU+YXpMa2dQYkRDMFduc255QzVhL1IxMnNwWWliQWNwUklxakQxekRLMGliajZ0MGhjbmdPZkp6T3FsYzNYTno5RjB5Q2I3Sy9xeDVEREFQaUQ1cHhXZ2Jkbzd4a204ZFh0NkNKcDhuUDh0cUUyOWhBZUpvTC80ejE3aHhDMmFmN0F4MXFITTgvQk15VDBNRTZhY1MyanRqRjVwNFdKT3ZVYW12V01nL3BXSFdNPTwvU2lnbmF0dXJlPjwvTVNHPg==]
2014/08/16-11:22:26 经过Base64解码后的支付结果通知：\n[<MSG><Message><TrxResponse><ReturnCode>0000</ReturnCode><ErrorMessage></ErrorMessage><ECMerchantType>B2C</ECMerchantType><MerchantID>233010103354A02</MerchantID><TrxType>PayResult</TrxType><OrderNo>7124</OrderNo><Amount>200.00</Amount><BatchNo>000004</BatchNo><VoucherNo>92</VoucherNo><HostDate>20140816</HostDate><HostTime>111903</HostTime><MerchantRemarks>e板会</MerchantRemarks><PayType>PAY24</PayType><NotifyType>1</NotifyType><PayIP>115.226.72.205</PayIP></TrxResponse></Message><Signature-Algorithm>SHA1withRSA</Signature-Algorithm><Signature>azLkgPbDC0WnsnyC5a/R12spYibAcpRIqjD1zDK0ibj6t0hcngOfJzOqlc3XNz9F0yCb7K/qx5DDAPiD5pxWgbdo7xkm8dXt6CJp8nP8tqE29hAeJoL/4z17hxC2af7Ax1qHM8/BMyT0ME6acS2jtjF5p4WJOvUamvWMg/pWHWM=</Signature></MSG>]
2014/08/16-11:22:26 验证支付结果通知的签名：
2014/08/16-11:22:26 验证通过！\n 经过验证的支付结果通知：\n[<TrxResponse><ReturnCode>0000</ReturnCode><ErrorMessage></ErrorMessage><ECMerchantType>B2C</ECMerchantType><MerchantID>233010103354A02</MerchantID><TrxType>PayResult</TrxType><OrderNo>7124</OrderNo><Amount>200.00</Amount><BatchNo>000004</BatchNo><VoucherNo>92</VoucherNo><HostDate>20140816</HostDate><HostTime>111903</HostTime><MerchantRemarks>e板会</MerchantRemarks><PayType>PAY24</PayType><NotifyType>1</NotifyType><PayIP>115.226.72.205</PayIP></TrxResponse>]
2014/08/16-11:22:26 交易结束==================================================
2014/08/16-11:49:33 TrustPayClient PHP 交易开始==========================
2014/08/16-11:49:33 接收到的支付结果通知：\n[]
2014/08/16-11:49:33 经过Base64解码后的支付结果通知：\n[]
2014/08/16-11:49:33 验证支付结果通知的签名：验证失败！\n
2014/08/16-11:49:33 交易结束==================================================
2014/08/16-15:24:02 TrustPay Client PHP 交易开始==========================
2014/08/16-15:24:02 配置文件中商户数为2请求指定的商户配置编号为 1
2014/08/16-15:24:02 检查交易请求是否合法：
2014/08/16-15:24:02 1101]    错误信息：[商户提交的交易资料不合法 - 订单信息不合法！]
2014/08/16-15:24:02 交易结束==================================================
                    
                    
                    
                    
2014/08/16-15:24:31 TrustPay Client PHP 交易开始==========================
2014/08/16-15:24:31 配置文件中商户数为2请求指定的商户配置编号为 1
2014/08/16-15:24:31 检查交易请求是否合法：
2014/08/16-15:24:31 1101]    错误信息：[商户提交的交易资料不合法 - 订单信息不合法！]
2014/08/16-15:24:31 交易结束==================================================
                    
                    
                    
                    
2014/08/16-15:24:53 TrustPay Client PHP 交易开始==========================
2014/08/16-15:24:53 配置文件中商户数为2请求指定的商户配置编号为 2
2014/08/16-15:24:53 检查交易请求是否合法：
2014/08/16-15:24:53 1101]    错误信息：[商户提交的交易资料不合法 - 订单信息不合法！]
2014/08/16-15:24:53 交易结束==================================================
                    
                    
                    
                    
2014/08/16-17:58:25 TrustPay Client PHP 交易开始==========================
2014/08/16-17:58:25 配置文件中商户数为2请求指定的商户配置编号为 1
2014/08/16-17:58:25 检查交易请求是否合法：
2014/08/16-17:58:25 1101]    错误信息：[商户提交的交易资料不合法 - 订单信息不合法！]
2014/08/16-17:58:25 交易结束==================================================
                    
                    
                    
                    
2014/08/16-18:00:10 TrustPay Client PHP 交易开始==========================
2014/08/16-18:00:10 配置文件中商户数为2请求指定的商户配置编号为 1
2014/08/16-18:00:10 检查交易请求是否合法：
2014/08/16-18:00:10 1101]    错误信息：[商户提交的交易资料不合法 - 订单信息不合法！]
2014/08/16-18:00:10 交易结束==================================================
                    
                    
                    
                    
2014/08/16-19:45:00 TrustPay Client PHP 交易开始==========================
2014/08/16-19:45:00 配置文件中商户数为2请求指定的商户配置编号为 2
2014/08/16-19:45:00 检查交易请求是否合法：
2014/08/16-19:45:00 1101]    错误信息：[商户提交的交易资料不合法 - 订单信息不合法！]
2014/08/16-19:45:00 交易结束==================================================
                    
                    
                    
                    
2014/08/16-19:45:56 TrustPay Client PHP 交易开始==========================
2014/08/16-19:45:56 配置文件中商户数为2请求指定的商户配置编号为 1
2014/08/16-19:45:56 检查交易请求是否合法：
2014/08/16-19:45:56 1101]    错误信息：[商户提交的交易资料不合法 - 订单信息不合法！]
2014/08/16-19:45:56 交易结束==================================================
                    
                    
                    
                    
2014/08/16-19:46:07 TrustPay Client PHP 交易开始==========================
2014/08/16-19:46:07 配置文件中商户数为2请求指定的商户配置编号为 1
2014/08/16-19:46:07 检查交易请求是否合法：
2014/08/16-19:46:07 1101]    错误信息：[商户提交的交易资料不合法 - 订单信息不合法！]
2014/08/16-19:46:07 交易结束==================================================
                    
                    
                    
                    
2014/08/16-20:42:58 TrustPay Client PHP 交易开始==========================
2014/08/16-20:42:58 配置文件中商户数为2请求指定的商户配置编号为 2
2014/08/16-20:42:58 检查交易请求是否合法：
2014/08/16-20:42:58 1101]    错误信息：[商户提交的交易资料不合法 - 订单信息不合法！]
2014/08/16-20:42:58 交易结束==================================================
                    
                    
                    
                    
2014/08/16-20:44:22 TrustPay Client PHP 交易开始==========================
2014/08/16-20:44:22 配置文件中商户数为2请求指定的商户配置编号为 2
2014/08/16-20:44:22 检查交易请求是否合法：
2014/08/16-20:44:22 1101]    错误信息：[商户提交的交易资料不合法 - 订单信息不合法！]
2014/08/16-20:44:22 交易结束==================================================
                    
                    
                    
                    
2014/08/16-20:44:58 TrustPay Client PHP 交易开始==========================
2014/08/16-20:44:58 配置文件中商户数为2请求指定的商户配置编号为 2
2014/08/16-20:44:58 检查交易请求是否合法：
2014/08/16-20:44:58 1101]    错误信息：[商户提交的交易资料不合法 - 订单信息不合法！]
2014/08/16-20:44:58 交易结束==================================================
                    
                    
                    
                    