
2014/08/21-13:26:20 TrustPay Client PHP 交易开始==========================
2014/08/21-13:26:20 配置文件中商户数为2请求指定的商户配置编号为 1
2014/08/21-13:26:20 检查交易请求是否合法：
2014/08/21-13:26:20 1101]    错误信息：[商户提交的交易资料不合法 - 订单信息不合法！]
2014/08/21-13:26:20 交易结束==================================================
                    
                    
                    
                    
2014/08/21-19:16:38 TrustPay Client PHP 交易开始==========================
2014/08/21-19:16:38 配置文件中商户数为2请求指定的商户配置编号为 1
2014/08/21-19:16:38 检查交易请求是否合法：
2014/08/21-19:16:38 1101]    错误信息：[商户提交的交易资料不合法 - 订单信息不合法！]
2014/08/21-19:16:38 交易结束==================================================
                    
                    
                    
                    
2014/08/21-19:18:11 TrustPay Client PHP 交易开始==========================
2014/08/21-19:18:11 配置文件中商户数为2请求指定的商户配置编号为 2
2014/08/21-19:18:11 检查交易请求是否合法：
2014/08/21-19:18:11 1101]    错误信息：[商户提交的交易资料不合法 - 订单信息不合法！]
2014/08/21-19:18:11 交易结束==================================================
                    
                    
                    
                    
2014/08/21-19:47:42 TrustPay Client PHP 交易开始==========================
2014/08/21-19:47:42 配置文件中商户数为2请求指定的商户配置编号为 1
2014/08/21-19:47:42 检查交易请求是否合法：
2014/08/21-19:47:42 1101]    错误信息：[商户提交的交易资料不合法 - 订单信息不合法！]
2014/08/21-19:47:42 交易结束==================================================
                    
                    
                    
                    
2014/08/21-19:52:57 TrustPay Client PHP 交易开始==========================
2014/08/21-19:52:57 配置文件中商户数为2请求指定的商户配置编号为 2
2014/08/21-19:52:57 检查交易请求是否合法：
2014/08/21-19:52:57 1101]    错误信息：[商户提交的交易资料不合法 - 订单信息不合法！]
2014/08/21-19:52:57 交易结束==================================================
                    
                    
                    
                    
2014/08/21-20:45:35 TrustPay Client PHP 交易开始==========================
2014/08/21-20:45:35 配置文件中商户数为2请求指定的商户配置编号为 1
2014/08/21-20:45:35 检查交易请求是否合法：
2014/08/21-20:45:35 1101]    错误信息：[商户提交的交易资料不合法 - 订单信息不合法！]
2014/08/21-20:45:35 交易结束==================================================
                    
                    
                    
                    