
2015/03/05-13:25:12 TrustPay Client PHP 交易开始==========================
2015/03/05-13:25:12 配置文件中商户数为2请求指定的商户配置编号为 2
2015/03/05-13:25:12 检查交易请求是否合法：
2015/03/05-13:25:12 1101]    错误信息：[商户提交的交易资料不合法 - 订单信息不合法！]
2015/03/05-13:25:12 交易结束==================================================
                    
                    
                    
                    
2015/03/05-13:25:14 TrustPay Client PHP 交易开始==========================
2015/03/05-13:25:14 配置文件中商户数为2请求指定的商户配置编号为 2
2015/03/05-13:25:14 检查交易请求是否合法：
2015/03/05-13:25:14 1101]    错误信息：[商户提交的交易资料不合法 - 订单信息不合法！]
2015/03/05-13:25:14 交易结束==================================================
                    
                    
                    
                    
2015/03/05-15:44:18 TrustPay Client PHP 交易开始==========================
2015/03/05-15:44:18 配置文件中商户数为2请求指定的商户配置编号为 2
2015/03/05-15:44:18 检查交易请求是否合法：
2015/03/05-15:44:18 1101]    错误信息：[商户提交的交易资料不合法 - 订单信息不合法！]
2015/03/05-15:44:18 交易结束==================================================
                    
                    
                    
                    
2015/03/05-15:44:36 TrustPay Client PHP 交易开始==========================
2015/03/05-15:44:36 配置文件中商户数为2请求指定的商户配置编号为 2
2015/03/05-15:44:36 检查交易请求是否合法：
2015/03/05-15:44:36 1101]    错误信息：[商户提交的交易资料不合法 - 订单信息不合法！]
2015/03/05-15:44:36 交易结束==================================================
                    
                    
                    
                    
2015/03/05-15:45:11 TrustPay Client PHP 交易开始==========================
2015/03/05-15:45:11 配置文件中商户数为2请求指定的商户配置编号为 2
2015/03/05-15:45:11 检查交易请求是否合法：
2015/03/05-15:45:11 1101]    错误信息：[商户提交的交易资料不合法 - 订单信息不合法！]
2015/03/05-15:45:11 交易结束==================================================
                    
                    
                    
                    
2015/03/05-15:54:37 TrustPay Client PHP 交易开始==========================
2015/03/05-15:54:37 配置文件中商户数为2请求指定的商户配置编号为 2
2015/03/05-15:54:37 检查交易请求是否合法：
2015/03/05-15:54:37 1101]    错误信息：[商户提交的交易资料不合法 - 订单信息不合法！]
2015/03/05-15:54:37 交易结束==================================================
                    
                    
                    
                    
2015/03/05-15:55:21 TrustPay Client PHP 交易开始==========================
2015/03/05-15:55:21 配置文件中商户数为2请求指定的商户配置编号为 2
2015/03/05-15:55:21 检查交易请求是否合法：
2015/03/05-15:55:21 1101]    错误信息：[商户提交的交易资料不合法 - 订单信息不合法！]
2015/03/05-15:55:21 交易结束==================================================
                    
                    
                    
                    
2015/03/05-15:55:27 TrustPay Client PHP 交易开始==========================
2015/03/05-15:55:27 配置文件中商户数为2请求指定的商户配置编号为 2
2015/03/05-15:55:27 检查交易请求是否合法：
2015/03/05-15:55:27 1101]    错误信息：[商户提交的交易资料不合法 - 订单信息不合法！]
2015/03/05-15:55:27 交易结束==================================================
                    
                    
                    
                    
2015/03/05-17:00:19 TrustPay Client PHP 交易开始==========================
2015/03/05-17:00:19 配置文件中商户数为2请求指定的商户配置编号为 1
2015/03/05-17:00:19 检查交易请求是否合法：
2015/03/05-17:00:19 1101]    错误信息：[商户提交的交易资料不合法 - 订单信息不合法！]
2015/03/05-17:00:19 交易结束==================================================
                    
                    
                    
                    
2015/03/05-17:00:25 TrustPay Client PHP 交易开始==========================
2015/03/05-17:00:25 配置文件中商户数为2请求指定的商户配置编号为 1
2015/03/05-17:00:25 检查交易请求是否合法：
2015/03/05-17:00:25 1101]    错误信息：[商户提交的交易资料不合法 - 订单信息不合法！]
2015/03/05-17:00:25 交易结束==================================================
                    
                    
                    
                    
2015/03/05-17:00:27 TrustPay Client PHP 交易开始==========================
2015/03/05-17:00:27 配置文件中商户数为2请求指定的商户配置编号为 1
2015/03/05-17:00:27 检查交易请求是否合法：
2015/03/05-17:00:27 1101]    错误信息：[商户提交的交易资料不合法 - 订单信息不合法！]
2015/03/05-17:00:27 交易结束==================================================
                    
                    
                    
                    
2015/03/05-17:00:34 TrustPay Client PHP 交易开始==========================
2015/03/05-17:00:34 配置文件中商户数为2请求指定的商户配置编号为 1
2015/03/05-17:00:34 检查交易请求是否合法：
2015/03/05-17:00:34 1101]    错误信息：[商户提交的交易资料不合法 - 订单信息不合法！]
2015/03/05-17:00:34 交易结束==================================================
                    
                    
                    
                    
2015/03/05-17:00:51 TrustPay Client PHP 交易开始==========================
2015/03/05-17:00:51 配置文件中商户数为2请求指定的商户配置编号为 2
2015/03/05-17:00:51 检查交易请求是否合法：
2015/03/05-17:00:51 1101]    错误信息：[商户提交的交易资料不合法 - 订单信息不合法！]
2015/03/05-17:00:51 交易结束==================================================
                    
                    
                    
                    
2015/03/05-17:01:24 TrustPay Client PHP 交易开始==========================
2015/03/05-17:01:24 配置文件中商户数为2请求指定的商户配置编号为 2
2015/03/05-17:01:24 检查交易请求是否合法：
2015/03/05-17:01:24 1101]    错误信息：[商户提交的交易资料不合法 - 订单信息不合法！]
2015/03/05-17:01:24 交易结束==================================================
                    
                    
                    
                    
2015/03/05-17:01:28 TrustPay Client PHP 交易开始==========================
2015/03/05-17:01:28 配置文件中商户数为2请求指定的商户配置编号为 2
2015/03/05-17:01:28 检查交易请求是否合法：
2015/03/05-17:01:28 1101]    错误信息：[商户提交的交易资料不合法 - 订单信息不合法！]
2015/03/05-17:01:28 交易结束==================================================
                    
                    
                    
                    
2015/03/05-17:34:59 TrustPay Client PHP 交易开始==========================
2015/03/05-17:34:59 配置文件中商户数为2请求指定的商户配置编号为 2
2015/03/05-17:34:59 检查交易请求是否合法：
2015/03/05-17:34:59 1101]    错误信息：[商户提交的交易资料不合法 - 订单信息不合法！]
2015/03/05-17:34:59 交易结束==================================================
                    
                    
                    
                    
2015/03/05-17:35:02 TrustPay Client PHP 交易开始==========================
2015/03/05-17:35:02 配置文件中商户数为2请求指定的商户配置编号为 2
2015/03/05-17:35:02 检查交易请求是否合法：
2015/03/05-17:35:02 1101]    错误信息：[商户提交的交易资料不合法 - 订单信息不合法！]
2015/03/05-17:35:02 交易结束==================================================
                    
                    
                    
                    
2015/03/05-17:35:14 TrustPay Client PHP 交易开始==========================
2015/03/05-17:35:14 配置文件中商户数为2请求指定的商户配置编号为 2
2015/03/05-17:35:14 检查交易请求是否合法：
2015/03/05-17:35:14 1101]    错误信息：[商户提交的交易资料不合法 - 订单信息不合法！]
2015/03/05-17:35:14 交易结束==================================================
                    
                    
                    
                    
2015/03/05-18:59:29 TrustPay Client PHP 交易开始==========================
2015/03/05-18:59:29 配置文件中商户数为2请求指定的商户配置编号为 2
2015/03/05-18:59:29 检查交易请求是否合法：正确
2015/03/05-18:59:29 交易报文
2015/03/05-18:59:29 完整交易报文：
2015/03/05-18:59:29 签名后的报文
2015/03/05-18:59:29 提交网上支付平台的报文：
                    <MSG><Message><Merchant><ECMerchantType>B2C</ECMerchantType><MerchantID>233010103354A02</MerchantID></Merchant><TrxRequest><TrxType>PayReq</TrxType><Order><OrderNo>31057</OrderNo><ExpiredDate>10</ExpiredDate><OrderAmount>100</OrderAmount><OrderDesc>开通 高二物理,高二数学 服务</OrderDesc><OrderDate>2015/03/05</OrderDate><OrderTime>18:59:29</OrderTime><OrderURL>http://tqzx.ebh.net/</OrderURL><BuyIP>58.100.7.20</BuyIP><OrderItems><OrderItem><ProductID>IP000001</ProductID><ProductName>开通 高二物理,高二数学 服务</ProductName><UnitPrice>100</UnitPrice><Qty>1</Qty></OrderItem></OrderItems></Order><ProductType>1</ProductType><PaymentType>6</PaymentType><NotifyType>1</NotifyType><ResultNotifyURL>http://tqzx.ebh.net/ibuy/abcnotify.html?orderid=31057</ResultNotifyURL><MerchantRemarks>高二物理_2 月 _50.00 元/高二数学_2 月 _50.00 元</MerchantRemarks><PaymentLinkType>1</PaymentLinkType></TrxRequest></Message><Signature-Algorithm>SHA1withRSA</Signature-Algorithm><Signature>C042P07Ck7kf2loo91q1are/myYFA9NUHRK2XQ+PUU4noHbIFUwPzglSv4E8Gs+M3YFhXqH2lIrY4NFSZI9juvO6Aa238RQ3kcywKc+SX63Y38f3b0mmjdcnld+pxUdpMBLekbwdPDXIGjYuPOB4C/3U90g0S83Z+yfcSNFa7Wk=</Signature></MSG>
2015/03/05-18:59:29 报文长度：1200<br>
2015/03/05-18:59:29 连线网上支付平台
2015/03/05-18:59:29 网上支付平台URL：[https://www.95599.cn/b2c/trustpay/ReceiveMerchantTrxReqServlet] 
2015/03/05-18:59:29 成功
2015/03/05-18:59:29 提交交易报文：
2015/03/05-18:59:29 <MSG><Message><Merchant><ECMerchantType>B2C</ECMerchantType><MerchantID>233010103354A02</MerchantID></Merchant><TrxRequest><TrxType>PayReq</TrxType><Order><OrderNo>31057</OrderNo><ExpiredDate>10</ExpiredDate><OrderAmount>100</OrderAmount><OrderDesc>开通 高二物理,高二数学 服务</OrderDesc><OrderDate>2015/03/05</OrderDate><OrderTime>18:59:29</OrderTime><OrderURL>http://tqzx.ebh.net/</OrderURL><BuyIP>58.100.7.20</BuyIP><OrderItems><OrderItem><ProductID>IP000001</ProductID><ProductName>开通 高二物理,高二数学 服务</ProductName><UnitPrice>100</UnitPrice><Qty>1</Qty></OrderItem></OrderItems></Order><ProductType>1</ProductType><PaymentType>6</PaymentType><NotifyType>1</NotifyType><ResultNotifyURL>http://tqzx.ebh.net/ibuy/abcnotify.html?orderid=31057</ResultNotifyURL><MerchantRemarks>高二物理_2 月 _50.00 元/高二数学_2 月 _50.00 元</MerchantRemarks><PaymentLinkType>1</PaymentLinkType></TrxRequest></Message><Signature-Algorithm>SHA1withRSA</Signature-Algorithm><Signature>C042P07Ck7kf2loo91q1are/myYFA9NUHRK2XQ+PUU4noHbIFUwPzglSv4E8Gs+M3YFhXqH2lIrY4NFSZI9juvO6Aa238RQ3kcywKc+SX63Y38f3b0mmjdcnld+pxUdpMBLekbwdPDXIGjYuPOB4C/3U90g0S83Z+yfcSNFa7Wk=</Signature></MSG>
2015/03/05-18:59:29 成功
2015/03/05-18:59:29 接受到的响应报文：
                    HTTP/1.1 200 OK
                    Date: Thu, 05 Mar 2015 10:59:07 GMT
                    Server: Microsoft-IIS/6.0
                    X-Powered-By: ASP.NET
                    X-AspNet-Version: 2.0.50727
                    Set-Cookie: ASP.NET_SessionId=ai2gu345zrzcmc45ui0vuj55; path=/; HttpOnly
                    Cache-Control: private
                    Content-Type: text/html; charset=gb2312
                    Connection: close
                    Set-Cookie: BIGipServerpool_ec_b2c=3965512458.56611.0000; path=/
                    
                    <MSG><Message><Merchant><ECMerchantType>B2C</ECMerchantType><MerchantID>233010103354A02</MerchantID></Merchant><TrxResponse><ReturnCode>0000</ReturnCode><ErrorMessage>交易成功</ErrorMessage><TrxType>PayReq</TrxType><OrderNo>31057</OrderNo><PaymentURL>https://easyabc.95599.cn/b2c/NotCheckStatus/PaymentModeUCBPAct.ebf?TOKEN=14255531473285493855</PaymentURL><OrderAmount>100</OrderAmount></TrxResponse></Message><Signature-Algorithm>SHA1withRSA</Signature-Algorithm><Signature>qpk2NnhitrAh3MzgXqv6ytu+9g2YoMyWDWYMDNkxcm7+BpJ3LdYulDtxzQkPj0x2A//rfm7FA/Eq3vX+F+AFxgqO1KAg6YHe5HLzPg9+uQm5h+lpf2PvZW0oAGdlhK34GTva6rmRnFfL7z/KSGx4e2D/9thlN6uPWYAar3rSn4Q=</Signature></MSG>
2015/03/05-18:59:29 接收报文：
2015/03/05-18:59:29 <Message><Merchant><ECMerchantType>B2C</ECMerchantType><MerchantID>233010103354A02</MerchantID></Merchant><TrxResponse><ReturnCode>0000</ReturnCode><ErrorMessage>交易成功</ErrorMessage><TrxType>PayReq</TrxType><OrderNo>31057</OrderNo><PaymentURL>https://easyabc.95599.cn/b2c/NotCheckStatus/PaymentModeUCBPAct.ebf?TOKEN=14255531473285493855</PaymentURL><OrderAmount>100</OrderAmount></TrxResponse></Message><Signature-Algorithm>SHA1withRSA</Signature-Algorithm><Signature>qpk2NnhitrAh3MzgXqv6ytu+9g2YoMyWDWYMDNkxcm7+BpJ3LdYulDtxzQkPj0x2A//rfm7FA/Eq3vX+F+AFxgqO1KAg6YHe5HLzPg9+uQm5h+lpf2PvZW0oAGdlhK34GTva6rmRnFfL7z/KSGx4e2D/9thlN6uPWYAar3rSn4Q=</Signature>
2015/03/05-18:59:29 验证网上支付平台响应报文的签名：正确
2015/03/05-18:59:29 生成交易响应对象：
2015/03/05-18:59:29 交易结果：[0000]
2015/03/05-18:59:29 错误信息：[交易成功]
2015/03/05-18:59:29 交易结束==================================================
                    
                    
                    
                    
2015/03/05-19:09:28 TrustPay Client PHP 交易开始==========================
2015/03/05-19:09:28 配置文件中商户数为2请求指定的商户配置编号为 2
2015/03/05-19:09:28 检查交易请求是否合法：正确
2015/03/05-19:09:28 交易报文
2015/03/05-19:09:28 完整交易报文：
2015/03/05-19:09:28 签名后的报文
2015/03/05-19:09:28 提交网上支付平台的报文：
                    <MSG><Message><Merchant><ECMerchantType>B2C</ECMerchantType><MerchantID>233010103354A02</MerchantID></Merchant><TrxRequest><TrxType>PayReq</TrxType><Order><OrderNo>31058</OrderNo><ExpiredDate>10</ExpiredDate><OrderAmount>100</OrderAmount><OrderDesc>开通 高二物理,高二数学 服务</OrderDesc><OrderDate>2015/03/05</OrderDate><OrderTime>19:09:28</OrderTime><OrderURL>http://tqzx.ebh.net/</OrderURL><BuyIP>58.100.7.20</BuyIP><OrderItems><OrderItem><ProductID>IP000001</ProductID><ProductName>开通 高二物理,高二数学 服务</ProductName><UnitPrice>100</UnitPrice><Qty>1</Qty></OrderItem></OrderItems></Order><ProductType>1</ProductType><PaymentType>6</PaymentType><NotifyType>1</NotifyType><ResultNotifyURL>http://tqzx.ebh.net/ibuy/abcnotify.html?orderid=31058</ResultNotifyURL><MerchantRemarks>高二物理_2 月 _50.00 元/高二数学_2 月 _50.00 元</MerchantRemarks><PaymentLinkType>1</PaymentLinkType></TrxRequest></Message><Signature-Algorithm>SHA1withRSA</Signature-Algorithm><Signature>huF3z3slHulACwnKSmHnQvwkWiVTMmvOIM3+6YfF7d5784b2Jdill9ZQ0brokL0ZSd7/bL7gnFo678p02OJbyIA+1KbIVFt7DQWIDFjlUAgvV0no8DfuEC4P0B+p/egCHL5ljBFGtoqmHixhTYSJPSzhuh6+FHQ5+9Nv5V/xSZY=</Signature></MSG>
2015/03/05-19:09:28 报文长度：1200<br>
2015/03/05-19:09:28 连线网上支付平台
2015/03/05-19:09:28 网上支付平台URL：[https://www.95599.cn/b2c/trustpay/ReceiveMerchantTrxReqServlet] 
2015/03/05-19:09:28 成功
2015/03/05-19:09:28 提交交易报文：
2015/03/05-19:09:28 <MSG><Message><Merchant><ECMerchantType>B2C</ECMerchantType><MerchantID>233010103354A02</MerchantID></Merchant><TrxRequest><TrxType>PayReq</TrxType><Order><OrderNo>31058</OrderNo><ExpiredDate>10</ExpiredDate><OrderAmount>100</OrderAmount><OrderDesc>开通 高二物理,高二数学 服务</OrderDesc><OrderDate>2015/03/05</OrderDate><OrderTime>19:09:28</OrderTime><OrderURL>http://tqzx.ebh.net/</OrderURL><BuyIP>58.100.7.20</BuyIP><OrderItems><OrderItem><ProductID>IP000001</ProductID><ProductName>开通 高二物理,高二数学 服务</ProductName><UnitPrice>100</UnitPrice><Qty>1</Qty></OrderItem></OrderItems></Order><ProductType>1</ProductType><PaymentType>6</PaymentType><NotifyType>1</NotifyType><ResultNotifyURL>http://tqzx.ebh.net/ibuy/abcnotify.html?orderid=31058</ResultNotifyURL><MerchantRemarks>高二物理_2 月 _50.00 元/高二数学_2 月 _50.00 元</MerchantRemarks><PaymentLinkType>1</PaymentLinkType></TrxRequest></Message><Signature-Algorithm>SHA1withRSA</Signature-Algorithm><Signature>huF3z3slHulACwnKSmHnQvwkWiVTMmvOIM3+6YfF7d5784b2Jdill9ZQ0brokL0ZSd7/bL7gnFo678p02OJbyIA+1KbIVFt7DQWIDFjlUAgvV0no8DfuEC4P0B+p/egCHL5ljBFGtoqmHixhTYSJPSzhuh6+FHQ5+9Nv5V/xSZY=</Signature></MSG>
2015/03/05-19:09:28 成功
2015/03/05-19:09:28 接受到的响应报文：
                    HTTP/1.1 200 OK
                    Date: Thu, 05 Mar 2015 11:09:05 GMT
                    Server: Microsoft-IIS/6.0
                    X-Powered-By: ASP.NET
                    X-AspNet-Version: 2.0.50727
                    Set-Cookie: ASP.NET_SessionId=wr1nwv5554qejimyj0jpoc55; path=/; HttpOnly
                    Cache-Control: private
                    Content-Type: text/html; charset=gb2312
                    Connection: close
                    Set-Cookie: BIGipServerpool_ec_b2c=3965512458.56611.0000; path=/
                    
                    <MSG><Message><Merchant><ECMerchantType>B2C</ECMerchantType><MerchantID>233010103354A02</MerchantID></Merchant><TrxResponse><ReturnCode>0000</ReturnCode><ErrorMessage>交易成功</ErrorMessage><TrxType>PayReq</TrxType><OrderNo>31058</OrderNo><PaymentURL>https://easyabc.95599.cn/b2c/NotCheckStatus/PaymentModeUCBPAct.ebf?TOKEN=14255537459645843194</PaymentURL><OrderAmount>100</OrderAmount></TrxResponse></Message><Signature-Algorithm>SHA1withRSA</Signature-Algorithm><Signature>8LWv7VgIecn8KQtM2y/ccpNTyoHPxkKYN5mk8cXwpBsWBstKzBC5Cdnz122tK/R3c+QA1QXGfgybyD/0qNDq3w84bMq/jdBbrsxLViQCFrVujsy96WIgOmN+lDffVN71Rcb2u0TW9/Z+GxrC7zGnKRunMqFOUC1QdY4uX9lL6ek=</Signature></MSG>
2015/03/05-19:09:28 接收报文：
2015/03/05-19:09:28 <Message><Merchant><ECMerchantType>B2C</ECMerchantType><MerchantID>233010103354A02</MerchantID></Merchant><TrxResponse><ReturnCode>0000</ReturnCode><ErrorMessage>交易成功</ErrorMessage><TrxType>PayReq</TrxType><OrderNo>31058</OrderNo><PaymentURL>https://easyabc.95599.cn/b2c/NotCheckStatus/PaymentModeUCBPAct.ebf?TOKEN=14255537459645843194</PaymentURL><OrderAmount>100</OrderAmount></TrxResponse></Message><Signature-Algorithm>SHA1withRSA</Signature-Algorithm><Signature>8LWv7VgIecn8KQtM2y/ccpNTyoHPxkKYN5mk8cXwpBsWBstKzBC5Cdnz122tK/R3c+QA1QXGfgybyD/0qNDq3w84bMq/jdBbrsxLViQCFrVujsy96WIgOmN+lDffVN71Rcb2u0TW9/Z+GxrC7zGnKRunMqFOUC1QdY4uX9lL6ek=</Signature>
2015/03/05-19:09:28 验证网上支付平台响应报文的签名：正确
2015/03/05-19:09:28 生成交易响应对象：
2015/03/05-19:09:28 交易结果：[0000]
2015/03/05-19:09:28 错误信息：[交易成功]
2015/03/05-19:09:28 交易结束==================================================
                    
                    
                    
                    
2015/03/05-19:20:23 TrustPay Client PHP 交易开始==========================
2015/03/05-19:20:23 配置文件中商户数为2请求指定的商户配置编号为 1
2015/03/05-19:20:23 检查交易请求是否合法：正确
2015/03/05-19:20:23 交易报文
2015/03/05-19:20:23 完整交易报文：
2015/03/05-19:20:23 签名后的报文
2015/03/05-19:20:23 提交网上支付平台的报文：
                    <MSG><Message><Merchant><ECMerchantType>B2C</ECMerchantType><MerchantID>233010103354A01</MerchantID></Merchant><TrxRequest><TrxType>PayReq</TrxType><Order><OrderNo>31060</OrderNo><ExpiredDate>10</ExpiredDate><OrderAmount>100</OrderAmount><OrderDesc>开通 高二物理,高二数学 服务</OrderDesc><OrderDate>2015/03/05</OrderDate><OrderTime>19:20:23</OrderTime><OrderURL>http://tqzx.ebh.net/</OrderURL><BuyIP>58.100.7.20</BuyIP><OrderItems><OrderItem><ProductID>IP000001</ProductID><ProductName>开通 高二物理,高二数学 服务</ProductName><UnitPrice>100</UnitPrice><Qty>1</Qty></OrderItem></OrderItems></Order><ProductType>1</ProductType><PaymentType>1</PaymentType><NotifyType>1</NotifyType><ResultNotifyURL>http://tqzx.ebh.net/ibuy/abcnotify.html?orderid=31060</ResultNotifyURL><MerchantRemarks>高二物理_2 月 _50.00 元/高二数学_2 月 _50.00 元</MerchantRemarks><PaymentLinkType>1</PaymentLinkType></TrxRequest></Message><Signature-Algorithm>SHA1withRSA</Signature-Algorithm><Signature>AQ7G8XAo/41xK1y26Oi19VH1TwKXTDXygjVAP+2zzwEP/6jLjiG6NsUR1IAroMuJQrOlxv18iICX5e/A11zuY5Xy3nN64jis8uKifDQra8m/uDxb1+AmrA5A8TVPDjfU5oCpP6jOlHDGHMqUjSRFQcSuNerAmgn9kRJrrOSFaBk=</Signature></MSG>
2015/03/05-19:20:23 报文长度：1200<br>
2015/03/05-19:20:23 连线网上支付平台
2015/03/05-19:20:23 网上支付平台URL：[https://www.95599.cn/b2c/trustpay/ReceiveMerchantTrxReqServlet] 
2015/03/05-19:20:23 成功
2015/03/05-19:20:23 提交交易报文：
2015/03/05-19:20:23 <MSG><Message><Merchant><ECMerchantType>B2C</ECMerchantType><MerchantID>233010103354A01</MerchantID></Merchant><TrxRequest><TrxType>PayReq</TrxType><Order><OrderNo>31060</OrderNo><ExpiredDate>10</ExpiredDate><OrderAmount>100</OrderAmount><OrderDesc>开通 高二物理,高二数学 服务</OrderDesc><OrderDate>2015/03/05</OrderDate><OrderTime>19:20:23</OrderTime><OrderURL>http://tqzx.ebh.net/</OrderURL><BuyIP>58.100.7.20</BuyIP><OrderItems><OrderItem><ProductID>IP000001</ProductID><ProductName>开通 高二物理,高二数学 服务</ProductName><UnitPrice>100</UnitPrice><Qty>1</Qty></OrderItem></OrderItems></Order><ProductType>1</ProductType><PaymentType>1</PaymentType><NotifyType>1</NotifyType><ResultNotifyURL>http://tqzx.ebh.net/ibuy/abcnotify.html?orderid=31060</ResultNotifyURL><MerchantRemarks>高二物理_2 月 _50.00 元/高二数学_2 月 _50.00 元</MerchantRemarks><PaymentLinkType>1</PaymentLinkType></TrxRequest></Message><Signature-Algorithm>SHA1withRSA</Signature-Algorithm><Signature>AQ7G8XAo/41xK1y26Oi19VH1TwKXTDXygjVAP+2zzwEP/6jLjiG6NsUR1IAroMuJQrOlxv18iICX5e/A11zuY5Xy3nN64jis8uKifDQra8m/uDxb1+AmrA5A8TVPDjfU5oCpP6jOlHDGHMqUjSRFQcSuNerAmgn9kRJrrOSFaBk=</Signature></MSG>
2015/03/05-19:20:24 成功
2015/03/05-19:20:24 接受到的响应报文：
                    HTTP/1.1 200 OK
                    Date: Thu, 05 Mar 2015 11:20:01 GMT
                    Server: Microsoft-IIS/6.0
                    X-Powered-By: ASP.NET
                    X-AspNet-Version: 2.0.50727
                    Set-Cookie: ASP.NET_SessionId=ti43zhagsdi52a3icx3nxs2u; path=/; HttpOnly
                    Cache-Control: private
                    Content-Type: text/html; charset=gb2312
                    Connection: close
                    Set-Cookie: BIGipServerpool_ec_b2c=929360650.56355.0000; path=/
                    
                    <MSG><Message><Merchant><ECMerchantType>B2C</ECMerchantType><MerchantID>233010103354A01</MerchantID></Merchant><TrxResponse><ReturnCode>0000</ReturnCode><ErrorMessage>交易成功</ErrorMessage><TrxType>PayReq</TrxType><OrderNo>31060</OrderNo><PaymentURL>https://easyabc.95599.cn/b2c/NotCheckStatus/PaymentModeNewAct.ebf?TOKEN=14255544017032327221</PaymentURL><OrderAmount>100</OrderAmount></TrxResponse></Message><Signature-Algorithm>SHA1withRSA</Signature-Algorithm><Signature>NlvFXR7Cz5f1dlloqkyXQJG9HksSC30i1HKKDBwScFNV4Bc2GK56QCmXZ7zwbM+YIzeQHQLfea0o23dFe2w4+5K0CdvSNUHDSjgmom4fzuyKCEDy5v+/Khe4PmvWrc+hXTPNaxJWbKRTtV7qemzQkhcAcqf1zYrNNNBdDurBsTc=</Signature></MSG>
2015/03/05-19:20:24 接收报文：
2015/03/05-19:20:24 <Message><Merchant><ECMerchantType>B2C</ECMerchantType><MerchantID>233010103354A01</MerchantID></Merchant><TrxResponse><ReturnCode>0000</ReturnCode><ErrorMessage>交易成功</ErrorMessage><TrxType>PayReq</TrxType><OrderNo>31060</OrderNo><PaymentURL>https://easyabc.95599.cn/b2c/NotCheckStatus/PaymentModeNewAct.ebf?TOKEN=14255544017032327221</PaymentURL><OrderAmount>100</OrderAmount></TrxResponse></Message><Signature-Algorithm>SHA1withRSA</Signature-Algorithm><Signature>NlvFXR7Cz5f1dlloqkyXQJG9HksSC30i1HKKDBwScFNV4Bc2GK56QCmXZ7zwbM+YIzeQHQLfea0o23dFe2w4+5K0CdvSNUHDSjgmom4fzuyKCEDy5v+/Khe4PmvWrc+hXTPNaxJWbKRTtV7qemzQkhcAcqf1zYrNNNBdDurBsTc=</Signature>
2015/03/05-19:20:24 验证网上支付平台响应报文的签名：正确
2015/03/05-19:20:24 生成交易响应对象：
2015/03/05-19:20:24 交易结果：[0000]
2015/03/05-19:20:24 错误信息：[交易成功]
2015/03/05-19:20:24 交易结束==================================================
                    
                    
                    
                    
2015/03/05-19:21:34 TrustPay Client PHP 交易开始==========================
2015/03/05-19:21:34 配置文件中商户数为2请求指定的商户配置编号为 2
2015/03/05-19:21:34 检查交易请求是否合法：
2015/03/05-19:21:34 1101]    错误信息：[商户提交的交易资料不合法 - 订单信息不合法！]
2015/03/05-19:21:34 交易结束==================================================
                    
                    
                    
                    
2015/03/05-22:54:25 TrustPay Client PHP 交易开始==========================
2015/03/05-22:54:25 配置文件中商户数为2请求指定的商户配置编号为 1
2015/03/05-22:54:25 检查交易请求是否合法：正确
2015/03/05-22:54:25 交易报文
2015/03/05-22:54:25 完整交易报文：
2015/03/05-22:54:25 签名后的报文
2015/03/05-22:54:25 提交网上支付平台的报文：
                    <MSG><Message><Merchant><ECMerchantType>B2C</ECMerchantType><MerchantID>233010103354A01</MerchantID></Merchant><TrxRequest><TrxType>PayReq</TrxType><Order><OrderNo>31063</OrderNo><ExpiredDate>10</ExpiredDate><OrderAmount>300</OrderAmount><OrderDesc>开通 初一英语,初一数学,初一语文 服务</OrderDesc><OrderDate>2015/03/05</OrderDate><OrderTime>22:54:25</OrderTime><OrderURL>http://mdsy.ebh.net/</OrderURL><BuyIP>49.81.245.162</BuyIP><OrderItems><OrderItem><ProductID>IP000001</ProductID><ProductName>开通 初一英语,初一数学,初一语文 服务</ProductName><UnitPrice>300</UnitPrice><Qty>1</Qty></OrderItem></OrderItems></Order><ProductType>1</ProductType><PaymentType>1</PaymentType><NotifyType>1</NotifyType><ResultNotifyURL>http://mdsy.ebh.net/ibuy/abcnotify.html?orderid=31063</ResultNotifyURL><MerchantRemarks>初一英语_5 月 _100.00 元/初一数学_5 月 _100.00 元/初一语文_5 月 _100.00 元</MerchantRemarks><PaymentLinkType>1</PaymentLinkType></TrxRequest></Message><Signature-Algorithm>SHA1withRSA</Signature-Algorithm><Signature>RAnzP8wsNTrp9B9dgzfNtNOloGEwkoCfpI7IRC2CijgDFWhtlzK75iVQ7exnlTgf+tJu4r9IUcmEg0fNpCcserFZ6EW+oH6cY1woYuA8esU41EbUwg+ut6k84vIt28T9Mtsq5Uwc7Ut6GgfYUARS3NfRx1FiCumYWTOV3a+R2kw=</Signature></MSG>
2015/03/05-22:54:25 报文长度：1261<br>
2015/03/05-22:54:25 连线网上支付平台
2015/03/05-22:54:25 网上支付平台URL：[https://www.95599.cn/b2c/trustpay/ReceiveMerchantTrxReqServlet] 
2015/03/05-22:54:25 成功
2015/03/05-22:54:25 提交交易报文：
2015/03/05-22:54:25 <MSG><Message><Merchant><ECMerchantType>B2C</ECMerchantType><MerchantID>233010103354A01</MerchantID></Merchant><TrxRequest><TrxType>PayReq</TrxType><Order><OrderNo>31063</OrderNo><ExpiredDate>10</ExpiredDate><OrderAmount>300</OrderAmount><OrderDesc>开通 初一英语,初一数学,初一语文 服务</OrderDesc><OrderDate>2015/03/05</OrderDate><OrderTime>22:54:25</OrderTime><OrderURL>http://mdsy.ebh.net/</OrderURL><BuyIP>49.81.245.162</BuyIP><OrderItems><OrderItem><ProductID>IP000001</ProductID><ProductName>开通 初一英语,初一数学,初一语文 服务</ProductName><UnitPrice>300</UnitPrice><Qty>1</Qty></OrderItem></OrderItems></Order><ProductType>1</ProductType><PaymentType>1</PaymentType><NotifyType>1</NotifyType><ResultNotifyURL>http://mdsy.ebh.net/ibuy/abcnotify.html?orderid=31063</ResultNotifyURL><MerchantRemarks>初一英语_5 月 _100.00 元/初一数学_5 月 _100.00 元/初一语文_5 月 _100.00 元</MerchantRemarks><PaymentLinkType>1</PaymentLinkType></TrxRequest></Message><Signature-Algorithm>SHA1withRSA</Signature-Algorithm><Signature>RAnzP8wsNTrp9B9dgzfNtNOloGEwkoCfpI7IRC2CijgDFWhtlzK75iVQ7exnlTgf+tJu4r9IUcmEg0fNpCcserFZ6EW+oH6cY1woYuA8esU41EbUwg+ut6k84vIt28T9Mtsq5Uwc7Ut6GgfYUARS3NfRx1FiCumYWTOV3a+R2kw=</Signature></MSG>
2015/03/05-22:54:25 成功
2015/03/05-22:54:25 接受到的响应报文：
                    HTTP/1.1 200 OK
                    Date: Thu, 05 Mar 2015 14:54:03 GMT
                    Server: Microsoft-IIS/6.0
                    X-Powered-By: ASP.NET
                    X-AspNet-Version: 2.0.50727
                    Set-Cookie: ASP.NET_SessionId=qdbp5t3f3anu2f3fcgnwcb55; path=/; HttpOnly
                    Cache-Control: private
                    Content-Type: text/html; charset=gb2312
                    Connection: close
                    Set-Cookie: BIGipServerpool_ec_b2c=946137866.56355.0000; path=/
                    
                    <MSG><Message><Merchant><ECMerchantType>B2C</ECMerchantType><MerchantID>233010103354A01</MerchantID></Merchant><TrxResponse><ReturnCode>0000</ReturnCode><ErrorMessage>交易成功</ErrorMessage><TrxType>PayReq</TrxType><OrderNo>31063</OrderNo><PaymentURL>https://easyabc.95599.cn/b2c/NotCheckStatus/PaymentModeNewAct.ebf?TOKEN=14255672432533874486</PaymentURL><OrderAmount>300</OrderAmount></TrxResponse></Message><Signature-Algorithm>SHA1withRSA</Signature-Algorithm><Signature>ERUdlkQFNFErZK3aiSMfL8x0WuPDjFwckHF+ya+D6hoXU8PU/dnMXiUFnrQDLoA0BLmsgravB8LqqXbRUe1V/zIrPyA2QR3xXw49S/MsYHO+BfdwDkh6MtbLpowKWyC8iYm2+mVEO4vLN0bcitKmIEsUM2fUDBL2eI8mASFLyzU=</Signature></MSG>
2015/03/05-22:54:25 接收报文：
2015/03/05-22:54:25 <Message><Merchant><ECMerchantType>B2C</ECMerchantType><MerchantID>233010103354A01</MerchantID></Merchant><TrxResponse><ReturnCode>0000</ReturnCode><ErrorMessage>交易成功</ErrorMessage><TrxType>PayReq</TrxType><OrderNo>31063</OrderNo><PaymentURL>https://easyabc.95599.cn/b2c/NotCheckStatus/PaymentModeNewAct.ebf?TOKEN=14255672432533874486</PaymentURL><OrderAmount>300</OrderAmount></TrxResponse></Message><Signature-Algorithm>SHA1withRSA</Signature-Algorithm><Signature>ERUdlkQFNFErZK3aiSMfL8x0WuPDjFwckHF+ya+D6hoXU8PU/dnMXiUFnrQDLoA0BLmsgravB8LqqXbRUe1V/zIrPyA2QR3xXw49S/MsYHO+BfdwDkh6MtbLpowKWyC8iYm2+mVEO4vLN0bcitKmIEsUM2fUDBL2eI8mASFLyzU=</Signature>
2015/03/05-22:54:25 验证网上支付平台响应报文的签名：正确
2015/03/05-22:54:25 生成交易响应对象：
2015/03/05-22:54:25 交易结果：[0000]
2015/03/05-22:54:25 错误信息：[交易成功]
2015/03/05-22:54:25 交易结束==================================================
                    
                    
                    
                    
2015/03/05-22:54:46 TrustPay Client PHP 交易开始==========================
2015/03/05-22:54:46 配置文件中商户数为2请求指定的商户配置编号为 1
2015/03/05-22:54:46 检查交易请求是否合法：正确
2015/03/05-22:54:46 交易报文
2015/03/05-22:54:46 完整交易报文：
2015/03/05-22:54:46 签名后的报文
2015/03/05-22:54:46 提交网上支付平台的报文：
                    <MSG><Message><Merchant><ECMerchantType>B2C</ECMerchantType><MerchantID>233010103354A01</MerchantID></Merchant><TrxRequest><TrxType>PayReq</TrxType><Order><OrderNo>31064</OrderNo><ExpiredDate>10</ExpiredDate><OrderAmount>300</OrderAmount><OrderDesc>开通 初一英语,初一数学,初一语文 服务</OrderDesc><OrderDate>2015/03/05</OrderDate><OrderTime>22:54:46</OrderTime><OrderURL>http://mdsy.ebh.net/</OrderURL><BuyIP>49.81.245.162</BuyIP><OrderItems><OrderItem><ProductID>IP000001</ProductID><ProductName>开通 初一英语,初一数学,初一语文 服务</ProductName><UnitPrice>300</UnitPrice><Qty>1</Qty></OrderItem></OrderItems></Order><ProductType>1</ProductType><PaymentType>1</PaymentType><NotifyType>1</NotifyType><ResultNotifyURL>http://mdsy.ebh.net/ibuy/abcnotify.html?orderid=31064</ResultNotifyURL><MerchantRemarks>初一英语_5 月 _100.00 元/初一数学_5 月 _100.00 元/初一语文_5 月 _100.00 元</MerchantRemarks><PaymentLinkType>1</PaymentLinkType></TrxRequest></Message><Signature-Algorithm>SHA1withRSA</Signature-Algorithm><Signature>muWo3UllypGVgMsfuFRz1gu/n9e7DCO9n3x0Bj/YPVQVu0Y+EszB5MC12tS3kzD2YX8mmshjk6rQ8BfVCnN9TeS6AuZ23r7z5F3j1jvEmF5FIyGq2ciHaMOhq9XiYwgWQbhjhQZz50oEZwt1WNjDawqY0tSwMBodPAY1aYahY98=</Signature></MSG>
2015/03/05-22:54:46 报文长度：1261<br>
2015/03/05-22:54:46 连线网上支付平台
2015/03/05-22:54:46 网上支付平台URL：[https://www.95599.cn/b2c/trustpay/ReceiveMerchantTrxReqServlet] 
2015/03/05-22:54:46 成功
2015/03/05-22:54:46 提交交易报文：
2015/03/05-22:54:46 <MSG><Message><Merchant><ECMerchantType>B2C</ECMerchantType><MerchantID>233010103354A01</MerchantID></Merchant><TrxRequest><TrxType>PayReq</TrxType><Order><OrderNo>31064</OrderNo><ExpiredDate>10</ExpiredDate><OrderAmount>300</OrderAmount><OrderDesc>开通 初一英语,初一数学,初一语文 服务</OrderDesc><OrderDate>2015/03/05</OrderDate><OrderTime>22:54:46</OrderTime><OrderURL>http://mdsy.ebh.net/</OrderURL><BuyIP>49.81.245.162</BuyIP><OrderItems><OrderItem><ProductID>IP000001</ProductID><ProductName>开通 初一英语,初一数学,初一语文 服务</ProductName><UnitPrice>300</UnitPrice><Qty>1</Qty></OrderItem></OrderItems></Order><ProductType>1</ProductType><PaymentType>1</PaymentType><NotifyType>1</NotifyType><ResultNotifyURL>http://mdsy.ebh.net/ibuy/abcnotify.html?orderid=31064</ResultNotifyURL><MerchantRemarks>初一英语_5 月 _100.00 元/初一数学_5 月 _100.00 元/初一语文_5 月 _100.00 元</MerchantRemarks><PaymentLinkType>1</PaymentLinkType></TrxRequest></Message><Signature-Algorithm>SHA1withRSA</Signature-Algorithm><Signature>muWo3UllypGVgMsfuFRz1gu/n9e7DCO9n3x0Bj/YPVQVu0Y+EszB5MC12tS3kzD2YX8mmshjk6rQ8BfVCnN9TeS6AuZ23r7z5F3j1jvEmF5FIyGq2ciHaMOhq9XiYwgWQbhjhQZz50oEZwt1WNjDawqY0tSwMBodPAY1aYahY98=</Signature></MSG>
2015/03/05-22:54:46 成功
2015/03/05-22:54:46 接受到的响应报文：
                    HTTP/1.1 200 OK
                    Date: Thu, 05 Mar 2015 14:54:24 GMT
                    Server: Microsoft-IIS/6.0
                    X-Powered-By: ASP.NET
                    X-AspNet-Version: 2.0.50727
                    Set-Cookie: ASP.NET_SessionId=okvpo355hifdfz45hxkdt055; path=/; HttpOnly
                    Cache-Control: private
                    Content-Type: text/html; charset=gb2312
                    Connection: close
                    Set-Cookie: BIGipServerpool_ec_b2c=946137866.56355.0000; path=/
                    
                    <MSG><Message><Merchant><ECMerchantType>B2C</ECMerchantType><MerchantID>233010103354A01</MerchantID></Merchant><TrxResponse><ReturnCode>0000</ReturnCode><ErrorMessage>交易成功</ErrorMessage><TrxType>PayReq</TrxType><OrderNo>31064</OrderNo><PaymentURL>https://easyabc.95599.cn/b2c/NotCheckStatus/PaymentModeNewAct.ebf?TOKEN=14255672642690069086</PaymentURL><OrderAmount>300</OrderAmount></TrxResponse></Message><Signature-Algorithm>SHA1withRSA</Signature-Algorithm><Signature>WBxjJaYqEvr4pDT6XeDvaxTNlsl+TutqL4DRucZuRY4SLjnyfuSCbJP2Mkh6YzC6jg5Ho6R1kS4mF+slqLBLMSWGHkyH1ouMKvmSZpX8amEhR2yyDl3o7RduRlP+gG714nZ3yz+9kmyu4KWLcMx/e/kOZMv/7OnW5io6vXh1ayU=</Signature></MSG>
2015/03/05-22:54:46 接收报文：
2015/03/05-22:54:46 <Message><Merchant><ECMerchantType>B2C</ECMerchantType><MerchantID>233010103354A01</MerchantID></Merchant><TrxResponse><ReturnCode>0000</ReturnCode><ErrorMessage>交易成功</ErrorMessage><TrxType>PayReq</TrxType><OrderNo>31064</OrderNo><PaymentURL>https://easyabc.95599.cn/b2c/NotCheckStatus/PaymentModeNewAct.ebf?TOKEN=14255672642690069086</PaymentURL><OrderAmount>300</OrderAmount></TrxResponse></Message><Signature-Algorithm>SHA1withRSA</Signature-Algorithm><Signature>WBxjJaYqEvr4pDT6XeDvaxTNlsl+TutqL4DRucZuRY4SLjnyfuSCbJP2Mkh6YzC6jg5Ho6R1kS4mF+slqLBLMSWGHkyH1ouMKvmSZpX8amEhR2yyDl3o7RduRlP+gG714nZ3yz+9kmyu4KWLcMx/e/kOZMv/7OnW5io6vXh1ayU=</Signature>
2015/03/05-22:54:46 验证网上支付平台响应报文的签名：正确
2015/03/05-22:54:46 生成交易响应对象：
2015/03/05-22:54:46 交易结果：[0000]
2015/03/05-22:54:46 错误信息：[交易成功]
2015/03/05-22:54:46 交易结束==================================================
                    
                    
                    
                    
2015/03/05-22:57:20 TrustPay Client PHP 交易开始==========================
2015/03/05-22:57:20 配置文件中商户数为2请求指定的商户配置编号为 2
2015/03/05-22:57:20 检查交易请求是否合法：正确
2015/03/05-22:57:20 交易报文
2015/03/05-22:57:20 完整交易报文：
2015/03/05-22:57:20 签名后的报文
2015/03/05-22:57:20 提交网上支付平台的报文：
                    <MSG><Message><Merchant><ECMerchantType>B2C</ECMerchantType><MerchantID>233010103354A02</MerchantID></Merchant><TrxRequest><TrxType>PayReq</TrxType><Order><OrderNo>31065</OrderNo><ExpiredDate>10</ExpiredDate><OrderAmount>90</OrderAmount><OrderDesc>开通 高一数学 服务</OrderDesc><OrderDate>2015/03/05</OrderDate><OrderTime>22:57:20</OrderTime><OrderURL>http://zz8z.ebh.net/</OrderURL><BuyIP>218.108.127.168</BuyIP><OrderItems><OrderItem><ProductID>IP000001</ProductID><ProductName>开通 高一数学 服务</ProductName><UnitPrice>90</UnitPrice><Qty>1</Qty></OrderItem></OrderItems></Order><ProductType>1</ProductType><PaymentType>6</PaymentType><NotifyType>1</NotifyType><ResultNotifyURL>http://zz8z.ebh.net/ibuy/abcnotify.html?orderid=31065</ResultNotifyURL><MerchantRemarks>高一数学_5 月 _90.00 元</MerchantRemarks><PaymentLinkType>1</PaymentLinkType></TrxRequest></Message><Signature-Algorithm>SHA1withRSA</Signature-Algorithm><Signature>K8s3zFLdEay92GGBWrlPZRjU4v8w55CyMI52t+N/281b2giso4iqCD8l1nPNLRU+JO5TaVHtjL6/vIyi+ND4+l112sZj2EkWbkQETdTc+rB990tZ1ePhHzX3Bp+5HcY1OeB2lNvl132SLdRVi995xGHcFrJHiR2LY1yhEqplBfU=</Signature></MSG>
2015/03/05-22:57:20 报文长度：1146<br>
2015/03/05-22:57:20 连线网上支付平台
2015/03/05-22:57:20 网上支付平台URL：[https://www.95599.cn/b2c/trustpay/ReceiveMerchantTrxReqServlet] 
2015/03/05-22:57:20 成功
2015/03/05-22:57:20 提交交易报文：
2015/03/05-22:57:20 <MSG><Message><Merchant><ECMerchantType>B2C</ECMerchantType><MerchantID>233010103354A02</MerchantID></Merchant><TrxRequest><TrxType>PayReq</TrxType><Order><OrderNo>31065</OrderNo><ExpiredDate>10</ExpiredDate><OrderAmount>90</OrderAmount><OrderDesc>开通 高一数学 服务</OrderDesc><OrderDate>2015/03/05</OrderDate><OrderTime>22:57:20</OrderTime><OrderURL>http://zz8z.ebh.net/</OrderURL><BuyIP>218.108.127.168</BuyIP><OrderItems><OrderItem><ProductID>IP000001</ProductID><ProductName>开通 高一数学 服务</ProductName><UnitPrice>90</UnitPrice><Qty>1</Qty></OrderItem></OrderItems></Order><ProductType>1</ProductType><PaymentType>6</PaymentType><NotifyType>1</NotifyType><ResultNotifyURL>http://zz8z.ebh.net/ibuy/abcnotify.html?orderid=31065</ResultNotifyURL><MerchantRemarks>高一数学_5 月 _90.00 元</MerchantRemarks><PaymentLinkType>1</PaymentLinkType></TrxRequest></Message><Signature-Algorithm>SHA1withRSA</Signature-Algorithm><Signature>K8s3zFLdEay92GGBWrlPZRjU4v8w55CyMI52t+N/281b2giso4iqCD8l1nPNLRU+JO5TaVHtjL6/vIyi+ND4+l112sZj2EkWbkQETdTc+rB990tZ1ePhHzX3Bp+5HcY1OeB2lNvl132SLdRVi995xGHcFrJHiR2LY1yhEqplBfU=</Signature></MSG>
2015/03/05-22:57:21 成功
2015/03/05-22:57:21 接受到的响应报文：
                    HTTP/1.1 200 OK
                    Date: Thu, 05 Mar 2015 14:56:58 GMT
                    Server: Microsoft-IIS/6.0
                    X-Powered-By: ASP.NET
                    X-AspNet-Version: 2.0.50727
                    Set-Cookie: ASP.NET_SessionId=lkezmj45pezrwb3injx22i45; path=/; HttpOnly
                    Cache-Control: private
                    Content-Type: text/html; charset=gb2312
                    Connection: close
                    Set-Cookie: BIGipServerpool_ec_b2c=946137866.56355.0000; path=/
                    
                    <MSG><Message><Merchant><ECMerchantType>B2C</ECMerchantType><MerchantID>233010103354A02</MerchantID></Merchant><TrxResponse><ReturnCode>0000</ReturnCode><ErrorMessage>交易成功</ErrorMessage><TrxType>PayReq</TrxType><OrderNo>31065</OrderNo><PaymentURL>https://easyabc.95599.cn/b2c/NotCheckStatus/PaymentModeUCBPAct.ebf?TOKEN=14255674187361485667</PaymentURL><OrderAmount>90</OrderAmount></TrxResponse></Message><Signature-Algorithm>SHA1withRSA</Signature-Algorithm><Signature>BJlzBH6GRJUa016pDcuiyIiqYI/ahzXVGYDRFj3WrYq6dI4o5UFHVbv7Encf6/+pyCDMDVRjSnanTDTypY+nUZ1XHVY+ZkRszjoy21qFuXMJqCBfmdZu5bzc8IXMizwtxp1YOwEWI1Q9WILM98DrnvUIpQn7+EWLTwgFmEEX5ZI=</Signature></MSG>
2015/03/05-22:57:21 接收报文：
2015/03/05-22:57:21 <Message><Merchant><ECMerchantType>B2C</ECMerchantType><MerchantID>233010103354A02</MerchantID></Merchant><TrxResponse><ReturnCode>0000</ReturnCode><ErrorMessage>交易成功</ErrorMessage><TrxType>PayReq</TrxType><OrderNo>31065</OrderNo><PaymentURL>https://easyabc.95599.cn/b2c/NotCheckStatus/PaymentModeUCBPAct.ebf?TOKEN=14255674187361485667</PaymentURL><OrderAmount>90</OrderAmount></TrxResponse></Message><Signature-Algorithm>SHA1withRSA</Signature-Algorithm><Signature>BJlzBH6GRJUa016pDcuiyIiqYI/ahzXVGYDRFj3WrYq6dI4o5UFHVbv7Encf6/+pyCDMDVRjSnanTDTypY+nUZ1XHVY+ZkRszjoy21qFuXMJqCBfmdZu5bzc8IXMizwtxp1YOwEWI1Q9WILM98DrnvUIpQn7+EWLTwgFmEEX5ZI=</Signature>
2015/03/05-22:57:21 验证网上支付平台响应报文的签名：正确
2015/03/05-22:57:21 生成交易响应对象：
2015/03/05-22:57:21 交易结果：[0000]
2015/03/05-22:57:21 错误信息：[交易成功]
2015/03/05-22:57:21 交易结束==================================================
                    
                    
                    
                    
2015/03/05-23:01:02 TrustPayClient PHP 交易开始==========================
2015/03/05-23:01:02 接收到的支付结果通知：\n[PE1TRz48TWVzc2FnZT48VHJ4UmVzcG9uc2U+PFJldHVybkNvZGU+MDAwMDwvUmV0dXJuQ29kZT48RXJyb3JNZXNzYWdlPjwvRXJyb3JNZXNzYWdlPjxFQ01lcmNoYW50VHlwZT5CMkM8L0VDTWVyY2hhbnRUeXBlPjxNZXJjaGFudElEPjIzMzAxMDEwMzM1NEEwMjwvTWVyY2hhbnRJRD48VHJ4VHlwZT5QYXlSZXN1bHQ8L1RyeFR5cGU+PE9yZGVyTm8+MzEwNjU8L09yZGVyTm8+PEFtb3VudD45MC4wMDwvQW1vdW50PjxCYXRjaE5vPjAwMDExNzwvQmF0Y2hObz48SG9zdERhdGU+MjAxNTAzMDU8L0hvc3REYXRlPjxIb3N0VGltZT4yMzAwNDA8L0hvc3RUaW1lPjxNZXJjaGFudFJlbWFya3M+uN/Su8r90adfNSDUwiBfOTAuMDAg1Ko8L01lcmNoYW50UmVtYXJrcz48UGF5VHlwZT5QQVkyNDwvUGF5VHlwZT48Tm90aWZ5VHlwZT4xPC9Ob3RpZnlUeXBlPjxQYXlJUD4yMDIuOTYuMjU1LjE0ODwvUGF5SVA+PC9UcnhSZXNwb25zZT48L01lc3NhZ2U+PFNpZ25hdHVyZS1BbGdvcml0aG0+U0hBMXdpdGhSU0E8L1NpZ25hdHVyZS1BbGdvcml0aG0+PFNpZ25hdHVyZT5GcjNPY3BBdGxBK3lmdmNlRzBSYTBwdHdmSW9US3FaVUx4OWUyTUZFOUI0cUhiZlJQMjdER3k2MlNtT1N1cTJqRm11QzRMQjhvZWNxbUdFci9FKzg5bklLcEZZWE1qTjFxbWpuVUg1dFYrOHRTcVNjR3I2NWE4Sm5iT1B2cFNISXFZWUgyVjB3SHFOVFRZTWc5UjJ6Tkt3eWtOVm1xdWRpa092UTJTdXBoaUk9PC9TaWduYXR1cmU+PC9NU0c+]
2015/03/05-23:01:02 经过Base64解码后的支付结果通知：\n[<MSG><Message><TrxResponse><ReturnCode>0000</ReturnCode><ErrorMessage></ErrorMessage><ECMerchantType>B2C</ECMerchantType><MerchantID>233010103354A02</MerchantID><TrxType>PayResult</TrxType><OrderNo>31065</OrderNo><Amount>90.00</Amount><BatchNo>000117</BatchNo><HostDate>20150305</HostDate><HostTime>230040</HostTime><MerchantRemarks>高一数学_5 月 _90.00 元</MerchantRemarks><PayType>PAY24</PayType><NotifyType>1</NotifyType><PayIP>202.96.255.148</PayIP></TrxResponse></Message><Signature-Algorithm>SHA1withRSA</Signature-Algorithm><Signature>Fr3OcpAtlA+yfvceG0Ra0ptwfIoTKqZULx9e2MFE9B4qHbfRP27DGy62SmOSuq2jFmuC4LB8oecqmGEr/E+89nIKpFYXMjN1qmjnUH5tV+8tSqScGr65a8JnbOPvpSHIqYYH2V0wHqNTTYMg9R2zNKwykNVmqudikOvQ2SuphiI=</Signature></MSG>]
2015/03/05-23:01:02 验证支付结果通知的签名：
2015/03/05-23:01:02 验证通过！\n 经过验证的支付结果通知：\n[<TrxResponse><ReturnCode>0000</ReturnCode><ErrorMessage></ErrorMessage><ECMerchantType>B2C</ECMerchantType><MerchantID>233010103354A02</MerchantID><TrxType>PayResult</TrxType><OrderNo>31065</OrderNo><Amount>90.00</Amount><BatchNo>000117</BatchNo><HostDate>20150305</HostDate><HostTime>230040</HostTime><MerchantRemarks>高一数学_5 月 _90.00 元</MerchantRemarks><PayType>PAY24</PayType><NotifyType>1</NotifyType><PayIP>202.96.255.148</PayIP></TrxResponse>]
2015/03/05-23:01:02 交易结束==================================================