
2014/08/04-17:02:59 TrustPay Client PHP 交易开始==========================
2014/08/04-17:02:59 配置文件中商户数为1请求指定的商户配置编号为 1
2014/08/04-17:02:59 检查交易请求是否合法：正确
2014/08/04-17:02:59 交易报文
2014/08/04-17:02:59 完整交易报文：
2014/08/04-17:02:59 签名后的报文
2014/08/04-17:02:59 提交网上支付平台的报文：
                    <MSG><Message><Merchant><ECMerchantType>B2C</ECMerchantType><MerchantID>233010103354A01</MerchantID></Merchant><TrxRequest><TrxType>PayReq</TrxType><Order><OrderNo>2818</OrderNo><ExpiredDate>10</ExpiredDate><OrderAmount>0.1</OrderAmount><OrderDesc>ebhpay</OrderDesc><OrderDate>2014/08/04</OrderDate><OrderTime>17:02:59</OrderTime><OrderURL>http://svn1.ebanhui.com</OrderURL><BuyIP>192.168.0.1</BuyIP><OrderItems></OrderItems></Order><ProductType>1</ProductType><PaymentType>1</PaymentType><NotifyType>0</NotifyType><ResultNotifyURL>http://svn1.ebanhui.com/classactive/abcnotify.html</ResultNotifyURL><MerchantRemarks>ebh</MerchantRemarks><PaymentLinkType>1</PaymentLinkType></TrxRequest></Message><Signature-Algorithm>SHA1withRSA</Signature-Algorithm><Signature>kJG/nlCF9WHY0PdpkXlSOqblr2LtPuEuMBv8C8NTAqwCeUUhNnHSf1jnl4bXZSJPh1gvZGmcODUw+jZPt/pRJhgO8OxchTNAQXIHko64sHLZnj2G5bxulOmYR3XCA1AGe3a+bW4r5N/7x3YN3itChmt/2DpWYzGUNP+OTD312yg=</Signature></MSG>
2014/08/04-17:02:59 报文长度：952<br>
2014/08/04-17:02:59 连线网上支付平台
2014/08/04-17:02:59 网上支付平台URL：[https://www.95599.cn/b2c/trustpay/ReceiveMerchantTrxReqServlet] 
2014/08/04-17:02:59 成功
2014/08/04-17:02:59 提交交易报文：
2014/08/04-17:02:59 <MSG><Message><Merchant><ECMerchantType>B2C</ECMerchantType><MerchantID>233010103354A01</MerchantID></Merchant><TrxRequest><TrxType>PayReq</TrxType><Order><OrderNo>2818</OrderNo><ExpiredDate>10</ExpiredDate><OrderAmount>0.1</OrderAmount><OrderDesc>ebhpay</OrderDesc><OrderDate>2014/08/04</OrderDate><OrderTime>17:02:59</OrderTime><OrderURL>http://svn1.ebanhui.com</OrderURL><BuyIP>192.168.0.1</BuyIP><OrderItems></OrderItems></Order><ProductType>1</ProductType><PaymentType>1</PaymentType><NotifyType>0</NotifyType><ResultNotifyURL>http://svn1.ebanhui.com/classactive/abcnotify.html</ResultNotifyURL><MerchantRemarks>ebh</MerchantRemarks><PaymentLinkType>1</PaymentLinkType></TrxRequest></Message><Signature-Algorithm>SHA1withRSA</Signature-Algorithm><Signature>kJG/nlCF9WHY0PdpkXlSOqblr2LtPuEuMBv8C8NTAqwCeUUhNnHSf1jnl4bXZSJPh1gvZGmcODUw+jZPt/pRJhgO8OxchTNAQXIHko64sHLZnj2G5bxulOmYR3XCA1AGe3a+bW4r5N/7x3YN3itChmt/2DpWYzGUNP+OTD312yg=</Signature></MSG>
2014/08/04-17:03:00 成功
2014/08/04-17:03:00 接受到的响应报文：
                    HTTP/1.1 200 OK
                    Date: Mon, 04 Aug 2014 09:02:25 GMT
                    Server: Microsoft-IIS/6.0
                    X-Powered-By: ASP.NET
                    X-AspNet-Version: 2.0.50727
                    Set-Cookie: ASP.NET_SessionId=ymp1m555lihkzq55wefznpal; path=/; HttpOnly
                    Cache-Control: private
                    Content-Type: text/html; charset=gb2312
                    Connection: close
                    Set-Cookie: BIGipServerpool_ec_b2c=929360650.56867.0000; path=/
                    
                    <MSG><Message><Merchant><ECMerchantType>B2C</ECMerchantType><MerchantID>233010103354A01</MerchantID></Merchant><TrxResponse><ReturnCode>0000</ReturnCode><ErrorMessage>交易成功</ErrorMessage><TrxType>PayReq</TrxType><OrderNo>2818</OrderNo><PaymentURL>https://easyabc.95599.cn/b2c/NotCheckStatus/PaymentModeTestAct.ebf?TOKEN=14071429453456237259</PaymentURL><OrderAmount>0.1</OrderAmount></TrxResponse></Message><Signature-Algorithm>SHA1withRSA</Signature-Algorithm><Signature>11eXEJCLKzsbBdy3TC+AgmkFwM5yHznZsVMjAPMg98fxE6nefqKDtDOIq/G/bESYHV32nVD6qso5PzdtyIWS1L3yCFNP8Y0ecaPJvch5o8CXc6lrGHkk/YzbYR43ZmB/nS/QzhZscRSe2nDMEm8PGyohiLVAkkEt3CrYt6UjZHg=</Signature></MSG>
2014/08/04-17:03:00 接收报文：
2014/08/04-17:03:00 <Message><Merchant><ECMerchantType>B2C</ECMerchantType><MerchantID>233010103354A01</MerchantID></Merchant><TrxResponse><ReturnCode>0000</ReturnCode><ErrorMessage>交易成功</ErrorMessage><TrxType>PayReq</TrxType><OrderNo>2818</OrderNo><PaymentURL>https://easyabc.95599.cn/b2c/NotCheckStatus/PaymentModeTestAct.ebf?TOKEN=14071429453456237259</PaymentURL><OrderAmount>0.1</OrderAmount></TrxResponse></Message><Signature-Algorithm>SHA1withRSA</Signature-Algorithm><Signature>11eXEJCLKzsbBdy3TC+AgmkFwM5yHznZsVMjAPMg98fxE6nefqKDtDOIq/G/bESYHV32nVD6qso5PzdtyIWS1L3yCFNP8Y0ecaPJvch5o8CXc6lrGHkk/YzbYR43ZmB/nS/QzhZscRSe2nDMEm8PGyohiLVAkkEt3CrYt6UjZHg=</Signature>
2014/08/04-17:03:00 验证网上支付平台响应报文的签名：正确
2014/08/04-17:03:00 生成交易响应对象：
2014/08/04-17:03:00 交易结果：[0000]
2014/08/04-17:03:00 错误信息：[交易成功]
2014/08/04-17:03:00 交易结束==================================================
                    
                    
                    
                    
2014/08/04-17:04:11 TrustPay Client PHP 交易开始==========================
2014/08/04-17:04:11 配置文件中商户数为1请求指定的商户配置编号为 1
2014/08/04-17:04:11 检查交易请求是否合法：正确
2014/08/04-17:04:11 交易报文
2014/08/04-17:04:11 完整交易报文：
2014/08/04-17:04:11 签名后的报文
2014/08/04-17:04:11 提交网上支付平台的报文：
                    <MSG><Message><Merchant><ECMerchantType>B2C</ECMerchantType><MerchantID>233010103354A01</MerchantID></Merchant><TrxRequest><TrxType>PayReq</TrxType><Order><OrderNo>2819</OrderNo><ExpiredDate>10</ExpiredDate><OrderAmount>0.1</OrderAmount><OrderDesc>ebhpay</OrderDesc><OrderDate>2014/08/04</OrderDate><OrderTime>17:04:11</OrderTime><OrderURL>http://svn1.ebanhui.com</OrderURL><BuyIP>192.168.0.1</BuyIP><OrderItems></OrderItems></Order><ProductType>1</ProductType><PaymentType>1</PaymentType><NotifyType>0</NotifyType><ResultNotifyURL>http://svn1.ebanhui.com/classactive/abcnotify.html</ResultNotifyURL><MerchantRemarks>ebh</MerchantRemarks><PaymentLinkType>1</PaymentLinkType></TrxRequest></Message><Signature-Algorithm>SHA1withRSA</Signature-Algorithm><Signature>X0Cq/6yXJm8DDQCC5Y/+zolPlgcWK6FechTjWDMfiGt/ccSTWJPCodSY+S7qW2fMbeG1ZIbBippnBO7pHyKj+H3YC0wSIAQGG2vPR74qcaaGsr5Y0uCPyP0ysk9/45wofCx1Tzf93wS29eKzyaNMcKQblA3CfxDsk95pEJWt53g=</Signature></MSG>
2014/08/04-17:04:11 报文长度：952<br>
2014/08/04-17:04:11 连线网上支付平台
2014/08/04-17:04:11 网上支付平台URL：[https://www.95599.cn/b2c/trustpay/ReceiveMerchantTrxReqServlet] 
2014/08/04-17:04:11 成功
2014/08/04-17:04:11 提交交易报文：
2014/08/04-17:04:11 <MSG><Message><Merchant><ECMerchantType>B2C</ECMerchantType><MerchantID>233010103354A01</MerchantID></Merchant><TrxRequest><TrxType>PayReq</TrxType><Order><OrderNo>2819</OrderNo><ExpiredDate>10</ExpiredDate><OrderAmount>0.1</OrderAmount><OrderDesc>ebhpay</OrderDesc><OrderDate>2014/08/04</OrderDate><OrderTime>17:04:11</OrderTime><OrderURL>http://svn1.ebanhui.com</OrderURL><BuyIP>192.168.0.1</BuyIP><OrderItems></OrderItems></Order><ProductType>1</ProductType><PaymentType>1</PaymentType><NotifyType>0</NotifyType><ResultNotifyURL>http://svn1.ebanhui.com/classactive/abcnotify.html</ResultNotifyURL><MerchantRemarks>ebh</MerchantRemarks><PaymentLinkType>1</PaymentLinkType></TrxRequest></Message><Signature-Algorithm>SHA1withRSA</Signature-Algorithm><Signature>X0Cq/6yXJm8DDQCC5Y/+zolPlgcWK6FechTjWDMfiGt/ccSTWJPCodSY+S7qW2fMbeG1ZIbBippnBO7pHyKj+H3YC0wSIAQGG2vPR74qcaaGsr5Y0uCPyP0ysk9/45wofCx1Tzf93wS29eKzyaNMcKQblA3CfxDsk95pEJWt53g=</Signature></MSG>
2014/08/04-17:04:12 成功
2014/08/04-17:04:12 接受到的响应报文：
                    HTTP/1.1 200 OK
                    Date: Mon, 04 Aug 2014 09:03:37 GMT
                    Server: Microsoft-IIS/6.0
                    X-Powered-By: ASP.NET
                    X-AspNet-Version: 2.0.50727
                    Set-Cookie: ASP.NET_SessionId=a2sxei55ppn3e2e3iww2k1qs; path=/; HttpOnly
                    Cache-Control: private
                    Content-Type: text/html; charset=gb2312
                    Connection: close
                    Set-Cookie: BIGipServerpool_ec_b2c=929360650.56867.0000; path=/
                    
                    <MSG><Message><Merchant><ECMerchantType>B2C</ECMerchantType><MerchantID>233010103354A01</MerchantID></Merchant><TrxResponse><ReturnCode>0000</ReturnCode><ErrorMessage>交易成功</ErrorMessage><TrxType>PayReq</TrxType><OrderNo>2819</OrderNo><PaymentURL>https://easyabc.95599.cn/b2c/NotCheckStatus/PaymentModeTestAct.ebf?TOKEN=14071430175487720604</PaymentURL><OrderAmount>0.1</OrderAmount></TrxResponse></Message><Signature-Algorithm>SHA1withRSA</Signature-Algorithm><Signature>C1LsVF4b8DEYuQ1Fj5tcS7/XNA7fQhFqTsbSSRevozRiV37vx9/6AmfcnlT7tjMfcA68wnL1kqNOP6yiLs7yx6dl82SAFA1aWtI+4bAv0ZBrWjwHyIOcQgDENmeqzNZl8CJYOe/PWpw4IvCfC0iJpNIr6nZZpGY6Jdmuw/9yO9s=</Signature></MSG>
2014/08/04-17:04:12 接收报文：
2014/08/04-17:04:12 <Message><Merchant><ECMerchantType>B2C</ECMerchantType><MerchantID>233010103354A01</MerchantID></Merchant><TrxResponse><ReturnCode>0000</ReturnCode><ErrorMessage>交易成功</ErrorMessage><TrxType>PayReq</TrxType><OrderNo>2819</OrderNo><PaymentURL>https://easyabc.95599.cn/b2c/NotCheckStatus/PaymentModeTestAct.ebf?TOKEN=14071430175487720604</PaymentURL><OrderAmount>0.1</OrderAmount></TrxResponse></Message><Signature-Algorithm>SHA1withRSA</Signature-Algorithm><Signature>C1LsVF4b8DEYuQ1Fj5tcS7/XNA7fQhFqTsbSSRevozRiV37vx9/6AmfcnlT7tjMfcA68wnL1kqNOP6yiLs7yx6dl82SAFA1aWtI+4bAv0ZBrWjwHyIOcQgDENmeqzNZl8CJYOe/PWpw4IvCfC0iJpNIr6nZZpGY6Jdmuw/9yO9s=</Signature>
2014/08/04-17:04:12 验证网上支付平台响应报文的签名：正确
2014/08/04-17:04:12 生成交易响应对象：
2014/08/04-17:04:12 交易结果：[0000]
2014/08/04-17:04:12 错误信息：[交易成功]
2014/08/04-17:04:12 交易结束==================================================
                    
                    
                    
                    
2014/08/04-17:15:37 TrustPay Client PHP 交易开始==========================
2014/08/04-17:15:37 配置文件中商户数为1请求指定的商户配置编号为 1
2014/08/04-17:15:37 检查交易请求是否合法：正确
2014/08/04-17:15:37 交易报文
2014/08/04-17:15:37 完整交易报文：
2014/08/04-17:15:37 签名后的报文
2014/08/04-17:15:37 提交网上支付平台的报文：
                    <MSG><Message><Merchant><ECMerchantType>B2C</ECMerchantType><MerchantID>233010103354A01</MerchantID></Merchant><TrxRequest><TrxType>PayReq</TrxType><Order><OrderNo>2820</OrderNo><ExpiredDate>10</ExpiredDate><OrderAmount>0.1</OrderAmount><OrderDesc>开通e板会 上虞新高一数学衔接课 服务</OrderDesc><OrderDate>2014/08/04</OrderDate><OrderTime>17:15:37</OrderTime><OrderURL>http://svn1.ebanhui.com</OrderURL><BuyIP>192.168.0.1</BuyIP><OrderItems></OrderItems></Order><ProductType>1</ProductType><PaymentType>1</PaymentType><NotifyType>0</NotifyType><ResultNotifyURL>http://svn1.ebanhui.com/classactive/abcnotify.html</ResultNotifyURL><MerchantRemarks>e板会</MerchantRemarks><PaymentLinkType>1</PaymentLinkType></TrxRequest></Message><Signature-Algorithm>SHA1withRSA</Signature-Algorithm><Signature>tOyLXzWv8hC4BDVNTI3WTQuGx3pnP/kDVV0fq3t3XOdRB34GtyjoNHpLcRgHheim721Fe/E2kYLIf6uh65q+1o4TPyLZFuwtyqVtf5UdCM8B7BMDWp/vegxRulz0dfW/NNtzLoqGoZgyhkkw4mFv+SbIrM1FJUvSb0VL6+/D7ss=</Signature></MSG>
2014/08/04-17:15:37 报文长度：1001<br>
2014/08/04-17:15:37 连线网上支付平台
2014/08/04-17:15:37 网上支付平台URL：[https://www.95599.cn/b2c/trustpay/ReceiveMerchantTrxReqServlet] 
2014/08/04-17:15:37 成功
2014/08/04-17:15:37 提交交易报文：
2014/08/04-17:15:37 <MSG><Message><Merchant><ECMerchantType>B2C</ECMerchantType><MerchantID>233010103354A01</MerchantID></Merchant><TrxRequest><TrxType>PayReq</TrxType><Order><OrderNo>2820</OrderNo><ExpiredDate>10</ExpiredDate><OrderAmount>0.1</OrderAmount><OrderDesc>开通e板会 上虞新高一数学衔接课 服务</OrderDesc><OrderDate>2014/08/04</OrderDate><OrderTime>17:15:37</OrderTime><OrderURL>http://svn1.ebanhui.com</OrderURL><BuyIP>192.168.0.1</BuyIP><OrderItems></OrderItems></Order><ProductType>1</ProductType><PaymentType>1</PaymentType><NotifyType>0</NotifyType><ResultNotifyURL>http://svn1.ebanhui.com/classactive/abcnotify.html</ResultNotifyURL><MerchantRemarks>e板会</MerchantRemarks><PaymentLinkType>1</PaymentLinkType></TrxRequest></Message><Signature-Algorithm>SHA1withRSA</Signature-Algorithm><Signature>tOyLXzWv8hC4BDVNTI3WTQuGx3pnP/kDVV0fq3t3XOdRB34GtyjoNHpLcRgHheim721Fe/E2kYLIf6uh65q+1o4TPyLZFuwtyqVtf5UdCM8B7BMDWp/vegxRulz0dfW/NNtzLoqGoZgyhkkw4mFv+SbIrM1FJUvSb0VL6+/D7ss=</Signature></MSG>
2014/08/04-17:15:37 成功
2014/08/04-17:15:37 接受到的响应报文：
                    HTTP/1.1 200 OK
                    Date: Mon, 04 Aug 2014 09:15:02 GMT
                    Server: Microsoft-IIS/6.0
                    X-Powered-By: ASP.NET
                    X-AspNet-Version: 2.0.50727
                    Set-Cookie: ASP.NET_SessionId=bbbut2bkvqsl0mawgticc5zg; path=/; HttpOnly
                    Cache-Control: private
                    Content-Type: text/html; charset=gb2312
                    Connection: close
                    Set-Cookie: BIGipServerpool_ec_b2c=912583434.56867.0000; path=/
                    
                    <MSG><Message><Merchant><ECMerchantType>B2C</ECMerchantType><MerchantID>233010103354A01</MerchantID></Merchant><TrxResponse><ReturnCode>0000</ReturnCode><ErrorMessage>交易成功</ErrorMessage><TrxType>PayReq</TrxType><OrderNo>2820</OrderNo><PaymentURL>https://easyabc.95599.cn/b2c/NotCheckStatus/PaymentModeTestAct.ebf?TOKEN=14071437029439471672</PaymentURL><OrderAmount>0.1</OrderAmount></TrxResponse></Message><Signature-Algorithm>SHA1withRSA</Signature-Algorithm><Signature>WtKNQKuEd4Bn4oTSMoYdcKtwQ/K1FNYC5vAe8xapnjCYmEFEhFUOLr7h+1txE2iPtdWegFjJf6Pb5hm4TLfRIeYVI8XeQinloINhv+4c3bwNp5CMEBUtPKfdHVkRoCXjB4gOrrvHDBSciKEwD+N6nPdPYp3feXEfbz9wR3lP+As=</Signature></MSG>
2014/08/04-17:15:37 接收报文：
2014/08/04-17:15:37 <Message><Merchant><ECMerchantType>B2C</ECMerchantType><MerchantID>233010103354A01</MerchantID></Merchant><TrxResponse><ReturnCode>0000</ReturnCode><ErrorMessage>交易成功</ErrorMessage><TrxType>PayReq</TrxType><OrderNo>2820</OrderNo><PaymentURL>https://easyabc.95599.cn/b2c/NotCheckStatus/PaymentModeTestAct.ebf?TOKEN=14071437029439471672</PaymentURL><OrderAmount>0.1</OrderAmount></TrxResponse></Message><Signature-Algorithm>SHA1withRSA</Signature-Algorithm><Signature>WtKNQKuEd4Bn4oTSMoYdcKtwQ/K1FNYC5vAe8xapnjCYmEFEhFUOLr7h+1txE2iPtdWegFjJf6Pb5hm4TLfRIeYVI8XeQinloINhv+4c3bwNp5CMEBUtPKfdHVkRoCXjB4gOrrvHDBSciKEwD+N6nPdPYp3feXEfbz9wR3lP+As=</Signature>
2014/08/04-17:15:37 验证网上支付平台响应报文的签名：正确
2014/08/04-17:15:37 生成交易响应对象：
2014/08/04-17:15:37 交易结果：[0000]
2014/08/04-17:15:37 错误信息：[交易成功]
2014/08/04-17:15:37 交易结束==================================================
                    
                    
                    
                    