
2014/08/26-20:21:14 TrustPay Client PHP 交易开始==========================
2014/08/26-20:21:14 配置文件中商户数为2请求指定的商户配置编号为 1
2014/08/26-20:21:14 检查交易请求是否合法：
2014/08/26-20:21:14 1101]    错误信息：[商户提交的交易资料不合法 - 订单信息不合法！]
2014/08/26-20:21:14 交易结束==================================================
                    
                    
                    
                    
2014/08/26-20:22:00 TrustPay Client PHP 交易开始==========================
2014/08/26-20:22:00 配置文件中商户数为2请求指定的商户配置编号为 1
2014/08/26-20:22:00 检查交易请求是否合法：
2014/08/26-20:22:00 1101]    错误信息：[商户提交的交易资料不合法 - 订单信息不合法！]
2014/08/26-20:22:00 交易结束==================================================
                    
                    
                    
                    
2014/08/26-20:22:15 TrustPay Client PHP 交易开始==========================
2014/08/26-20:22:15 配置文件中商户数为2请求指定的商户配置编号为 1
2014/08/26-20:22:15 检查交易请求是否合法：
2014/08/26-20:22:15 1101]    错误信息：[商户提交的交易资料不合法 - 订单信息不合法！]
2014/08/26-20:22:15 交易结束==================================================
                    
                    
                    
                    
2014/08/26-20:28:15 TrustPay Client PHP 交易开始==========================
2014/08/26-20:28:15 配置文件中商户数为2请求指定的商户配置编号为 1
2014/08/26-20:28:15 检查交易请求是否合法：
2014/08/26-20:28:15 1101]    错误信息：[商户提交的交易资料不合法 - 订单信息不合法！]
2014/08/26-20:28:15 交易结束==================================================
                    
                    
                    
                    