
2014/09/10-16:58:23 TrustPay Client PHP 交易开始==========================
2014/09/10-16:58:23 配置文件中商户数为2请求指定的商户配置编号为 2
2014/09/10-16:58:23 检查交易请求是否合法：正确
2014/09/10-16:58:23 交易报文
2014/09/10-16:58:23 完整交易报文：
2014/09/10-16:58:23 签名后的报文
2014/09/10-16:58:23 提交网上支付平台的报文：
                    <MSG><Message><Merchant><ECMerchantType>B2C</ECMerchantType><MerchantID>233010103354A02</MerchantID></Merchant><TrxRequest><TrxType>PayReq</TrxType><Order><OrderNo>4432</OrderNo><ExpiredDate>10</ExpiredDate><OrderAmount>200</OrderAmount><OrderDesc>开通 高一数学（上） 服务</OrderDesc><OrderDate>2014/09/10</OrderDate><OrderTime>16:58:23</OrderTime><OrderURL>http://rqzx.ebanhui.com/</OrderURL><BuyIP>218.108.86.250</BuyIP><OrderItems><OrderItem><ProductID>IP000001</ProductID><ProductName>开通 高一数学（上） 服务</ProductName><UnitPrice>200</UnitPrice><Qty>1</Qty></OrderItem></OrderItems></Order><ProductType>1</ProductType><PaymentType>6</PaymentType><NotifyType>1</NotifyType><ResultNotifyURL>http://rqzx.ebanhui.com/ibuy/abcnotify.html?orderid=4432</ResultNotifyURL><MerchantRemarks>高一数学（上）-5 月 -200.00 元</MerchantRemarks><PaymentLinkType>1</PaymentLinkType></TrxRequest></Message><Signature-Algorithm>SHA1withRSA</Signature-Algorithm><Signature>mRotgj4DaIFxEcMzUKwv0TJsE326nel/jHgXNtGpSeIX6mviE3yTGqUlbWC9m9W2U7M2noNwj44RNjoPQ5QIKP/JgHcLGqIvqfM7rqCLzUDzlyZTXV9YRCt7JfVNQ+D17zdOpqVQB1jt5LmpGM+8zovk8+mVccxv51JytCMqBeY=</Signature></MSG>
2014/09/10-16:58:23 报文长度：1181<br>
2014/09/10-16:58:23 连线网上支付平台
2014/09/10-16:58:23 网上支付平台URL：[https://www.95599.cn/b2c/trustpay/ReceiveMerchantTrxReqServlet] 
2014/09/10-16:58:23 成功
2014/09/10-16:58:23 提交交易报文：
2014/09/10-16:58:23 <MSG><Message><Merchant><ECMerchantType>B2C</ECMerchantType><MerchantID>233010103354A02</MerchantID></Merchant><TrxRequest><TrxType>PayReq</TrxType><Order><OrderNo>4432</OrderNo><ExpiredDate>10</ExpiredDate><OrderAmount>200</OrderAmount><OrderDesc>开通 高一数学（上） 服务</OrderDesc><OrderDate>2014/09/10</OrderDate><OrderTime>16:58:23</OrderTime><OrderURL>http://rqzx.ebanhui.com/</OrderURL><BuyIP>218.108.86.250</BuyIP><OrderItems><OrderItem><ProductID>IP000001</ProductID><ProductName>开通 高一数学（上） 服务</ProductName><UnitPrice>200</UnitPrice><Qty>1</Qty></OrderItem></OrderItems></Order><ProductType>1</ProductType><PaymentType>6</PaymentType><NotifyType>1</NotifyType><ResultNotifyURL>http://rqzx.ebanhui.com/ibuy/abcnotify.html?orderid=4432</ResultNotifyURL><MerchantRemarks>高一数学（上）-5 月 -200.00 元</MerchantRemarks><PaymentLinkType>1</PaymentLinkType></TrxRequest></Message><Signature-Algorithm>SHA1withRSA</Signature-Algorithm><Signature>mRotgj4DaIFxEcMzUKwv0TJsE326nel/jHgXNtGpSeIX6mviE3yTGqUlbWC9m9W2U7M2noNwj44RNjoPQ5QIKP/JgHcLGqIvqfM7rqCLzUDzlyZTXV9YRCt7JfVNQ+D17zdOpqVQB1jt5LmpGM+8zovk8+mVccxv51JytCMqBeY=</Signature></MSG>
2014/09/10-16:58:23 成功
2014/09/10-16:58:23 接受到的响应报文：
                    HTTP/1.1 200 OK
                    Date: Wed, 10 Sep 2014 08:56:39 GMT
                    Server: Microsoft-IIS/6.0
                    X-Powered-By: ASP.NET
                    X-AspNet-Version: 2.0.50727
                    Set-Cookie: ASP.NET_SessionId=e1vqto45rbu5gl45dqaic3jq; path=/; HttpOnly
                    Cache-Control: private
                    Content-Type: text/html; charset=gb2312
                    Connection: close
                    Set-Cookie: BIGipServerpool_ec_b2c=962915082.56355.0000; path=/
                    
                    <MSG><Message><Merchant><ECMerchantType>B2C</ECMerchantType><MerchantID>233010103354A02</MerchantID></Merchant><TrxResponse><ReturnCode>0000</ReturnCode><ErrorMessage>交易成功</ErrorMessage><TrxType>PayReq</TrxType><OrderNo>4432</OrderNo><PaymentURL>https://easyabc.95599.cn/b2c/NotCheckStatus/PaymentModeUCBPAct.ebf?TOKEN=14103393994381110487</PaymentURL><OrderAmount>200</OrderAmount></TrxResponse></Message><Signature-Algorithm>SHA1withRSA</Signature-Algorithm><Signature>2hXgI2RCJwJiMBhQOBVUj4yO7+6NcY1jIiWCF9U7PxJ81SBOu0Ju5MSuqE7fVZD8Xd+n+IhGUnmSohewja0yfHAVIthKfaQ5lJsXv4qsKtLuW8xAttwrer4pGi5z7ceecOr6LnpyDIM06dkJnnv8VXVEQ6jbWXbO2dUmNf946io=</Signature></MSG>
2014/09/10-16:58:23 接收报文：
2014/09/10-16:58:23 <Message><Merchant><ECMerchantType>B2C</ECMerchantType><MerchantID>233010103354A02</MerchantID></Merchant><TrxResponse><ReturnCode>0000</ReturnCode><ErrorMessage>交易成功</ErrorMessage><TrxType>PayReq</TrxType><OrderNo>4432</OrderNo><PaymentURL>https://easyabc.95599.cn/b2c/NotCheckStatus/PaymentModeUCBPAct.ebf?TOKEN=14103393994381110487</PaymentURL><OrderAmount>200</OrderAmount></TrxResponse></Message><Signature-Algorithm>SHA1withRSA</Signature-Algorithm><Signature>2hXgI2RCJwJiMBhQOBVUj4yO7+6NcY1jIiWCF9U7PxJ81SBOu0Ju5MSuqE7fVZD8Xd+n+IhGUnmSohewja0yfHAVIthKfaQ5lJsXv4qsKtLuW8xAttwrer4pGi5z7ceecOr6LnpyDIM06dkJnnv8VXVEQ6jbWXbO2dUmNf946io=</Signature>
2014/09/10-16:58:23 验证网上支付平台响应报文的签名：正确
2014/09/10-16:58:23 生成交易响应对象：
2014/09/10-16:58:23 交易结果：[0000]
2014/09/10-16:58:23 错误信息：[交易成功]
2014/09/10-16:58:23 交易结束==================================================
                    
                    
                    
                    
2014/09/10-18:24:06 TrustPay Client PHP 交易开始==========================
2014/09/10-18:24:06 配置文件中商户数为2请求指定的商户配置编号为 2
2014/09/10-18:24:06 检查交易请求是否合法：正确
2014/09/10-18:24:06 交易报文
2014/09/10-18:24:06 完整交易报文：
2014/09/10-18:24:06 签名后的报文
2014/09/10-18:24:06 提交网上支付平台的报文：
                    <MSG><Message><Merchant><ECMerchantType>B2C</ECMerchantType><MerchantID>233010103354A02</MerchantID></Merchant><TrxRequest><TrxType>PayReq</TrxType><Order><OrderNo>4433</OrderNo><ExpiredDate>10</ExpiredDate><OrderAmount>350</OrderAmount><OrderDesc>开通 高一上学期数学辅导班 服务</OrderDesc><OrderDate>2014/09/10</OrderDate><OrderTime>18:24:06</OrderTime><OrderURL>http://sy.ebh.net/</OrderURL><BuyIP>218.108.86.250</BuyIP><OrderItems><OrderItem><ProductID>IP000001</ProductID><ProductName>开通 高一上学期数学辅导班 服务</ProductName><UnitPrice>350</UnitPrice><Qty>1</Qty></OrderItem></OrderItems></Order><ProductType>1</ProductType><PaymentType>6</PaymentType><NotifyType>1</NotifyType><ResultNotifyURL>http://sy.ebh.net/ibuy/abcnotify.html?orderid=4433</ResultNotifyURL><MerchantRemarks>高一上学期数学辅导班-5 月 -350.00 元</MerchantRemarks><PaymentLinkType>1</PaymentLinkType></TrxRequest></Message><Signature-Algorithm>SHA1withRSA</Signature-Algorithm><Signature>BrXwzUwhW/gasMs+MbdFnbiYik+jgmt83oUy9JR7cXVq0eGroypu7YnmoLwiWz0oisGuSZPx0uCjsRFim2yY8TmEoWsEZS9PyFZn0bzj70uKBaqSq8n6kpNw+VjMeXPH6W9OsOxUaod5eXgb1ndgi0jZLsc9A7AP0b5nbBkLFfQ=</Signature></MSG>
2014/09/10-18:24:06 报文长度：1196<br>
2014/09/10-18:24:06 连线网上支付平台
2014/09/10-18:24:06 网上支付平台URL：[https://www.95599.cn/b2c/trustpay/ReceiveMerchantTrxReqServlet] 
2014/09/10-18:24:06 成功
2014/09/10-18:24:06 提交交易报文：
2014/09/10-18:24:06 <MSG><Message><Merchant><ECMerchantType>B2C</ECMerchantType><MerchantID>233010103354A02</MerchantID></Merchant><TrxRequest><TrxType>PayReq</TrxType><Order><OrderNo>4433</OrderNo><ExpiredDate>10</ExpiredDate><OrderAmount>350</OrderAmount><OrderDesc>开通 高一上学期数学辅导班 服务</OrderDesc><OrderDate>2014/09/10</OrderDate><OrderTime>18:24:06</OrderTime><OrderURL>http://sy.ebh.net/</OrderURL><BuyIP>218.108.86.250</BuyIP><OrderItems><OrderItem><ProductID>IP000001</ProductID><ProductName>开通 高一上学期数学辅导班 服务</ProductName><UnitPrice>350</UnitPrice><Qty>1</Qty></OrderItem></OrderItems></Order><ProductType>1</ProductType><PaymentType>6</PaymentType><NotifyType>1</NotifyType><ResultNotifyURL>http://sy.ebh.net/ibuy/abcnotify.html?orderid=4433</ResultNotifyURL><MerchantRemarks>高一上学期数学辅导班-5 月 -350.00 元</MerchantRemarks><PaymentLinkType>1</PaymentLinkType></TrxRequest></Message><Signature-Algorithm>SHA1withRSA</Signature-Algorithm><Signature>BrXwzUwhW/gasMs+MbdFnbiYik+jgmt83oUy9JR7cXVq0eGroypu7YnmoLwiWz0oisGuSZPx0uCjsRFim2yY8TmEoWsEZS9PyFZn0bzj70uKBaqSq8n6kpNw+VjMeXPH6W9OsOxUaod5eXgb1ndgi0jZLsc9A7AP0b5nbBkLFfQ=</Signature></MSG>
2014/09/10-18:24:06 成功
2014/09/10-18:24:06 接受到的响应报文：
                    HTTP/1.1 200 OK
                    Date: Wed, 10 Sep 2014 10:22:22 GMT
                    Server: Microsoft-IIS/6.0
                    X-Powered-By: ASP.NET
                    X-AspNet-Version: 2.0.50727
                    Set-Cookie: ASP.NET_SessionId=srysrb55itsyc3jlguckuj45; path=/; HttpOnly
                    Cache-Control: private
                    Content-Type: text/html; charset=gb2312
                    Connection: close
                    Set-Cookie: BIGipServerpool_ec_b2c=929360650.56611.0000; path=/
                    
                    <MSG><Message><Merchant><ECMerchantType>B2C</ECMerchantType><MerchantID>233010103354A02</MerchantID></Merchant><TrxResponse><ReturnCode>0000</ReturnCode><ErrorMessage>交易成功</ErrorMessage><TrxType>PayReq</TrxType><OrderNo>4433</OrderNo><PaymentURL>https://easyabc.95599.cn/b2c/NotCheckStatus/PaymentModeUCBPAct.ebf?TOKEN=14103445423945594359</PaymentURL><OrderAmount>350</OrderAmount></TrxResponse></Message><Signature-Algorithm>SHA1withRSA</Signature-Algorithm><Signature>o9MyadW4zT/VF+d8LAU+X3xYhmoRRI/tvk3Ilg30jSKBFFS/E74fhP/9fsYGuRQxDxFzHY9HNgngJaOfUKmc8/dbWOEcIGJDnOUETi3MFSIETDXtWvIWQ5u2t4z2P/Cmd/njDVJTQJhZ7OYBJqA98HCINhgiHcPUhBFWHJG5NvA=</Signature></MSG>
2014/09/10-18:24:06 接收报文：
2014/09/10-18:24:06 <Message><Merchant><ECMerchantType>B2C</ECMerchantType><MerchantID>233010103354A02</MerchantID></Merchant><TrxResponse><ReturnCode>0000</ReturnCode><ErrorMessage>交易成功</ErrorMessage><TrxType>PayReq</TrxType><OrderNo>4433</OrderNo><PaymentURL>https://easyabc.95599.cn/b2c/NotCheckStatus/PaymentModeUCBPAct.ebf?TOKEN=14103445423945594359</PaymentURL><OrderAmount>350</OrderAmount></TrxResponse></Message><Signature-Algorithm>SHA1withRSA</Signature-Algorithm><Signature>o9MyadW4zT/VF+d8LAU+X3xYhmoRRI/tvk3Ilg30jSKBFFS/E74fhP/9fsYGuRQxDxFzHY9HNgngJaOfUKmc8/dbWOEcIGJDnOUETi3MFSIETDXtWvIWQ5u2t4z2P/Cmd/njDVJTQJhZ7OYBJqA98HCINhgiHcPUhBFWHJG5NvA=</Signature>
2014/09/10-18:24:06 验证网上支付平台响应报文的签名：正确
2014/09/10-18:24:06 生成交易响应对象：
2014/09/10-18:24:06 交易结果：[0000]
2014/09/10-18:24:06 错误信息：[交易成功]
2014/09/10-18:24:06 交易结束==================================================
                    
                    
                    
                    