
2014/09/28-14:42:49 TrustPay Client PHP 交易开始==========================
2014/09/28-14:42:49 配置文件中商户数为2请求指定的商户配置编号为 1
2014/09/28-14:42:49 检查交易请求是否合法：正确
2014/09/28-14:42:49 交易报文
2014/09/28-14:42:49 完整交易报文：
2014/09/28-14:42:49 签名后的报文
2014/09/28-14:42:49 提交网上支付平台的报文：
                    <MSG><Message><Merchant><ECMerchantType>B2C</ECMerchantType><MerchantID>233010103354A01</MerchantID></Merchant><TrxRequest><TrxType>PayReq</TrxType><Order><OrderNo>8729</OrderNo><ExpiredDate>10</ExpiredDate><OrderAmount>150</OrderAmount><OrderDesc>开通 高二英语同步精品课 服务</OrderDesc><OrderDate>2014/09/28</OrderDate><OrderTime>14:42:49</OrderTime><OrderURL>http://sxyz.ebh.net/</OrderURL><BuyIP>218.108.86.250</BuyIP><OrderItems><OrderItem><ProductID>IP000001</ProductID><ProductName>开通 高二英语同步精品课 服务</ProductName><UnitPrice>150</UnitPrice><Qty>1</Qty></OrderItem></OrderItems></Order><ProductType>1</ProductType><PaymentType>1</PaymentType><NotifyType>1</NotifyType><ResultNotifyURL>http://sxyz.ebh.net/ibuy/abcnotify.html?orderid=8729</ResultNotifyURL><MerchantRemarks>高二英语同步精品课-5 月 -150.00 元</MerchantRemarks><PaymentLinkType>1</PaymentLinkType></TrxRequest></Message><Signature-Algorithm>SHA1withRSA</Signature-Algorithm><Signature>BZUIAqmNB23G6MH5MbZ+sS8hciLAS3zkxAN7mceloJBa/AVsF+oIX3+EejvHYUMJEyAF6D+z34peW68NXOdXuibUTvhjJrufOmrk3TvXdTn1T3AR1L/NQAXALZCLiF5lSEXf9ayhW0jM4NblDEHRq1QXBij9U+rGQA6rzq+F+AA=</Signature></MSG>
2014/09/28-14:42:49 报文长度：1191<br>
2014/09/28-14:42:49 连线网上支付平台
2014/09/28-14:42:49 网上支付平台URL：[https://www.95599.cn/b2c/trustpay/ReceiveMerchantTrxReqServlet] 
2014/09/28-14:42:49 成功
2014/09/28-14:42:49 提交交易报文：
2014/09/28-14:42:49 <MSG><Message><Merchant><ECMerchantType>B2C</ECMerchantType><MerchantID>233010103354A01</MerchantID></Merchant><TrxRequest><TrxType>PayReq</TrxType><Order><OrderNo>8729</OrderNo><ExpiredDate>10</ExpiredDate><OrderAmount>150</OrderAmount><OrderDesc>开通 高二英语同步精品课 服务</OrderDesc><OrderDate>2014/09/28</OrderDate><OrderTime>14:42:49</OrderTime><OrderURL>http://sxyz.ebh.net/</OrderURL><BuyIP>218.108.86.250</BuyIP><OrderItems><OrderItem><ProductID>IP000001</ProductID><ProductName>开通 高二英语同步精品课 服务</ProductName><UnitPrice>150</UnitPrice><Qty>1</Qty></OrderItem></OrderItems></Order><ProductType>1</ProductType><PaymentType>1</PaymentType><NotifyType>1</NotifyType><ResultNotifyURL>http://sxyz.ebh.net/ibuy/abcnotify.html?orderid=8729</ResultNotifyURL><MerchantRemarks>高二英语同步精品课-5 月 -150.00 元</MerchantRemarks><PaymentLinkType>1</PaymentLinkType></TrxRequest></Message><Signature-Algorithm>SHA1withRSA</Signature-Algorithm><Signature>BZUIAqmNB23G6MH5MbZ+sS8hciLAS3zkxAN7mceloJBa/AVsF+oIX3+EejvHYUMJEyAF6D+z34peW68NXOdXuibUTvhjJrufOmrk3TvXdTn1T3AR1L/NQAXALZCLiF5lSEXf9ayhW0jM4NblDEHRq1QXBij9U+rGQA6rzq+F+AA=</Signature></MSG>
2014/09/28-14:42:49 成功
2014/09/28-14:42:49 接受到的响应报文：
                    HTTP/1.1 200 OK
                    Date: Sun, 28 Sep 2014 06:42:30 GMT
                    Server: Microsoft-IIS/6.0
                    X-Powered-By: ASP.NET
                    X-AspNet-Version: 2.0.50727
                    Set-Cookie: ASP.NET_SessionId=mhzpieyyejkjpfzblzld5qeo; path=/; HttpOnly
                    Cache-Control: private
                    Content-Type: text/html; charset=gb2312
                    Connection: close
                    Set-Cookie: BIGipServerpool_ec_b2c=1046801162.56611.0000; path=/
                    
                    <MSG><Message><Merchant><ECMerchantType>B2C</ECMerchantType><MerchantID>233010103354A01</MerchantID></Merchant><TrxResponse><ReturnCode>0000</ReturnCode><ErrorMessage>交易成功</ErrorMessage><TrxType>PayReq</TrxType><OrderNo>8729</OrderNo><PaymentURL>https://easyabc.95599.cn/b2c/NotCheckStatus/PaymentModeNewAct.ebf?TOKEN=14118865506704507740</PaymentURL><OrderAmount>150</OrderAmount></TrxResponse></Message><Signature-Algorithm>SHA1withRSA</Signature-Algorithm><Signature>LVD0N2F7vmd/+q+AniZkHYh8sPa158DcvFNOjF4pB6c4xoWezBcaNAnjzNqy4lGpdBvEueO3XWAfuq6A0V5Pw22/u7wzi060+8KVzqlnVa2QoUNca7qR2xBHQze6V0+4eTT4LeChC7OuFqa2TEXd691qoy+M3mET/yhhWLhuz6k=</Signature></MSG>
2014/09/28-14:42:49 接收报文：
2014/09/28-14:42:49 <Message><Merchant><ECMerchantType>B2C</ECMerchantType><MerchantID>233010103354A01</MerchantID></Merchant><TrxResponse><ReturnCode>0000</ReturnCode><ErrorMessage>交易成功</ErrorMessage><TrxType>PayReq</TrxType><OrderNo>8729</OrderNo><PaymentURL>https://easyabc.95599.cn/b2c/NotCheckStatus/PaymentModeNewAct.ebf?TOKEN=14118865506704507740</PaymentURL><OrderAmount>150</OrderAmount></TrxResponse></Message><Signature-Algorithm>SHA1withRSA</Signature-Algorithm><Signature>LVD0N2F7vmd/+q+AniZkHYh8sPa158DcvFNOjF4pB6c4xoWezBcaNAnjzNqy4lGpdBvEueO3XWAfuq6A0V5Pw22/u7wzi060+8KVzqlnVa2QoUNca7qR2xBHQze6V0+4eTT4LeChC7OuFqa2TEXd691qoy+M3mET/yhhWLhuz6k=</Signature>
2014/09/28-14:42:49 验证网上支付平台响应报文的签名：正确
2014/09/28-14:42:49 生成交易响应对象：
2014/09/28-14:42:49 交易结果：[0000]
2014/09/28-14:42:49 错误信息：[交易成功]
2014/09/28-14:42:49 交易结束==================================================
                    
                    
                    
                    
2014/09/28-18:16:53 TrustPay Client PHP 交易开始==========================
2014/09/28-18:16:53 配置文件中商户数为2请求指定的商户配置编号为 1
2014/09/28-18:16:53 检查交易请求是否合法：
2014/09/28-18:16:53 1101]    错误信息：[商户提交的交易资料不合法 - 订单信息不合法！]
2014/09/28-18:16:53 交易结束==================================================
                    
                    
                    
                    
2014/09/28-18:17:00 TrustPay Client PHP 交易开始==========================
2014/09/28-18:17:00 配置文件中商户数为2请求指定的商户配置编号为 1
2014/09/28-18:17:00 检查交易请求是否合法：
2014/09/28-18:17:00 1101]    错误信息：[商户提交的交易资料不合法 - 订单信息不合法！]
2014/09/28-18:17:00 交易结束==================================================
                    
                    
                    
                    
2014/09/28-18:42:59 TrustPay Client PHP 交易开始==========================
2014/09/28-18:42:59 配置文件中商户数为2请求指定的商户配置编号为 2
2014/09/28-18:42:59 检查交易请求是否合法：
2014/09/28-18:42:59 1101]    错误信息：[商户提交的交易资料不合法 - 订单信息不合法！]
2014/09/28-18:42:59 交易结束==================================================
                    
                    
                    
                    
2014/09/28-19:54:40 TrustPay Client PHP 交易开始==========================
2014/09/28-19:54:40 配置文件中商户数为2请求指定的商户配置编号为 2
2014/09/28-19:54:40 检查交易请求是否合法：正确
2014/09/28-19:54:40 交易报文
2014/09/28-19:54:40 完整交易报文：
2014/09/28-19:54:40 签名后的报文
2014/09/28-19:54:40 提交网上支付平台的报文：
                    <MSG><Message><Merchant><ECMerchantType>B2C</ECMerchantType><MerchantID>233010103354A02</MerchantID></Merchant><TrxRequest><TrxType>PayReq</TrxType><Order><OrderNo>8733</OrderNo><ExpiredDate>10</ExpiredDate><OrderAmount>150</OrderAmount><OrderDesc>开通 高二数学同步精品课 服务</OrderDesc><OrderDate>2014/09/28</OrderDate><OrderTime>19:54:40</OrderTime><OrderURL>http://sxyz.ebh.net/</OrderURL><BuyIP>60.189.85.143</BuyIP><OrderItems><OrderItem><ProductID>IP000001</ProductID><ProductName>开通 高二数学同步精品课 服务</ProductName><UnitPrice>150</UnitPrice><Qty>1</Qty></OrderItem></OrderItems></Order><ProductType>1</ProductType><PaymentType>6</PaymentType><NotifyType>1</NotifyType><ResultNotifyURL>http://sxyz.ebh.net/ibuy/abcnotify.html?orderid=8733</ResultNotifyURL><MerchantRemarks>高二数学同步精品课-5 月 -150.00 元</MerchantRemarks><PaymentLinkType>1</PaymentLinkType></TrxRequest></Message><Signature-Algorithm>SHA1withRSA</Signature-Algorithm><Signature>Y8wNHUlQNWfeltfUUmALTWv0qhdgtUid+xQkdUVWjFJeA7txYbBLjPQuBJiSMwU4sCODi1RRNz5cK/Yb57quLbpZNry7KZf/gMUqji3RlnCioUSCSfKXTarmmcdSKfRhmf2pkToaFNsEWuKXxB2qEw+B/gzVNXeWL+paPsvb9vg=</Signature></MSG>
2014/09/28-19:54:40 报文长度：1190<br>
2014/09/28-19:54:40 连线网上支付平台
2014/09/28-19:54:40 网上支付平台URL：[https://www.95599.cn/b2c/trustpay/ReceiveMerchantTrxReqServlet] 
2014/09/28-19:54:40 成功
2014/09/28-19:54:40 提交交易报文：
2014/09/28-19:54:40 <MSG><Message><Merchant><ECMerchantType>B2C</ECMerchantType><MerchantID>233010103354A02</MerchantID></Merchant><TrxRequest><TrxType>PayReq</TrxType><Order><OrderNo>8733</OrderNo><ExpiredDate>10</ExpiredDate><OrderAmount>150</OrderAmount><OrderDesc>开通 高二数学同步精品课 服务</OrderDesc><OrderDate>2014/09/28</OrderDate><OrderTime>19:54:40</OrderTime><OrderURL>http://sxyz.ebh.net/</OrderURL><BuyIP>60.189.85.143</BuyIP><OrderItems><OrderItem><ProductID>IP000001</ProductID><ProductName>开通 高二数学同步精品课 服务</ProductName><UnitPrice>150</UnitPrice><Qty>1</Qty></OrderItem></OrderItems></Order><ProductType>1</ProductType><PaymentType>6</PaymentType><NotifyType>1</NotifyType><ResultNotifyURL>http://sxyz.ebh.net/ibuy/abcnotify.html?orderid=8733</ResultNotifyURL><MerchantRemarks>高二数学同步精品课-5 月 -150.00 元</MerchantRemarks><PaymentLinkType>1</PaymentLinkType></TrxRequest></Message><Signature-Algorithm>SHA1withRSA</Signature-Algorithm><Signature>Y8wNHUlQNWfeltfUUmALTWv0qhdgtUid+xQkdUVWjFJeA7txYbBLjPQuBJiSMwU4sCODi1RRNz5cK/Yb57quLbpZNry7KZf/gMUqji3RlnCioUSCSfKXTarmmcdSKfRhmf2pkToaFNsEWuKXxB2qEw+B/gzVNXeWL+paPsvb9vg=</Signature></MSG>
2014/09/28-19:54:40 成功
2014/09/28-19:54:40 接受到的响应报文：
                    HTTP/1.1 200 OK
                    Date: Sun, 28 Sep 2014 11:54:22 GMT
                    Server: Microsoft-IIS/6.0
                    X-Powered-By: ASP.NET
                    X-AspNet-Version: 2.0.50727
                    Set-Cookie: ASP.NET_SessionId=lel0m245gwpztuakakotti2h; path=/; HttpOnly
                    Cache-Control: private
                    Content-Type: text/html; charset=gb2312
                    Connection: close
                    Set-Cookie: BIGipServerpool_ec_b2c=912583434.56611.0000; path=/
                    
                    <MSG><Message><Merchant><ECMerchantType>B2C</ECMerchantType><MerchantID>233010103354A02</MerchantID></Merchant><TrxResponse><ReturnCode>0000</ReturnCode><ErrorMessage>交易成功</ErrorMessage><TrxType>PayReq</TrxType><OrderNo>8733</OrderNo><PaymentURL>https://easyabc.95599.cn/b2c/NotCheckStatus/PaymentModeUCBPAct.ebf?TOKEN=14119052620368023612</PaymentURL><OrderAmount>150</OrderAmount></TrxResponse></Message><Signature-Algorithm>SHA1withRSA</Signature-Algorithm><Signature>HqKQPuIJWYMohX0BtcR0vsVlGTe3MBa58sQUYwPzuk4DEZPsFzB4uzWsZSEeDketIbvUT61OWBWB+S2D3F8b9+1Jc6lpU1g01kt4+pSMOaCrCHJhIe6r32ZNHA9DHZdwy2EXPVzyeJcpaj1LUDIF/veVNkz5YerlUiIF4zRsQBU=</Signature></MSG>
2014/09/28-19:54:40 接收报文：
2014/09/28-19:54:40 <Message><Merchant><ECMerchantType>B2C</ECMerchantType><MerchantID>233010103354A02</MerchantID></Merchant><TrxResponse><ReturnCode>0000</ReturnCode><ErrorMessage>交易成功</ErrorMessage><TrxType>PayReq</TrxType><OrderNo>8733</OrderNo><PaymentURL>https://easyabc.95599.cn/b2c/NotCheckStatus/PaymentModeUCBPAct.ebf?TOKEN=14119052620368023612</PaymentURL><OrderAmount>150</OrderAmount></TrxResponse></Message><Signature-Algorithm>SHA1withRSA</Signature-Algorithm><Signature>HqKQPuIJWYMohX0BtcR0vsVlGTe3MBa58sQUYwPzuk4DEZPsFzB4uzWsZSEeDketIbvUT61OWBWB+S2D3F8b9+1Jc6lpU1g01kt4+pSMOaCrCHJhIe6r32ZNHA9DHZdwy2EXPVzyeJcpaj1LUDIF/veVNkz5YerlUiIF4zRsQBU=</Signature>
2014/09/28-19:54:40 验证网上支付平台响应报文的签名：正确
2014/09/28-19:54:40 生成交易响应对象：
2014/09/28-19:54:40 交易结果：[0000]
2014/09/28-19:54:40 错误信息：[交易成功]
2014/09/28-19:54:40 交易结束==================================================
                    
                    
                    
                    
2014/09/28-22:08:49 TrustPay Client PHP 交易开始==========================
2014/09/28-22:08:49 配置文件中商户数为2请求指定的商户配置编号为 1
2014/09/28-22:08:49 检查交易请求是否合法：
2014/09/28-22:08:49 1101]    错误信息：[商户提交的交易资料不合法 - 订单信息不合法！]
2014/09/28-22:08:49 交易结束==================================================
                    
                    
                    
                    
2014/09/28-22:08:55 TrustPay Client PHP 交易开始==========================
2014/09/28-22:08:55 配置文件中商户数为2请求指定的商户配置编号为 2
2014/09/28-22:08:55 检查交易请求是否合法：
2014/09/28-22:08:55 1101]    错误信息：[商户提交的交易资料不合法 - 订单信息不合法！]
2014/09/28-22:08:55 交易结束==================================================
                    
                    
                    
                    
2014/09/28-22:08:58 TrustPay Client PHP 交易开始==========================
2014/09/28-22:08:58 配置文件中商户数为2请求指定的商户配置编号为 2
2014/09/28-22:08:58 检查交易请求是否合法：
2014/09/28-22:08:58 1101]    错误信息：[商户提交的交易资料不合法 - 订单信息不合法！]
2014/09/28-22:08:58 交易结束==================================================
                    
                    
                    
                    