
2015/01/13-14:23:35 TrustPay Client PHP 交易开始==========================
2015/01/13-14:23:35 配置文件中商户数为2请求指定的商户配置编号为 2
2015/01/13-14:23:35 检查交易请求是否合法：
2015/01/13-14:23:35 1101]    错误信息：[商户提交的交易资料不合法 - 订单信息不合法！]
2015/01/13-14:23:35 交易结束==================================================
                    
                    
                    
                    
2015/01/13-14:23:37 TrustPay Client PHP 交易开始==========================
2015/01/13-14:23:37 配置文件中商户数为2请求指定的商户配置编号为 2
2015/01/13-14:23:37 检查交易请求是否合法：
2015/01/13-14:23:37 1101]    错误信息：[商户提交的交易资料不合法 - 订单信息不合法！]
2015/01/13-14:23:37 交易结束==================================================
                    
                    
                    
                    
2015/01/13-22:22:53 TrustPay Client PHP 交易开始==========================
2015/01/13-22:22:53 配置文件中商户数为2请求指定的商户配置编号为 1
2015/01/13-22:22:53 检查交易请求是否合法：
2015/01/13-22:22:53 1101]    错误信息：[商户提交的交易资料不合法 - 订单信息不合法！]
2015/01/13-22:22:53 交易结束==================================================
                    
                    
                    
                    
2015/01/13-22:22:58 TrustPay Client PHP 交易开始==========================
2015/01/13-22:22:58 配置文件中商户数为2请求指定的商户配置编号为 1
2015/01/13-22:22:58 检查交易请求是否合法：
2015/01/13-22:22:58 1101]    错误信息：[商户提交的交易资料不合法 - 订单信息不合法！]
2015/01/13-22:22:58 交易结束==================================================
                    
                    
                    
                    
2015/01/13-22:23:30 TrustPay Client PHP 交易开始==========================
2015/01/13-22:23:30 配置文件中商户数为2请求指定的商户配置编号为 1
2015/01/13-22:23:30 检查交易请求是否合法：
2015/01/13-22:23:30 1101]    错误信息：[商户提交的交易资料不合法 - 订单信息不合法！]
2015/01/13-22:23:30 交易结束==================================================
                    
                    
                    
                    
2015/01/13-22:23:32 TrustPay Client PHP 交易开始==========================
2015/01/13-22:23:32 配置文件中商户数为2请求指定的商户配置编号为 1
2015/01/13-22:23:32 检查交易请求是否合法：
2015/01/13-22:23:32 1101]    错误信息：[商户提交的交易资料不合法 - 订单信息不合法！]
2015/01/13-22:23:32 交易结束==================================================
                    
                    
                    
                    
2015/01/13-22:23:40 TrustPay Client PHP 交易开始==========================
2015/01/13-22:23:40 配置文件中商户数为2请求指定的商户配置编号为 1
2015/01/13-22:23:40 检查交易请求是否合法：
2015/01/13-22:23:40 1101]    错误信息：[商户提交的交易资料不合法 - 订单信息不合法！]
2015/01/13-22:23:40 交易结束==================================================
                    
                    
                    
                    
2015/01/13-22:23:56 TrustPay Client PHP 交易开始==========================
2015/01/13-22:23:56 配置文件中商户数为2请求指定的商户配置编号为 1
2015/01/13-22:23:56 检查交易请求是否合法：
2015/01/13-22:23:56 1101]    错误信息：[商户提交的交易资料不合法 - 订单信息不合法！]
2015/01/13-22:23:56 交易结束==================================================
                    
                    
                    
                    
2015/01/13-22:24:01 TrustPay Client PHP 交易开始==========================
2015/01/13-22:24:02 配置文件中商户数为2请求指定的商户配置编号为 1
2015/01/13-22:24:02 检查交易请求是否合法：
2015/01/13-22:24:02 1101]    错误信息：[商户提交的交易资料不合法 - 订单信息不合法！]
2015/01/13-22:24:02 交易结束==================================================
                    
                    
                    
                    
2015/01/13-22:24:03 TrustPay Client PHP 交易开始==========================
2015/01/13-22:24:03 配置文件中商户数为2请求指定的商户配置编号为 1
2015/01/13-22:24:03 检查交易请求是否合法：
2015/01/13-22:24:03 1101]    错误信息：[商户提交的交易资料不合法 - 订单信息不合法！]
2015/01/13-22:24:03 交易结束==================================================
                    
                    
                    
                    
2015/01/13-22:24:07 TrustPay Client PHP 交易开始==========================
2015/01/13-22:24:07 配置文件中商户数为2请求指定的商户配置编号为 1
2015/01/13-22:24:07 检查交易请求是否合法：
2015/01/13-22:24:07 1101]    错误信息：[商户提交的交易资料不合法 - 订单信息不合法！]
2015/01/13-22:24:07 交易结束==================================================
                    
                    
                    
                    
2015/01/13-22:24:08 TrustPay Client PHP 交易开始==========================
2015/01/13-22:24:08 配置文件中商户数为2请求指定的商户配置编号为 1
2015/01/13-22:24:08 检查交易请求是否合法：
2015/01/13-22:24:08 1101]    错误信息：[商户提交的交易资料不合法 - 订单信息不合法！]
2015/01/13-22:24:08 交易结束==================================================
                    
                    
                    
                    
2015/01/13-22:24:28 TrustPay Client PHP 交易开始==========================
2015/01/13-22:24:28 配置文件中商户数为2请求指定的商户配置编号为 1
2015/01/13-22:24:28 检查交易请求是否合法：
2015/01/13-22:24:28 1101]    错误信息：[商户提交的交易资料不合法 - 订单信息不合法！]
2015/01/13-22:24:28 交易结束==================================================
                    
                    
                    
                    
2015/01/13-22:24:29 TrustPay Client PHP 交易开始==========================
2015/01/13-22:24:29 配置文件中商户数为2请求指定的商户配置编号为 1
2015/01/13-22:24:29 检查交易请求是否合法：
2015/01/13-22:24:29 1101]    错误信息：[商户提交的交易资料不合法 - 订单信息不合法！]
2015/01/13-22:24:29 交易结束==================================================
                    
                    
                    
                    
2015/01/13-22:24:43 TrustPay Client PHP 交易开始==========================
2015/01/13-22:24:43 配置文件中商户数为2请求指定的商户配置编号为 1
2015/01/13-22:24:43 检查交易请求是否合法：
2015/01/13-22:24:43 1101]    错误信息：[商户提交的交易资料不合法 - 订单信息不合法！]
2015/01/13-22:24:43 交易结束==================================================
                    
                    
                    
                    
2015/01/13-22:24:44 TrustPay Client PHP 交易开始==========================
2015/01/13-22:24:44 配置文件中商户数为2请求指定的商户配置编号为 1
2015/01/13-22:24:44 检查交易请求是否合法：
2015/01/13-22:24:44 1101]    错误信息：[商户提交的交易资料不合法 - 订单信息不合法！]
2015/01/13-22:24:44 交易结束==================================================
                    
                    
                    
                    
2015/01/13-22:24:53 TrustPay Client PHP 交易开始==========================
2015/01/13-22:24:53 配置文件中商户数为2请求指定的商户配置编号为 1
2015/01/13-22:24:53 检查交易请求是否合法：
2015/01/13-22:24:53 1101]    错误信息：[商户提交的交易资料不合法 - 订单信息不合法！]
2015/01/13-22:24:53 交易结束==================================================
                    
                    
                    
                    
2015/01/13-22:25:20 TrustPay Client PHP 交易开始==========================
2015/01/13-22:25:20 配置文件中商户数为2请求指定的商户配置编号为 1
2015/01/13-22:25:20 检查交易请求是否合法：
2015/01/13-22:25:20 1101]    错误信息：[商户提交的交易资料不合法 - 订单信息不合法！]
2015/01/13-22:25:20 交易结束==================================================
                    
                    
                    
                    
2015/01/13-22:25:25 TrustPay Client PHP 交易开始==========================
2015/01/13-22:25:25 配置文件中商户数为2请求指定的商户配置编号为 1
2015/01/13-22:25:25 检查交易请求是否合法：
2015/01/13-22:25:25 1101]    错误信息：[商户提交的交易资料不合法 - 订单信息不合法！]
2015/01/13-22:25:25 交易结束==================================================
                    
                    
                    
                    
2015/01/13-22:39:35 TrustPay Client PHP 交易开始==========================
2015/01/13-22:39:35 配置文件中商户数为2请求指定的商户配置编号为 1
2015/01/13-22:39:35 检查交易请求是否合法：
2015/01/13-22:39:35 1101]    错误信息：[商户提交的交易资料不合法 - 订单信息不合法！]
2015/01/13-22:39:35 交易结束==================================================
                    
                    
                    
                    
2015/01/13-22:39:45 TrustPay Client PHP 交易开始==========================
2015/01/13-22:39:45 配置文件中商户数为2请求指定的商户配置编号为 1
2015/01/13-22:39:45 检查交易请求是否合法：
2015/01/13-22:39:45 1101]    错误信息：[商户提交的交易资料不合法 - 订单信息不合法！]
2015/01/13-22:39:45 交易结束==================================================
                    
                    
                    
                    