
2014/11/15-09:24:59 TrustPay Client PHP 交易开始==========================
2014/11/15-09:24:59 配置文件中商户数为2请求指定的商户配置编号为 2
2014/11/15-09:24:59 检查交易请求是否合法：
2014/11/15-09:24:59 1101]    错误信息：[商户提交的交易资料不合法 - 订单信息不合法！]
2014/11/15-09:24:59 交易结束==================================================
                    
                    
                    
                    
2014/11/15-09:25:02 TrustPay Client PHP 交易开始==========================
2014/11/15-09:25:02 配置文件中商户数为2请求指定的商户配置编号为 2
2014/11/15-09:25:02 检查交易请求是否合法：
2014/11/15-09:25:02 1101]    错误信息：[商户提交的交易资料不合法 - 订单信息不合法！]
2014/11/15-09:25:02 交易结束==================================================
                    
                    
                    
                    
2014/11/15-09:26:00 TrustPay Client PHP 交易开始==========================
2014/11/15-09:26:00 配置文件中商户数为2请求指定的商户配置编号为 2
2014/11/15-09:26:00 检查交易请求是否合法：
2014/11/15-09:26:00 1101]    错误信息：[商户提交的交易资料不合法 - 订单信息不合法！]
2014/11/15-09:26:00 交易结束==================================================
                    
                    
                    
                    
2014/11/15-09:26:12 TrustPay Client PHP 交易开始==========================
2014/11/15-09:26:12 配置文件中商户数为2请求指定的商户配置编号为 2
2014/11/15-09:26:12 检查交易请求是否合法：
2014/11/15-09:26:12 1101]    错误信息：[商户提交的交易资料不合法 - 订单信息不合法！]
2014/11/15-09:26:12 交易结束==================================================
                    
                    
                    
                    
2014/11/15-12:18:28 TrustPay Client PHP 交易开始==========================
2014/11/15-12:18:28 配置文件中商户数为2请求指定的商户配置编号为 1
2014/11/15-12:18:28 检查交易请求是否合法：
2014/11/15-12:18:28 1101]    错误信息：[商户提交的交易资料不合法 - 订单信息不合法！]
2014/11/15-12:18:28 交易结束==================================================
                    
                    
                    
                    
2014/11/15-12:18:44 TrustPay Client PHP 交易开始==========================
2014/11/15-12:18:44 配置文件中商户数为2请求指定的商户配置编号为 1
2014/11/15-12:18:44 检查交易请求是否合法：
2014/11/15-12:18:44 1101]    错误信息：[商户提交的交易资料不合法 - 订单信息不合法！]
2014/11/15-12:18:44 交易结束==================================================
                    
                    
                    
                    
2014/11/15-12:19:20 TrustPay Client PHP 交易开始==========================
2014/11/15-12:19:20 配置文件中商户数为2请求指定的商户配置编号为 2
2014/11/15-12:19:20 检查交易请求是否合法：
2014/11/15-12:19:20 1101]    错误信息：[商户提交的交易资料不合法 - 订单信息不合法！]
2014/11/15-12:19:20 交易结束==================================================
                    
                    
                    
                    
2014/11/15-12:21:14 TrustPay Client PHP 交易开始==========================
2014/11/15-12:21:14 配置文件中商户数为2请求指定的商户配置编号为 2
2014/11/15-12:21:14 检查交易请求是否合法：
2014/11/15-12:21:14 1101]    错误信息：[商户提交的交易资料不合法 - 订单信息不合法！]
2014/11/15-12:21:14 交易结束==================================================
                    
                    
                    
                    
2014/11/15-16:49:45 TrustPay Client PHP 交易开始==========================
2014/11/15-16:49:45 配置文件中商户数为2请求指定的商户配置编号为 1
2014/11/15-16:49:45 检查交易请求是否合法：
2014/11/15-16:49:45 1101]    错误信息：[商户提交的交易资料不合法 - 订单信息不合法！]
2014/11/15-16:49:45 交易结束==================================================
                    
                    
                    
                    
2014/11/15-16:50:22 TrustPay Client PHP 交易开始==========================
2014/11/15-16:50:22 配置文件中商户数为2请求指定的商户配置编号为 2
2014/11/15-16:50:22 检查交易请求是否合法：
2014/11/15-16:50:22 1101]    错误信息：[商户提交的交易资料不合法 - 订单信息不合法！]
2014/11/15-16:50:22 交易结束==================================================
                    
                    
                    
                    
2014/11/15-16:50:26 TrustPay Client PHP 交易开始==========================
2014/11/15-16:50:26 配置文件中商户数为2请求指定的商户配置编号为 2
2014/11/15-16:50:26 检查交易请求是否合法：
2014/11/15-16:50:26 1101]    错误信息：[商户提交的交易资料不合法 - 订单信息不合法！]
2014/11/15-16:50:26 交易结束==================================================
                    
                    
                    
                    
2014/11/15-16:50:27 TrustPay Client PHP 交易开始==========================
2014/11/15-16:50:27 配置文件中商户数为2请求指定的商户配置编号为 2
2014/11/15-16:50:27 检查交易请求是否合法：
2014/11/15-16:50:27 1101]    错误信息：[商户提交的交易资料不合法 - 订单信息不合法！]
2014/11/15-16:50:27 交易结束==================================================
                    
                    
                    
                    
2014/11/15-16:55:14 TrustPay Client PHP 交易开始==========================
2014/11/15-16:55:14 配置文件中商户数为2请求指定的商户配置编号为 2
2014/11/15-16:55:14 检查交易请求是否合法：
2014/11/15-16:55:14 1101]    错误信息：[商户提交的交易资料不合法 - 订单信息不合法！]
2014/11/15-16:55:14 交易结束==================================================
                    
                    
                    
                    
2014/11/15-16:56:04 TrustPay Client PHP 交易开始==========================
2014/11/15-16:56:04 配置文件中商户数为2请求指定的商户配置编号为 2
2014/11/15-16:56:04 检查交易请求是否合法：
2014/11/15-16:56:04 1101]    错误信息：[商户提交的交易资料不合法 - 订单信息不合法！]
2014/11/15-16:56:04 交易结束==================================================
                    
                    
                    
                    
2014/11/15-16:56:07 TrustPay Client PHP 交易开始==========================
2014/11/15-16:56:07 配置文件中商户数为2请求指定的商户配置编号为 2
2014/11/15-16:56:07 检查交易请求是否合法：
2014/11/15-16:56:07 1101]    错误信息：[商户提交的交易资料不合法 - 订单信息不合法！]
2014/11/15-16:56:07 交易结束==================================================
                    
                    
                    
                    
2014/11/15-16:56:46 TrustPay Client PHP 交易开始==========================
2014/11/15-16:56:46 配置文件中商户数为2请求指定的商户配置编号为 2
2014/11/15-16:56:46 检查交易请求是否合法：
2014/11/15-16:56:46 1101]    错误信息：[商户提交的交易资料不合法 - 订单信息不合法！]
2014/11/15-16:56:46 交易结束==================================================
                    
                    
                    
                    
2014/11/15-16:56:49 TrustPay Client PHP 交易开始==========================
2014/11/15-16:56:49 配置文件中商户数为2请求指定的商户配置编号为 2
2014/11/15-16:56:49 检查交易请求是否合法：
2014/11/15-16:56:49 1101]    错误信息：[商户提交的交易资料不合法 - 订单信息不合法！]
2014/11/15-16:56:49 交易结束==================================================
                    
                    
                    
                    
2014/11/15-16:56:57 TrustPay Client PHP 交易开始==========================
2014/11/15-16:56:57 配置文件中商户数为2请求指定的商户配置编号为 2
2014/11/15-16:56:57 检查交易请求是否合法：
2014/11/15-16:56:57 1101]    错误信息：[商户提交的交易资料不合法 - 订单信息不合法！]
2014/11/15-16:56:57 交易结束==================================================
                    
                    
                    
                    
2014/11/15-16:57:19 TrustPay Client PHP 交易开始==========================
2014/11/15-16:57:19 配置文件中商户数为2请求指定的商户配置编号为 2
2014/11/15-16:57:19 检查交易请求是否合法：
2014/11/15-16:57:19 1101]    错误信息：[商户提交的交易资料不合法 - 订单信息不合法！]
2014/11/15-16:57:19 交易结束==================================================
                    
                    
                    
                    
2014/11/15-17:00:00 TrustPay Client PHP 交易开始==========================
2014/11/15-17:00:00 配置文件中商户数为2请求指定的商户配置编号为 2
2014/11/15-17:00:00 检查交易请求是否合法：
2014/11/15-17:00:00 1101]    错误信息：[商户提交的交易资料不合法 - 订单信息不合法！]
2014/11/15-17:00:00 交易结束==================================================
                    
                    
                    
                    
2014/11/15-17:00:23 TrustPay Client PHP 交易开始==========================
2014/11/15-17:00:23 配置文件中商户数为2请求指定的商户配置编号为 1
2014/11/15-17:00:23 检查交易请求是否合法：
2014/11/15-17:00:23 1101]    错误信息：[商户提交的交易资料不合法 - 订单信息不合法！]
2014/11/15-17:00:23 交易结束==================================================
                    
                    
                    
                    
2014/11/15-17:12:51 TrustPay Client PHP 交易开始==========================
2014/11/15-17:12:51 配置文件中商户数为2请求指定的商户配置编号为 2
2014/11/15-17:12:51 检查交易请求是否合法：
2014/11/15-17:12:51 1101]    错误信息：[商户提交的交易资料不合法 - 订单信息不合法！]
2014/11/15-17:12:51 交易结束==================================================
                    
                    
                    
                    
2014/11/15-17:12:53 TrustPay Client PHP 交易开始==========================
2014/11/15-17:12:53 配置文件中商户数为2请求指定的商户配置编号为 2
2014/11/15-17:12:53 检查交易请求是否合法：
2014/11/15-17:12:53 1101]    错误信息：[商户提交的交易资料不合法 - 订单信息不合法！]
2014/11/15-17:12:53 交易结束==================================================
                    
                    
                    
                    