
2014/11/13-08:46:15 TrustPay Client PHP 交易开始==========================
2014/11/13-08:46:15 配置文件中商户数为2请求指定的商户配置编号为 2
2014/11/13-08:46:15 检查交易请求是否合法：正确
2014/11/13-08:46:15 交易报文
2014/11/13-08:46:15 完整交易报文：
2014/11/13-08:46:15 签名后的报文
2014/11/13-08:46:15 提交网上支付平台的报文：
                    <MSG><Message><Merchant><ECMerchantType>B2C</ECMerchantType><MerchantID>233010103354A02</MerchantID></Merchant><TrxRequest><TrxType>PayReq</TrxType><Order><OrderNo>11023</OrderNo><ExpiredDate>10</ExpiredDate><OrderAmount>192</OrderAmount><OrderDesc>开通 初一科学 服务</OrderDesc><OrderDate>2014/11/13</OrderDate><OrderTime>08:46:15</OrderTime><OrderURL>http://jsez.ebh.net/</OrderURL><BuyIP>221.12.138.183</BuyIP><OrderItems><OrderItem><ProductID>IP000001</ProductID><ProductName>开通 初一科学 服务</ProductName><UnitPrice>192</UnitPrice><Qty>1</Qty></OrderItem></OrderItems></Order><ProductType>1</ProductType><PaymentType>6</PaymentType><NotifyType>1</NotifyType><ResultNotifyURL>http://jsez.ebh.net/ibuy/abcnotify.html?orderid=11023</ResultNotifyURL><MerchantRemarks>初一科学-5 月 -192.00 元</MerchantRemarks><PaymentLinkType>1</PaymentLinkType></TrxRequest></Message><Signature-Algorithm>SHA1withRSA</Signature-Algorithm><Signature>lCTnxQNF3ihkgtHrcswv1Zob2qO9UNbR9J/kZqAcS00KnLpKkzTN5AzwyIzFVXh4dRA1wPw/dCIAc9+t58M2vHBlI5x1gfQTReZiP/lPjTL7SBQM4U2BuJ4LPZlJla+DM41DHKZGGRRanPmIWHi4UlyGToGtWoXjZTKvYkY9TmQ=</Signature></MSG>
2014/11/13-08:46:15 报文长度：1148<br>
2014/11/13-08:46:15 连线网上支付平台
2014/11/13-08:46:15 网上支付平台URL：[https://www.95599.cn/b2c/trustpay/ReceiveMerchantTrxReqServlet] 
2014/11/13-08:46:15 成功
2014/11/13-08:46:15 提交交易报文：
2014/11/13-08:46:15 <MSG><Message><Merchant><ECMerchantType>B2C</ECMerchantType><MerchantID>233010103354A02</MerchantID></Merchant><TrxRequest><TrxType>PayReq</TrxType><Order><OrderNo>11023</OrderNo><ExpiredDate>10</ExpiredDate><OrderAmount>192</OrderAmount><OrderDesc>开通 初一科学 服务</OrderDesc><OrderDate>2014/11/13</OrderDate><OrderTime>08:46:15</OrderTime><OrderURL>http://jsez.ebh.net/</OrderURL><BuyIP>221.12.138.183</BuyIP><OrderItems><OrderItem><ProductID>IP000001</ProductID><ProductName>开通 初一科学 服务</ProductName><UnitPrice>192</UnitPrice><Qty>1</Qty></OrderItem></OrderItems></Order><ProductType>1</ProductType><PaymentType>6</PaymentType><NotifyType>1</NotifyType><ResultNotifyURL>http://jsez.ebh.net/ibuy/abcnotify.html?orderid=11023</ResultNotifyURL><MerchantRemarks>初一科学-5 月 -192.00 元</MerchantRemarks><PaymentLinkType>1</PaymentLinkType></TrxRequest></Message><Signature-Algorithm>SHA1withRSA</Signature-Algorithm><Signature>lCTnxQNF3ihkgtHrcswv1Zob2qO9UNbR9J/kZqAcS00KnLpKkzTN5AzwyIzFVXh4dRA1wPw/dCIAc9+t58M2vHBlI5x1gfQTReZiP/lPjTL7SBQM4U2BuJ4LPZlJla+DM41DHKZGGRRanPmIWHi4UlyGToGtWoXjZTKvYkY9TmQ=</Signature></MSG>
2014/11/13-08:46:15 成功
2014/11/13-08:46:15 接受到的响应报文：
                    HTTP/1.1 200 OK
                    Date: Thu, 13 Nov 2014 00:45:53 GMT
                    Server: Microsoft-IIS/6.0
                    X-Powered-By: ASP.NET
                    X-AspNet-Version: 2.0.50727
                    Set-Cookie: ASP.NET_SessionId=rubwwovmpcv5g545vq2mvc55; path=/; HttpOnly
                    Cache-Control: private
                    Content-Type: text/html; charset=gb2312
                    Connection: close
                    Set-Cookie: BIGipServerpool_ec_b2c=929360650.56867.0000; path=/
                    
                    <MSG><Message><Merchant><ECMerchantType>B2C</ECMerchantType><MerchantID>233010103354A02</MerchantID></Merchant><TrxResponse><ReturnCode>0000</ReturnCode><ErrorMessage>交易成功</ErrorMessage><TrxType>PayReq</TrxType><OrderNo>11023</OrderNo><PaymentURL>https://easyabc.95599.cn/b2c/NotCheckStatus/PaymentModeUCBPAct.ebf?TOKEN=14158395533866210929</PaymentURL><OrderAmount>192</OrderAmount></TrxResponse></Message><Signature-Algorithm>SHA1withRSA</Signature-Algorithm><Signature>QH2Kv6wPbxissqWLAKO8VBsz5LwJaPPK0dA40XPer1wHZVN/zTF3qKLYQ3xWCJyhFggQ+Y+PCri2kawD9PjI9+X51DoRd1PVCdVqI/rSEoho0n0K4n1BDf6rn1A4CNgll7WcotaheV0Wnz1XWdh3IQ2iZZ2mbRXwJFqJiUfBmMk=</Signature></MSG>
2014/11/13-08:46:15 接收报文：
2014/11/13-08:46:15 <Message><Merchant><ECMerchantType>B2C</ECMerchantType><MerchantID>233010103354A02</MerchantID></Merchant><TrxResponse><ReturnCode>0000</ReturnCode><ErrorMessage>交易成功</ErrorMessage><TrxType>PayReq</TrxType><OrderNo>11023</OrderNo><PaymentURL>https://easyabc.95599.cn/b2c/NotCheckStatus/PaymentModeUCBPAct.ebf?TOKEN=14158395533866210929</PaymentURL><OrderAmount>192</OrderAmount></TrxResponse></Message><Signature-Algorithm>SHA1withRSA</Signature-Algorithm><Signature>QH2Kv6wPbxissqWLAKO8VBsz5LwJaPPK0dA40XPer1wHZVN/zTF3qKLYQ3xWCJyhFggQ+Y+PCri2kawD9PjI9+X51DoRd1PVCdVqI/rSEoho0n0K4n1BDf6rn1A4CNgll7WcotaheV0Wnz1XWdh3IQ2iZZ2mbRXwJFqJiUfBmMk=</Signature>
2014/11/13-08:46:15 验证网上支付平台响应报文的签名：正确
2014/11/13-08:46:15 生成交易响应对象：
2014/11/13-08:46:15 交易结果：[0000]
2014/11/13-08:46:15 错误信息：[交易成功]
2014/11/13-08:46:15 交易结束==================================================
                    
                    
                    
                    
2014/11/13-21:16:22 TrustPay Client PHP 交易开始==========================
2014/11/13-21:16:22 配置文件中商户数为2请求指定的商户配置编号为 2
2014/11/13-21:16:22 检查交易请求是否合法：
2014/11/13-21:16:22 1101]    错误信息：[商户提交的交易资料不合法 - 订单信息不合法！]
2014/11/13-21:16:22 交易结束==================================================
                    
                    
                    
                    
2014/11/13-21:16:22 TrustPay Client PHP 交易开始==========================
2014/11/13-21:16:22 配置文件中商户数为2请求指定的商户配置编号为 2
2014/11/13-21:16:22 检查交易请求是否合法：
2014/11/13-21:16:22 1101]    错误信息：[商户提交的交易资料不合法 - 订单信息不合法！]
2014/11/13-21:16:22 交易结束==================================================
                    
                    
                    
                    
2014/11/13-21:24:07 TrustPay Client PHP 交易开始==========================
2014/11/13-21:24:07 配置文件中商户数为2请求指定的商户配置编号为 2
2014/11/13-21:24:07 检查交易请求是否合法：
2014/11/13-21:24:07 1101]    错误信息：[商户提交的交易资料不合法 - 订单信息不合法！]
2014/11/13-21:24:07 交易结束==================================================
                    
                    
                    
                    