
2014/12/30-17:19:28 TrustPay Client PHP 交易开始==========================
2014/12/30-17:19:28 配置文件中商户数为2请求指定的商户配置编号为 1
2014/12/30-17:19:28 检查交易请求是否合法：正确
2014/12/30-17:19:28 交易报文
2014/12/30-17:19:28 完整交易报文：
2014/12/30-17:19:28 签名后的报文
2014/12/30-17:19:28 提交网上支付平台的报文：
                    <MSG><Message><Merchant><ECMerchantType>B2C</ECMerchantType><MerchantID>233010103354A01</MerchantID></Merchant><TrxRequest><TrxType>PayReq</TrxType><Order><OrderNo>8212</OrderNo><ExpiredDate>10</ExpiredDate><OrderAmount>500.00</OrderAmount><OrderDesc>开通e板会 墨香轩儿童画大全 服务</OrderDesc><OrderDate>2014/12/30</OrderDate><OrderTime>17:19:28</OrderTime><OrderURL>http://mxx.ebh.net</OrderURL><BuyIP>218.108.86.249</BuyIP><OrderItems><OrderItem><ProductID>IP000001</ProductID><ProductName>开通e板会 墨香轩儿童画大全 服务</ProductName><UnitPrice>500.00</UnitPrice><Qty>1</Qty></OrderItem></OrderItems></Order><ProductType>1</ProductType><PaymentType>1</PaymentType><NotifyType>1</NotifyType><ResultNotifyURL>http://mxx.ebh.net/classactive/abcnotify.html</ResultNotifyURL><MerchantRemarks>e板会</MerchantRemarks><PaymentLinkType>1</PaymentLinkType></TrxRequest></Message><Signature-Algorithm>SHA1withRSA</Signature-Algorithm><Signature>JEw4f4GmYI4KkWqFZfI8dZ1n6QeXjfG7ELGr5HKaLUECbxasMqTYy/Cvc1C47j9soOx9B5vZ4D5n7opz4trsvVDQm5lOOMYPY2iu5IhQJEi/DNTZ8hOYuHyOnwDOofewVercgp3zgzZm3eJOinW4HfkisrzKDk8ns0WFQmOixrc=</Signature></MSG>
2014/12/30-17:19:28 报文长度：1158<br>
2014/12/30-17:19:28 连线网上支付平台
2014/12/30-17:19:28 网上支付平台URL：[https://www.95599.cn/b2c/trustpay/ReceiveMerchantTrxReqServlet] 
2014/12/30-17:19:28 成功
2014/12/30-17:19:28 提交交易报文：
2014/12/30-17:19:28 <MSG><Message><Merchant><ECMerchantType>B2C</ECMerchantType><MerchantID>233010103354A01</MerchantID></Merchant><TrxRequest><TrxType>PayReq</TrxType><Order><OrderNo>8212</OrderNo><ExpiredDate>10</ExpiredDate><OrderAmount>500.00</OrderAmount><OrderDesc>开通e板会 墨香轩儿童画大全 服务</OrderDesc><OrderDate>2014/12/30</OrderDate><OrderTime>17:19:28</OrderTime><OrderURL>http://mxx.ebh.net</OrderURL><BuyIP>218.108.86.249</BuyIP><OrderItems><OrderItem><ProductID>IP000001</ProductID><ProductName>开通e板会 墨香轩儿童画大全 服务</ProductName><UnitPrice>500.00</UnitPrice><Qty>1</Qty></OrderItem></OrderItems></Order><ProductType>1</ProductType><PaymentType>1</PaymentType><NotifyType>1</NotifyType><ResultNotifyURL>http://mxx.ebh.net/classactive/abcnotify.html</ResultNotifyURL><MerchantRemarks>e板会</MerchantRemarks><PaymentLinkType>1</PaymentLinkType></TrxRequest></Message><Signature-Algorithm>SHA1withRSA</Signature-Algorithm><Signature>JEw4f4GmYI4KkWqFZfI8dZ1n6QeXjfG7ELGr5HKaLUECbxasMqTYy/Cvc1C47j9soOx9B5vZ4D5n7opz4trsvVDQm5lOOMYPY2iu5IhQJEi/DNTZ8hOYuHyOnwDOofewVercgp3zgzZm3eJOinW4HfkisrzKDk8ns0WFQmOixrc=</Signature></MSG>
2014/12/30-17:19:28 成功
2014/12/30-17:19:28 接受到的响应报文：
                    HTTP/1.1 200 OK
                    Date: Tue, 30 Dec 2014 09:19:06 GMT
                    Server: Microsoft-IIS/6.0
                    X-AspNet-Version: 2.0.50727
                    Set-Cookie: ASP.NET_SessionId=cpyqt5552ro5mw55bq3dzj45; path=/; HttpOnly
                    Cache-Control: private
                    Content-Type: text/html; charset=gb2312
                    Connection: close
                    Set-Cookie: BIGipServerpool_ec_b2c=2522475274.56611.0000; path=/
                    
                    <MSG><Message><Merchant><ECMerchantType>B2C</ECMerchantType><MerchantID>233010103354A01</MerchantID></Merchant><TrxResponse><ReturnCode>0000</ReturnCode><ErrorMessage>交易成功</ErrorMessage><TrxType>PayReq</TrxType><OrderNo>8212</OrderNo><PaymentURL>https://easyabc.95599.cn/b2c/NotCheckStatus/PaymentModeNewAct.ebf?TOKEN=14199311463543685380</PaymentURL><OrderAmount>500.00</OrderAmount></TrxResponse></Message><Signature-Algorithm>SHA1withRSA</Signature-Algorithm><Signature>UnU+fEwWpNdmEThD/AKLgzJ1YSYpLGVW5NKP9KDa6YlQQN3fSmbrQMtN140ll+CeWrRYzD5hIElK0btstY7kkwO35iCQ0XjoLR6X3airC7Hm9u6Eu5xQ4iszva1/Sxvi+FC+JvWrMXKebKSItrfuARGWbPPy1y/fHrOigOrjn3U=</Signature></MSG>
2014/12/30-17:19:28 接收报文：
2014/12/30-17:19:28 <Message><Merchant><ECMerchantType>B2C</ECMerchantType><MerchantID>233010103354A01</MerchantID></Merchant><TrxResponse><ReturnCode>0000</ReturnCode><ErrorMessage>交易成功</ErrorMessage><TrxType>PayReq</TrxType><OrderNo>8212</OrderNo><PaymentURL>https://easyabc.95599.cn/b2c/NotCheckStatus/PaymentModeNewAct.ebf?TOKEN=14199311463543685380</PaymentURL><OrderAmount>500.00</OrderAmount></TrxResponse></Message><Signature-Algorithm>SHA1withRSA</Signature-Algorithm><Signature>UnU+fEwWpNdmEThD/AKLgzJ1YSYpLGVW5NKP9KDa6YlQQN3fSmbrQMtN140ll+CeWrRYzD5hIElK0btstY7kkwO35iCQ0XjoLR6X3airC7Hm9u6Eu5xQ4iszva1/Sxvi+FC+JvWrMXKebKSItrfuARGWbPPy1y/fHrOigOrjn3U=</Signature>
2014/12/30-17:19:28 验证网上支付平台响应报文的签名：正确
2014/12/30-17:19:28 生成交易响应对象：
2014/12/30-17:19:28 交易结果：[0000]
2014/12/30-17:19:28 错误信息：[交易成功]
2014/12/30-17:19:28 交易结束==================================================
                    
                    
                    
                    
2014/12/30-19:15:09 TrustPay Client PHP 交易开始==========================
2014/12/30-19:15:09 配置文件中商户数为2请求指定的商户配置编号为 2
2014/12/30-19:15:09 检查交易请求是否合法：
2014/12/30-19:15:09 1101]    错误信息：[商户提交的交易资料不合法 - 订单信息不合法！]
2014/12/30-19:15:09 交易结束==================================================
                    
                    
                    
                    
2014/12/30-19:15:19 TrustPay Client PHP 交易开始==========================
2014/12/30-19:15:19 配置文件中商户数为2请求指定的商户配置编号为 2
2014/12/30-19:15:19 检查交易请求是否合法：
2014/12/30-19:15:19 1101]    错误信息：[商户提交的交易资料不合法 - 订单信息不合法！]
2014/12/30-19:15:19 交易结束==================================================
                    
                    
                    
                    
2014/12/30-20:17:16 TrustPay Client PHP 交易开始==========================
2014/12/30-20:17:16 配置文件中商户数为2请求指定的商户配置编号为 2
2014/12/30-20:17:16 检查交易请求是否合法：
2014/12/30-20:17:16 1101]    错误信息：[商户提交的交易资料不合法 - 订单信息不合法！]
2014/12/30-20:17:16 交易结束==================================================
                    
                    
                    
                    